log started: Fri Nov  3 14:44:45 2017

Log file: ./leap.log
>> #
>> # ----- leaprc for loading the ff99SB (Hornak & Simmerling) force field
>> # -----  this file is updated for PDB format 3
>> #
>> #	load atom type hybridizations
>> #
>> addAtomTypes {
>> 	{ "H"   "H" "sp3" }
>> 	{ "HO"  "H" "sp3" }
>> 	{ "HS"  "H" "sp3" }
>> 	{ "H1"  "H" "sp3" }
>> 	{ "H2"  "H" "sp3" }
>> 	{ "H3"  "H" "sp3" }
>> 	{ "H4"  "H" "sp3" }
>> 	{ "H5"  "H" "sp3" }
>> 	{ "HW"  "H" "sp3" }
>> 	{ "HC"  "H" "sp3" }
>> 	{ "HA"  "H" "sp3" }
>> 	{ "HP"  "H" "sp3" }
>> 	{ "OH"  "O" "sp3" }
>> 	{ "OS"  "O" "sp3" }
>> 	{ "O"   "O" "sp2" }
>> 	{ "O2"  "O" "sp2" }
>> 	{ "OW"  "O" "sp3" }
>> 	{ "CT"  "C" "sp3" }
>> 	{ "CH"  "C" "sp3" }
>> 	{ "C2"  "C" "sp3" }
>> 	{ "C3"  "C" "sp3" }
>> 	{ "C"   "C" "sp2" }
>> 	{ "C*"  "C" "sp2" }
>> 	{ "CA"  "C" "sp2" }
>> 	{ "CB"  "C" "sp2" }
>> 	{ "CC"  "C" "sp2" }
>> 	{ "CN"  "C" "sp2" }
>> 	{ "CM"  "C" "sp2" }
>> 	{ "CK"  "C" "sp2" }
>> 	{ "CQ"  "C" "sp2" }
>> 	{ "CD"  "C" "sp2" }
>> 	{ "CE"  "C" "sp2" }
>> 	{ "CF"  "C" "sp2" }
>> 	{ "CP"  "C" "sp2" }
>> 	{ "CI"  "C" "sp2" }
>> 	{ "CJ"  "C" "sp2" }
>> 	{ "CW"  "C" "sp2" }
>> 	{ "CV"  "C" "sp2" }
>> 	{ "CR"  "C" "sp2" }
>> 	{ "CA"  "C" "sp2" }
>> 	{ "CY"  "C" "sp2" }
>> 	{ "C0"  "Ca" "sp2" }
>> 	{ "MG"  "Mg" "sp3" }
>> 	{ "N"   "N" "sp2" }
>> 	{ "NA"  "N" "sp2" }
>> 	{ "N2"  "N" "sp2" }
>> 	{ "N*"  "N" "sp2" }
>> 	{ "NP"  "N" "sp2" }
>> 	{ "NQ"  "N" "sp2" }
>> 	{ "NB"  "N" "sp2" }
>> 	{ "NC"  "N" "sp2" }
>> 	{ "NT"  "N" "sp3" }
>> 	{ "N3"  "N" "sp3" }
>> 	{ "S"   "S" "sp3" }
>> 	{ "SH"  "S" "sp3" }
>> 	{ "P"   "P" "sp3" }
>> 	{ "LP"  ""  "sp3" }
>> 	{ "F"   "F" "sp3" }
>> 	{ "CL"  "Cl" "sp3" }
>> 	{ "BR"  "Br" "sp3" }
>> 	{ "I"   "I"  "sp3" }
>> 	{ "FE"  "Fe" "sp3" }
>> 	{ "EP"  ""  "sp3" }
>> # glycam
>> 	{ "OG"  "O" "sp3" }
>> 	{ "OL"  "O" "sp3" }
>> 	{ "AC"  "C" "sp3" }
>> 	{ "EC"  "C" "sp3" }
>> }
>> #
>> #	Load the main parameter set.
>> #
>> parm99 = loadamberparams parm99.dat
Loading parameters: /home/german/amber16/dat/leap/parm/parm99.dat
Reading title:
PARM99 for DNA,RNA,AA, organic molecules, TIP3P wat. Polariz.& LP incl.02/04/99
(UNKNOWN ATOM TYPE: HZ)
(UNKNOWN ATOM TYPE: IM)
(UNKNOWN ATOM TYPE: Li)
(UNKNOWN ATOM TYPE: IP)
(UNKNOWN ATOM TYPE: K)
(UNKNOWN ATOM TYPE: Rb)
(UNKNOWN ATOM TYPE: Cs)
(UNKNOWN ATOM TYPE: Zn)
(UNKNOWN ATOM TYPE: IB)
(UNKNOWN ATOM TYPE: LP)
>> frcmod99SB = loadamberparams frcmod.ff99SB
Loading parameters: /home/german/amber16/dat/leap/parm/frcmod.ff99SB
Reading force field modification type file (frcmod)
Reading title:
Modification/update of parm99.dat (Hornak & Simmerling)
>> #
>> #	Load DNA/RNA libraries
>> #
>> loadOff all_nucleic94.lib
Loading library: /home/german/amber16/dat/leap/lib/all_nucleic94.lib
Loading: DA
Loading: DA3
Loading: DA5
Loading: DAN
Loading: DC
Loading: DC3
Loading: DC5
Loading: DCN
Loading: DG
Loading: DG3
Loading: DG5
Loading: DGN
Loading: DT
Loading: DT3
Loading: DT5
Loading: DTN
Loading: RA
Loading: RA3
Loading: RA5
Loading: RAN
Loading: RC
Loading: RC3
Loading: RC5
Loading: RCN
Loading: RG
Loading: RG3
Loading: RG5
Loading: RGN
Loading: RU
Loading: RU3
Loading: RU5
Loading: RUN
>> #
>> #	Load main chain and terminating 
>> #	amino acid libraries (i.e. ff94 libs)
>> #
>> loadOff all_amino94.lib
Loading library: /home/german/amber16/dat/leap/lib/all_amino94.lib
Loading: ALA
Loading: ARG
Loading: ASH
Loading: ASN
Loading: ASP
Loading: CYM
Loading: CYS
Loading: CYX
Loading: GLH
Loading: GLN
Loading: GLU
Loading: GLY
Loading: HID
Loading: HIE
Loading: HIP
Loading: ILE
Loading: LEU
Loading: LYN
Loading: LYS
Loading: MET
Loading: PHE
Loading: PRO
Loading: SER
Loading: THR
Loading: TRP
Loading: TYR
Loading: VAL
>> loadOff all_aminoct94.lib
Loading library: /home/german/amber16/dat/leap/lib/all_aminoct94.lib
Loading: CALA
Loading: CARG
Loading: CASN
Loading: CASP
Loading: CCYS
Loading: CCYX
Loading: CGLN
Loading: CGLU
Loading: CGLY
Loading: CHID
Loading: CHIE
Loading: CHIP
Loading: CILE
Loading: CLEU
Loading: CLYS
Loading: CMET
Loading: CPHE
Loading: CPRO
Loading: CSER
Loading: CTHR
Loading: CTRP
Loading: CTYR
Loading: CVAL
Loading: NHE
Loading: NME
>> loadOff all_aminont94.lib
Loading library: /home/german/amber16/dat/leap/lib/all_aminont94.lib
Loading: ACE
Loading: NALA
Loading: NARG
Loading: NASN
Loading: NASP
Loading: NCYS
Loading: NCYX
Loading: NGLN
Loading: NGLU
Loading: NGLY
Loading: NHID
Loading: NHIE
Loading: NHIP
Loading: NILE
Loading: NLEU
Loading: NLYS
Loading: NMET
Loading: NPHE
Loading: NPRO
Loading: NSER
Loading: NTHR
Loading: NTRP
Loading: NTYR
Loading: NVAL
>> #
>> #       Load water and ions
>> # 
>> loadOff ions94.lib
Loading library: /home/german/amber16/dat/leap/lib/ions94.lib
Loading: CIO
Loading: Cl-
Loading: Cs+
Loading: IB
Loading: K+
Loading: Li+
Loading: MG2
Loading: Na+
Loading: Rb+
>> loadOff solvents.lib
Loading library: /home/german/amber16/dat/leap/lib/solvents.lib
Loading: CHCL3BOX
Loading: DC4
Loading: FB3
Loading: FB3BOX
Loading: FB4
Loading: FB4BOX
Loading: MEOHBOX
Loading: NMABOX
Loading: OP3
Loading: OPC
Loading: OPC3BOX
Loading: OPCBOX
Loading: PL3
Loading: POL3BOX
Loading: QSPCFWBOX
Loading: SPC
Loading: SPCBOX
Loading: SPCFWBOX
Loading: SPF
Loading: SPG
Loading: T4E
Loading: TIP3PBOX
Loading: TIP3PFBOX
Loading: TIP4PBOX
Loading: TIP4PEWBOX
Loading: TIP5PBOX
Loading: TP3
Loading: TP4
Loading: TP5
Loading: TPF
>> HOH = TP3
>> WAT = TP3
>> 
>> #
>> #	Define the PDB name map for the amino acids and DNA.
>> #
>> addPdbResMap {
>>   { 0 "ALA" "NALA" } { 1 "ALA" "CALA" }
>>   { 0 "ARG" "NARG" } { 1 "ARG" "CARG" }
>>   { 0 "ASN" "NASN" } { 1 "ASN" "CASN" }
>>   { 0 "ASP" "NASP" } { 1 "ASP" "CASP" }
>>   { 0 "CYS" "NCYS" } { 1 "CYS" "CCYS" }
>>   { 0 "CYX" "NCYX" } { 1 "CYX" "CCYX" }
>>   { 0 "GLN" "NGLN" } { 1 "GLN" "CGLN" }
>>   { 0 "GLU" "NGLU" } { 1 "GLU" "CGLU" }
>>   { 0 "GLY" "NGLY" } { 1 "GLY" "CGLY" }
>>   { 0 "HID" "NHID" } { 1 "HID" "CHID" }
>>   { 0 "HIE" "NHIE" } { 1 "HIE" "CHIE" }
>>   { 0 "HIP" "NHIP" } { 1 "HIP" "CHIP" }
>>   { 0 "ILE" "NILE" } { 1 "ILE" "CILE" }
>>   { 0 "LEU" "NLEU" } { 1 "LEU" "CLEU" }
>>   { 0 "LYS" "NLYS" } { 1 "LYS" "CLYS" }
>>   { 0 "MET" "NMET" } { 1 "MET" "CMET" }
>>   { 0 "PHE" "NPHE" } { 1 "PHE" "CPHE" }
>>   { 0 "PRO" "NPRO" } { 1 "PRO" "CPRO" }
>>   { 0 "SER" "NSER" } { 1 "SER" "CSER" }
>>   { 0 "THR" "NTHR" } { 1 "THR" "CTHR" }
>>   { 0 "TRP" "NTRP" } { 1 "TRP" "CTRP" }
>>   { 0 "TYR" "NTYR" } { 1 "TYR" "CTYR" }
>>   { 0 "VAL" "NVAL" } { 1 "VAL" "CVAL" }
>>   { 0 "HIS" "NHIS" } { 1 "HIS" "CHIS" }
>>   { 0 "GUA" "DG5"  } { 1 "GUA" "DG3"  } { "GUA" "DG" }
>>   { 0 "ADE" "DA5"  } { 1 "ADE" "DA3"  } { "ADE" "DA" }
>>   { 0 "CYT" "DC5"  } { 1 "CYT" "DC3"  } { "CYT" "DC" }
>>   { 0 "THY" "DT5"  } { 1 "THY" "DT3"  } { "THY" "DT" }
>>   { 0 "G" "RG5"  } { 1 "G" "RG3"  } { "G" "RG" } { "GN" "RGN" }
>>   { 0 "A" "RA5"  } { 1 "A" "RA3"  } { "A" "RA" } { "AN" "RAN" }
>>   { 0 "C" "RC5"  } { 1 "C" "RC3"  } { "C" "RC" } { "CN" "RCN" }
>>   { 0 "U" "RU5"  } { 1 "U" "RU3"  } { "U" "RU" } { "UN" "RUN" }
>>   { 0 "DG" "DG5"  } { 1 "DG" "DG3"  }  
>>   { 0 "DA" "DA5"  } { 1 "DA" "DA3"  }  
>>   { 0 "DC" "DC5"  } { 1 "DC" "DC3"  }  
>>   { 0 "DT" "DT5"  } { 1 "DT" "DT3"  }
>> 
>> }
>> 
>> addPdbAtomMap {
>>   { "O5*" "O5'" }
>>   { "C5*" "C5'" }
>>   { "C4*" "C4'" }
>>   { "O4*" "O4'" }
>>   { "C3*" "C3'" }
>>   { "O3*" "O3'" }
>>   { "C2*" "C2'" }
>>   { "C1*" "C1'" }
>>   { "C5M" "C7"  }
>>   { "O2*" "O2'" }
>>   { "H1*" "H1'" }
>>   { "H2*1" "H2'1" }
>>   { "H2*2" "H2'2" }
>>   { "H2'"  "H2'1" }
>>   { "H2''" "H2'2" }
>>   { "H3*" "H3'" }
>>   { "H4*" "H4'" }
>>   { "H5*1" "H5'1" }
>>   { "H5*2" "H5'2" }
>>   { "H5'"  "H5'1" }
>>   { "H5''" "H5'2" }
>>   { "HO2'" "HO'2" }
>>   { "HO5'" "H5T" }
>>   { "HO3'" "H3T" }
>>   { "O1'" "O4'" }
>>   { "OA"  "O1P" }
>>   { "OB"  "O2P" }
>>   { "OP1" "O1P" }
>>   { "OP2" "O2P" }
>> }
>> 
>> 
>> #
>> # assumed that most often proteins use HIE
>> #
>> NHIS = NHIE
>> HIS = HIE
>> CHIS = CHIE
> 
> source ~/amber16/dat/leap/cmd/leaprc.water.tip3p
----- Source: /home/german/amber16/dat/leap/cmd/leaprc.water.tip3p
----- Source of /home/german/amber16/dat/leap/cmd/leaprc.water.tip3p done
>> #
>> #       Load water and ions for TIP3P + Joung-Chetham monovalent ions
>> #       + Li/Merz highly charged ions (+2 to +4, 12-6 normal usage set)
>> #
>> addAtomTypes {
>> 	{ "HW"  "H" "sp3" }
>> 	{ "OW"  "O" "sp3" }
>> 	{ "F-"   "F" "sp3" }
>> 	{ "Cl-"  "Cl" "sp3" }
>> 	{ "Br-"  "Br" "sp3" }
>> 	{ "I-"   "I"  "sp3" }
>> 	{ "Li+"  "Li"  "sp3" }
>> 	{ "Na+"  "Na"  "sp3" }
>> 	{ "K+"  "K"  "sp3" }
>> 	{ "Rb+"  "Rb"  "sp3" }
>> 	{ "Cs+"  "Cs"  "sp3" }
>> 	{ "Mg+"  "Mg"  "sp3" }
>>     { "Tl+"  "Tl"  "sp3" }
>>     { "Cu+"  "Cu"  "sp3" }
>>     { "Ag+"  "Ag"  "sp3" }
>>     { "Be2+" "Be"  "sp3" }
>>     { "Cu2+" "Cu"  "sp3" }
>>     { "Ni2+" "Ni"  "sp3" }
>>     { "Pt2+" "Pt"  "sp3" }
>>     { "Zn2+" "Zn"  "sp3" }
>>     { "Co2+" "Co"  "sp3" }
>>     { "Pd2+" "Pd"  "sp3" }
>>     { "Ag2+" "Ag"  "sp3" }
>>     { "Cr2+" "Cr"  "sp3" }
>>     { "Fe2+" "Fe"  "sp3" }
>>     { "Mg2+" "Mg"  "sp3" }
>>     { "V2+"  "V"   "sp3" }
>>     { "Mn2+" "Mn"  "sp3" }
>>     { "Hg2+" "Hg"  "sp3" }
>>     { "Cd2+" "Cd"  "sp3" }
>>     { "Yb2+" "Yb"  "sp3" }
>>     { "Ca2+" "Ca"  "sp3" }
>>     { "Sn2+" "Sn"  "sp3" }
>>     { "Pb2+" "Pb"  "sp3" }
>>     { "Eu2+" "Eu"  "sp3" }
>>     { "Sr2+" "Sr"  "sp3" }
>>     { "Sm2+" "Sm"  "sp3" }
>>     { "Ba2+" "Ba"  "sp3" }
>>     { "Ra2+" "Ra"  "sp3" }
>>     { "Al3+" "Al"  "sp3" }
>>     { "Fe3+" "Fe"  "sp3" }
>>     { "Cr3+" "Cr"  "sp3" }
>>     { "In3+" "In"  "sp3" }
>>     { "Tl3+" "Tl"  "sp3" }
>>     { "Y3+"  "Y"   "sp3" }
>>     { "La3+" "La"  "sp3" }
>>     { "Ce3+" "Ce"  "sp3" }
>>     { "Pr3+" "Pr"  "sp3" }
>>     { "Nd3+" "Nd"  "sp3" }
>>     { "Sm3+" "Sm"  "sp3" }
>>     { "Eu3+" "Eu"  "sp3" }
>>     { "Gd3+" "Gd"  "sp3" }
>>     { "Tb3+" "Tb"  "sp3" }
>>     { "Dy3+" "Dy"  "sp3" }
>>     { "Er3+" "Er"  "sp3" }
>>     { "Tm3+" "Tm"  "sp3" }
>>     { "Lu3+" "Lu"  "sp3" }
>>     { "Hf4+" "Hf"  "sp3" }
>>     { "Zr4+" "Zr"  "sp3" }
>>     { "Ce4+" "Ce"  "sp3" }
>>     { "U4+"  "U"   "sp3" }
>>     { "Pu4+" "Pu"  "sp3" }
>>     { "Th4+" "Th"  "sp3" }
>> }
>> loadOff atomic_ions.lib
Loading library: /home/german/amber16/dat/leap/lib/atomic_ions.lib
Loading: AG
Loading: AL
Loading: Ag
Loading: BA
Loading: BR
Loading: Be
Loading: CA
Loading: CD
Loading: CE
Loading: CL
Loading: CO
Loading: CR
Loading: CS
Loading: CU
Loading: CU1
Loading: Ce
Loading: Cl-
Loading: Cr
Loading: Dy
Loading: EU
Loading: EU3
Loading: Er
Loading: F
Loading: FE
Loading: FE2
Loading: GD3
Loading: H3O+
Loading: HE+
Loading: HG
Loading: HZ+
Loading: Hf
Loading: IN
Loading: IOD
Loading: K
Loading: K+
Loading: LA
Loading: LI
Loading: LU
Loading: MG
Loading: MN
Loading: NA
Loading: NH4
Loading: NI
Loading: Na+
Loading: Nd
Loading: PB
Loading: PD
Loading: PR
Loading: PT
Loading: Pu
Loading: RB
Loading: Ra
Loading: SM
Loading: SR
Loading: Sm
Loading: Sn
Loading: TB
Loading: TL
Loading: Th
Loading: Tl
Loading: Tm
Loading: U4+
Loading: V2+
Loading: Y
Loading: YB2
Loading: ZN
Loading: Zr
>> loadOff solvents.lib
Loading library: /home/german/amber16/dat/leap/lib/solvents.lib
Loading: CHCL3BOX
Loading: DC4
Loading: FB3
Loading: FB3BOX
Loading: FB4
Loading: FB4BOX
Loading: MEOHBOX
Loading: NMABOX
Loading: OP3
Loading: OPC
Loading: OPC3BOX
Loading: OPCBOX
Loading: PL3
Loading: POL3BOX
Loading: QSPCFWBOX
Loading: SPC
Loading: SPCBOX
Loading: SPCFWBOX
Loading: SPF
Loading: SPG
Loading: T4E
Loading: TIP3PBOX
Loading: TIP3PFBOX
Loading: TIP4PBOX
Loading: TIP4PEWBOX
Loading: TIP5PBOX
Loading: TP3
Loading: TP4
Loading: TP5
Loading: TPF
>> HOH = TP3
>> WAT = TP3
>> loadAmberParams frcmod.tip3p
Loading parameters: /home/german/amber16/dat/leap/parm/frcmod.tip3p
Reading force field modification type file (frcmod)
Reading title:
This is the additional/replacement parameter set for SPC/E water
>> loadAmberParams frcmod.ionsjc_tip3p
Loading parameters: /home/german/amber16/dat/leap/parm/frcmod.ionsjc_tip3p
Reading force field modification type file (frcmod)
Reading title:
Monovalent ion parameters for Ewald and TIP3P water from Joung & Cheatham JPCB (2008)
>> loadAmberParams frcmod.ions234lm_126_tip3p
Loading parameters: /home/german/amber16/dat/leap/parm/frcmod.ions234lm_126_tip3p
Reading force field modification type file (frcmod)
Reading title:
Li/Merz ion parameters of divalent to tetravalent ions for TIP3P water model (12-6 normal usage set)
>> 
> 
> mol = loadpdb lf.pdb
Loading PDB file: ./lf.pdb
Enter zPdbReadScan from call depth  0.
Exit  zPdbReadScan from call depth  0.
Matching PDB residue names to LEaP variables.
Mapped residue MET, term: Terminal/beginning, seq. number: 0 to: NMET.
(Residue 1: SER, Nonterminal, was not found in name map.)
(Residue 2: TYR, Nonterminal, was not found in name map.)
(Residue 3: ILE, Nonterminal, was not found in name map.)
(Residue 4: PRO, Nonterminal, was not found in name map.)
(Residue 5: GLY, Nonterminal, was not found in name map.)
(Residue 6: GLN, Nonterminal, was not found in name map.)
(Residue 7: PRO, Nonterminal, was not found in name map.)
(Residue 8: VAL, Nonterminal, was not found in name map.)
(Residue 9: THR, Nonterminal, was not found in name map.)
(Residue 10: ALA, Nonterminal, was not found in name map.)
(Residue 11: VAL, Nonterminal, was not found in name map.)
(Residue 12: VAL, Nonterminal, was not found in name map.)
(Residue 13: GLN, Nonterminal, was not found in name map.)
(Residue 14: ARG, Nonterminal, was not found in name map.)
(Residue 15: VAL, Nonterminal, was not found in name map.)
(Residue 16: GLU, Nonterminal, was not found in name map.)
(Residue 17: ILE, Nonterminal, was not found in name map.)
(Residue 18: HID, Nonterminal, was not found in name map.)
(Residue 19: LYS, Nonterminal, was not found in name map.)
(Residue 20: LEU, Nonterminal, was not found in name map.)
(Residue 21: ARG, Nonterminal, was not found in name map.)
(Residue 22: GLN, Nonterminal, was not found in name map.)
(Residue 23: GLY, Nonterminal, was not found in name map.)
(Residue 24: GLU, Nonterminal, was not found in name map.)
(Residue 25: ASN, Nonterminal, was not found in name map.)
(Residue 26: LEU, Nonterminal, was not found in name map.)
(Residue 27: ILE, Nonterminal, was not found in name map.)
(Residue 28: LEU, Nonterminal, was not found in name map.)
(Residue 29: GLY, Nonterminal, was not found in name map.)
(Residue 30: PHE, Nonterminal, was not found in name map.)
(Residue 31: SER, Nonterminal, was not found in name map.)
(Residue 32: ILE, Nonterminal, was not found in name map.)
(Residue 33: GLY, Nonterminal, was not found in name map.)
(Residue 34: GLY, Nonterminal, was not found in name map.)
(Residue 35: GLY, Nonterminal, was not found in name map.)
(Residue 36: ILE, Nonterminal, was not found in name map.)
(Residue 37: ASP, Nonterminal, was not found in name map.)
(Residue 38: GLN, Nonterminal, was not found in name map.)
(Residue 39: ASP, Nonterminal, was not found in name map.)
(Residue 40: PRO, Nonterminal, was not found in name map.)
(Residue 41: SER, Nonterminal, was not found in name map.)
(Residue 42: GLN, Nonterminal, was not found in name map.)
(Residue 43: ASN, Nonterminal, was not found in name map.)
(Residue 44: PRO, Nonterminal, was not found in name map.)
(Residue 45: PHE, Nonterminal, was not found in name map.)
(Residue 46: SER, Nonterminal, was not found in name map.)
(Residue 47: GLU, Nonterminal, was not found in name map.)
(Residue 48: ASP, Nonterminal, was not found in name map.)
(Residue 49: LYS, Nonterminal, was not found in name map.)
(Residue 50: THR, Nonterminal, was not found in name map.)
(Residue 51: ASP, Nonterminal, was not found in name map.)
(Residue 52: LYS, Nonterminal, was not found in name map.)
(Residue 53: GLY, Nonterminal, was not found in name map.)
(Residue 54: ILE, Nonterminal, was not found in name map.)
(Residue 55: TYR, Nonterminal, was not found in name map.)
(Residue 56: VAL, Nonterminal, was not found in name map.)
(Residue 57: THR, Nonterminal, was not found in name map.)
(Residue 58: ARG, Nonterminal, was not found in name map.)
(Residue 59: VAL, Nonterminal, was not found in name map.)
(Residue 60: SER, Nonterminal, was not found in name map.)
(Residue 61: GLU, Nonterminal, was not found in name map.)
(Residue 62: GLY, Nonterminal, was not found in name map.)
(Residue 63: GLY, Nonterminal, was not found in name map.)
(Residue 64: PRO, Nonterminal, was not found in name map.)
(Residue 65: ALA, Nonterminal, was not found in name map.)
(Residue 66: GLU, Nonterminal, was not found in name map.)
(Residue 67: ILE, Nonterminal, was not found in name map.)
(Residue 68: ALA, Nonterminal, was not found in name map.)
(Residue 69: GLY, Nonterminal, was not found in name map.)
(Residue 70: LEU, Nonterminal, was not found in name map.)
(Residue 71: GLN, Nonterminal, was not found in name map.)
(Residue 72: ILE, Nonterminal, was not found in name map.)
(Residue 73: GLY, Nonterminal, was not found in name map.)
(Residue 74: ASP, Nonterminal, was not found in name map.)
(Residue 75: LYS, Nonterminal, was not found in name map.)
(Residue 76: ILE, Nonterminal, was not found in name map.)
(Residue 77: MET, Nonterminal, was not found in name map.)
(Residue 78: GLN, Nonterminal, was not found in name map.)
(Residue 79: VAL, Nonterminal, was not found in name map.)
(Residue 80: ASN, Nonterminal, was not found in name map.)
(Residue 81: GLY, Nonterminal, was not found in name map.)
(Residue 82: TRP, Nonterminal, was not found in name map.)
(Residue 83: ASP, Nonterminal, was not found in name map.)
(Residue 84: MET, Nonterminal, was not found in name map.)
(Residue 85: THR, Nonterminal, was not found in name map.)
(Residue 86: MET, Nonterminal, was not found in name map.)
(Residue 87: VAL, Nonterminal, was not found in name map.)
(Residue 88: THR, Nonterminal, was not found in name map.)
(Residue 89: HIE, Nonterminal, was not found in name map.)
(Residue 90: ASP, Nonterminal, was not found in name map.)
(Residue 91: GLN, Nonterminal, was not found in name map.)
(Residue 92: ALA, Nonterminal, was not found in name map.)
(Residue 93: ARG, Nonterminal, was not found in name map.)
(Residue 94: LYS, Nonterminal, was not found in name map.)
(Residue 95: ARG, Nonterminal, was not found in name map.)
(Residue 96: LEU, Nonterminal, was not found in name map.)
(Residue 97: THR, Nonterminal, was not found in name map.)
(Residue 98: LYS, Nonterminal, was not found in name map.)
(Residue 99: ARG, Nonterminal, was not found in name map.)
(Residue 100: SER, Nonterminal, was not found in name map.)
(Residue 101: GLU, Nonterminal, was not found in name map.)
(Residue 102: GLU, Nonterminal, was not found in name map.)
(Residue 103: VAL, Nonterminal, was not found in name map.)
(Residue 104: VAL, Nonterminal, was not found in name map.)
(Residue 105: ARG, Nonterminal, was not found in name map.)
(Residue 106: LEU, Nonterminal, was not found in name map.)
(Residue 107: LEU, Nonterminal, was not found in name map.)
(Residue 108: VAL, Nonterminal, was not found in name map.)
(Residue 109: THR, Nonterminal, was not found in name map.)
(Residue 110: ARG, Nonterminal, was not found in name map.)
(Residue 111: GLN, Nonterminal, was not found in name map.)
(Residue 112: SER, Nonterminal, was not found in name map.)
(Residue 113: LEU, Nonterminal, was not found in name map.)
(Residue 114: GLN, Nonterminal, was not found in name map.)
(Residue 115: LYS, Nonterminal, was not found in name map.)
(Residue 116: ALA, Nonterminal, was not found in name map.)
(Residue 117: VAL, Nonterminal, was not found in name map.)
(Residue 118: GLN, Nonterminal, was not found in name map.)
(Residue 119: GLN, Nonterminal, was not found in name map.)
(Residue 120: SER, Nonterminal, was not found in name map.)
(Residue 121: MET, Nonterminal, was not found in name map.)
(Residue 122: LEU, Nonterminal, was not found in name map.)
Mapped residue SER, term: Terminal/last, seq. number: 123 to: CSER.
Joining NMET - SER
Joining SER - TYR
Joining TYR - ILE
Joining ILE - PRO
Joining PRO - GLY
Joining GLY - GLN
Joining GLN - PRO
Joining PRO - VAL
Joining VAL - THR
Joining THR - ALA
Joining ALA - VAL
Joining VAL - VAL
Joining VAL - GLN
Joining GLN - ARG
Joining ARG - VAL
Joining VAL - GLU
Joining GLU - ILE
Joining ILE - HID
Joining HID - LYS
Joining LYS - LEU
Joining LEU - ARG
Joining ARG - GLN
Joining GLN - GLY
Joining GLY - GLU
Joining GLU - ASN
Joining ASN - LEU
Joining LEU - ILE
Joining ILE - LEU
Joining LEU - GLY
Joining GLY - PHE
Joining PHE - SER
Joining SER - ILE
Joining ILE - GLY
Joining GLY - GLY
Joining GLY - GLY
Joining GLY - ILE
Joining ILE - ASP
Joining ASP - GLN
Joining GLN - ASP
Joining ASP - PRO
Joining PRO - SER
Joining SER - GLN
Joining GLN - ASN
Joining ASN - PRO
Joining PRO - PHE
Joining PHE - SER
Joining SER - GLU
Joining GLU - ASP
Joining ASP - LYS
Joining LYS - THR
Joining THR - ASP
Joining ASP - LYS
Joining LYS - GLY
Joining GLY - ILE
Joining ILE - TYR
Joining TYR - VAL
Joining VAL - THR
Joining THR - ARG
Joining ARG - VAL
Joining VAL - SER
Joining SER - GLU
Joining GLU - GLY
Joining GLY - GLY
Joining GLY - PRO
Joining PRO - ALA
Joining ALA - GLU
Joining GLU - ILE
Joining ILE - ALA
Joining ALA - GLY
Joining GLY - LEU
Joining LEU - GLN
Joining GLN - ILE
Joining ILE - GLY
Joining GLY - ASP
Joining ASP - LYS
Joining LYS - ILE
Joining ILE - MET
Joining MET - GLN
Joining GLN - VAL
Joining VAL - ASN
Joining ASN - GLY
Joining GLY - TRP
Joining TRP - ASP
Joining ASP - MET
Joining MET - THR
Joining THR - MET
Joining MET - VAL
Joining VAL - THR
Joining THR - HIE
Joining HIE - ASP
Joining ASP - GLN
Joining GLN - ALA
Joining ALA - ARG
Joining ARG - LYS
Joining LYS - ARG
Joining ARG - LEU
Joining LEU - THR
Joining THR - LYS
Joining LYS - ARG
Joining ARG - SER
Joining SER - GLU
Joining GLU - GLU
Joining GLU - VAL
Joining VAL - VAL
Joining VAL - ARG
Joining ARG - LEU
Joining LEU - LEU
Joining LEU - VAL
Joining VAL - THR
Joining THR - ARG
Joining ARG - GLN
Joining GLN - SER
Joining SER - LEU
Joining LEU - GLN
Joining GLN - LYS
Joining LYS - ALA
Joining ALA - VAL
Joining VAL - GLN
Joining GLN - GLN
Joining GLN - SER
Joining SER - MET
Joining MET - LEU
Joining LEU - CSER
  total atoms in file: 1944
> saveamberparm mol dry_lf.prmtop dry_lf.rst7
Checking Unit.
WARNING: The unperturbed charge of the unit: 1.000000 is not zero.

 -- ignoring the warning.

Building topology.
Building atom parameters.
Building bond parameters.
Building angle parameters.
Building proper torsion parameters.
Building improper torsion parameters.
 ** Warning: No sp2 improper torsion term for  C*-CN-CB-CA
        atoms are: CG CE2 CD2 CE3
 ** Warning: No sp2 improper torsion term for  NA-CA-CN-CB
        atoms are: NE1 CZ2 CE2 CD2
 total 362 improper torsions applied
Building H-Bond parameters.
Incorporating Non-Bonded adjustments.
Not Marking per-residue atom chain types.
Marking per-residue atom chain types.
  (Residues lacking connect0/connect1 - 
   these don't have chain types marked:

	res	total affected

	CSER	1
	NMET	1
  )
 (no restraints)
> charge mol
Total unperturbed charge:   1.000000
Total perturbed charge:     1.000000
> addions2 mol Cl- 0
1 Cl- ion required to neutralize.
Adding 1 counter ions to "mol" using 1A grid
Total solute charge:   1.00  Max atom radius:   2.00
Grid extends from solute vdw + 2.51  to  8.51
Box:
   enclosing:  -42.73 -27.80 -25.08   33.77 33.23 20.52
   sized:			      85.27 100.20 102.92
   edge:        128.00
Resolution:      1.00 Angstrom.
Tree depth: 7
grid build: 1 sec
Volume =  2.08% of box, grid points 43691
Calculating grid charges
charges: 2 sec
Placed Cl- in mol at (21.27, 4.20, 1.92).

Done adding ions.
> solvateoct mol TIP3PBOX 10
Scaling up box by a factor of 1.443870 to meet diagonal cut criterion
  Solute vdw bounding box:              62.133 47.215 30.944
  Total bounding box for atom centers:  91.011 91.011 91.011
      (box expansion for 'iso' is  82.0%)
  Solvent unit box:                     18.774 18.774 18.774
The number of boxes:  x= 5  y= 5  z= 5
Adding box at: x=0  y=0  z=0
Center of solvent box is: 37.548698, 37.548698, 37.548698
Adding box at: x=0  y=0  z=1
Center of solvent box is: 37.548698, 37.548698, 18.774349
Adding box at: x=0  y=0  z=2
Center of solvent box is: 37.548698, 37.548698, 0.000000
Adding box at: x=0  y=0  z=3
Center of solvent box is: 37.548698, 37.548698, -18.774349
Adding box at: x=0  y=0  z=4
Center of solvent box is: 37.548698, 37.548698, -37.548698
Adding box at: x=0  y=1  z=0
Center of solvent box is: 37.548698, 18.774349, 37.548698
Adding box at: x=0  y=1  z=1
Center of solvent box is: 37.548698, 18.774349, 18.774349
Adding box at: x=0  y=1  z=2
Center of solvent box is: 37.548698, 18.774349, 0.000000
Adding box at: x=0  y=1  z=3
Center of solvent box is: 37.548698, 18.774349, -18.774349
Adding box at: x=0  y=1  z=4
Center of solvent box is: 37.548698, 18.774349, -37.548698
Adding box at: x=0  y=2  z=0
Center of solvent box is: 37.548698, 0.000000, 37.548698
Adding box at: x=0  y=2  z=1
Center of solvent box is: 37.548698, 0.000000, 18.774349
Adding box at: x=0  y=2  z=2
Center of solvent box is: 37.548698, 0.000000, 0.000000
Adding box at: x=0  y=2  z=3
Center of solvent box is: 37.548698, 0.000000, -18.774349
Adding box at: x=0  y=2  z=4
Center of solvent box is: 37.548698, 0.000000, -37.548698
Adding box at: x=0  y=3  z=0
Center of solvent box is: 37.548698, -18.774349, 37.548698
Adding box at: x=0  y=3  z=1
Center of solvent box is: 37.548698, -18.774349, 18.774349
Adding box at: x=0  y=3  z=2
Center of solvent box is: 37.548698, -18.774349, 0.000000
Adding box at: x=0  y=3  z=3
Center of solvent box is: 37.548698, -18.774349, -18.774349
Adding box at: x=0  y=3  z=4
Center of solvent box is: 37.548698, -18.774349, -37.548698
Adding box at: x=0  y=4  z=0
Center of solvent box is: 37.548698, -37.548698, 37.548698
Adding box at: x=0  y=4  z=1
Center of solvent box is: 37.548698, -37.548698, 18.774349
Adding box at: x=0  y=4  z=2
Center of solvent box is: 37.548698, -37.548698, 0.000000
Adding box at: x=0  y=4  z=3
Center of solvent box is: 37.548698, -37.548698, -18.774349
Adding box at: x=0  y=4  z=4
Center of solvent box is: 37.548698, -37.548698, -37.548698
Adding box at: x=1  y=0  z=0
Center of solvent box is: 18.774349, 37.548698, 37.548698
Adding box at: x=1  y=0  z=1
Center of solvent box is: 18.774349, 37.548698, 18.774349
Adding box at: x=1  y=0  z=2
Center of solvent box is: 18.774349, 37.548698, 0.000000
Adding box at: x=1  y=0  z=3
Center of solvent box is: 18.774349, 37.548698, -18.774349
Adding box at: x=1  y=0  z=4
Center of solvent box is: 18.774349, 37.548698, -37.548698
Adding box at: x=1  y=1  z=0
Center of solvent box is: 18.774349, 18.774349, 37.548698
Adding box at: x=1  y=1  z=1
Center of solvent box is: 18.774349, 18.774349, 18.774349
Adding box at: x=1  y=1  z=2
Center of solvent box is: 18.774349, 18.774349, 0.000000
Adding box at: x=1  y=1  z=3
Center of solvent box is: 18.774349, 18.774349, -18.774349
Adding box at: x=1  y=1  z=4
Center of solvent box is: 18.774349, 18.774349, -37.548698
Adding box at: x=1  y=2  z=0
Center of solvent box is: 18.774349, 0.000000, 37.548698
Adding box at: x=1  y=2  z=1
Center of solvent box is: 18.774349, 0.000000, 18.774349
Adding box at: x=1  y=2  z=2
Center of solvent box is: 18.774349, 0.000000, 0.000000
Adding box at: x=1  y=2  z=3
Center of solvent box is: 18.774349, 0.000000, -18.774349
Adding box at: x=1  y=2  z=4
Center of solvent box is: 18.774349, 0.000000, -37.548698
Adding box at: x=1  y=3  z=0
Center of solvent box is: 18.774349, -18.774349, 37.548698
Adding box at: x=1  y=3  z=1
Center of solvent box is: 18.774349, -18.774349, 18.774349
Adding box at: x=1  y=3  z=2
Center of solvent box is: 18.774349, -18.774349, 0.000000
Adding box at: x=1  y=3  z=3
Center of solvent box is: 18.774349, -18.774349, -18.774349
Adding box at: x=1  y=3  z=4
Center of solvent box is: 18.774349, -18.774349, -37.548698
Adding box at: x=1  y=4  z=0
Center of solvent box is: 18.774349, -37.548698, 37.548698
Adding box at: x=1  y=4  z=1
Center of solvent box is: 18.774349, -37.548698, 18.774349
Adding box at: x=1  y=4  z=2
Center of solvent box is: 18.774349, -37.548698, 0.000000
Adding box at: x=1  y=4  z=3
Center of solvent box is: 18.774349, -37.548698, -18.774349
Adding box at: x=1  y=4  z=4
Center of solvent box is: 18.774349, -37.548698, -37.548698
Adding box at: x=2  y=0  z=0
Center of solvent box is: 0.000000, 37.548698, 37.548698
Adding box at: x=2  y=0  z=1
Center of solvent box is: 0.000000, 37.548698, 18.774349
Adding box at: x=2  y=0  z=2
Center of solvent box is: 0.000000, 37.548698, 0.000000
Adding box at: x=2  y=0  z=3
Center of solvent box is: 0.000000, 37.548698, -18.774349
Adding box at: x=2  y=0  z=4
Center of solvent box is: 0.000000, 37.548698, -37.548698
Adding box at: x=2  y=1  z=0
Center of solvent box is: 0.000000, 18.774349, 37.548698
Adding box at: x=2  y=1  z=1
Center of solvent box is: 0.000000, 18.774349, 18.774349
Adding box at: x=2  y=1  z=2
Center of solvent box is: 0.000000, 18.774349, 0.000000
Adding box at: x=2  y=1  z=3
Center of solvent box is: 0.000000, 18.774349, -18.774349
Adding box at: x=2  y=1  z=4
Center of solvent box is: 0.000000, 18.774349, -37.548698
Adding box at: x=2  y=2  z=0
Center of solvent box is: 0.000000, 0.000000, 37.548698
Adding box at: x=2  y=2  z=1
Center of solvent box is: 0.000000, 0.000000, 18.774349
Adding box at: x=2  y=2  z=2
Center of solvent box is: 0.000000, 0.000000, 0.000000
Adding box at: x=2  y=2  z=3
Center of solvent box is: 0.000000, 0.000000, -18.774349
Adding box at: x=2  y=2  z=4
Center of solvent box is: 0.000000, 0.000000, -37.548698
Adding box at: x=2  y=3  z=0
Center of solvent box is: 0.000000, -18.774349, 37.548698
Adding box at: x=2  y=3  z=1
Center of solvent box is: 0.000000, -18.774349, 18.774349
Adding box at: x=2  y=3  z=2
Center of solvent box is: 0.000000, -18.774349, 0.000000
Adding box at: x=2  y=3  z=3
Center of solvent box is: 0.000000, -18.774349, -18.774349
Adding box at: x=2  y=3  z=4
Center of solvent box is: 0.000000, -18.774349, -37.548698
Adding box at: x=2  y=4  z=0
Center of solvent box is: 0.000000, -37.548698, 37.548698
Adding box at: x=2  y=4  z=1
Center of solvent box is: 0.000000, -37.548698, 18.774349
Adding box at: x=2  y=4  z=2
Center of solvent box is: 0.000000, -37.548698, 0.000000
Adding box at: x=2  y=4  z=3
Center of solvent box is: 0.000000, -37.548698, -18.774349
Adding box at: x=2  y=4  z=4
Center of solvent box is: 0.000000, -37.548698, -37.548698
Adding box at: x=3  y=0  z=0
Center of solvent box is: -18.774349, 37.548698, 37.548698
Adding box at: x=3  y=0  z=1
Center of solvent box is: -18.774349, 37.548698, 18.774349
Adding box at: x=3  y=0  z=2
Center of solvent box is: -18.774349, 37.548698, 0.000000
Adding box at: x=3  y=0  z=3
Center of solvent box is: -18.774349, 37.548698, -18.774349
Adding box at: x=3  y=0  z=4
Center of solvent box is: -18.774349, 37.548698, -37.548698
Adding box at: x=3  y=1  z=0
Center of solvent box is: -18.774349, 18.774349, 37.548698
Adding box at: x=3  y=1  z=1
Center of solvent box is: -18.774349, 18.774349, 18.774349
Adding box at: x=3  y=1  z=2
Center of solvent box is: -18.774349, 18.774349, 0.000000
Adding box at: x=3  y=1  z=3
Center of solvent box is: -18.774349, 18.774349, -18.774349
Adding box at: x=3  y=1  z=4
Center of solvent box is: -18.774349, 18.774349, -37.548698
Adding box at: x=3  y=2  z=0
Center of solvent box is: -18.774349, 0.000000, 37.548698
Adding box at: x=3  y=2  z=1
Center of solvent box is: -18.774349, 0.000000, 18.774349
Adding box at: x=3  y=2  z=2
Center of solvent box is: -18.774349, 0.000000, 0.000000
Adding box at: x=3  y=2  z=3
Center of solvent box is: -18.774349, 0.000000, -18.774349
Adding box at: x=3  y=2  z=4
Center of solvent box is: -18.774349, 0.000000, -37.548698
Adding box at: x=3  y=3  z=0
Center of solvent box is: -18.774349, -18.774349, 37.548698
Adding box at: x=3  y=3  z=1
Center of solvent box is: -18.774349, -18.774349, 18.774349
Adding box at: x=3  y=3  z=2
Center of solvent box is: -18.774349, -18.774349, 0.000000
Adding box at: x=3  y=3  z=3
Center of solvent box is: -18.774349, -18.774349, -18.774349
Adding box at: x=3  y=3  z=4
Center of solvent box is: -18.774349, -18.774349, -37.548698
Adding box at: x=3  y=4  z=0
Center of solvent box is: -18.774349, -37.548698, 37.548698
Adding box at: x=3  y=4  z=1
Center of solvent box is: -18.774349, -37.548698, 18.774349
Adding box at: x=3  y=4  z=2
Center of solvent box is: -18.774349, -37.548698, 0.000000
Adding box at: x=3  y=4  z=3
Center of solvent box is: -18.774349, -37.548698, -18.774349
Adding box at: x=3  y=4  z=4
Center of solvent box is: -18.774349, -37.548698, -37.548698
Adding box at: x=4  y=0  z=0
Center of solvent box is: -37.548698, 37.548698, 37.548698
Adding box at: x=4  y=0  z=1
Center of solvent box is: -37.548698, 37.548698, 18.774349
Adding box at: x=4  y=0  z=2
Center of solvent box is: -37.548698, 37.548698, 0.000000
Adding box at: x=4  y=0  z=3
Center of solvent box is: -37.548698, 37.548698, -18.774349
Adding box at: x=4  y=0  z=4
Center of solvent box is: -37.548698, 37.548698, -37.548698
Adding box at: x=4  y=1  z=0
Center of solvent box is: -37.548698, 18.774349, 37.548698
Adding box at: x=4  y=1  z=1
Center of solvent box is: -37.548698, 18.774349, 18.774349
Adding box at: x=4  y=1  z=2
Center of solvent box is: -37.548698, 18.774349, 0.000000
Adding box at: x=4  y=1  z=3
Center of solvent box is: -37.548698, 18.774349, -18.774349
Adding box at: x=4  y=1  z=4
Center of solvent box is: -37.548698, 18.774349, -37.548698
Adding box at: x=4  y=2  z=0
Center of solvent box is: -37.548698, 0.000000, 37.548698
Adding box at: x=4  y=2  z=1
Center of solvent box is: -37.548698, 0.000000, 18.774349
Adding box at: x=4  y=2  z=2
Center of solvent box is: -37.548698, 0.000000, 0.000000
Adding box at: x=4  y=2  z=3
Center of solvent box is: -37.548698, 0.000000, -18.774349
Adding box at: x=4  y=2  z=4
Center of solvent box is: -37.548698, 0.000000, -37.548698
Adding box at: x=4  y=3  z=0
Center of solvent box is: -37.548698, -18.774349, 37.548698
Adding box at: x=4  y=3  z=1
Center of solvent box is: -37.548698, -18.774349, 18.774349
Adding box at: x=4  y=3  z=2
Center of solvent box is: -37.548698, -18.774349, 0.000000
Adding box at: x=4  y=3  z=3
Center of solvent box is: -37.548698, -18.774349, -18.774349
Adding box at: x=4  y=3  z=4
Center of solvent box is: -37.548698, -18.774349, -37.548698
Adding box at: x=4  y=4  z=0
Center of solvent box is: -37.548698, -37.548698, 37.548698
Adding box at: x=4  y=4  z=1
Center of solvent box is: -37.548698, -37.548698, 18.774349
Adding box at: x=4  y=4  z=2
Center of solvent box is: -37.548698, -37.548698, 0.000000
Adding box at: x=4  y=4  z=3
Center of solvent box is: -37.548698, -37.548698, -18.774349
Adding box at: x=4  y=4  z=4
Center of solvent box is: -37.548698, -37.548698, -37.548698
  Volume: 389479.888 A^3 (oct)
  Total mass 210704.212 amu,  Density 0.898 g/cc
  Added 10931 residues.
> saveamberparm mol lf.prmtop lf.rst7
Checking Unit.
Building topology.
Building atom parameters.
Building bond parameters.
Building angle parameters.
Building proper torsion parameters.
Building improper torsion parameters.
 ** Warning: No sp2 improper torsion term for  C*-CN-CB-CA
        atoms are: CG CE2 CD2 CE3
 ** Warning: No sp2 improper torsion term for  NA-CA-CN-CB
        atoms are: NE1 CZ2 CE2 CD2
 total 362 improper torsions applied
Building H-Bond parameters.
Incorporating Non-Bonded adjustments.
Not Marking per-residue atom chain types.
Marking per-residue atom chain types.
  (Residues lacking connect0/connect1 - 
   these don't have chain types marked:

	res	total affected

	CSER	1
	NMET	1
	WAT	10931
  )
 (no restraints)
> quit
	Quit
