
          -------------------------------------------------------
          Amber 16 PMEMD                              2016
          -------------------------------------------------------

| PMEMD implementation of SANDER, Release 16

| Run on 11/03/2017 at 15:30:19

|   Executable path: /apps/amber16/bin/pmemd.cuda
| Working directory: /home/pbarletta
|          Hostname: mordor

  [-O]verwriting output

File Assignments:
|   MDIN: /scratch/pbarletta/2pdz/run/lb/mhe/e/10equ.in                         
|  MDOUT: /scratch/pbarletta/2pdz/run/lb/mhe/e/10equ.out                        
| INPCRD: /scratch/pbarletta/2pdz/run/lb/mhe/e/9elb.rst7                        
|   PARM: /scratch/pbarletta/2pdz/top_files/lb.prmtop                           
| RESTRT: /scratch/pbarletta/2pdz/run/lb/mhe/e/10elb.rst7                       
|   REFC: /scratch/pbarletta/2pdz/run/lb/mhe/e/9elb.rst7                        
|  MDVEL: mdvel                                                                 
|   MDEN: mden                                                                  
|  MDCRD: /scratch/pbarletta/2pdz/run/lb/mhe/e/10elb.nc                         
| MDINFO: mdinfo                                                                
|  MDFRC: mdfrc                                                                 


 Here is the input file:

Equilibration with solute restrictions                                         
&cntrl                                                                         
imin = 0,                           ! No Minimization                          
nmropt = 0,                         ! No NMR restraints read                   
                                                                               
! Nature and format of the input                                               
ntx = 5,                            ! Coordinates but no velocities will be rea
irest = 1,                          ! Do not run a new simulation              
                                                                               
! Nature and format of the output                                              
ntxo = 1,                           ! rstrt file in ASCII format               
ntpr = 500,                         ! inf in output every ntpr steps           
ntwr = 500,                         ! rstrt file every ntwr steps              
ntwx = 500,                         ! mdcrd file every ntwx steps              
ntwv = 0,                           ! mdvel without velocities                 
ntwe = 0,                           ! Energies and temperatures not written in 
idecomp = 0,                        ! No energy decomposition                  
iwrap = 1,                          ! Coordinates of the restart and mdcrd file
                                                                               
! Frozen or restrained atoms                                                   
ibelly = 0,                         ! No frozen atoms                          
ntr=1,                              ! Harmonic potential restraints            
restraint_wt = 7.0,                ! The weight for the positional restraints  
restraintmask = ':1-132@N,CA,C,O',  ! restrained residues                      
                                                                               
! Molecular dynamics                                                           
nstlim = 50000,                     ! Number of MD-steps                       
dt = 0.002,                         ! Time step                                
                                                                               
! Temperature regulation                                                       
ntt = 3,                            ! Langevin thermostat                      
gamma_ln = 5,                       ! Gamma constant for Langevin              
temp0 = 300.0,                      ! Reference T at which the system is to be 
tempi = 300.0,                      ! Initial T                                
ig = -1,                            ! Seed for the RNG                         
                                                                               
! P and V regulation                                                           
ntp = 0,                            ! No pressure control                      
ntb = 1,                            ! Periodic box for constant V              
                                                                               
! SHAKE variables                                                              
ntc = 2,                            ! Bonds involving H are constrained        
ntf = 2,                            ! Bond interaction involving H are ommited.
                                                                               
cut = 10.0,                         ! Nonbonded cutoff                         
/                                                                              
&end                                                                           


Note: ig = -1. Setting random seed to   323818 based on wallclock time in 
      microseconds.
| irandom = 1, using AMBER's internal random number generator (default).
 
|--------------------- INFORMATION ----------------------
| GPU (CUDA) Version of PMEMD in use: NVIDIA GPU IN USE.
|                    Version 16.0.0
| 
|                      02/25/2016
| 
| Implementation by:
|                    Ross C. Walker     (SDSC)
|                    Scott Le Grand     (nVIDIA)
| 
| Precision model in use:
|      [SPFP] - Single Precision Forces, 64-bit Fixed Point
|               Accumulation. (Default)
| 
|--------------------------------------------------------
 
|----------------- CITATION INFORMATION -----------------
|
|    When publishing work that utilized the CUDA version
|    of AMBER, please cite the following in addition to
|    the regular AMBER citations:
|
|  - Romelia Salomon-Ferrer; Andreas W. Goetz; Duncan
|    Poole; Scott Le Grand; Ross C. Walker "Routine
|    microsecond molecular dynamics simulations with
|    AMBER - Part II: Particle Mesh Ewald", J. Chem.
|    Theory Comput., 2013, 9 (9), pp3878-3888,
|    DOI: 10.1021/ct400314y.
|
|  - Andreas W. Goetz; Mark J. Williamson; Dong Xu;
|    Duncan Poole; Scott Le Grand; Ross C. Walker
|    "Routine microsecond molecular dynamics simulations
|    with AMBER - Part I: Generalized Born", J. Chem.
|    Theory Comput., 2012, 8 (5), pp1542-1555.
|
|  - Scott Le Grand; Andreas W. Goetz; Ross C. Walker
|    "SPFP: Speed without compromise - a mixed precision
|    model for GPU accelerated molecular dynamics
|    simulations.", Comp. Phys. Comm., 2013, 184
|    pp374-380, DOI: 10.1016/j.cpc.2012.09.022
|
|--------------------------------------------------------
 
|------------------- GPU DEVICE INFO --------------------
|
|            CUDA_VISIBLE_DEVICES: 2
|   CUDA Capable Devices Detected:      1
|           CUDA Device ID in use:      0
|                CUDA Device Name: GeForce GTX 1080 Ti
|     CUDA Device Global Mem Size:  11172 MB
| CUDA Device Num Multiprocessors:     28
|           CUDA Device Core Freq:   1.58 GHz
|
|--------------------------------------------------------
 
 
| Conditional Compilation Defines Used:
| PUBFFT
| BINTRAJ
| CUDA
| EMIL

| Largest sphere to fit in unit cell has radius =    30.959

| New format PARM file being parsed.
| Version =    1.000 Date = 11/03/17 Time = 14:56:09

| Note: 1-4 EEL scale factors are being read from the topology file.

| Note: 1-4 VDW scale factors are being read from the topology file.
| Duplicated    0 dihedrals

| Duplicated    0 dihedrals

--------------------------------------------------------------------------------
   1.  RESOURCE   USE: 
--------------------------------------------------------------------------------

 getting new box info from bottom of inpcrd
 NATOM  =   29433 NTYPES =      16 NBONH =   28406 MBONA  =    1038
 NTHETH =    2390 MTHETA =    1396 NPHIH =    4631 MPHIA  =    3488
 NHPARM =       0 NPARM  =       0 NNB   =   47902 NRES   =    9251
 NBONA  =    1038 NTHETA =    1396 NPHIA =    3488 NUMBND =      45
 NUMANG =      95 NPTRA  =      43 NATYP =      29 NPHB   =       1
 IFBOX  =       2 NMXRS  =      24 IFCAP =       0 NEXTRA =       0
 NCOPY  =       0

| Coordinate Index Table dimensions:    12   12   12
| Direct force subcell size =     6.3195    6.3195    6.3195

     BOX TYPE: TRUNCATED OCTAHEDRON

--------------------------------------------------------------------------------
   2.  CONTROL  DATA  FOR  THE  RUN
--------------------------------------------------------------------------------

default_name                                                                    

General flags:
     imin    =       0, nmropt  =       0

Nature and format of input:
     ntx     =       5, irest   =       1, ntrx    =       1

Nature and format of output:
     ntxo    =       1, ntpr    =     500, ntrx    =       1, ntwr    =     500
     iwrap   =       1, ntwx    =     500, ntwv    =       0, ntwe    =       0
     ioutfm  =       1, ntwprt  =       0, idecomp =       0, rbornstat=      0

Potential function:
     ntf     =       2, ntb     =       1, igb     =       0, nsnb    =      25
     ipol    =       0, gbsa    =       0, iesp    =       0
     dielc   =   1.00000, cut     =  10.00000, intdiel =   1.00000

Frozen or restrained atoms:
     ibelly  =       0, ntr     =       1
     restraint_wt =   7.00000

Molecular dynamics:
     nstlim  =     50000, nscm    =         0, nrespa  =         1
     t       =   0.00000, dt      =   0.00200, vlimit  =  -1.00000

Langevin dynamics temperature regulation:
     ig      =  323818
     temp0   = 300.00000, tempi   = 300.00000, gamma_ln=   5.00000

SHAKE:
     ntc     =       2, jfastw  =       0
     tol     =   0.00001

| Intermolecular bonds treatment:
|     no_intermolecular_bonds =       1

| Energy averages sample interval:
|     ene_avg_sampling =     500

Ewald parameters:
     verbose =       0, ew_type =       0, nbflag  =       1, use_pme =       1
     vdwmeth =       1, eedmeth =       1, netfrc  =       1
     Box X =   75.834   Box Y =   75.834   Box Z =   75.834
     Alpha =  109.471   Beta  =  109.471   Gamma =  109.471
     NFFT1 =   80       NFFT2 =   80       NFFT3 =   80
     Cutoff=   10.000   Tol   =0.100E-04
     Ewald Coefficient =  0.27511
     Interpolation order =    4

    LOADING THE CONSTRAINED ATOMS AS GROUPS


   5.  REFERENCE ATOM COORDINATES

  default_name                                                                    
     Mask :1-132@N,CA,C,O; matches   528 atoms

--------------------------------------------------------------------------------
   3.  ATOMIC COORDINATES AND VELOCITIES
--------------------------------------------------------------------------------

default_name                                                                    
 begin time read from input coords =  1040.000 ps

 
 Number of triangulated 3-point waters found:     9119

     Sum of charges from parm topology file =  -0.00000008
     Forcing neutrality...

| Dynamic Memory, Types Used:
| Reals              999088
| Integers           921097

| Nonbonded Pairs Initial Allocation:     8902746

| GPU memory information (estimate):
| KB of GPU memory in use:    214995
| KB of CPU memory in use:     45027

--------------------------------------------------------------------------------
   4.  RESULTS
--------------------------------------------------------------------------------

 ---------------------------------------------------
 APPROXIMATING switch and d/dx switch using CUBIC SPLINE INTERPOLATION
 using   5000.0 points per unit in tabled values
 TESTING RELATIVE ERROR over r ranging from 0.0 to cutoff
| CHECK switch(x): max rel err =   0.2738E-14   at   2.422500
| CHECK d/dx switch(x): max rel err =   0.8314E-11   at   2.736960
 ---------------------------------------------------
|---------------------------------------------------
| APPROXIMATING direct energy using CUBIC SPLINE INTERPOLATION
|  with   50.0 points per unit in tabled values
| Relative Error Limit not exceeded for r .gt.   2.33
| APPROXIMATING direct force using CUBIC SPLINE INTERPOLATION
|  with   50.0 points per unit in tabled values
| Relative Error Limit not exceeded for r .gt.   2.80
|---------------------------------------------------
wrapping first mol.:      -50.55603       35.74852       61.91825
wrapping first mol.:      -50.55603       35.74852       61.91825

 NSTEP =      500   TIME(PS) =    1041.000  TEMP(K) =   301.37  PRESS =     0.0
 Etot   =    -72127.8913  EKtot   =     17934.4512  EPtot      =    -90062.3424
 BOND   =       383.3719  ANGLE   =      1086.8123  DIHED      =      1402.0531
 1-4 NB =       449.1854  1-4 EEL =      4597.2471  VDWAALS    =     11362.3397
 EELEC  =   -109457.9770  EHBOND  =         0.0000  RESTRAINT  =       114.6251
 EAMBER (non-restraint)  =    -90176.9676
 ------------------------------------------------------------------------------

wrapping first mol.:      -50.55603       35.74852       61.91825
wrapping first mol.:      -50.55603       35.74852       61.91825

 NSTEP =     1000   TIME(PS) =    1042.000  TEMP(K) =   298.80  PRESS =     0.0
 Etot   =    -72277.5418  EKtot   =     17781.1484  EPtot      =    -90058.6902
 BOND   =       381.7579  ANGLE   =      1110.6091  DIHED      =      1368.3720
 1-4 NB =       457.2482  1-4 EEL =      4587.2794  VDWAALS    =     11335.8961
 EELEC  =   -109420.4987  EHBOND  =         0.0000  RESTRAINT  =       120.6458
 EAMBER (non-restraint)  =    -90179.3360
 ------------------------------------------------------------------------------

wrapping first mol.:      -50.55603       35.74852       61.91825
wrapping first mol.:      -50.55603       35.74852       61.91825

 NSTEP =     1500   TIME(PS) =    1043.000  TEMP(K) =   300.53  PRESS =     0.0
 Etot   =    -71987.1302  EKtot   =     17884.3535  EPtot      =    -89871.4837
 BOND   =       408.6570  ANGLE   =      1100.1082  DIHED      =      1398.7337
 1-4 NB =       444.6533  1-4 EEL =      4578.1982  VDWAALS    =     11254.5810
 EELEC  =   -109169.1689  EHBOND  =         0.0000  RESTRAINT  =       112.7537
 EAMBER (non-restraint)  =    -89984.2375
 ------------------------------------------------------------------------------

wrapping first mol.:      -50.55603       35.74852       61.91825
wrapping first mol.:      -50.55603       35.74852       61.91825

 NSTEP =     2000   TIME(PS) =    1044.000  TEMP(K) =   301.32  PRESS =     0.0
 Etot   =    -72185.3970  EKtot   =     17931.3105  EPtot      =    -90116.7076
 BOND   =       371.1681  ANGLE   =      1099.2851  DIHED      =      1415.6439
 1-4 NB =       461.7941  1-4 EEL =      4577.6035  VDWAALS    =     11410.9734
 EELEC  =   -109574.9449  EHBOND  =         0.0000  RESTRAINT  =       121.7693
 EAMBER (non-restraint)  =    -90238.4769
 ------------------------------------------------------------------------------

wrapping first mol.:      -50.55603       35.74852       61.91825
wrapping first mol.:      -50.55603       35.74852       61.91825

 NSTEP =     2500   TIME(PS) =    1045.000  TEMP(K) =   301.02  PRESS =     0.0
 Etot   =    -72207.9243  EKtot   =     17913.4062  EPtot      =    -90121.3305
 BOND   =       423.3846  ANGLE   =      1092.9723  DIHED      =      1396.9747
 1-4 NB =       449.1066  1-4 EEL =      4571.3106  VDWAALS    =     11347.1507
 EELEC  =   -109517.5903  EHBOND  =         0.0000  RESTRAINT  =       115.3603
 EAMBER (non-restraint)  =    -90236.6908
 ------------------------------------------------------------------------------

wrapping first mol.:      -50.55603       35.74852       61.91825
wrapping first mol.:      -50.55603       35.74852       61.91825

 NSTEP =     3000   TIME(PS) =    1046.000  TEMP(K) =   303.29  PRESS =     0.0
 Etot   =    -72250.9038  EKtot   =     18048.6660  EPtot      =    -90299.5698
 BOND   =       349.6150  ANGLE   =      1018.1832  DIHED      =      1400.3195
 1-4 NB =       461.3341  1-4 EEL =      4618.4872  VDWAALS    =     11603.2222
 EELEC  =   -109869.7420  EHBOND  =         0.0000  RESTRAINT  =       119.0109
 EAMBER (non-restraint)  =    -90418.5807
 ------------------------------------------------------------------------------

wrapping first mol.:      -50.55603       35.74852       61.91825
wrapping first mol.:      -50.55603       35.74852       61.91825

 NSTEP =     3500   TIME(PS) =    1047.000  TEMP(K) =   298.48  PRESS =     0.0
 Etot   =    -72441.7785  EKtot   =     17762.3984  EPtot      =    -90204.1769
 BOND   =       378.5418  ANGLE   =      1078.5595  DIHED      =      1398.0491
 1-4 NB =       461.3192  1-4 EEL =      4574.5593  VDWAALS    =     11447.4074
 EELEC  =   -109656.6518  EHBOND  =         0.0000  RESTRAINT  =       114.0385
 EAMBER (non-restraint)  =    -90318.2155
 ------------------------------------------------------------------------------

wrapping first mol.:      -50.55603       35.74852       61.91825
wrapping first mol.:      -50.55603       35.74852       61.91825

 NSTEP =     4000   TIME(PS) =    1048.000  TEMP(K) =   298.19  PRESS =     0.0
 Etot   =    -72460.7693  EKtot   =     17745.2891  EPtot      =    -90206.0584
 BOND   =       375.3845  ANGLE   =      1054.8249  DIHED      =      1410.9150
 1-4 NB =       459.5596  1-4 EEL =      4597.7894  VDWAALS    =     11507.5420
 EELEC  =   -109740.1852  EHBOND  =         0.0000  RESTRAINT  =       128.1113
 EAMBER (non-restraint)  =    -90334.1697
 ------------------------------------------------------------------------------

wrapping first mol.:      -50.55603       35.74852       61.91825
wrapping first mol.:      -50.55603       35.74852       61.91825

 NSTEP =     4500   TIME(PS) =    1049.000  TEMP(K) =   298.05  PRESS =     0.0
 Etot   =    -72316.0581  EKtot   =     17737.0020  EPtot      =    -90053.0600
 BOND   =       413.7406  ANGLE   =      1103.3051  DIHED      =      1390.7293
 1-4 NB =       444.1686  1-4 EEL =      4552.8431  VDWAALS    =     11536.8863
 EELEC  =   -109626.0606  EHBOND  =         0.0000  RESTRAINT  =       131.3275
 EAMBER (non-restraint)  =    -90184.3876
 ------------------------------------------------------------------------------

wrapping first mol.:      -50.55603       35.74852       61.91825
wrapping first mol.:      -50.55603       35.74852       61.91825

 NSTEP =     5000   TIME(PS) =    1050.000  TEMP(K) =   298.71  PRESS =     0.0
 Etot   =    -72238.0089  EKtot   =     17775.8613  EPtot      =    -90013.8702
 BOND   =       382.8393  ANGLE   =      1146.9804  DIHED      =      1386.4468
 1-4 NB =       453.5861  1-4 EEL =      4575.0750  VDWAALS    =     11540.7317
 EELEC  =   -109631.3609  EHBOND  =         0.0000  RESTRAINT  =       131.8314
 EAMBER (non-restraint)  =    -90145.7017
 ------------------------------------------------------------------------------

wrapping first mol.:      -50.55603       35.74852       61.91825
wrapping first mol.:      -50.55603       35.74852       61.91825

 NSTEP =     5500   TIME(PS) =    1051.000  TEMP(K) =   301.98  PRESS =     0.0
 Etot   =    -72154.2107  EKtot   =     17970.9512  EPtot      =    -90125.1619
 BOND   =       414.0148  ANGLE   =      1131.7024  DIHED      =      1372.1723
 1-4 NB =       456.8758  1-4 EEL =      4537.3124  VDWAALS    =     11555.7116
 EELEC  =   -109712.3166  EHBOND  =         0.0000  RESTRAINT  =       119.3653
 EAMBER (non-restraint)  =    -90244.5272
 ------------------------------------------------------------------------------

wrapping first mol.:      -50.55603       35.74852       61.91825
wrapping first mol.:      -50.55603       35.74852       61.91825

 NSTEP =     6000   TIME(PS) =    1052.000  TEMP(K) =   297.05  PRESS =     0.0
 Etot   =    -72422.7622  EKtot   =     17677.5078  EPtot      =    -90100.2700
 BOND   =       396.0457  ANGLE   =      1095.0631  DIHED      =      1400.2229
 1-4 NB =       443.5259  1-4 EEL =      4587.7864  VDWAALS    =     11484.1358
 EELEC  =   -109645.2609  EHBOND  =         0.0000  RESTRAINT  =       138.2111
 EAMBER (non-restraint)  =    -90238.4811
 ------------------------------------------------------------------------------

wrapping first mol.:      -50.55603       35.74852       61.91825
wrapping first mol.:      -50.55603       35.74852       61.91825

 NSTEP =     6500   TIME(PS) =    1053.000  TEMP(K) =   299.30  PRESS =     0.0
 Etot   =    -72369.0020  EKtot   =     17810.9238  EPtot      =    -90179.9258
 BOND   =       397.0963  ANGLE   =      1109.2652  DIHED      =      1382.4419
 1-4 NB =       436.1296  1-4 EEL =      4565.6888  VDWAALS    =     11473.1788
 EELEC  =   -109675.3283  EHBOND  =         0.0000  RESTRAINT  =       131.6018
 EAMBER (non-restraint)  =    -90311.5276
 ------------------------------------------------------------------------------

wrapping first mol.:      -50.55603       35.74852       61.91825
wrapping first mol.:      -50.55603       35.74852       61.91825

 NSTEP =     7000   TIME(PS) =    1054.000  TEMP(K) =   301.14  PRESS =     0.0
 Etot   =    -72306.7103  EKtot   =     17920.6348  EPtot      =    -90227.3450
 BOND   =       378.9689  ANGLE   =      1093.3099  DIHED      =      1398.7461
 1-4 NB =       460.0748  1-4 EEL =      4621.6580  VDWAALS    =     11532.4472
 EELEC  =   -109842.7849  EHBOND  =         0.0000  RESTRAINT  =       130.2350
 EAMBER (non-restraint)  =    -90357.5800
 ------------------------------------------------------------------------------

wrapping first mol.:      -50.55603       35.74852       61.91825
wrapping first mol.:      -50.55603       35.74852       61.91825

 NSTEP =     7500   TIME(PS) =    1055.000  TEMP(K) =   299.40  PRESS =     0.0
 Etot   =    -72589.7392  EKtot   =     17817.0703  EPtot      =    -90406.8095
 BOND   =       370.5539  ANGLE   =      1069.3404  DIHED      =      1389.9844
 1-4 NB =       450.7514  1-4 EEL =      4563.0611  VDWAALS    =     11438.7141
 EELEC  =   -109813.1716  EHBOND  =         0.0000  RESTRAINT  =       123.9567
 EAMBER (non-restraint)  =    -90530.7663
 ------------------------------------------------------------------------------

wrapping first mol.:      -50.55603       35.74852       61.91825
wrapping first mol.:      -50.55603       35.74852       61.91825

 NSTEP =     8000   TIME(PS) =    1056.000  TEMP(K) =   301.62  PRESS =     0.0
 Etot   =    -72152.9392  EKtot   =     17949.1484  EPtot      =    -90102.0876
 BOND   =       371.5738  ANGLE   =      1115.5183  DIHED      =      1395.5031
 1-4 NB =       456.4124  1-4 EEL =      4565.7858  VDWAALS    =     11559.1206
 EELEC  =   -109689.9346  EHBOND  =         0.0000  RESTRAINT  =       123.9330
 EAMBER (non-restraint)  =    -90226.0207
 ------------------------------------------------------------------------------

wrapping first mol.:      -50.55603       35.74852       61.91825
wrapping first mol.:      -50.55603       35.74852       61.91825

 NSTEP =     8500   TIME(PS) =    1057.000  TEMP(K) =   302.12  PRESS =     0.0
 Etot   =    -71897.9789  EKtot   =     17979.0410  EPtot      =    -89877.0199
 BOND   =       425.7719  ANGLE   =      1121.7058  DIHED      =      1397.3217
 1-4 NB =       442.9441  1-4 EEL =      4569.9554  VDWAALS    =     11346.9702
 EELEC  =   -109311.9196  EHBOND  =         0.0000  RESTRAINT  =       130.2305
 EAMBER (non-restraint)  =    -90007.2505
 ------------------------------------------------------------------------------

wrapping first mol.:      -50.55603       35.74852       61.91825
wrapping first mol.:      -50.55603       35.74852       61.91825

 NSTEP =     9000   TIME(PS) =    1058.000  TEMP(K) =   299.23  PRESS =     0.0
 Etot   =    -72235.8246  EKtot   =     17806.7695  EPtot      =    -90042.5941
 BOND   =       353.9513  ANGLE   =      1152.1384  DIHED      =      1406.6673
 1-4 NB =       445.6346  1-4 EEL =      4595.0276  VDWAALS    =     11367.5546
 EELEC  =   -109482.7962  EHBOND  =         0.0000  RESTRAINT  =       119.2283
 EAMBER (non-restraint)  =    -90161.8224
 ------------------------------------------------------------------------------

wrapping first mol.:      -50.55603       35.74852       61.91825
wrapping first mol.:      -50.55603       35.74852       61.91825

 NSTEP =     9500   TIME(PS) =    1059.000  TEMP(K) =   298.86  PRESS =     0.0
 Etot   =    -72373.9316  EKtot   =     17785.2168  EPtot      =    -90159.1484
 BOND   =       377.9110  ANGLE   =      1089.6584  DIHED      =      1387.1422
 1-4 NB =       444.2934  1-4 EEL =      4566.8905  VDWAALS    =     11524.5824
 EELEC  =   -109676.4268  EHBOND  =         0.0000  RESTRAINT  =       126.8004
 EAMBER (non-restraint)  =    -90285.9489
 ------------------------------------------------------------------------------

wrapping first mol.:      -50.55603       35.74852       61.91825
wrapping first mol.:      -50.55603       35.74852       61.91825

 NSTEP =    10000   TIME(PS) =    1060.000  TEMP(K) =   299.14  PRESS =     0.0
 Etot   =    -72129.0018  EKtot   =     17801.5625  EPtot      =    -89930.5643
 BOND   =       376.2820  ANGLE   =      1047.7312  DIHED      =      1393.0830
 1-4 NB =       456.8458  1-4 EEL =      4610.3457  VDWAALS    =     11187.0758
 EELEC  =   -109139.5920  EHBOND  =         0.0000  RESTRAINT  =       137.6643
 EAMBER (non-restraint)  =    -90068.2286
 ------------------------------------------------------------------------------

wrapping first mol.:      -50.55603       35.74852       61.91825
wrapping first mol.:      -50.55603       35.74852       61.91825

 NSTEP =    10500   TIME(PS) =    1061.000  TEMP(K) =   303.66  PRESS =     0.0
 Etot   =    -72056.9787  EKtot   =     18070.5195  EPtot      =    -90127.4982
 BOND   =       387.6755  ANGLE   =      1065.8511  DIHED      =      1370.9797
 1-4 NB =       456.3144  1-4 EEL =      4608.0159  VDWAALS    =     11396.0024
 EELEC  =   -109530.2407  EHBOND  =         0.0000  RESTRAINT  =       117.9036
 EAMBER (non-restraint)  =    -90245.4018
 ------------------------------------------------------------------------------

wrapping first mol.:      -50.55603       35.74852       61.91825
wrapping first mol.:      -50.55603       35.74852       61.91825

 NSTEP =    11000   TIME(PS) =    1062.000  TEMP(K) =   298.27  PRESS =     0.0
 Etot   =    -72163.1265  EKtot   =     17749.6172  EPtot      =    -89912.7437
 BOND   =       386.0771  ANGLE   =      1089.8032  DIHED      =      1388.5356
 1-4 NB =       456.6706  1-4 EEL =      4625.6856  VDWAALS    =     11411.1070
 EELEC  =   -109397.0686  EHBOND  =         0.0000  RESTRAINT  =       126.4458
 EAMBER (non-restraint)  =    -90039.1895
 ------------------------------------------------------------------------------

wrapping first mol.:      -50.55603       35.74852       61.91825
wrapping first mol.:      -50.55603       35.74852       61.91825

 NSTEP =    11500   TIME(PS) =    1063.000  TEMP(K) =   299.46  PRESS =     0.0
 Etot   =    -72034.0005  EKtot   =     17820.5918  EPtot      =    -89854.5923
 BOND   =       389.1623  ANGLE   =      1055.7055  DIHED      =      1393.7705
 1-4 NB =       455.6681  1-4 EEL =      4605.1128  VDWAALS    =     11296.2665
 EELEC  =   -109176.3265  EHBOND  =         0.0000  RESTRAINT  =       126.0486
 EAMBER (non-restraint)  =    -89980.6409
 ------------------------------------------------------------------------------

wrapping first mol.:      -50.55603       35.74852       61.91825
wrapping first mol.:      -50.55603       35.74852       61.91825

 NSTEP =    12000   TIME(PS) =    1064.000  TEMP(K) =   300.68  PRESS =     0.0
 Etot   =    -72160.9739  EKtot   =     17893.5312  EPtot      =    -90054.5052
 BOND   =       407.6573  ANGLE   =      1074.5448  DIHED      =      1428.4565
 1-4 NB =       461.9664  1-4 EEL =      4627.9997  VDWAALS    =     11213.1094
 EELEC  =   -109389.3285  EHBOND  =         0.0000  RESTRAINT  =       121.0892
 EAMBER (non-restraint)  =    -90175.5944
 ------------------------------------------------------------------------------

wrapping first mol.:      -50.55603       35.74852       61.91825
wrapping first mol.:      -50.55603       35.74852       61.91825

 NSTEP =    12500   TIME(PS) =    1065.000  TEMP(K) =   300.32  PRESS =     0.0
 Etot   =    -72142.9738  EKtot   =     17871.6895  EPtot      =    -90014.6632
 BOND   =       433.7321  ANGLE   =      1108.1833  DIHED      =      1414.5346
 1-4 NB =       452.4303  1-4 EEL =      4588.9435  VDWAALS    =     11445.5462
 EELEC  =   -109583.7834  EHBOND  =         0.0000  RESTRAINT  =       125.7502
 EAMBER (non-restraint)  =    -90140.4134
 ------------------------------------------------------------------------------

wrapping first mol.:      -50.55603       35.74852       61.91825
wrapping first mol.:      -50.55603       35.74852       61.91825

 NSTEP =    13000   TIME(PS) =    1066.000  TEMP(K) =   296.72  PRESS =     0.0
 Etot   =    -72614.9196  EKtot   =     17657.6973  EPtot      =    -90272.6168
 BOND   =       406.8202  ANGLE   =      1099.2546  DIHED      =      1360.2291
 1-4 NB =       454.4016  1-4 EEL =      4590.6042  VDWAALS    =     11373.3925
 EELEC  =   -109687.9562  EHBOND  =         0.0000  RESTRAINT  =       130.6372
 EAMBER (non-restraint)  =    -90403.2540
 ------------------------------------------------------------------------------

wrapping first mol.:      -50.55603       35.74852       61.91825
wrapping first mol.:      -50.55603       35.74852       61.91825

 NSTEP =    13500   TIME(PS) =    1067.000  TEMP(K) =   299.42  PRESS =     0.0
 Etot   =    -72174.0884  EKtot   =     17818.1582  EPtot      =    -89992.2466
 BOND   =       393.8723  ANGLE   =      1068.2346  DIHED      =      1382.5278
 1-4 NB =       464.0563  1-4 EEL =      4601.7833  VDWAALS    =     11619.5775
 EELEC  =   -109641.7524  EHBOND  =         0.0000  RESTRAINT  =       119.4540
 EAMBER (non-restraint)  =    -90111.7006
 ------------------------------------------------------------------------------

wrapping first mol.:      -50.55603       35.74852       61.91825
wrapping first mol.:      -50.55603       35.74852       61.91825

 NSTEP =    14000   TIME(PS) =    1068.000  TEMP(K) =   299.91  PRESS =     0.0
 Etot   =    -72222.2124  EKtot   =     17847.5254  EPtot      =    -90069.7378
 BOND   =       383.2783  ANGLE   =      1083.9839  DIHED      =      1389.8095
 1-4 NB =       460.7797  1-4 EEL =      4561.3979  VDWAALS    =     11268.6419
 EELEC  =   -109352.9328  EHBOND  =         0.0000  RESTRAINT  =       135.3038
 EAMBER (non-restraint)  =    -90205.0416
 ------------------------------------------------------------------------------

wrapping first mol.:      -50.55603       35.74852       61.91825
wrapping first mol.:      -50.55603       35.74852       61.91825

 NSTEP =    14500   TIME(PS) =    1069.000  TEMP(K) =   301.04  PRESS =     0.0
 Etot   =    -72085.2621  EKtot   =     17914.4668  EPtot      =    -89999.7289
 BOND   =       400.0601  ANGLE   =      1051.3624  DIHED      =      1379.1561
 1-4 NB =       457.3685  1-4 EEL =      4588.4467  VDWAALS    =     11431.5116
 EELEC  =   -109444.5760  EHBOND  =         0.0000  RESTRAINT  =       136.9419
 EAMBER (non-restraint)  =    -90136.6708
 ------------------------------------------------------------------------------

wrapping first mol.:      -50.55603       35.74852       61.91825
wrapping first mol.:      -50.55603       35.74852       61.91825

 NSTEP =    15000   TIME(PS) =    1070.000  TEMP(K) =   299.50  PRESS =     0.0
 Etot   =    -71934.3121  EKtot   =     17822.9629  EPtot      =    -89757.2749
 BOND   =       377.5422  ANGLE   =      1067.7430  DIHED      =      1383.1066
 1-4 NB =       449.6477  1-4 EEL =      4603.5431  VDWAALS    =     11415.2959
 EELEC  =   -109174.0889  EHBOND  =         0.0000  RESTRAINT  =       119.9355
 EAMBER (non-restraint)  =    -89877.2104
 ------------------------------------------------------------------------------

wrapping first mol.:      -50.55603       35.74852       61.91825
wrapping first mol.:      -50.55603       35.74852       61.91825

 NSTEP =    15500   TIME(PS) =    1071.000  TEMP(K) =   300.73  PRESS =     0.0
 Etot   =    -72091.7515  EKtot   =     17896.0254  EPtot      =    -89987.7769
 BOND   =       383.2917  ANGLE   =      1062.5002  DIHED      =      1367.0517
 1-4 NB =       453.0616  1-4 EEL =      4598.7878  VDWAALS    =     11231.4767
 EELEC  =   -109204.3556  EHBOND  =         0.0000  RESTRAINT  =       120.4090
 EAMBER (non-restraint)  =    -90108.1858
 ------------------------------------------------------------------------------

wrapping first mol.:      -50.55603       35.74852       61.91825
wrapping first mol.:      -50.55603       35.74852       61.91825

 NSTEP =    16000   TIME(PS) =    1072.000  TEMP(K) =   303.33  PRESS =     0.0
 Etot   =    -71919.8645  EKtot   =     18050.7695  EPtot      =    -89970.6340
 BOND   =       389.8109  ANGLE   =      1087.0801  DIHED      =      1375.2936
 1-4 NB =       442.7157  1-4 EEL =      4601.2971  VDWAALS    =     11341.9698
 EELEC  =   -109341.5180  EHBOND  =         0.0000  RESTRAINT  =       132.7169
 EAMBER (non-restraint)  =    -90103.3509
 ------------------------------------------------------------------------------

wrapping first mol.:      -50.55603       35.74852       61.91825
wrapping first mol.:      -50.55603       35.74852       61.91825

 NSTEP =    16500   TIME(PS) =    1073.000  TEMP(K) =   301.16  PRESS =     0.0
 Etot   =    -71807.2249  EKtot   =     17921.7012  EPtot      =    -89728.9261
 BOND   =       403.3601  ANGLE   =      1088.5571  DIHED      =      1389.8333
 1-4 NB =       467.9566  1-4 EEL =      4586.7140  VDWAALS    =     11149.5321
 EELEC  =   -108928.4405  EHBOND  =         0.0000  RESTRAINT  =       113.5612
 EAMBER (non-restraint)  =    -89842.4873
 ------------------------------------------------------------------------------

wrapping first mol.:      -50.55603       35.74852       61.91825
wrapping first mol.:      -50.55603       35.74852       61.91825

 NSTEP =    17000   TIME(PS) =    1074.000  TEMP(K) =   301.43  PRESS =     0.0
 Etot   =    -71951.0737  EKtot   =     17937.6719  EPtot      =    -89888.7456
 BOND   =       371.4942  ANGLE   =      1070.0375  DIHED      =      1393.6922
 1-4 NB =       471.8682  1-4 EEL =      4612.8668  VDWAALS    =     11443.8978
 EELEC  =   -109377.2660  EHBOND  =         0.0000  RESTRAINT  =       124.6637
 EAMBER (non-restraint)  =    -90013.4094
 ------------------------------------------------------------------------------

wrapping first mol.:      -50.55603       35.74852       61.91825
wrapping first mol.:      -50.55603       35.74852       61.91825

 NSTEP =    17500   TIME(PS) =    1075.000  TEMP(K) =   298.74  PRESS =     0.0
 Etot   =    -72117.4797  EKtot   =     17777.9746  EPtot      =    -89895.4543
 BOND   =       385.5040  ANGLE   =      1137.9694  DIHED      =      1394.2750
 1-4 NB =       448.2178  1-4 EEL =      4559.5842  VDWAALS    =     11490.5602
 EELEC  =   -109429.9561  EHBOND  =         0.0000  RESTRAINT  =       118.3913
 EAMBER (non-restraint)  =    -90013.8456
 ------------------------------------------------------------------------------

wrapping first mol.:      -50.55603       35.74852       61.91825
wrapping first mol.:      -50.55603       35.74852       61.91825

 NSTEP =    18000   TIME(PS) =    1076.000  TEMP(K) =   300.66  PRESS =     0.0
 Etot   =    -72032.7131  EKtot   =     17892.3613  EPtot      =    -89925.0745
 BOND   =       413.3650  ANGLE   =      1070.3287  DIHED      =      1381.1327
 1-4 NB =       457.1191  1-4 EEL =      4551.0590  VDWAALS    =     11074.1551
 EELEC  =   -108989.6326  EHBOND  =         0.0000  RESTRAINT  =       117.3984
 EAMBER (non-restraint)  =    -90042.4729
 ------------------------------------------------------------------------------

wrapping first mol.:      -50.55603       35.74852       61.91825
wrapping first mol.:      -50.55603       35.74852       61.91825

 NSTEP =    18500   TIME(PS) =    1077.000  TEMP(K) =   298.03  PRESS =     0.0
 Etot   =    -72108.6967  EKtot   =     17735.4355  EPtot      =    -89844.1323
 BOND   =       375.6363  ANGLE   =      1137.7448  DIHED      =      1397.5555
 1-4 NB =       458.0577  1-4 EEL =      4578.9607  VDWAALS    =     11334.7200
 EELEC  =   -109251.4008  EHBOND  =         0.0000  RESTRAINT  =       124.5935
 EAMBER (non-restraint)  =    -89968.7258
 ------------------------------------------------------------------------------

wrapping first mol.:      -50.55603       35.74852       61.91825
wrapping first mol.:      -50.55603       35.74852       61.91825

 NSTEP =    19000   TIME(PS) =    1078.000  TEMP(K) =   299.54  PRESS =     0.0
 Etot   =    -72179.6522  EKtot   =     17825.5820  EPtot      =    -90005.2342
 BOND   =       406.6137  ANGLE   =      1108.4077  DIHED      =      1414.7651
 1-4 NB =       447.6514  1-4 EEL =      4612.2893  VDWAALS    =     11627.9508
 EELEC  =   -109738.9209  EHBOND  =         0.0000  RESTRAINT  =       116.0086
 EAMBER (non-restraint)  =    -90121.2429
 ------------------------------------------------------------------------------

wrapping first mol.:      -50.55603       35.74852       61.91825
wrapping first mol.:      -50.55603       35.74852       61.91825

 NSTEP =    19500   TIME(PS) =    1079.000  TEMP(K) =   300.38  PRESS =     0.0
 Etot   =    -72291.8188  EKtot   =     17875.5488  EPtot      =    -90167.3677
 BOND   =       419.8065  ANGLE   =      1077.1485  DIHED      =      1380.4352
 1-4 NB =       456.5195  1-4 EEL =      4620.6286  VDWAALS    =     11801.3626
 EELEC  =   -110041.6339  EHBOND  =         0.0000  RESTRAINT  =       118.3653
 EAMBER (non-restraint)  =    -90285.7330
 ------------------------------------------------------------------------------

wrapping first mol.:      -50.55603       35.74852       61.91825
wrapping first mol.:      -50.55603       35.74852       61.91825

 NSTEP =    20000   TIME(PS) =    1080.000  TEMP(K) =   300.57  PRESS =     0.0
 Etot   =    -72204.7103  EKtot   =     17886.6309  EPtot      =    -90091.3412
 BOND   =       376.9483  ANGLE   =      1075.4973  DIHED      =      1393.5603
 1-4 NB =       452.4207  1-4 EEL =      4580.6743  VDWAALS    =     11496.8622
 EELEC  =   -109585.8364  EHBOND  =         0.0000  RESTRAINT  =       118.5322
 EAMBER (non-restraint)  =    -90209.8734
 ------------------------------------------------------------------------------

wrapping first mol.:      -50.55603       35.74852       61.91825
wrapping first mol.:      -50.55603       35.74852       61.91825

 NSTEP =    20500   TIME(PS) =    1081.000  TEMP(K) =   299.55  PRESS =     0.0
 Etot   =    -72282.0366  EKtot   =     17826.0762  EPtot      =    -90108.1128
 BOND   =       380.7417  ANGLE   =      1073.2975  DIHED      =      1390.1328
 1-4 NB =       465.8829  1-4 EEL =      4596.6783  VDWAALS    =     11391.5430
 EELEC  =   -109530.5382  EHBOND  =         0.0000  RESTRAINT  =       124.1493
 EAMBER (non-restraint)  =    -90232.2621
 ------------------------------------------------------------------------------

wrapping first mol.:      -50.55603       35.74852       61.91825
wrapping first mol.:      -50.55603       35.74852       61.91825

 NSTEP =    21000   TIME(PS) =    1082.000  TEMP(K) =   301.08  PRESS =     0.0
 Etot   =    -72065.4864  EKtot   =     17917.1758  EPtot      =    -89982.6622
 BOND   =       389.4060  ANGLE   =      1066.6057  DIHED      =      1383.1374
 1-4 NB =       448.7344  1-4 EEL =      4582.6135  VDWAALS    =     11413.9107
 EELEC  =   -109404.1036  EHBOND  =         0.0000  RESTRAINT  =       137.0336
 EAMBER (non-restraint)  =    -90119.6958
 ------------------------------------------------------------------------------

wrapping first mol.:      -50.55603       35.74852       61.91825
wrapping first mol.:      -50.55603       35.74852       61.91825

 NSTEP =    21500   TIME(PS) =    1083.000  TEMP(K) =   298.90  PRESS =     0.0
 Etot   =    -72096.7279  EKtot   =     17787.4277  EPtot      =    -89884.1556
 BOND   =       391.8560  ANGLE   =      1091.2454  DIHED      =      1401.6272
 1-4 NB =       458.3304  1-4 EEL =      4567.6298  VDWAALS    =     11329.7785
 EELEC  =   -109246.8304  EHBOND  =         0.0000  RESTRAINT  =       122.2075
 EAMBER (non-restraint)  =    -90006.3631
 ------------------------------------------------------------------------------

wrapping first mol.:      -50.55603       35.74852       61.91825
wrapping first mol.:      -50.55603       35.74852       61.91825

 NSTEP =    22000   TIME(PS) =    1084.000  TEMP(K) =   299.94  PRESS =     0.0
 Etot   =    -72295.6380  EKtot   =     17849.1953  EPtot      =    -90144.8333
 BOND   =       416.0249  ANGLE   =      1104.0479  DIHED      =      1399.0210
 1-4 NB =       449.5531  1-4 EEL =      4591.0474  VDWAALS    =     11640.3993
 EELEC  =   -109867.9978  EHBOND  =         0.0000  RESTRAINT  =       123.0709
 EAMBER (non-restraint)  =    -90267.9042
 ------------------------------------------------------------------------------

wrapping first mol.:      -50.55603       35.74852       61.91825
wrapping first mol.:      -50.55603       35.74852       61.91825

 NSTEP =    22500   TIME(PS) =    1085.000  TEMP(K) =   301.41  PRESS =     0.0
 Etot   =    -72023.8601  EKtot   =     17936.6328  EPtot      =    -89960.4929
 BOND   =       378.9879  ANGLE   =      1086.4788  DIHED      =      1368.5955
 1-4 NB =       449.2762  1-4 EEL =      4590.9980  VDWAALS    =     11573.7309
 EELEC  =   -109545.1693  EHBOND  =         0.0000  RESTRAINT  =       136.6091
 EAMBER (non-restraint)  =    -90097.1019
 ------------------------------------------------------------------------------

wrapping first mol.:      -50.55603       35.74852       61.91825
wrapping first mol.:      -50.55603       35.74852       61.91825

 NSTEP =    23000   TIME(PS) =    1086.000  TEMP(K) =   301.39  PRESS =     0.0
 Etot   =    -72186.2645  EKtot   =     17935.8398  EPtot      =    -90122.1043
 BOND   =       401.0490  ANGLE   =      1096.6938  DIHED      =      1388.4438
 1-4 NB =       439.1142  1-4 EEL =      4587.0981  VDWAALS    =     11470.1799
 EELEC  =   -109620.4975  EHBOND  =         0.0000  RESTRAINT  =       115.8144
 EAMBER (non-restraint)  =    -90237.9187
 ------------------------------------------------------------------------------

wrapping first mol.:      -50.55603       35.74852       61.91825
wrapping first mol.:      -50.55603       35.74852       61.91825

 NSTEP =    23500   TIME(PS) =    1087.000  TEMP(K) =   300.48  PRESS =     0.0
 Etot   =    -71971.9883  EKtot   =     17881.1230  EPtot      =    -89853.1114
 BOND   =       389.3531  ANGLE   =      1135.4288  DIHED      =      1384.8750
 1-4 NB =       441.5134  1-4 EEL =      4584.2904  VDWAALS    =     11114.7107
 EELEC  =   -109029.1055  EHBOND  =         0.0000  RESTRAINT  =       125.8228
 EAMBER (non-restraint)  =    -89978.9342
 ------------------------------------------------------------------------------

wrapping first mol.:      -50.55603       35.74852       61.91825
wrapping first mol.:      -50.55603       35.74852       61.91825

 NSTEP =    24000   TIME(PS) =    1088.000  TEMP(K) =   301.01  PRESS =     0.0
 Etot   =    -72183.5730  EKtot   =     17913.1738  EPtot      =    -90096.7468
 BOND   =       409.9364  ANGLE   =      1083.3133  DIHED      =      1384.1562
 1-4 NB =       446.6166  1-4 EEL =      4601.4390  VDWAALS    =     11517.1287
 EELEC  =   -109656.5576  EHBOND  =         0.0000  RESTRAINT  =       117.2205
 EAMBER (non-restraint)  =    -90213.9673
 ------------------------------------------------------------------------------

wrapping first mol.:      -50.55603       35.74852       61.91825
wrapping first mol.:      -50.55603       35.74852       61.91825

 NSTEP =    24500   TIME(PS) =    1089.000  TEMP(K) =   301.17  PRESS =     0.0
 Etot   =    -71962.7199  EKtot   =     17922.5176  EPtot      =    -89885.2375
 BOND   =       376.5964  ANGLE   =      1061.9404  DIHED      =      1381.1540
 1-4 NB =       454.8817  1-4 EEL =      4617.9420  VDWAALS    =     11403.2839
 EELEC  =   -109297.0595  EHBOND  =         0.0000  RESTRAINT  =       116.0236
 EAMBER (non-restraint)  =    -90001.2611
 ------------------------------------------------------------------------------

wrapping first mol.:      -50.55603       35.74852       61.91825
wrapping first mol.:      -50.55603       35.74852       61.91825

 NSTEP =    25000   TIME(PS) =    1090.000  TEMP(K) =   299.94  PRESS =     0.0
 Etot   =    -72233.4642  EKtot   =     17849.4570  EPtot      =    -90082.9213
 BOND   =       383.5774  ANGLE   =      1115.2777  DIHED      =      1376.8041
 1-4 NB =       445.3021  1-4 EEL =      4578.5914  VDWAALS    =     11301.2107
 EELEC  =   -109399.9482  EHBOND  =         0.0000  RESTRAINT  =       116.2635
 EAMBER (non-restraint)  =    -90199.1847
 ------------------------------------------------------------------------------

wrapping first mol.:      -50.55603       35.74852       61.91825
wrapping first mol.:      -50.55603       35.74852       61.91825

 NSTEP =    25500   TIME(PS) =    1091.000  TEMP(K) =   302.13  PRESS =     0.0
 Etot   =    -71877.6412  EKtot   =     17979.4551  EPtot      =    -89857.0962
 BOND   =       405.4393  ANGLE   =      1070.8018  DIHED      =      1403.1984
 1-4 NB =       451.1948  1-4 EEL =      4580.8561  VDWAALS    =     11483.0292
 EELEC  =   -109356.5940  EHBOND  =         0.0000  RESTRAINT  =       104.9782
 EAMBER (non-restraint)  =    -89962.0745
 ------------------------------------------------------------------------------

wrapping first mol.:      -50.55603       35.74852       61.91825
wrapping first mol.:      -50.55603       35.74852       61.91825

 NSTEP =    26000   TIME(PS) =    1092.000  TEMP(K) =   299.80  PRESS =     0.0
 Etot   =    -71916.4507  EKtot   =     17841.0293  EPtot      =    -89757.4800
 BOND   =       387.2983  ANGLE   =      1085.3254  DIHED      =      1397.1960
 1-4 NB =       440.0996  1-4 EEL =      4575.4700  VDWAALS    =     11428.9752
 EELEC  =   -109192.6703  EHBOND  =         0.0000  RESTRAINT  =       120.8258
 EAMBER (non-restraint)  =    -89878.3059
 ------------------------------------------------------------------------------

wrapping first mol.:      -50.55603       35.74852       61.91825
wrapping first mol.:      -50.55603       35.74852       61.91825

 NSTEP =    26500   TIME(PS) =    1093.000  TEMP(K) =   299.62  PRESS =     0.0
 Etot   =    -72085.2822  EKtot   =     17830.1543  EPtot      =    -89915.4365
 BOND   =       393.8612  ANGLE   =      1122.3896  DIHED      =      1384.8898
 1-4 NB =       445.7998  1-4 EEL =      4587.1814  VDWAALS    =     11153.0897
 EELEC  =   -109125.8186  EHBOND  =         0.0000  RESTRAINT  =       123.1707
 EAMBER (non-restraint)  =    -90038.6072
 ------------------------------------------------------------------------------

wrapping first mol.:      -50.55603       35.74852       61.91825
wrapping first mol.:      -50.55603       35.74852       61.91825

 NSTEP =    27000   TIME(PS) =    1094.000  TEMP(K) =   302.59  PRESS =     0.0
 Etot   =    -71919.8427  EKtot   =     18006.8633  EPtot      =    -89926.7060
 BOND   =       388.6184  ANGLE   =      1096.6324  DIHED      =      1399.1564
 1-4 NB =       452.2239  1-4 EEL =      4614.6736  VDWAALS    =     11482.9716
 EELEC  =   -109481.9514  EHBOND  =         0.0000  RESTRAINT  =       120.9690
 EAMBER (non-restraint)  =    -90047.6750
 ------------------------------------------------------------------------------

wrapping first mol.:      -50.55603       35.74852       61.91825
wrapping first mol.:      -50.55603       35.74852       61.91825

 NSTEP =    27500   TIME(PS) =    1095.000  TEMP(K) =   303.66  PRESS =     0.0
 Etot   =    -71809.9388  EKtot   =     18070.5156  EPtot      =    -89880.4544
 BOND   =       403.0181  ANGLE   =      1126.8951  DIHED      =      1388.3881
 1-4 NB =       450.7104  1-4 EEL =      4608.0105  VDWAALS    =     11179.5122
 EELEC  =   -109157.5378  EHBOND  =         0.0000  RESTRAINT  =       120.5491
 EAMBER (non-restraint)  =    -90001.0035
 ------------------------------------------------------------------------------

wrapping first mol.:      -50.55603       35.74852       61.91825
wrapping first mol.:      -50.55603       35.74852       61.91825

 NSTEP =    28000   TIME(PS) =    1096.000  TEMP(K) =   299.61  PRESS =     0.0
 Etot   =    -72243.2600  EKtot   =     17829.8906  EPtot      =    -90073.1506
 BOND   =       390.1487  ANGLE   =      1104.5499  DIHED      =      1380.8993
 1-4 NB =       453.5903  1-4 EEL =      4613.0209  VDWAALS    =     11269.6918
 EELEC  =   -109406.0874  EHBOND  =         0.0000  RESTRAINT  =       121.0358
 EAMBER (non-restraint)  =    -90194.1865
 ------------------------------------------------------------------------------

wrapping first mol.:      -50.55603       35.74852       61.91825
wrapping first mol.:      -50.55603       35.74852       61.91825

 NSTEP =    28500   TIME(PS) =    1097.000  TEMP(K) =   302.13  PRESS =     0.0
 Etot   =    -71988.3197  EKtot   =     17979.8574  EPtot      =    -89968.1772
 BOND   =       396.3094  ANGLE   =      1146.2794  DIHED      =      1398.8313
 1-4 NB =       448.8626  1-4 EEL =      4625.2445  VDWAALS    =     11454.1212
 EELEC  =   -109564.9179  EHBOND  =         0.0000  RESTRAINT  =       127.0924
 EAMBER (non-restraint)  =    -90095.2695
 ------------------------------------------------------------------------------

wrapping first mol.:      -50.55603       35.74852       61.91825
wrapping first mol.:      -50.55603       35.74852       61.91825

 NSTEP =    29000   TIME(PS) =    1098.000  TEMP(K) =   304.05  PRESS =     0.0
 Etot   =    -71604.1092  EKtot   =     18094.0781  EPtot      =    -89698.1873
 BOND   =       418.1539  ANGLE   =      1110.4336  DIHED      =      1404.6629
 1-4 NB =       462.4493  1-4 EEL =      4647.6483  VDWAALS    =     11437.3400
 EELEC  =   -109287.0279  EHBOND  =         0.0000  RESTRAINT  =       108.1527
 EAMBER (non-restraint)  =    -89806.3400
 ------------------------------------------------------------------------------

wrapping first mol.:      -50.55603       35.74852       61.91825
wrapping first mol.:      -50.55603       35.74852       61.91825

 NSTEP =    29500   TIME(PS) =    1099.000  TEMP(K) =   298.60  PRESS =     0.0
 Etot   =    -72071.4268  EKtot   =     17769.7656  EPtot      =    -89841.1924
 BOND   =       390.0956  ANGLE   =      1128.7157  DIHED      =      1391.1246
 1-4 NB =       463.6740  1-4 EEL =      4568.7393  VDWAALS    =     11230.9575
 EELEC  =   -109143.5419  EHBOND  =         0.0000  RESTRAINT  =       129.0429
 EAMBER (non-restraint)  =    -89970.2352
 ------------------------------------------------------------------------------

wrapping first mol.:      -50.55603       35.74852       61.91825
wrapping first mol.:      -50.55603       35.74852       61.91825

 NSTEP =    30000   TIME(PS) =    1100.000  TEMP(K) =   296.62  PRESS =     0.0
 Etot   =    -72266.9455  EKtot   =     17651.9297  EPtot      =    -89918.8751
 BOND   =       382.2881  ANGLE   =      1115.5213  DIHED      =      1399.5165
 1-4 NB =       454.8333  1-4 EEL =      4607.7479  VDWAALS    =     11394.3809
 EELEC  =   -109407.7193  EHBOND  =         0.0000  RESTRAINT  =       134.5562
 EAMBER (non-restraint)  =    -90053.4314
 ------------------------------------------------------------------------------

wrapping first mol.:      -50.55603       35.74852       61.91825
wrapping first mol.:      -50.55603       35.74852       61.91825

 NSTEP =    30500   TIME(PS) =    1101.000  TEMP(K) =   300.05  PRESS =     0.0
 Etot   =    -71983.3080  EKtot   =     17855.7891  EPtot      =    -89839.0970
 BOND   =       381.1207  ANGLE   =      1106.9058  DIHED      =      1400.6154
 1-4 NB =       463.2258  1-4 EEL =      4599.8678  VDWAALS    =     11277.2646
 EELEC  =   -109189.2387  EHBOND  =         0.0000  RESTRAINT  =       121.1416
 EAMBER (non-restraint)  =    -89960.2386
 ------------------------------------------------------------------------------

wrapping first mol.:      -50.55603       35.74852       61.91825
wrapping first mol.:      -50.55603       35.74852       61.91825

 NSTEP =    31000   TIME(PS) =    1102.000  TEMP(K) =   299.22  PRESS =     0.0
 Etot   =    -72234.3180  EKtot   =     17806.5312  EPtot      =    -90040.8492
 BOND   =       382.5261  ANGLE   =      1090.9668  DIHED      =      1401.4489
 1-4 NB =       452.7993  1-4 EEL =      4567.0546  VDWAALS    =     11338.1819
 EELEC  =   -109401.2323  EHBOND  =         0.0000  RESTRAINT  =       127.4054
 EAMBER (non-restraint)  =    -90168.2546
 ------------------------------------------------------------------------------

wrapping first mol.:      -50.55603       35.74852       61.91825
wrapping first mol.:      -50.55603       35.74852       61.91825

 NSTEP =    31500   TIME(PS) =    1103.000  TEMP(K) =   298.18  PRESS =     0.0
 Etot   =    -72397.1049  EKtot   =     17744.3398  EPtot      =    -90141.4448
 BOND   =       392.1035  ANGLE   =      1096.0479  DIHED      =      1390.7019
 1-4 NB =       446.6955  1-4 EEL =      4611.3407  VDWAALS    =     11298.7287
 EELEC  =   -109514.3183  EHBOND  =         0.0000  RESTRAINT  =       137.2554
 EAMBER (non-restraint)  =    -90278.7002
 ------------------------------------------------------------------------------

wrapping first mol.:      -50.55603       35.74852       61.91825
wrapping first mol.:      -50.55603       35.74852       61.91825

 NSTEP =    32000   TIME(PS) =    1104.000  TEMP(K) =   298.37  PRESS =     0.0
 Etot   =    -72163.5942  EKtot   =     17755.5977  EPtot      =    -89919.1918
 BOND   =       407.5020  ANGLE   =      1105.4929  DIHED      =      1407.7017
 1-4 NB =       457.8985  1-4 EEL =      4578.1237  VDWAALS    =     11224.9030
 EELEC  =   -109229.4086  EHBOND  =         0.0000  RESTRAINT  =       128.5950
 EAMBER (non-restraint)  =    -90047.7868
 ------------------------------------------------------------------------------

wrapping first mol.:      -50.55603       35.74852       61.91825
wrapping first mol.:      -50.55603       35.74852       61.91825

 NSTEP =    32500   TIME(PS) =    1105.000  TEMP(K) =   299.54  PRESS =     0.0
 Etot   =    -72234.3161  EKtot   =     17825.4355  EPtot      =    -90059.7516
 BOND   =       410.8903  ANGLE   =      1147.7280  DIHED      =      1383.7091
 1-4 NB =       446.6336  1-4 EEL =      4573.8146  VDWAALS    =     11555.0251
 EELEC  =   -109700.8390  EHBOND  =         0.0000  RESTRAINT  =       123.2866
 EAMBER (non-restraint)  =    -90183.0382
 ------------------------------------------------------------------------------

wrapping first mol.:      -50.55603       35.74852       61.91825
wrapping first mol.:      -50.55603       35.74852       61.91825

 NSTEP =    33000   TIME(PS) =    1106.000  TEMP(K) =   301.32  PRESS =     0.0
 Etot   =    -72051.4298  EKtot   =     17931.6484  EPtot      =    -89983.0783
 BOND   =       418.2475  ANGLE   =      1071.7083  DIHED      =      1408.8780
 1-4 NB =       454.4463  1-4 EEL =      4583.0443  VDWAALS    =     11291.9924
 EELEC  =   -109333.5008  EHBOND  =         0.0000  RESTRAINT  =       122.1058
 EAMBER (non-restraint)  =    -90105.1840
 ------------------------------------------------------------------------------

wrapping first mol.:      -50.55603       35.74852       61.91825
wrapping first mol.:      -50.55603       35.74852       61.91825

 NSTEP =    33500   TIME(PS) =    1107.000  TEMP(K) =   297.19  PRESS =     0.0
 Etot   =    -72195.1389  EKtot   =     17685.3613  EPtot      =    -89880.5002
 BOND   =       386.0845  ANGLE   =      1117.3124  DIHED      =      1386.5590
 1-4 NB =       452.7251  1-4 EEL =      4591.4456  VDWAALS    =     11201.7376
 EELEC  =   -109139.4606  EHBOND  =         0.0000  RESTRAINT  =       123.0962
 EAMBER (non-restraint)  =    -90003.5964
 ------------------------------------------------------------------------------

wrapping first mol.:      -50.55603       35.74852       61.91825
wrapping first mol.:      -50.55603       35.74852       61.91825

 NSTEP =    34000   TIME(PS) =    1108.000  TEMP(K) =   299.47  PRESS =     0.0
 Etot   =    -72086.9929  EKtot   =     17821.1992  EPtot      =    -89908.1921
 BOND   =       385.9687  ANGLE   =      1079.1513  DIHED      =      1406.5772
 1-4 NB =       452.7965  1-4 EEL =      4572.3208  VDWAALS    =     11586.4338
 EELEC  =   -109512.2225  EHBOND  =         0.0000  RESTRAINT  =       120.7821
 EAMBER (non-restraint)  =    -90028.9742
 ------------------------------------------------------------------------------

wrapping first mol.:      -50.55603       35.74852       61.91825
wrapping first mol.:      -50.55603       35.74852       61.91825

 NSTEP =    34500   TIME(PS) =    1109.000  TEMP(K) =   302.11  PRESS =     0.0
 Etot   =    -72075.4085  EKtot   =     17978.1016  EPtot      =    -90053.5101
 BOND   =       378.2010  ANGLE   =      1091.7447  DIHED      =      1382.5533
 1-4 NB =       459.6525  1-4 EEL =      4580.5563  VDWAALS    =     11512.0845
 EELEC  =   -109572.7153  EHBOND  =         0.0000  RESTRAINT  =       114.4129
 EAMBER (non-restraint)  =    -90167.9230
 ------------------------------------------------------------------------------

wrapping first mol.:      -50.55603       35.74852       61.91825
wrapping first mol.:      -50.55603       35.74852       61.91825

 NSTEP =    35000   TIME(PS) =    1110.000  TEMP(K) =   302.11  PRESS =     0.0
 Etot   =    -72138.8205  EKtot   =     17978.1270  EPtot      =    -90116.9475
 BOND   =       376.4209  ANGLE   =      1090.2803  DIHED      =      1412.5593
 1-4 NB =       453.5187  1-4 EEL =      4566.3677  VDWAALS    =     11561.4827
 EELEC  =   -109697.3064  EHBOND  =         0.0000  RESTRAINT  =       119.7293
 EAMBER (non-restraint)  =    -90236.6768
 ------------------------------------------------------------------------------

wrapping first mol.:      -50.55603       35.74852       61.91825
wrapping first mol.:      -50.55603       35.74852       61.91825

 NSTEP =    35500   TIME(PS) =    1111.000  TEMP(K) =   296.40  PRESS =     0.0
 Etot   =    -72378.1304  EKtot   =     17638.8184  EPtot      =    -90016.9488
 BOND   =       389.9583  ANGLE   =      1108.8018  DIHED      =      1375.1788
 1-4 NB =       448.7126  1-4 EEL =      4549.5205  VDWAALS    =     11422.6614
 EELEC  =   -109439.6553  EHBOND  =         0.0000  RESTRAINT  =       127.8731
 EAMBER (non-restraint)  =    -90144.8219
 ------------------------------------------------------------------------------

wrapping first mol.:      -50.55603       35.74852       61.91825
wrapping first mol.:      -50.55603       35.74852       61.91825

 NSTEP =    36000   TIME(PS) =    1112.000  TEMP(K) =   301.38  PRESS =     0.0
 Etot   =    -71875.3867  EKtot   =     17934.8066  EPtot      =    -89810.1933
 BOND   =       394.3599  ANGLE   =      1060.7931  DIHED      =      1391.4536
 1-4 NB =       465.3099  1-4 EEL =      4597.7081  VDWAALS    =     11279.0502
 EELEC  =   -109123.9652  EHBOND  =         0.0000  RESTRAINT  =       125.0971
 EAMBER (non-restraint)  =    -89935.2904
 ------------------------------------------------------------------------------

wrapping first mol.:      -50.55603       35.74852       61.91825
wrapping first mol.:      -50.55603       35.74852       61.91825

 NSTEP =    36500   TIME(PS) =    1113.000  TEMP(K) =   299.88  PRESS =     0.0
 Etot   =    -72335.1256  EKtot   =     17845.9707  EPtot      =    -90181.0963
 BOND   =       390.2862  ANGLE   =      1077.1564  DIHED      =      1400.5846
 1-4 NB =       442.5215  1-4 EEL =      4572.1088  VDWAALS    =     11465.5560
 EELEC  =   -109647.7169  EHBOND  =         0.0000  RESTRAINT  =       118.4070
 EAMBER (non-restraint)  =    -90299.5033
 ------------------------------------------------------------------------------

wrapping first mol.:      -50.55603       35.74852       61.91825
wrapping first mol.:      -50.55603       35.74852       61.91825

 NSTEP =    37000   TIME(PS) =    1114.000  TEMP(K) =   300.55  PRESS =     0.0
 Etot   =    -72049.9433  EKtot   =     17885.6953  EPtot      =    -89935.6386
 BOND   =       386.7218  ANGLE   =      1086.0197  DIHED      =      1390.4394
 1-4 NB =       455.5896  1-4 EEL =      4627.8395  VDWAALS    =     11837.2140
 EELEC  =   -109855.5336  EHBOND  =         0.0000  RESTRAINT  =       136.0712
 EAMBER (non-restraint)  =    -90071.7098
 ------------------------------------------------------------------------------

wrapping first mol.:      -50.55603       35.74852       61.91825
wrapping first mol.:      -50.55603       35.74852       61.91825

 NSTEP =    37500   TIME(PS) =    1115.000  TEMP(K) =   298.23  PRESS =     0.0
 Etot   =    -72163.9339  EKtot   =     17747.4082  EPtot      =    -89911.3421
 BOND   =       405.1579  ANGLE   =      1141.6082  DIHED      =      1390.8523
 1-4 NB =       441.0471  1-4 EEL =      4593.9350  VDWAALS    =     11274.7060
 EELEC  =   -109282.5878  EHBOND  =         0.0000  RESTRAINT  =       123.9392
 EAMBER (non-restraint)  =    -90035.2813
 ------------------------------------------------------------------------------

wrapping first mol.:      -50.55603       35.74852       61.91825
wrapping first mol.:      -50.55603       35.74852       61.91825

 NSTEP =    38000   TIME(PS) =    1116.000  TEMP(K) =   297.98  PRESS =     0.0
 Etot   =    -72196.3559  EKtot   =     17732.7402  EPtot      =    -89929.0961
 BOND   =       399.1492  ANGLE   =      1136.4074  DIHED      =      1376.4423
 1-4 NB =       447.3560  1-4 EEL =      4557.5152  VDWAALS    =     11327.9226
 EELEC  =   -109301.4782  EHBOND  =         0.0000  RESTRAINT  =       127.5894
 EAMBER (non-restraint)  =    -90056.6855
 ------------------------------------------------------------------------------

wrapping first mol.:      -50.55603       35.74852       61.91825
wrapping first mol.:      -50.55603       35.74852       61.91825

 NSTEP =    38500   TIME(PS) =    1117.000  TEMP(K) =   302.51  PRESS =     0.0
 Etot   =    -72148.1968  EKtot   =     18002.4883  EPtot      =    -90150.6851
 BOND   =       404.5719  ANGLE   =      1081.9413  DIHED      =      1397.6447
 1-4 NB =       446.4035  1-4 EEL =      4616.3099  VDWAALS    =     11591.8069
 EELEC  =   -109804.7241  EHBOND  =         0.0000  RESTRAINT  =       115.3608
 EAMBER (non-restraint)  =    -90266.0459
 ------------------------------------------------------------------------------

wrapping first mol.:      -50.55603       35.74852       61.91825
wrapping first mol.:      -50.55603       35.74852       61.91825

 NSTEP =    39000   TIME(PS) =    1118.000  TEMP(K) =   298.36  PRESS =     0.0
 Etot   =    -72460.8942  EKtot   =     17755.1602  EPtot      =    -90216.0544
 BOND   =       404.7288  ANGLE   =      1107.9744  DIHED      =      1402.5541
 1-4 NB =       446.8101  1-4 EEL =      4568.2950  VDWAALS    =     11456.0389
 EELEC  =   -109726.5923  EHBOND  =         0.0000  RESTRAINT  =       124.1366
 EAMBER (non-restraint)  =    -90340.1910
 ------------------------------------------------------------------------------

wrapping first mol.:      -50.55603       35.74852       61.91825
wrapping first mol.:      -50.55603       35.74852       61.91825

 NSTEP =    39500   TIME(PS) =    1119.000  TEMP(K) =   300.44  PRESS =     0.0
 Etot   =    -72271.8450  EKtot   =     17879.0664  EPtot      =    -90150.9114
 BOND   =       393.8921  ANGLE   =      1053.8136  DIHED      =      1377.0160
 1-4 NB =       455.8521  1-4 EEL =      4605.6528  VDWAALS    =     11335.6173
 EELEC  =   -109499.6129  EHBOND  =         0.0000  RESTRAINT  =       126.8576
 EAMBER (non-restraint)  =    -90277.7690
 ------------------------------------------------------------------------------

wrapping first mol.:      -50.55603       35.74852       61.91825
wrapping first mol.:      -50.55603       35.74852       61.91825

 NSTEP =    40000   TIME(PS) =    1120.000  TEMP(K) =   300.58  PRESS =     0.0
 Etot   =    -72082.3757  EKtot   =     17887.2480  EPtot      =    -89969.6237
 BOND   =       390.9805  ANGLE   =      1105.2996  DIHED      =      1374.0598
 1-4 NB =       447.9366  1-4 EEL =      4570.2282  VDWAALS    =     11253.3669
 EELEC  =   -109239.7558  EHBOND  =         0.0000  RESTRAINT  =       128.2605
 EAMBER (non-restraint)  =    -90097.8842
 ------------------------------------------------------------------------------

wrapping first mol.:      -50.55603       35.74852       61.91825
wrapping first mol.:      -50.55603       35.74852       61.91825

 NSTEP =    40500   TIME(PS) =    1121.000  TEMP(K) =   301.63  PRESS =     0.0
 Etot   =    -72166.6903  EKtot   =     17949.8613  EPtot      =    -90116.5516
 BOND   =       371.2380  ANGLE   =      1091.4106  DIHED      =      1394.1547
 1-4 NB =       443.9773  1-4 EEL =      4577.6090  VDWAALS    =     11201.0905
 EELEC  =   -109314.3816  EHBOND  =         0.0000  RESTRAINT  =       118.3498
 EAMBER (non-restraint)  =    -90234.9014
 ------------------------------------------------------------------------------

wrapping first mol.:      -50.55603       35.74852       61.91825
wrapping first mol.:      -50.55603       35.74852       61.91825

 NSTEP =    41000   TIME(PS) =    1122.000  TEMP(K) =   301.58  PRESS =     0.0
 Etot   =    -72055.9272  EKtot   =     17946.9141  EPtot      =    -90002.8412
 BOND   =       389.6546  ANGLE   =      1097.4318  DIHED      =      1394.3208
 1-4 NB =       431.7453  1-4 EEL =      4604.2567  VDWAALS    =     11316.6863
 EELEC  =   -109352.0346  EHBOND  =         0.0000  RESTRAINT  =       115.0981
 EAMBER (non-restraint)  =    -90117.9393
 ------------------------------------------------------------------------------

wrapping first mol.:      -50.55603       35.74852       61.91825
wrapping first mol.:      -50.55603       35.74852       61.91825

 NSTEP =    41500   TIME(PS) =    1123.000  TEMP(K) =   301.26  PRESS =     0.0
 Etot   =    -72153.5907  EKtot   =     17927.8164  EPtot      =    -90081.4071
 BOND   =       413.4660  ANGLE   =      1120.8655  DIHED      =      1402.5905
 1-4 NB =       466.8778  1-4 EEL =      4576.8971  VDWAALS    =     11645.8922
 EELEC  =   -109828.2955  EHBOND  =         0.0000  RESTRAINT  =       120.2992
 EAMBER (non-restraint)  =    -90201.7064
 ------------------------------------------------------------------------------

wrapping first mol.:      -50.55603       35.74852       61.91825
wrapping first mol.:      -50.55603       35.74852       61.91825

 NSTEP =    42000   TIME(PS) =    1124.000  TEMP(K) =   301.64  PRESS =     0.0
 Etot   =    -72218.1062  EKtot   =     17950.6543  EPtot      =    -90168.7605
 BOND   =       390.2512  ANGLE   =      1102.3233  DIHED      =      1369.6942
 1-4 NB =       446.1850  1-4 EEL =      4576.3455  VDWAALS    =     11722.6127
 EELEC  =   -109914.9436  EHBOND  =         0.0000  RESTRAINT  =       138.7712
 EAMBER (non-restraint)  =    -90307.5317
 ------------------------------------------------------------------------------

wrapping first mol.:      -50.55603       35.74852       61.91825
wrapping first mol.:      -50.55603       35.74852       61.91825

 NSTEP =    42500   TIME(PS) =    1125.000  TEMP(K) =   300.22  PRESS =     0.0
 Etot   =    -72221.6498  EKtot   =     17865.7871  EPtot      =    -90087.4370
 BOND   =       398.6566  ANGLE   =      1070.9509  DIHED      =      1381.8587
 1-4 NB =       458.1008  1-4 EEL =      4605.7977  VDWAALS    =     11413.8141
 EELEC  =   -109542.1872  EHBOND  =         0.0000  RESTRAINT  =       125.5714
 EAMBER (non-restraint)  =    -90213.0084
 ------------------------------------------------------------------------------

wrapping first mol.:      -50.55603       35.74852       61.91825
wrapping first mol.:      -50.55603       35.74852       61.91825

 NSTEP =    43000   TIME(PS) =    1126.000  TEMP(K) =   296.82  PRESS =     0.0
 Etot   =    -72248.1360  EKtot   =     17663.7461  EPtot      =    -89911.8821
 BOND   =       410.6164  ANGLE   =      1052.7344  DIHED      =      1385.7392
 1-4 NB =       457.6553  1-4 EEL =      4609.1724  VDWAALS    =     11325.5208
 EELEC  =   -109280.2439  EHBOND  =         0.0000  RESTRAINT  =       126.9234
 EAMBER (non-restraint)  =    -90038.8055
 ------------------------------------------------------------------------------

wrapping first mol.:      -50.55603       35.74852       61.91825
wrapping first mol.:      -50.55603       35.74852       61.91825

 NSTEP =    43500   TIME(PS) =    1127.000  TEMP(K) =   301.98  PRESS =     0.0
 Etot   =    -72121.7902  EKtot   =     17970.7520  EPtot      =    -90092.5421
 BOND   =       394.2731  ANGLE   =      1093.9234  DIHED      =      1386.5025
 1-4 NB =       446.8715  1-4 EEL =      4561.0516  VDWAALS    =     11426.8311
 EELEC  =   -109523.1009  EHBOND  =         0.0000  RESTRAINT  =       121.1056
 EAMBER (non-restraint)  =    -90213.6477
 ------------------------------------------------------------------------------

wrapping first mol.:      -50.55603       35.74852       61.91825
wrapping first mol.:      -50.55603       35.74852       61.91825

 NSTEP =    44000   TIME(PS) =    1128.000  TEMP(K) =   299.07  PRESS =     0.0
 Etot   =    -72203.4304  EKtot   =     17797.6133  EPtot      =    -90001.0437
 BOND   =       385.7136  ANGLE   =      1082.2624  DIHED      =      1361.7850
 1-4 NB =       465.8766  1-4 EEL =      4599.3482  VDWAALS    =     11592.7378
 EELEC  =   -109628.4326  EHBOND  =         0.0000  RESTRAINT  =       139.6654
 EAMBER (non-restraint)  =    -90140.7091
 ------------------------------------------------------------------------------

wrapping first mol.:      -50.55603       35.74852       61.91825
wrapping first mol.:      -50.55603       35.74852       61.91825

 NSTEP =    44500   TIME(PS) =    1129.000  TEMP(K) =   301.29  PRESS =     0.0
 Etot   =    -72396.3546  EKtot   =     17929.8086  EPtot      =    -90326.1632
 BOND   =       391.1492  ANGLE   =      1103.4566  DIHED      =      1373.0358
 1-4 NB =       452.3525  1-4 EEL =      4564.5681  VDWAALS    =     11560.4623
 EELEC  =   -109888.8116  EHBOND  =         0.0000  RESTRAINT  =       117.6239
 EAMBER (non-restraint)  =    -90443.7871
 ------------------------------------------------------------------------------

wrapping first mol.:      -50.55603       35.74852       61.91825
wrapping first mol.:      -50.55603       35.74852       61.91825

 NSTEP =    45000   TIME(PS) =    1130.000  TEMP(K) =   302.61  PRESS =     0.0
 Etot   =    -72196.3827  EKtot   =     18008.3613  EPtot      =    -90204.7440
 BOND   =       377.0361  ANGLE   =      1097.7666  DIHED      =      1386.1878
 1-4 NB =       438.4590  1-4 EEL =      4576.2660  VDWAALS    =     11468.9396
 EELEC  =   -109666.1687  EHBOND  =         0.0000  RESTRAINT  =       116.7695
 EAMBER (non-restraint)  =    -90321.5135
 ------------------------------------------------------------------------------

wrapping first mol.:      -50.55603       35.74852       61.91825
wrapping first mol.:      -50.55603       35.74852       61.91825

 NSTEP =    45500   TIME(PS) =    1131.000  TEMP(K) =   299.55  PRESS =     0.0
 Etot   =    -72065.0800  EKtot   =     17826.1699  EPtot      =    -89891.2500
 BOND   =       383.0364  ANGLE   =      1119.4454  DIHED      =      1411.3171
 1-4 NB =       436.6650  1-4 EEL =      4522.8414  VDWAALS    =     11517.8934
 EELEC  =   -109403.5978  EHBOND  =         0.0000  RESTRAINT  =       121.1492
 EAMBER (non-restraint)  =    -90012.3991
 ------------------------------------------------------------------------------

wrapping first mol.:      -50.55603       35.74852       61.91825
wrapping first mol.:      -50.55603       35.74852       61.91825

 NSTEP =    46000   TIME(PS) =    1132.000  TEMP(K) =   297.79  PRESS =     0.0
 Etot   =    -72472.6769  EKtot   =     17721.2500  EPtot      =    -90193.9269
 BOND   =       397.2096  ANGLE   =      1064.5421  DIHED      =      1393.3125
 1-4 NB =       446.8349  1-4 EEL =      4578.1135  VDWAALS    =     11301.3937
 EELEC  =   -109489.9465  EHBOND  =         0.0000  RESTRAINT  =       114.6133
 EAMBER (non-restraint)  =    -90308.5403
 ------------------------------------------------------------------------------

wrapping first mol.:      -50.55603       35.74852       61.91825
wrapping first mol.:      -50.55603       35.74852       61.91825

 NSTEP =    46500   TIME(PS) =    1133.000  TEMP(K) =   301.01  PRESS =     0.0
 Etot   =    -72202.4180  EKtot   =     17913.1445  EPtot      =    -90115.5625
 BOND   =       397.6526  ANGLE   =      1095.6327  DIHED      =      1385.0201
 1-4 NB =       438.7000  1-4 EEL =      4530.2694  VDWAALS    =     11668.8116
 EELEC  =   -109749.5917  EHBOND  =         0.0000  RESTRAINT  =       117.9427
 EAMBER (non-restraint)  =    -90233.5052
 ------------------------------------------------------------------------------

wrapping first mol.:      -50.55603       35.74852       61.91825
wrapping first mol.:      -50.55603       35.74852       61.91825

 NSTEP =    47000   TIME(PS) =    1134.000  TEMP(K) =   300.05  PRESS =     0.0
 Etot   =    -72016.5847  EKtot   =     17855.7539  EPtot      =    -89872.3386
 BOND   =       362.3555  ANGLE   =      1147.5646  DIHED      =      1381.6086
 1-4 NB =       440.0327  1-4 EEL =      4558.4661  VDWAALS    =     11123.5942
 EELEC  =   -109006.0909  EHBOND  =         0.0000  RESTRAINT  =       120.1306
 EAMBER (non-restraint)  =    -89992.4691
 ------------------------------------------------------------------------------

wrapping first mol.:      -50.55603       35.74852       61.91825
wrapping first mol.:      -50.55603       35.74852       61.91825

 NSTEP =    47500   TIME(PS) =    1135.000  TEMP(K) =   300.39  PRESS =     0.0
 Etot   =    -72104.3756  EKtot   =     17875.9590  EPtot      =    -89980.3346
 BOND   =       404.5615  ANGLE   =      1082.4310  DIHED      =      1378.7239
 1-4 NB =       460.4998  1-4 EEL =      4575.6702  VDWAALS    =     11452.9754
 EELEC  =   -109452.2177  EHBOND  =         0.0000  RESTRAINT  =       117.0214
 EAMBER (non-restraint)  =    -90097.3560
 ------------------------------------------------------------------------------

wrapping first mol.:      -50.55603       35.74852       61.91825
wrapping first mol.:      -50.55603       35.74852       61.91825

 NSTEP =    48000   TIME(PS) =    1136.000  TEMP(K) =   300.06  PRESS =     0.0
 Etot   =    -72169.6427  EKtot   =     17856.3457  EPtot      =    -90025.9884
 BOND   =       368.1643  ANGLE   =      1113.2125  DIHED      =      1381.3546
 1-4 NB =       450.3445  1-4 EEL =      4547.6468  VDWAALS    =     11452.4854
 EELEC  =   -109459.4610  EHBOND  =         0.0000  RESTRAINT  =       120.2646
 EAMBER (non-restraint)  =    -90146.2529
 ------------------------------------------------------------------------------

wrapping first mol.:      -50.55603       35.74852       61.91825
wrapping first mol.:      -50.55603       35.74852       61.91825

 NSTEP =    48500   TIME(PS) =    1137.000  TEMP(K) =   299.64  PRESS =     0.0
 Etot   =    -72128.0066  EKtot   =     17831.1836  EPtot      =    -89959.1902
 BOND   =       388.3629  ANGLE   =      1121.9338  DIHED      =      1378.3716
 1-4 NB =       446.4387  1-4 EEL =      4570.4490  VDWAALS    =     11366.9821
 EELEC  =   -109348.7301  EHBOND  =         0.0000  RESTRAINT  =       117.0018
 EAMBER (non-restraint)  =    -90076.1920
 ------------------------------------------------------------------------------

wrapping first mol.:      -50.55603       35.74852       61.91825
wrapping first mol.:      -50.55603       35.74852       61.91825

 NSTEP =    49000   TIME(PS) =    1138.000  TEMP(K) =   300.05  PRESS =     0.0
 Etot   =    -72094.7704  EKtot   =     17855.5742  EPtot      =    -89950.3446
 BOND   =       392.4669  ANGLE   =      1109.7153  DIHED      =      1371.4409
 1-4 NB =       438.3835  1-4 EEL =      4573.6841  VDWAALS    =     11209.7287
 EELEC  =   -109173.6971  EHBOND  =         0.0000  RESTRAINT  =       127.9331
 EAMBER (non-restraint)  =    -90078.2777
 ------------------------------------------------------------------------------

wrapping first mol.:      -50.55603       35.74852       61.91825
wrapping first mol.:      -50.55603       35.74852       61.91825

 NSTEP =    49500   TIME(PS) =    1139.000  TEMP(K) =   297.32  PRESS =     0.0
 Etot   =    -72299.8235  EKtot   =     17693.4199  EPtot      =    -89993.2434
 BOND   =       392.7914  ANGLE   =      1125.6643  DIHED      =      1378.8212
 1-4 NB =       444.7994  1-4 EEL =      4560.4082  VDWAALS    =     11218.1399
 EELEC  =   -109241.1345  EHBOND  =         0.0000  RESTRAINT  =       127.2666
 EAMBER (non-restraint)  =    -90120.5100
 ------------------------------------------------------------------------------

wrapping first mol.:      -50.55603       35.74852       61.91825
wrapping first mol.:      -50.55603       35.74852       61.91825

 NSTEP =    50000   TIME(PS) =    1140.000  TEMP(K) =   301.13  PRESS =     0.0
 Etot   =    -71991.3136  EKtot   =     17920.0723  EPtot      =    -89911.3858
 BOND   =       421.6149  ANGLE   =      1090.4092  DIHED      =      1395.3363
 1-4 NB =       435.3990  1-4 EEL =      4520.8757  VDWAALS    =     11285.3834
 EELEC  =   -109199.2693  EHBOND  =         0.0000  RESTRAINT  =       138.8650
 EAMBER (non-restraint)  =    -90050.2508
 ------------------------------------------------------------------------------


      A V E R A G E S   O V E R     100 S T E P S


 NSTEP =    50000   TIME(PS) =    1140.000  TEMP(K) =   300.16  PRESS =     0.0
 Etot   =    -72155.5368  EKtot   =     17862.2305  EPtot      =    -90017.7673
 BOND   =       392.0424  ANGLE   =      1095.5971  DIHED      =      1390.2474
 1-4 NB =       451.6711  1-4 EEL =      4585.1800  VDWAALS    =     11407.1286
 EELEC  =   -109463.1660  EHBOND  =         0.0000  RESTRAINT  =       123.5321
 EAMBER (non-restraint)  =    -90141.2994
 ------------------------------------------------------------------------------


      R M S  F L U C T U A T I O N S


 NSTEP =    50000   TIME(PS) =    1140.000  TEMP(K) =     1.66  PRESS =     0.0
 Etot   =       166.5276  EKtot   =        98.7239  EPtot      =       134.8879
 BOND   =        15.5084  ANGLE   =        25.9029  DIHED      =        12.7057
 1-4 NB =         8.1608  1-4 EEL =        23.5789  VDWAALS    =       149.8528
 EELEC  =       235.3538  EHBOND  =         0.0000  RESTRAINT  =         7.1969
 EAMBER (non-restraint)  =       127.6910
 ------------------------------------------------------------------------------

--------------------------------------------------------------------------------
   5.  TIMINGS
--------------------------------------------------------------------------------

|  NonSetup CPU Time in Major Routines:
|
|     Routine           Sec        %
|     ------------------------------
|     Nonbond           9.10   15.29
|     Bond              0.00    0.00
|     Angle             0.00    0.00
|     Dihedral          0.00    0.00
|     Shake             0.74    1.24
|     RunMD            49.58   83.28
|     Other             0.12    0.19
|     ------------------------------
|     Total            59.53

|  PME Nonbond Pairlist CPU Time:
|
|     Routine              Sec        %
|     ---------------------------------
|     Set Up Cit           0.00    0.00
|     Build List           0.00    0.00
|     ---------------------------------
|     Total                0.00    0.00

|  PME Direct Force CPU Time:
|
|     Routine              Sec        %
|     ---------------------------------
|     NonBonded Calc       0.00    0.00
|     Exclude Masked       0.00    0.00
|     Other                0.04    0.07
|     ---------------------------------
|     Total                0.04    0.07

|  PME Reciprocal Force CPU Time:
|
|     Routine              Sec        %
|     ---------------------------------
|     1D bspline           0.00    0.00
|     Grid Charges         0.00    0.00
|     Scalar Sum           0.00    0.00
|     Gradient Sum         0.00    0.00
|     FFT                  0.00    0.00
|     ---------------------------------
|     Total                0.00    0.00

|  Final Performance Info:
|     -----------------------------------------------------
|     Average timings for last   49500 steps:
|     Elapsed(s) =      59.21 Per Step(ms) =       1.20
|         ns/day =     144.47   seconds/ns =     598.06
|
|     Average timings for all steps:
|     Elapsed(s) =      59.84 Per Step(ms) =       1.20
|         ns/day =     144.38   seconds/ns =     598.42
|     -----------------------------------------------------

|  Setup CPU time:            2.28 seconds
|  NonSetup CPU time:        59.53 seconds
|  Total CPU time:           61.81 seconds     0.02 hours

|  Setup wall time:           3    seconds
|  NonSetup wall time:       60    seconds
|  Total wall time:          63    seconds     0.02 hours
