
          -------------------------------------------------------
          Amber 16 PMEMD                              2016
          -------------------------------------------------------

| PMEMD implementation of SANDER, Release 16

| Run on 11/03/2017 at 15:32:25

|   Executable path: /apps/amber16/bin/pmemd.cuda
| Working directory: /home/pbarletta
|          Hostname: mordor

  [-O]verwriting output

File Assignments:
|   MDIN: /scratch/pbarletta/2pdz/run/lb/mhe/e/12equ.in                         
|  MDOUT: /scratch/pbarletta/2pdz/run/lb/mhe/e/12equ.out                        
| INPCRD: /scratch/pbarletta/2pdz/run/lb/mhe/e/11elb.rst7                       
|   PARM: /scratch/pbarletta/2pdz/top_files/lb.prmtop                           
| RESTRT: /scratch/pbarletta/2pdz/run/lb/mhe/e/12elb.rst7                       
|   REFC: /scratch/pbarletta/2pdz/run/lb/mhe/e/11elb.rst7                       
|  MDVEL: mdvel                                                                 
|   MDEN: mden                                                                  
|  MDCRD: /scratch/pbarletta/2pdz/run/lb/mhe/e/12elb.nc                         
| MDINFO: mdinfo                                                                
|  MDFRC: mdfrc                                                                 


 Here is the input file:

Equilibration with solute restrictions                                         
&cntrl                                                                         
imin = 0,                           ! No Minimization                          
nmropt = 0,                         ! No NMR restraints read                   
                                                                               
! Nature and format of the input                                               
ntx = 5,                            ! Coordinates but no velocities will be rea
irest = 1,                          ! Do not run a new simulation              
                                                                               
! Nature and format of the output                                              
ntxo = 1,                           ! rstrt file in ASCII format               
ntpr = 500,                         ! inf in output every ntpr steps           
ntwr = 500,                         ! rstrt file every ntwr steps              
ntwx = 500,                         ! mdcrd file every ntwx steps              
ntwv = 0,                           ! mdvel without velocities                 
ntwe = 0,                           ! Energies and temperatures not written in 
idecomp = 0,                        ! No energy decomposition                  
iwrap = 1,                          ! Coordinates of the restart and mdcrd file
                                                                               
! Frozen or restrained atoms                                                   
ibelly = 0,                         ! No frozen atoms                          
ntr=1,                              ! Harmonic potential restraints            
restraint_wt = 5.0,                ! The weight for the positional restraints  
restraintmask = ':1-132@N,CA,C,O',  ! restrained residues                      
                                                                               
! Molecular dynamics                                                           
nstlim = 50000,                     ! Number of MD-steps                       
dt = 0.002,                         ! Time step                                
                                                                               
! Temperature regulation                                                       
ntt = 3,                            ! Langevin thermostat                      
gamma_ln = 5,                       ! Gamma constant for Langevin              
temp0 = 300.0,                      ! Reference T at which the system is to be 
tempi = 300.0,                      ! Initial T                                
ig = -1,                            ! Seed for the RNG                         
                                                                               
! P and V regulation                                                           
ntp = 0,                            ! No pressure control                      
ntb = 1,                            ! Periodic box for constant V              
                                                                               
! SHAKE variables                                                              
ntc = 2,                            ! Bonds involving H are constrained        
ntf = 2,                            ! Bond interaction involving H are ommited.
                                                                               
cut = 10.0,                         ! Nonbonded cutoff                         
/                                                                              
&end                                                                           


Note: ig = -1. Setting random seed to   210239 based on wallclock time in 
      microseconds.
| irandom = 1, using AMBER's internal random number generator (default).
 
|--------------------- INFORMATION ----------------------
| GPU (CUDA) Version of PMEMD in use: NVIDIA GPU IN USE.
|                    Version 16.0.0
| 
|                      02/25/2016
| 
| Implementation by:
|                    Ross C. Walker     (SDSC)
|                    Scott Le Grand     (nVIDIA)
| 
| Precision model in use:
|      [SPFP] - Single Precision Forces, 64-bit Fixed Point
|               Accumulation. (Default)
| 
|--------------------------------------------------------
 
|----------------- CITATION INFORMATION -----------------
|
|    When publishing work that utilized the CUDA version
|    of AMBER, please cite the following in addition to
|    the regular AMBER citations:
|
|  - Romelia Salomon-Ferrer; Andreas W. Goetz; Duncan
|    Poole; Scott Le Grand; Ross C. Walker "Routine
|    microsecond molecular dynamics simulations with
|    AMBER - Part II: Particle Mesh Ewald", J. Chem.
|    Theory Comput., 2013, 9 (9), pp3878-3888,
|    DOI: 10.1021/ct400314y.
|
|  - Andreas W. Goetz; Mark J. Williamson; Dong Xu;
|    Duncan Poole; Scott Le Grand; Ross C. Walker
|    "Routine microsecond molecular dynamics simulations
|    with AMBER - Part I: Generalized Born", J. Chem.
|    Theory Comput., 2012, 8 (5), pp1542-1555.
|
|  - Scott Le Grand; Andreas W. Goetz; Ross C. Walker
|    "SPFP: Speed without compromise - a mixed precision
|    model for GPU accelerated molecular dynamics
|    simulations.", Comp. Phys. Comm., 2013, 184
|    pp374-380, DOI: 10.1016/j.cpc.2012.09.022
|
|--------------------------------------------------------
 
|------------------- GPU DEVICE INFO --------------------
|
|            CUDA_VISIBLE_DEVICES: 2
|   CUDA Capable Devices Detected:      1
|           CUDA Device ID in use:      0
|                CUDA Device Name: GeForce GTX 1080 Ti
|     CUDA Device Global Mem Size:  11172 MB
| CUDA Device Num Multiprocessors:     28
|           CUDA Device Core Freq:   1.58 GHz
|
|--------------------------------------------------------
 
 
| Conditional Compilation Defines Used:
| PUBFFT
| BINTRAJ
| CUDA
| EMIL

| Largest sphere to fit in unit cell has radius =    30.959

| New format PARM file being parsed.
| Version =    1.000 Date = 11/03/17 Time = 14:56:09

| Note: 1-4 EEL scale factors are being read from the topology file.

| Note: 1-4 VDW scale factors are being read from the topology file.
| Duplicated    0 dihedrals

| Duplicated    0 dihedrals

--------------------------------------------------------------------------------
   1.  RESOURCE   USE: 
--------------------------------------------------------------------------------

 getting new box info from bottom of inpcrd
 NATOM  =   29433 NTYPES =      16 NBONH =   28406 MBONA  =    1038
 NTHETH =    2390 MTHETA =    1396 NPHIH =    4631 MPHIA  =    3488
 NHPARM =       0 NPARM  =       0 NNB   =   47902 NRES   =    9251
 NBONA  =    1038 NTHETA =    1396 NPHIA =    3488 NUMBND =      45
 NUMANG =      95 NPTRA  =      43 NATYP =      29 NPHB   =       1
 IFBOX  =       2 NMXRS  =      24 IFCAP =       0 NEXTRA =       0
 NCOPY  =       0

| Coordinate Index Table dimensions:    12   12   12
| Direct force subcell size =     6.3195    6.3195    6.3195

     BOX TYPE: TRUNCATED OCTAHEDRON

--------------------------------------------------------------------------------
   2.  CONTROL  DATA  FOR  THE  RUN
--------------------------------------------------------------------------------

default_name                                                                    

General flags:
     imin    =       0, nmropt  =       0

Nature and format of input:
     ntx     =       5, irest   =       1, ntrx    =       1

Nature and format of output:
     ntxo    =       1, ntpr    =     500, ntrx    =       1, ntwr    =     500
     iwrap   =       1, ntwx    =     500, ntwv    =       0, ntwe    =       0
     ioutfm  =       1, ntwprt  =       0, idecomp =       0, rbornstat=      0

Potential function:
     ntf     =       2, ntb     =       1, igb     =       0, nsnb    =      25
     ipol    =       0, gbsa    =       0, iesp    =       0
     dielc   =   1.00000, cut     =  10.00000, intdiel =   1.00000

Frozen or restrained atoms:
     ibelly  =       0, ntr     =       1
     restraint_wt =   5.00000

Molecular dynamics:
     nstlim  =     50000, nscm    =         0, nrespa  =         1
     t       =   0.00000, dt      =   0.00200, vlimit  =  -1.00000

Langevin dynamics temperature regulation:
     ig      =  210239
     temp0   = 300.00000, tempi   = 300.00000, gamma_ln=   5.00000

SHAKE:
     ntc     =       2, jfastw  =       0
     tol     =   0.00001

| Intermolecular bonds treatment:
|     no_intermolecular_bonds =       1

| Energy averages sample interval:
|     ene_avg_sampling =     500

Ewald parameters:
     verbose =       0, ew_type =       0, nbflag  =       1, use_pme =       1
     vdwmeth =       1, eedmeth =       1, netfrc  =       1
     Box X =   75.834   Box Y =   75.834   Box Z =   75.834
     Alpha =  109.471   Beta  =  109.471   Gamma =  109.471
     NFFT1 =   80       NFFT2 =   80       NFFT3 =   80
     Cutoff=   10.000   Tol   =0.100E-04
     Ewald Coefficient =  0.27511
     Interpolation order =    4

    LOADING THE CONSTRAINED ATOMS AS GROUPS


   5.  REFERENCE ATOM COORDINATES

  default_name                                                                    
     Mask :1-132@N,CA,C,O; matches   528 atoms

--------------------------------------------------------------------------------
   3.  ATOMIC COORDINATES AND VELOCITIES
--------------------------------------------------------------------------------

default_name                                                                    
 begin time read from input coords =  1240.000 ps

 
 Number of triangulated 3-point waters found:     9119

     Sum of charges from parm topology file =  -0.00000008
     Forcing neutrality...

| Dynamic Memory, Types Used:
| Reals              999088
| Integers           921097

| Nonbonded Pairs Initial Allocation:     8902746

| GPU memory information (estimate):
| KB of GPU memory in use:    214995
| KB of CPU memory in use:     45027

--------------------------------------------------------------------------------
   4.  RESULTS
--------------------------------------------------------------------------------

 ---------------------------------------------------
 APPROXIMATING switch and d/dx switch using CUBIC SPLINE INTERPOLATION
 using   5000.0 points per unit in tabled values
 TESTING RELATIVE ERROR over r ranging from 0.0 to cutoff
| CHECK switch(x): max rel err =   0.2738E-14   at   2.422500
| CHECK d/dx switch(x): max rel err =   0.8314E-11   at   2.736960
 ---------------------------------------------------
|---------------------------------------------------
| APPROXIMATING direct energy using CUBIC SPLINE INTERPOLATION
|  with   50.0 points per unit in tabled values
| Relative Error Limit not exceeded for r .gt.   2.33
| APPROXIMATING direct force using CUBIC SPLINE INTERPOLATION
|  with   50.0 points per unit in tabled values
| Relative Error Limit not exceeded for r .gt.   2.80
|---------------------------------------------------
wrapping first mol.:      -50.55603       35.74852       61.91825
wrapping first mol.:      -50.55603       35.74852       61.91825

 NSTEP =      500   TIME(PS) =    1241.000  TEMP(K) =   300.30  PRESS =     0.0
 Etot   =    -72635.5248  EKtot   =     17870.7617  EPtot      =    -90506.2865
 BOND   =       400.3491  ANGLE   =      1131.3190  DIHED      =      1370.5388
 1-4 NB =       433.5090  1-4 EEL =      4502.1863  VDWAALS    =     11416.7819
 EELEC  =   -109867.0166  EHBOND  =         0.0000  RESTRAINT  =       106.0460
 EAMBER (non-restraint)  =    -90612.3325
 ------------------------------------------------------------------------------

wrapping first mol.:      -50.55603       35.74852       61.91825
wrapping first mol.:      -50.55603       35.74852       61.91825

 NSTEP =     1000   TIME(PS) =    1242.000  TEMP(K) =   300.15  PRESS =     0.0
 Etot   =    -72336.3730  EKtot   =     17861.5742  EPtot      =    -90197.9472
 BOND   =       388.0514  ANGLE   =      1115.2016  DIHED      =      1372.6112
 1-4 NB =       439.0705  1-4 EEL =      4577.0822  VDWAALS    =     11665.4485
 EELEC  =   -109859.2972  EHBOND  =         0.0000  RESTRAINT  =       103.8846
 EAMBER (non-restraint)  =    -90301.8318
 ------------------------------------------------------------------------------

wrapping first mol.:      -50.55603       35.74852       61.91825
wrapping first mol.:      -50.55603       35.74852       61.91825

 NSTEP =     1500   TIME(PS) =    1243.000  TEMP(K) =   299.22  PRESS =     0.0
 Etot   =    -72362.7335  EKtot   =     17806.2363  EPtot      =    -90168.9698
 BOND   =       379.7804  ANGLE   =      1098.5702  DIHED      =      1368.0850
 1-4 NB =       439.4989  1-4 EEL =      4554.4079  VDWAALS    =     11628.3046
 EELEC  =   -109747.7322  EHBOND  =         0.0000  RESTRAINT  =       110.1154
 EAMBER (non-restraint)  =    -90279.0853
 ------------------------------------------------------------------------------

wrapping first mol.:      -50.55603       35.74852       61.91825
wrapping first mol.:      -50.55603       35.74852       61.91825

 NSTEP =     2000   TIME(PS) =    1244.000  TEMP(K) =   300.63  PRESS =     0.0
 Etot   =    -72104.9057  EKtot   =     17890.3027  EPtot      =    -89995.2084
 BOND   =       374.5462  ANGLE   =      1121.4724  DIHED      =      1390.3244
 1-4 NB =       454.2698  1-4 EEL =      4557.5044  VDWAALS    =     11348.0298
 EELEC  =   -109354.3860  EHBOND  =         0.0000  RESTRAINT  =       113.0307
 EAMBER (non-restraint)  =    -90108.2391
 ------------------------------------------------------------------------------

wrapping first mol.:      -50.55603       35.74852       61.91825
wrapping first mol.:      -50.55603       35.74852       61.91825

 NSTEP =     2500   TIME(PS) =    1245.000  TEMP(K) =   300.26  PRESS =     0.0
 Etot   =    -72118.3809  EKtot   =     17868.3145  EPtot      =    -89986.6953
 BOND   =       406.6957  ANGLE   =      1129.4602  DIHED      =      1403.8473
 1-4 NB =       440.2758  1-4 EEL =      4578.6796  VDWAALS    =     11206.6491
 EELEC  =   -109245.7793  EHBOND  =         0.0000  RESTRAINT  =        93.4763
 EAMBER (non-restraint)  =    -90080.1716
 ------------------------------------------------------------------------------

wrapping first mol.:      -50.55603       35.74852       61.91825
wrapping first mol.:      -50.55603       35.74852       61.91825

 NSTEP =     3000   TIME(PS) =    1246.000  TEMP(K) =   297.64  PRESS =     0.0
 Etot   =    -72405.1781  EKtot   =     17712.1484  EPtot      =    -90117.3265
 BOND   =       388.6719  ANGLE   =      1125.5586  DIHED      =      1385.7514
 1-4 NB =       453.0266  1-4 EEL =      4558.0090  VDWAALS    =     11320.6919
 EELEC  =   -109456.2465  EHBOND  =         0.0000  RESTRAINT  =       107.2107
 EAMBER (non-restraint)  =    -90224.5372
 ------------------------------------------------------------------------------

wrapping first mol.:      -50.55603       35.74852       61.91825
wrapping first mol.:      -50.55603       35.74852       61.91825

 NSTEP =     3500   TIME(PS) =    1247.000  TEMP(K) =   300.94  PRESS =     0.0
 Etot   =    -72307.9491  EKtot   =     17908.6777  EPtot      =    -90216.6269
 BOND   =       370.8777  ANGLE   =      1092.8802  DIHED      =      1392.8072
 1-4 NB =       432.5852  1-4 EEL =      4562.6523  VDWAALS    =     11493.5504
 EELEC  =   -109673.5177  EHBOND  =         0.0000  RESTRAINT  =       111.5379
 EAMBER (non-restraint)  =    -90328.1648
 ------------------------------------------------------------------------------

wrapping first mol.:      -50.55603       35.74852       61.91825
wrapping first mol.:      -50.55603       35.74852       61.91825

 NSTEP =     4000   TIME(PS) =    1248.000  TEMP(K) =   298.22  PRESS =     0.0
 Etot   =    -72376.0668  EKtot   =     17746.7363  EPtot      =    -90122.8031
 BOND   =       412.0988  ANGLE   =      1050.8885  DIHED      =      1363.7057
 1-4 NB =       465.7021  1-4 EEL =      4563.0774  VDWAALS    =     11450.2864
 EELEC  =   -109537.5185  EHBOND  =         0.0000  RESTRAINT  =       108.9566
 EAMBER (non-restraint)  =    -90231.7597
 ------------------------------------------------------------------------------

wrapping first mol.:      -50.55603       35.74852       61.91825
wrapping first mol.:      -50.55603       35.74852       61.91825

 NSTEP =     4500   TIME(PS) =    1249.000  TEMP(K) =   300.05  PRESS =     0.0
 Etot   =    -72396.3576  EKtot   =     17855.9453  EPtot      =    -90252.3029
 BOND   =       373.3796  ANGLE   =      1077.2116  DIHED      =      1368.9448
 1-4 NB =       438.4687  1-4 EEL =      4566.9970  VDWAALS    =     11298.9706
 EELEC  =   -109484.5613  EHBOND  =         0.0000  RESTRAINT  =       108.2860
 EAMBER (non-restraint)  =    -90360.5889
 ------------------------------------------------------------------------------

wrapping first mol.:      -50.55603       35.74852       61.91825
wrapping first mol.:      -50.55603       35.74852       61.91825

 NSTEP =     5000   TIME(PS) =    1250.000  TEMP(K) =   303.27  PRESS =     0.0
 Etot   =    -71965.2600  EKtot   =     18047.1660  EPtot      =    -90012.4261
 BOND   =       408.1112  ANGLE   =      1084.8639  DIHED      =      1387.7896
 1-4 NB =       422.9330  1-4 EEL =      4601.8841  VDWAALS    =     11528.7265
 EELEC  =   -109555.1621  EHBOND  =         0.0000  RESTRAINT  =       108.4277
 EAMBER (non-restraint)  =    -90120.8538
 ------------------------------------------------------------------------------

wrapping first mol.:      -50.55603       35.74852       61.91825
wrapping first mol.:      -50.55603       35.74852       61.91825

 NSTEP =     5500   TIME(PS) =    1251.000  TEMP(K) =   302.07  PRESS =     0.0
 Etot   =    -72148.3202  EKtot   =     17975.9355  EPtot      =    -90124.2558
 BOND   =       376.0996  ANGLE   =      1117.5315  DIHED      =      1385.8764
 1-4 NB =       433.4155  1-4 EEL =      4564.8739  VDWAALS    =     11527.6374
 EELEC  =   -109635.3063  EHBOND  =         0.0000  RESTRAINT  =       105.6161
 EAMBER (non-restraint)  =    -90229.8719
 ------------------------------------------------------------------------------

wrapping first mol.:      -50.55603       35.74852       61.91825
wrapping first mol.:      -50.55603       35.74852       61.91825

 NSTEP =     6000   TIME(PS) =    1252.000  TEMP(K) =   299.91  PRESS =     0.0
 Etot   =    -72360.3051  EKtot   =     17847.6211  EPtot      =    -90207.9262
 BOND   =       380.2845  ANGLE   =      1040.2258  DIHED      =      1380.8064
 1-4 NB =       459.8723  1-4 EEL =      4603.3389  VDWAALS    =     11256.7250
 EELEC  =   -109440.7823  EHBOND  =         0.0000  RESTRAINT  =       111.6030
 EAMBER (non-restraint)  =    -90319.5293
 ------------------------------------------------------------------------------

wrapping first mol.:      -50.55603       35.74852       61.91825
wrapping first mol.:      -50.55603       35.74852       61.91825

 NSTEP =     6500   TIME(PS) =    1253.000  TEMP(K) =   298.12  PRESS =     0.0
 Etot   =    -72167.7063  EKtot   =     17740.9316  EPtot      =    -89908.6379
 BOND   =       402.8567  ANGLE   =      1115.7791  DIHED      =      1368.6896
 1-4 NB =       451.6661  1-4 EEL =      4553.8009  VDWAALS    =     11341.8488
 EELEC  =   -109254.7397  EHBOND  =         0.0000  RESTRAINT  =       111.4605
 EAMBER (non-restraint)  =    -90020.0984
 ------------------------------------------------------------------------------

wrapping first mol.:      -50.55603       35.74852       61.91825
wrapping first mol.:      -50.55603       35.74852       61.91825

 NSTEP =     7000   TIME(PS) =    1254.000  TEMP(K) =   303.10  PRESS =     0.0
 Etot   =    -72178.7877  EKtot   =     18037.3711  EPtot      =    -90216.1588
 BOND   =       425.3259  ANGLE   =      1047.7370  DIHED      =      1361.6440
 1-4 NB =       450.1146  1-4 EEL =      4560.8236  VDWAALS    =     11501.4296
 EELEC  =   -109674.5886  EHBOND  =         0.0000  RESTRAINT  =       111.3549
 EAMBER (non-restraint)  =    -90327.5138
 ------------------------------------------------------------------------------

wrapping first mol.:      -50.55603       35.74852       61.91825
wrapping first mol.:      -50.55603       35.74852       61.91825

 NSTEP =     7500   TIME(PS) =    1255.000  TEMP(K) =   299.37  PRESS =     0.0
 Etot   =    -72428.6719  EKtot   =     17815.5547  EPtot      =    -90244.2266
 BOND   =       406.5708  ANGLE   =      1092.0004  DIHED      =      1384.5099
 1-4 NB =       433.7611  1-4 EEL =      4567.2680  VDWAALS    =     11451.6780
 EELEC  =   -109698.3351  EHBOND  =         0.0000  RESTRAINT  =       118.3204
 EAMBER (non-restraint)  =    -90362.5470
 ------------------------------------------------------------------------------

wrapping first mol.:      -50.55603       35.74852       61.91825
wrapping first mol.:      -50.55603       35.74852       61.91825

 NSTEP =     8000   TIME(PS) =    1256.000  TEMP(K) =   299.40  PRESS =     0.0
 Etot   =    -72364.4547  EKtot   =     17816.9141  EPtot      =    -90181.3688
 BOND   =       412.1586  ANGLE   =      1094.5919  DIHED      =      1365.2474
 1-4 NB =       456.3021  1-4 EEL =      4564.1862  VDWAALS    =     11338.8356
 EELEC  =   -109525.6266  EHBOND  =         0.0000  RESTRAINT  =       112.9361
 EAMBER (non-restraint)  =    -90294.3049
 ------------------------------------------------------------------------------

wrapping first mol.:      -50.55603       35.74852       61.91825
wrapping first mol.:      -50.55603       35.74852       61.91825

 NSTEP =     8500   TIME(PS) =    1257.000  TEMP(K) =   302.71  PRESS =     0.0
 Etot   =    -72091.1663  EKtot   =     18014.2285  EPtot      =    -90105.3948
 BOND   =       411.1131  ANGLE   =      1114.3015  DIHED      =      1367.6320
 1-4 NB =       440.5996  1-4 EEL =      4553.8668  VDWAALS    =     11405.1008
 EELEC  =   -109501.0385  EHBOND  =         0.0000  RESTRAINT  =       103.0299
 EAMBER (non-restraint)  =    -90208.4247
 ------------------------------------------------------------------------------

wrapping first mol.:      -50.55603       35.74852       61.91825
wrapping first mol.:      -50.55603       35.74852       61.91825

 NSTEP =     9000   TIME(PS) =    1258.000  TEMP(K) =   302.37  PRESS =     0.0
 Etot   =    -72085.6625  EKtot   =     17993.8574  EPtot      =    -90079.5200
 BOND   =       402.3827  ANGLE   =      1093.0284  DIHED      =      1359.0405
 1-4 NB =       452.4737  1-4 EEL =      4523.2864  VDWAALS    =     11570.9458
 EELEC  =   -109591.0537  EHBOND  =         0.0000  RESTRAINT  =       110.3761
 EAMBER (non-restraint)  =    -90189.8961
 ------------------------------------------------------------------------------

wrapping first mol.:      -50.55603       35.74852       61.91825
wrapping first mol.:      -50.55603       35.74852       61.91825

 NSTEP =     9500   TIME(PS) =    1259.000  TEMP(K) =   299.28  PRESS =     0.0
 Etot   =    -72360.9382  EKtot   =     17809.6953  EPtot      =    -90170.6335
 BOND   =       382.9127  ANGLE   =      1115.5639  DIHED      =      1379.5136
 1-4 NB =       454.3135  1-4 EEL =      4587.0990  VDWAALS    =     11487.6171
 EELEC  =   -109690.4757  EHBOND  =         0.0000  RESTRAINT  =       112.8222
 EAMBER (non-restraint)  =    -90283.4557
 ------------------------------------------------------------------------------

wrapping first mol.:      -50.55603       35.74852       61.91825
wrapping first mol.:      -50.55603       35.74852       61.91825

 NSTEP =    10000   TIME(PS) =    1260.000  TEMP(K) =   299.47  PRESS =     0.0
 Etot   =    -72532.3570  EKtot   =     17821.1289  EPtot      =    -90353.4859
 BOND   =       377.1093  ANGLE   =      1086.1020  DIHED      =      1396.0612
 1-4 NB =       447.8007  1-4 EEL =      4598.7520  VDWAALS    =     11491.2365
 EELEC  =   -109855.7295  EHBOND  =         0.0000  RESTRAINT  =       105.1819
 EAMBER (non-restraint)  =    -90458.6678
 ------------------------------------------------------------------------------

wrapping first mol.:      -50.55603       35.74852       61.91825
wrapping first mol.:      -50.55603       35.74852       61.91825

 NSTEP =    10500   TIME(PS) =    1261.000  TEMP(K) =   301.85  PRESS =     0.0
 Etot   =    -72127.2950  EKtot   =     17962.7188  EPtot      =    -90090.0137
 BOND   =       399.5967  ANGLE   =      1120.7242  DIHED      =      1371.8045
 1-4 NB =       437.3658  1-4 EEL =      4565.1502  VDWAALS    =     11240.2849
 EELEC  =   -109323.2447  EHBOND  =         0.0000  RESTRAINT  =        98.3047
 EAMBER (non-restraint)  =    -90188.3184
 ------------------------------------------------------------------------------

wrapping first mol.:      -50.55603       35.74852       61.91825
wrapping first mol.:      -50.55603       35.74852       61.91825

 NSTEP =    11000   TIME(PS) =    1262.000  TEMP(K) =   300.42  PRESS =     0.0
 Etot   =    -72490.9074  EKtot   =     17877.7031  EPtot      =    -90368.6106
 BOND   =       447.1919  ANGLE   =      1076.9198  DIHED      =      1380.8459
 1-4 NB =       451.2731  1-4 EEL =      4597.9458  VDWAALS    =     11535.7233
 EELEC  =   -109970.7514  EHBOND  =         0.0000  RESTRAINT  =       112.2411
 EAMBER (non-restraint)  =    -90480.8517
 ------------------------------------------------------------------------------

wrapping first mol.:      -50.55603       35.74852       61.91825
wrapping first mol.:      -50.55603       35.74852       61.91825

 NSTEP =    11500   TIME(PS) =    1263.000  TEMP(K) =   302.27  PRESS =     0.0
 Etot   =    -72019.5359  EKtot   =     17987.7637  EPtot      =    -90007.2996
 BOND   =       409.5470  ANGLE   =      1103.4881  DIHED      =      1375.0379
 1-4 NB =       438.1338  1-4 EEL =      4555.8283  VDWAALS    =     11433.8959
 EELEC  =   -109430.8570  EHBOND  =         0.0000  RESTRAINT  =       107.6264
 EAMBER (non-restraint)  =    -90114.9260
 ------------------------------------------------------------------------------

wrapping first mol.:      -50.55603       35.74852       61.91825
wrapping first mol.:      -50.55603       35.74852       61.91825

 NSTEP =    12000   TIME(PS) =    1264.000  TEMP(K) =   298.58  PRESS =     0.0
 Etot   =    -72394.2286  EKtot   =     17768.2285  EPtot      =    -90162.4572
 BOND   =       389.2872  ANGLE   =      1103.1454  DIHED      =      1370.0575
 1-4 NB =       451.6564  1-4 EEL =      4538.9685  VDWAALS    =     11613.7736
 EELEC  =   -109725.1714  EHBOND  =         0.0000  RESTRAINT  =        95.8256
 EAMBER (non-restraint)  =    -90258.2828
 ------------------------------------------------------------------------------

wrapping first mol.:      -50.55603       35.74852       61.91825
wrapping first mol.:      -50.55603       35.74852       61.91825

 NSTEP =    12500   TIME(PS) =    1265.000  TEMP(K) =   297.50  PRESS =     0.0
 Etot   =    -72563.4847  EKtot   =     17704.2754  EPtot      =    -90267.7601
 BOND   =       404.8838  ANGLE   =      1103.7485  DIHED      =      1381.0837
 1-4 NB =       439.4077  1-4 EEL =      4575.3117  VDWAALS    =     11638.9937
 EELEC  =   -109919.7106  EHBOND  =         0.0000  RESTRAINT  =       108.5214
 EAMBER (non-restraint)  =    -90376.2815
 ------------------------------------------------------------------------------

wrapping first mol.:      -50.55603       35.74852       61.91825
wrapping first mol.:      -50.55603       35.74852       61.91825

 NSTEP =    13000   TIME(PS) =    1266.000  TEMP(K) =   301.60  PRESS =     0.0
 Etot   =    -72177.2814  EKtot   =     17948.1016  EPtot      =    -90125.3829
 BOND   =       355.1911  ANGLE   =      1064.0521  DIHED      =      1400.5299
 1-4 NB =       461.8755  1-4 EEL =      4588.6818  VDWAALS    =     11538.6061
 EELEC  =   -109643.9494  EHBOND  =         0.0000  RESTRAINT  =       109.6300
 EAMBER (non-restraint)  =    -90235.0129
 ------------------------------------------------------------------------------

wrapping first mol.:      -50.55603       35.74852       61.91825
wrapping first mol.:      -50.55603       35.74852       61.91825

 NSTEP =    13500   TIME(PS) =    1267.000  TEMP(K) =   299.74  PRESS =     0.0
 Etot   =    -72300.6951  EKtot   =     17837.4121  EPtot      =    -90138.1072
 BOND   =       421.3861  ANGLE   =      1079.1747  DIHED      =      1383.9719
 1-4 NB =       440.4706  1-4 EEL =      4522.1673  VDWAALS    =     11439.5068
 EELEC  =   -109534.9259  EHBOND  =         0.0000  RESTRAINT  =       110.1413
 EAMBER (non-restraint)  =    -90248.2485
 ------------------------------------------------------------------------------

wrapping first mol.:      -50.55603       35.74852       61.91825
wrapping first mol.:      -50.55603       35.74852       61.91825

 NSTEP =    14000   TIME(PS) =    1268.000  TEMP(K) =   300.07  PRESS =     0.0
 Etot   =    -72454.0675  EKtot   =     17856.8887  EPtot      =    -90310.9561
 BOND   =       389.4213  ANGLE   =      1067.7992  DIHED      =      1397.2146
 1-4 NB =       471.1210  1-4 EEL =      4605.9244  VDWAALS    =     11642.3672
 EELEC  =   -109996.7262  EHBOND  =         0.0000  RESTRAINT  =       111.9222
 EAMBER (non-restraint)  =    -90422.8784
 ------------------------------------------------------------------------------

wrapping first mol.:      -50.55603       35.74852       61.91825
wrapping first mol.:      -50.55603       35.74852       61.91825

 NSTEP =    14500   TIME(PS) =    1269.000  TEMP(K) =   296.76  PRESS =     0.0
 Etot   =    -72552.2059  EKtot   =     17660.2969  EPtot      =    -90212.5028
 BOND   =       386.6887  ANGLE   =      1110.1316  DIHED      =      1346.9165
 1-4 NB =       442.4883  1-4 EEL =      4620.5178  VDWAALS    =     11431.1302
 EELEC  =   -109659.6931  EHBOND  =         0.0000  RESTRAINT  =       109.3172
 EAMBER (non-restraint)  =    -90321.8200
 ------------------------------------------------------------------------------

wrapping first mol.:      -50.55603       35.74852       61.91825
wrapping first mol.:      -50.55603       35.74852       61.91825

 NSTEP =    15000   TIME(PS) =    1270.000  TEMP(K) =   299.91  PRESS =     0.0
 Etot   =    -72155.6013  EKtot   =     17847.2715  EPtot      =    -90002.8728
 BOND   =       381.3863  ANGLE   =      1157.3418  DIHED      =      1374.2302
 1-4 NB =       427.8236  1-4 EEL =      4563.5713  VDWAALS    =     11465.6012
 EELEC  =   -109473.8805  EHBOND  =         0.0000  RESTRAINT  =       101.0534
 EAMBER (non-restraint)  =    -90103.9261
 ------------------------------------------------------------------------------

wrapping first mol.:      -50.55603       35.74852       61.91825
wrapping first mol.:      -50.55603       35.74852       61.91825

 NSTEP =    15500   TIME(PS) =    1271.000  TEMP(K) =   302.21  PRESS =     0.0
 Etot   =    -72170.8718  EKtot   =     17984.1816  EPtot      =    -90155.0534
 BOND   =       388.1611  ANGLE   =      1068.5936  DIHED      =      1372.8298
 1-4 NB =       442.1977  1-4 EEL =      4605.3669  VDWAALS    =     11447.1112
 EELEC  =   -109594.4741  EHBOND  =         0.0000  RESTRAINT  =       115.1604
 EAMBER (non-restraint)  =    -90270.2138
 ------------------------------------------------------------------------------

wrapping first mol.:      -50.55603       35.74852       61.91825
wrapping first mol.:      -50.55603       35.74852       61.91825

 NSTEP =    16000   TIME(PS) =    1272.000  TEMP(K) =   297.68  PRESS =     0.0
 Etot   =    -72243.1870  EKtot   =     17714.8066  EPtot      =    -89957.9936
 BOND   =       379.0233  ANGLE   =      1107.5876  DIHED      =      1398.0721
 1-4 NB =       427.5366  1-4 EEL =      4553.6868  VDWAALS    =     11219.6639
 EELEC  =   -109154.7791  EHBOND  =         0.0000  RESTRAINT  =       111.2151
 EAMBER (non-restraint)  =    -90069.2087
 ------------------------------------------------------------------------------

wrapping first mol.:      -50.55603       35.74852       61.91825
wrapping first mol.:      -50.55603       35.74852       61.91825

 NSTEP =    16500   TIME(PS) =    1273.000  TEMP(K) =   296.70  PRESS =     0.0
 Etot   =    -72168.0492  EKtot   =     17656.1719  EPtot      =    -89824.2211
 BOND   =       405.3768  ANGLE   =      1115.6117  DIHED      =      1381.0013
 1-4 NB =       456.9556  1-4 EEL =      4607.0216  VDWAALS    =     11371.3576
 EELEC  =   -109271.4529  EHBOND  =         0.0000  RESTRAINT  =       109.9071
 EAMBER (non-restraint)  =    -89934.1281
 ------------------------------------------------------------------------------

wrapping first mol.:      -50.55603       35.74852       61.91825
wrapping first mol.:      -50.55603       35.74852       61.91825

 NSTEP =    17000   TIME(PS) =    1274.000  TEMP(K) =   301.71  PRESS =     0.0
 Etot   =    -72164.6713  EKtot   =     17954.5078  EPtot      =    -90119.1791
 BOND   =       364.3554  ANGLE   =      1103.5827  DIHED      =      1378.2162
 1-4 NB =       461.8400  1-4 EEL =      4611.3922  VDWAALS    =     11372.1845
 EELEC  =   -109510.8367  EHBOND  =         0.0000  RESTRAINT  =       100.0866
 EAMBER (non-restraint)  =    -90219.2657
 ------------------------------------------------------------------------------

wrapping first mol.:      -50.55603       35.74852       61.91825
wrapping first mol.:      -50.55603       35.74852       61.91825

 NSTEP =    17500   TIME(PS) =    1275.000  TEMP(K) =   299.01  PRESS =     0.0
 Etot   =    -72357.2352  EKtot   =     17794.1230  EPtot      =    -90151.3582
 BOND   =       398.8548  ANGLE   =      1140.1175  DIHED      =      1380.5800
 1-4 NB =       437.3111  1-4 EEL =      4535.0218  VDWAALS    =     11514.2704
 EELEC  =   -109664.8669  EHBOND  =         0.0000  RESTRAINT  =       107.3532
 EAMBER (non-restraint)  =    -90258.7114
 ------------------------------------------------------------------------------

wrapping first mol.:      -50.55603       35.74852       61.91825
wrapping first mol.:      -50.55603       35.74852       61.91825

 NSTEP =    18000   TIME(PS) =    1276.000  TEMP(K) =   298.25  PRESS =     0.0
 Etot   =    -72138.3933  EKtot   =     17748.4023  EPtot      =    -89886.7956
 BOND   =       410.3956  ANGLE   =      1083.4527  DIHED      =      1334.3114
 1-4 NB =       436.1586  1-4 EEL =      4614.7125  VDWAALS    =     11597.6043
 EELEC  =   -109461.8608  EHBOND  =         0.0000  RESTRAINT  =        98.4300
 EAMBER (non-restraint)  =    -89985.2256
 ------------------------------------------------------------------------------

wrapping first mol.:      -50.55603       35.74852       61.91825
wrapping first mol.:      -50.55603       35.74852       61.91825

 NSTEP =    18500   TIME(PS) =    1277.000  TEMP(K) =   303.64  PRESS =     0.0
 Etot   =    -71960.7154  EKtot   =     18069.3809  EPtot      =    -90030.0963
 BOND   =       381.6254  ANGLE   =      1087.2385  DIHED      =      1366.6705
 1-4 NB =       445.7896  1-4 EEL =      4595.7562  VDWAALS    =     11451.4610
 EELEC  =   -109467.9798  EHBOND  =         0.0000  RESTRAINT  =       109.3423
 EAMBER (non-restraint)  =    -90139.4385
 ------------------------------------------------------------------------------

wrapping first mol.:      -50.55603       35.74852       61.91825
wrapping first mol.:      -50.55603       35.74852       61.91825

 NSTEP =    19000   TIME(PS) =    1278.000  TEMP(K) =   301.60  PRESS =     0.0
 Etot   =    -72063.3523  EKtot   =     17948.2148  EPtot      =    -90011.5671
 BOND   =       398.7843  ANGLE   =      1125.3045  DIHED      =      1370.9503
 1-4 NB =       450.5394  1-4 EEL =      4608.2108  VDWAALS    =     11714.2426
 EELEC  =   -109780.9211  EHBOND  =         0.0000  RESTRAINT  =       101.3221
 EAMBER (non-restraint)  =    -90112.8893
 ------------------------------------------------------------------------------

wrapping first mol.:      -50.55603       35.74852       61.91825
wrapping first mol.:      -50.55603       35.74852       61.91825

 NSTEP =    19500   TIME(PS) =    1279.000  TEMP(K) =   300.16  PRESS =     0.0
 Etot   =    -72418.5916  EKtot   =     17862.6309  EPtot      =    -90281.2224
 BOND   =       412.9410  ANGLE   =      1125.3013  DIHED      =      1393.4974
 1-4 NB =       436.6866  1-4 EEL =      4578.2878  VDWAALS    =     11188.4346
 EELEC  =   -109522.2054  EHBOND  =         0.0000  RESTRAINT  =       105.8344
 EAMBER (non-restraint)  =    -90387.0568
 ------------------------------------------------------------------------------

wrapping first mol.:      -50.55603       35.74852       61.91825
wrapping first mol.:      -50.55603       35.74852       61.91825

 NSTEP =    20000   TIME(PS) =    1280.000  TEMP(K) =   299.02  PRESS =     0.0
 Etot   =    -72120.9289  EKtot   =     17794.7871  EPtot      =    -89915.7160
 BOND   =       396.6888  ANGLE   =      1075.1589  DIHED      =      1381.1722
 1-4 NB =       445.4448  1-4 EEL =      4620.8452  VDWAALS    =     11396.1228
 EELEC  =   -109335.2449  EHBOND  =         0.0000  RESTRAINT  =       104.0962
 EAMBER (non-restraint)  =    -90019.8122
 ------------------------------------------------------------------------------

wrapping first mol.:      -50.55603       35.74852       61.91825
wrapping first mol.:      -50.55603       35.74852       61.91825

 NSTEP =    20500   TIME(PS) =    1281.000  TEMP(K) =   299.51  PRESS =     0.0
 Etot   =    -72110.4350  EKtot   =     17823.5000  EPtot      =    -89933.9350
 BOND   =       412.6717  ANGLE   =      1071.4885  DIHED      =      1384.2725
 1-4 NB =       437.8946  1-4 EEL =      4599.6404  VDWAALS    =     11343.9342
 EELEC  =   -109298.4383  EHBOND  =         0.0000  RESTRAINT  =       114.6015
 EAMBER (non-restraint)  =    -90048.5364
 ------------------------------------------------------------------------------

wrapping first mol.:      -50.55603       35.74852       61.91825
wrapping first mol.:      -50.55603       35.74852       61.91825

 NSTEP =    21000   TIME(PS) =    1282.000  TEMP(K) =   299.37  PRESS =     0.0
 Etot   =    -72264.3847  EKtot   =     17815.5508  EPtot      =    -90079.9355
 BOND   =       363.2718  ANGLE   =      1069.1275  DIHED      =      1380.1253
 1-4 NB =       445.9586  1-4 EEL =      4599.5888  VDWAALS    =     11097.3083
 EELEC  =   -109130.1369  EHBOND  =         0.0000  RESTRAINT  =        94.8211
 EAMBER (non-restraint)  =    -90174.7566
 ------------------------------------------------------------------------------

wrapping first mol.:      -50.55603       35.74852       61.91825
wrapping first mol.:      -50.55603       35.74852       61.91825

 NSTEP =    21500   TIME(PS) =    1283.000  TEMP(K) =   298.08  PRESS =     0.0
 Etot   =    -72297.1134  EKtot   =     17738.3340  EPtot      =    -90035.4474
 BOND   =       416.5819  ANGLE   =      1123.2877  DIHED      =      1389.8730
 1-4 NB =       420.2207  1-4 EEL =      4578.1794  VDWAALS    =     11600.2888
 EELEC  =   -109674.1285  EHBOND  =         0.0000  RESTRAINT  =       110.2497
 EAMBER (non-restraint)  =    -90145.6971
 ------------------------------------------------------------------------------

wrapping first mol.:      -50.55603       35.74852       61.91825
wrapping first mol.:      -50.55603       35.74852       61.91825

 NSTEP =    22000   TIME(PS) =    1284.000  TEMP(K) =   299.22  PRESS =     0.0
 Etot   =    -72148.9484  EKtot   =     17806.4766  EPtot      =    -89955.4250
 BOND   =       399.1880  ANGLE   =      1054.6993  DIHED      =      1364.4181
 1-4 NB =       449.3538  1-4 EEL =      4608.1954  VDWAALS    =     11359.7044
 EELEC  =   -109302.3677  EHBOND  =         0.0000  RESTRAINT  =       111.3837
 EAMBER (non-restraint)  =    -90066.8087
 ------------------------------------------------------------------------------

wrapping first mol.:      -50.55603       35.74852       61.91825
wrapping first mol.:      -50.55603       35.74852       61.91825

 NSTEP =    22500   TIME(PS) =    1285.000  TEMP(K) =   300.52  PRESS =     0.0
 Etot   =    -71951.7322  EKtot   =     17884.0469  EPtot      =    -89835.7791
 BOND   =       400.5415  ANGLE   =      1136.1318  DIHED      =      1379.3947
 1-4 NB =       451.5205  1-4 EEL =      4590.2580  VDWAALS    =     11339.8097
 EELEC  =   -109234.3666  EHBOND  =         0.0000  RESTRAINT  =       100.9314
 EAMBER (non-restraint)  =    -89936.7105
 ------------------------------------------------------------------------------

wrapping first mol.:      -50.55603       35.74852       61.91825
wrapping first mol.:      -50.55603       35.74852       61.91825

 NSTEP =    23000   TIME(PS) =    1286.000  TEMP(K) =   301.13  PRESS =     0.0
 Etot   =    -72097.1547  EKtot   =     17919.9746  EPtot      =    -90017.1293
 BOND   =       383.6304  ANGLE   =      1103.3885  DIHED      =      1385.1917
 1-4 NB =       455.6693  1-4 EEL =      4584.0969  VDWAALS    =     11299.2998
 EELEC  =   -109340.7278  EHBOND  =         0.0000  RESTRAINT  =       112.3220
 EAMBER (non-restraint)  =    -90129.4512
 ------------------------------------------------------------------------------

wrapping first mol.:      -50.55603       35.74852       61.91825
wrapping first mol.:      -50.55603       35.74852       61.91825

 NSTEP =    23500   TIME(PS) =    1287.000  TEMP(K) =   297.75  PRESS =     0.0
 Etot   =    -72135.4847  EKtot   =     17719.0801  EPtot      =    -89854.5648
 BOND   =       384.7007  ANGLE   =      1092.8883  DIHED      =      1382.2996
 1-4 NB =       453.4731  1-4 EEL =      4592.7743  VDWAALS    =     11757.0723
 EELEC  =   -109622.3263  EHBOND  =         0.0000  RESTRAINT  =       104.5532
 EAMBER (non-restraint)  =    -89959.1180
 ------------------------------------------------------------------------------

wrapping first mol.:      -50.55603       35.74852       61.91825
wrapping first mol.:      -50.55603       35.74852       61.91825

 NSTEP =    24000   TIME(PS) =    1288.000  TEMP(K) =   301.76  PRESS =     0.0
 Etot   =    -72229.9402  EKtot   =     17957.5469  EPtot      =    -90187.4870
 BOND   =       357.0413  ANGLE   =      1093.9088  DIHED      =      1347.8877
 1-4 NB =       441.2713  1-4 EEL =      4597.7174  VDWAALS    =     11580.5606
 EELEC  =   -109724.2965  EHBOND  =         0.0000  RESTRAINT  =       118.4224
 EAMBER (non-restraint)  =    -90305.9095
 ------------------------------------------------------------------------------

wrapping first mol.:      -50.55603       35.74852       61.91825
wrapping first mol.:      -50.55603       35.74852       61.91825

 NSTEP =    24500   TIME(PS) =    1289.000  TEMP(K) =   301.89  PRESS =     0.0
 Etot   =    -72207.3600  EKtot   =     17965.0957  EPtot      =    -90172.4557
 BOND   =       379.7169  ANGLE   =      1089.0894  DIHED      =      1367.4864
 1-4 NB =       459.5575  1-4 EEL =      4598.5530  VDWAALS    =     11271.3878
 EELEC  =   -109446.4169  EHBOND  =         0.0000  RESTRAINT  =       108.1702
 EAMBER (non-restraint)  =    -90280.6259
 ------------------------------------------------------------------------------

wrapping first mol.:      -50.55603       35.74852       61.91825
wrapping first mol.:      -50.55603       35.74852       61.91825

 NSTEP =    25000   TIME(PS) =    1290.000  TEMP(K) =   296.55  PRESS =     0.0
 Etot   =    -72503.2887  EKtot   =     17647.5820  EPtot      =    -90150.8708
 BOND   =       414.9074  ANGLE   =      1149.9390  DIHED      =      1374.5617
 1-4 NB =       429.8191  1-4 EEL =      4609.5190  VDWAALS    =     11402.3598
 EELEC  =   -109639.2914  EHBOND  =         0.0000  RESTRAINT  =       107.3145
 EAMBER (non-restraint)  =    -90258.1853
 ------------------------------------------------------------------------------

wrapping first mol.:      -50.55603       35.74852       61.91825
wrapping first mol.:      -50.55603       35.74852       61.91825

 NSTEP =    25500   TIME(PS) =    1291.000  TEMP(K) =   300.71  PRESS =     0.0
 Etot   =    -72437.7070  EKtot   =     17895.0508  EPtot      =    -90332.7577
 BOND   =       371.1809  ANGLE   =      1142.8140  DIHED      =      1390.7104
 1-4 NB =       441.3364  1-4 EEL =      4577.2059  VDWAALS    =     11420.1505
 EELEC  =   -109792.9629  EHBOND  =         0.0000  RESTRAINT  =       116.8070
 EAMBER (non-restraint)  =    -90449.5647
 ------------------------------------------------------------------------------

wrapping first mol.:      -50.55603       35.74852       61.91825
wrapping first mol.:      -50.55603       35.74852       61.91825

 NSTEP =    26000   TIME(PS) =    1292.000  TEMP(K) =   300.76  PRESS =     0.0
 Etot   =    -72399.7188  EKtot   =     17897.9023  EPtot      =    -90297.6211
 BOND   =       396.9381  ANGLE   =      1121.9127  DIHED      =      1389.6988
 1-4 NB =       446.6534  1-4 EEL =      4609.4709  VDWAALS    =     11548.7280
 EELEC  =   -109921.3696  EHBOND  =         0.0000  RESTRAINT  =       110.3466
 EAMBER (non-restraint)  =    -90407.9677
 ------------------------------------------------------------------------------

wrapping first mol.:      -50.55603       35.74852       61.91825
wrapping first mol.:      -50.55603       35.74852       61.91825

 NSTEP =    26500   TIME(PS) =    1293.000  TEMP(K) =   302.32  PRESS =     0.0
 Etot   =    -72360.9756  EKtot   =     17990.7207  EPtot      =    -90351.6963
 BOND   =       379.8244  ANGLE   =      1088.2267  DIHED      =      1375.6757
 1-4 NB =       439.3043  1-4 EEL =      4591.3676  VDWAALS    =     11447.0593
 EELEC  =   -109776.8867  EHBOND  =         0.0000  RESTRAINT  =       103.7324
 EAMBER (non-restraint)  =    -90455.4287
 ------------------------------------------------------------------------------

wrapping first mol.:      -50.55603       35.74852       61.91825
wrapping first mol.:      -50.55603       35.74852       61.91825

 NSTEP =    27000   TIME(PS) =    1294.000  TEMP(K) =   298.35  PRESS =     0.0
 Etot   =    -72574.9539  EKtot   =     17754.8125  EPtot      =    -90329.7664
 BOND   =       390.9868  ANGLE   =      1108.2332  DIHED      =      1383.0312
 1-4 NB =       438.9842  1-4 EEL =      4614.1938  VDWAALS    =     11502.4350
 EELEC  =   -109875.0115  EHBOND  =         0.0000  RESTRAINT  =       107.3809
 EAMBER (non-restraint)  =    -90437.1473
 ------------------------------------------------------------------------------

wrapping first mol.:      -50.55603       35.74852       61.91825
wrapping first mol.:      -50.55603       35.74852       61.91825

 NSTEP =    27500   TIME(PS) =    1295.000  TEMP(K) =   303.90  PRESS =     0.0
 Etot   =    -72046.8547  EKtot   =     18085.2031  EPtot      =    -90132.0578
 BOND   =       396.8523  ANGLE   =      1097.9853  DIHED      =      1384.9260
 1-4 NB =       447.6799  1-4 EEL =      4582.4332  VDWAALS    =     11761.0473
 EELEC  =   -109909.7007  EHBOND  =         0.0000  RESTRAINT  =       106.7188
 EAMBER (non-restraint)  =    -90238.7766
 ------------------------------------------------------------------------------

wrapping first mol.:      -50.55603       35.74852       61.91825
wrapping first mol.:      -50.55603       35.74852       61.91825

 NSTEP =    28000   TIME(PS) =    1296.000  TEMP(K) =   301.11  PRESS =     0.0
 Etot   =    -72207.7278  EKtot   =     17918.6973  EPtot      =    -90126.4251
 BOND   =       383.9101  ANGLE   =      1109.9433  DIHED      =      1370.0712
 1-4 NB =       446.9656  1-4 EEL =      4627.5077  VDWAALS    =     11564.7404
 EELEC  =   -109729.0086  EHBOND  =         0.0000  RESTRAINT  =        99.4453
 EAMBER (non-restraint)  =    -90225.8703
 ------------------------------------------------------------------------------

wrapping first mol.:      -50.55603       35.74852       61.91825
wrapping first mol.:      -50.55603       35.74852       61.91825

 NSTEP =    28500   TIME(PS) =    1297.000  TEMP(K) =   301.23  PRESS =     0.0
 Etot   =    -72080.0341  EKtot   =     17926.2871  EPtot      =    -90006.3212
 BOND   =       350.3100  ANGLE   =      1107.0316  DIHED      =      1394.0192
 1-4 NB =       450.8537  1-4 EEL =      4612.1623  VDWAALS    =     11310.2945
 EELEC  =   -109337.0746  EHBOND  =         0.0000  RESTRAINT  =       106.0820
 EAMBER (non-restraint)  =    -90112.4032
 ------------------------------------------------------------------------------

wrapping first mol.:      -50.55603       35.74852       61.91825
wrapping first mol.:      -50.55603       35.74852       61.91825

 NSTEP =    29000   TIME(PS) =    1298.000  TEMP(K) =   299.48  PRESS =     0.0
 Etot   =    -72205.5092  EKtot   =     17822.1016  EPtot      =    -90027.6107
 BOND   =       399.4507  ANGLE   =      1137.0029  DIHED      =      1374.4806
 1-4 NB =       448.6995  1-4 EEL =      4573.4111  VDWAALS    =     11377.2148
 EELEC  =   -109452.7347  EHBOND  =         0.0000  RESTRAINT  =       114.8645
 EAMBER (non-restraint)  =    -90142.4752
 ------------------------------------------------------------------------------

wrapping first mol.:      -50.55603       35.74852       61.91825
wrapping first mol.:      -50.55603       35.74852       61.91825

 NSTEP =    29500   TIME(PS) =    1299.000  TEMP(K) =   298.93  PRESS =     0.0
 Etot   =    -72161.4481  EKtot   =     17789.2891  EPtot      =    -89950.7371
 BOND   =       367.8248  ANGLE   =      1113.0344  DIHED      =      1403.8695
 1-4 NB =       442.3820  1-4 EEL =      4565.1020  VDWAALS    =     11440.8769
 EELEC  =   -109397.9324  EHBOND  =         0.0000  RESTRAINT  =       114.1057
 EAMBER (non-restraint)  =    -90064.8429
 ------------------------------------------------------------------------------

wrapping first mol.:      -50.55603       35.74852       61.91825
wrapping first mol.:      -50.55603       35.74852       61.91825

 NSTEP =    30000   TIME(PS) =    1300.000  TEMP(K) =   299.02  PRESS =     0.0
 Etot   =    -72320.7865  EKtot   =     17794.7344  EPtot      =    -90115.5209
 BOND   =       405.4762  ANGLE   =      1057.0070  DIHED      =      1383.7282
 1-4 NB =       447.7409  1-4 EEL =      4631.1395  VDWAALS    =     11503.1380
 EELEC  =   -109658.0481  EHBOND  =         0.0000  RESTRAINT  =       114.2974
 EAMBER (non-restraint)  =    -90229.8183
 ------------------------------------------------------------------------------

wrapping first mol.:      -50.55603       35.74852       61.91825
wrapping first mol.:      -50.55603       35.74852       61.91825

 NSTEP =    30500   TIME(PS) =    1301.000  TEMP(K) =   299.53  PRESS =     0.0
 Etot   =    -72217.5969  EKtot   =     17824.5859  EPtot      =    -90042.1828
 BOND   =       402.6398  ANGLE   =      1130.9411  DIHED      =      1386.7604
 1-4 NB =       447.7782  1-4 EEL =      4609.6118  VDWAALS    =     11501.5068
 EELEC  =   -109635.8541  EHBOND  =         0.0000  RESTRAINT  =       114.4331
 EAMBER (non-restraint)  =    -90156.6159
 ------------------------------------------------------------------------------

wrapping first mol.:      -50.55603       35.74852       61.91825
wrapping first mol.:      -50.55603       35.74852       61.91825

 NSTEP =    31000   TIME(PS) =    1302.000  TEMP(K) =   302.64  PRESS =     0.0
 Etot   =    -72443.9993  EKtot   =     18009.8105  EPtot      =    -90453.8098
 BOND   =       406.5391  ANGLE   =      1104.6804  DIHED      =      1346.5954
 1-4 NB =       447.8518  1-4 EEL =      4564.6964  VDWAALS    =     11359.2313
 EELEC  =   -109787.4396  EHBOND  =         0.0000  RESTRAINT  =       104.0354
 EAMBER (non-restraint)  =    -90557.8452
 ------------------------------------------------------------------------------

wrapping first mol.:      -50.55603       35.74852       61.91825
wrapping first mol.:      -50.55603       35.74852       61.91825

 NSTEP =    31500   TIME(PS) =    1303.000  TEMP(K) =   300.16  PRESS =     0.0
 Etot   =    -72042.5522  EKtot   =     17862.3398  EPtot      =    -89904.8920
 BOND   =       404.5234  ANGLE   =      1128.0597  DIHED      =      1362.9806
 1-4 NB =       437.8725  1-4 EEL =      4609.8920  VDWAALS    =     11284.4432
 EELEC  =   -109243.9354  EHBOND  =         0.0000  RESTRAINT  =       111.2719
 EAMBER (non-restraint)  =    -90016.1639
 ------------------------------------------------------------------------------

wrapping first mol.:      -50.55603       35.74852       61.91825
wrapping first mol.:      -50.55603       35.74852       61.91825

 NSTEP =    32000   TIME(PS) =    1304.000  TEMP(K) =   299.37  PRESS =     0.0
 Etot   =    -72501.8658  EKtot   =     17815.5430  EPtot      =    -90317.4088
 BOND   =       404.7504  ANGLE   =      1084.7483  DIHED      =      1366.0909
 1-4 NB =       454.1247  1-4 EEL =      4610.0555  VDWAALS    =     11336.2201
 EELEC  =   -109682.3641  EHBOND  =         0.0000  RESTRAINT  =       108.9654
 EAMBER (non-restraint)  =    -90426.3742
 ------------------------------------------------------------------------------

wrapping first mol.:      -50.55603       35.74852       61.91825
wrapping first mol.:      -50.55603       35.74852       61.91825

 NSTEP =    32500   TIME(PS) =    1305.000  TEMP(K) =   303.23  PRESS =     0.0
 Etot   =    -72188.4422  EKtot   =     18044.8223  EPtot      =    -90233.2645
 BOND   =       373.3842  ANGLE   =      1093.3573  DIHED      =      1364.7001
 1-4 NB =       453.1567  1-4 EEL =      4601.7904  VDWAALS    =     11530.9116
 EELEC  =   -109766.0399  EHBOND  =         0.0000  RESTRAINT  =       115.4750
 EAMBER (non-restraint)  =    -90348.7396
 ------------------------------------------------------------------------------

wrapping first mol.:      -50.55603       35.74852       61.91825
wrapping first mol.:      -50.55603       35.74852       61.91825

 NSTEP =    33000   TIME(PS) =    1306.000  TEMP(K) =   300.52  PRESS =     0.0
 Etot   =    -72171.1639  EKtot   =     17883.5801  EPtot      =    -90054.7440
 BOND   =       415.6628  ANGLE   =      1112.3369  DIHED      =      1382.8845
 1-4 NB =       434.7746  1-4 EEL =      4568.2971  VDWAALS    =     11300.1616
 EELEC  =   -109364.1414  EHBOND  =         0.0000  RESTRAINT  =        95.2799
 EAMBER (non-restraint)  =    -90150.0239
 ------------------------------------------------------------------------------

wrapping first mol.:      -50.55603       35.74852       61.91825
wrapping first mol.:      -50.55603       35.74852       61.91825

 NSTEP =    33500   TIME(PS) =    1307.000  TEMP(K) =   300.85  PRESS =     0.0
 Etot   =    -72089.9921  EKtot   =     17903.6309  EPtot      =    -89993.6230
 BOND   =       404.1271  ANGLE   =      1093.6129  DIHED      =      1397.4228
 1-4 NB =       444.9487  1-4 EEL =      4584.3418  VDWAALS    =     11433.9513
 EELEC  =   -109461.8189  EHBOND  =         0.0000  RESTRAINT  =       109.7913
 EAMBER (non-restraint)  =    -90103.4143
 ------------------------------------------------------------------------------

wrapping first mol.:      -50.55603       35.74852       61.91825
wrapping first mol.:      -50.55603       35.74852       61.91825

 NSTEP =    34000   TIME(PS) =    1308.000  TEMP(K) =   302.97  PRESS =     0.0
 Etot   =    -72133.0285  EKtot   =     18029.4609  EPtot      =    -90162.4894
 BOND   =       403.5221  ANGLE   =      1112.6435  DIHED      =      1368.2951
 1-4 NB =       451.2823  1-4 EEL =      4551.3914  VDWAALS    =     11446.8147
 EELEC  =   -109593.5132  EHBOND  =         0.0000  RESTRAINT  =        97.0747
 EAMBER (non-restraint)  =    -90259.5642
 ------------------------------------------------------------------------------

wrapping first mol.:      -50.55603       35.74852       61.91825
wrapping first mol.:      -50.55603       35.74852       61.91825

 NSTEP =    34500   TIME(PS) =    1309.000  TEMP(K) =   299.31  PRESS =     0.0
 Etot   =    -72353.2307  EKtot   =     17811.7109  EPtot      =    -90164.9416
 BOND   =       407.5247  ANGLE   =      1116.3073  DIHED      =      1398.1002
 1-4 NB =       448.4747  1-4 EEL =      4599.8484  VDWAALS    =     11378.4518
 EELEC  =   -109613.3147  EHBOND  =         0.0000  RESTRAINT  =        99.6661
 EAMBER (non-restraint)  =    -90264.6077
 ------------------------------------------------------------------------------

wrapping first mol.:      -50.55603       35.74852       61.91825
wrapping first mol.:      -50.55603       35.74852       61.91825

 NSTEP =    35000   TIME(PS) =    1310.000  TEMP(K) =   300.00  PRESS =     0.0
 Etot   =    -72392.4088  EKtot   =     17853.0137  EPtot      =    -90245.4225
 BOND   =       400.8693  ANGLE   =      1079.7692  DIHED      =      1402.4788
 1-4 NB =       433.3982  1-4 EEL =      4537.0316  VDWAALS    =     11465.6576
 EELEC  =   -109684.3820  EHBOND  =         0.0000  RESTRAINT  =       119.7548
 EAMBER (non-restraint)  =    -90365.1773
 ------------------------------------------------------------------------------

wrapping first mol.:      -50.55603       35.74852       61.91825
wrapping first mol.:      -50.55603       35.74852       61.91825

 NSTEP =    35500   TIME(PS) =    1311.000  TEMP(K) =   301.72  PRESS =     0.0
 Etot   =    -72217.1048  EKtot   =     17955.0078  EPtot      =    -90172.1126
 BOND   =       395.8760  ANGLE   =      1072.0511  DIHED      =      1384.4825
 1-4 NB =       454.6940  1-4 EEL =      4593.8814  VDWAALS    =     11473.6109
 EELEC  =   -109652.2418  EHBOND  =         0.0000  RESTRAINT  =       105.5332
 EAMBER (non-restraint)  =    -90277.6458
 ------------------------------------------------------------------------------

wrapping first mol.:      -50.55603       35.74852       61.91825
wrapping first mol.:      -50.55603       35.74852       61.91825

 NSTEP =    36000   TIME(PS) =    1312.000  TEMP(K) =   299.76  PRESS =     0.0
 Etot   =    -72303.3322  EKtot   =     17838.5332  EPtot      =    -90141.8654
 BOND   =       392.0564  ANGLE   =      1070.9643  DIHED      =      1367.3093
 1-4 NB =       451.8864  1-4 EEL =      4642.5955  VDWAALS    =     11557.9385
 EELEC  =   -109732.5833  EHBOND  =         0.0000  RESTRAINT  =       107.9676
 EAMBER (non-restraint)  =    -90249.8330
 ------------------------------------------------------------------------------

wrapping first mol.:      -50.55603       35.74852       61.91825
wrapping first mol.:      -50.55603       35.74852       61.91825

 NSTEP =    36500   TIME(PS) =    1313.000  TEMP(K) =   301.46  PRESS =     0.0
 Etot   =    -72143.6115  EKtot   =     17939.5938  EPtot      =    -90083.2052
 BOND   =       389.8969  ANGLE   =      1081.2046  DIHED      =      1381.5535
 1-4 NB =       432.8361  1-4 EEL =      4541.5549  VDWAALS    =     11389.1275
 EELEC  =   -109408.5261  EHBOND  =         0.0000  RESTRAINT  =       109.1475
 EAMBER (non-restraint)  =    -90192.3527
 ------------------------------------------------------------------------------

wrapping first mol.:      -50.55603       35.74852       61.91825
wrapping first mol.:      -50.55603       35.74852       61.91825

 NSTEP =    37000   TIME(PS) =    1314.000  TEMP(K) =   299.34  PRESS =     0.0
 Etot   =    -72093.8426  EKtot   =     17813.3027  EPtot      =    -89907.1454
 BOND   =       401.0483  ANGLE   =      1121.2225  DIHED      =      1358.5419
 1-4 NB =       453.6999  1-4 EEL =      4600.7745  VDWAALS    =     11220.8273
 EELEC  =   -109166.7752  EHBOND  =         0.0000  RESTRAINT  =       103.5153
 EAMBER (non-restraint)  =    -90010.6607
 ------------------------------------------------------------------------------

wrapping first mol.:      -50.55603       35.74852       61.91825
wrapping first mol.:      -50.55603       35.74852       61.91825

 NSTEP =    37500   TIME(PS) =    1315.000  TEMP(K) =   298.27  PRESS =     0.0
 Etot   =    -72187.2478  EKtot   =     17749.9375  EPtot      =    -89937.1853
 BOND   =       410.3273  ANGLE   =      1092.8628  DIHED      =      1386.3716
 1-4 NB =       449.8483  1-4 EEL =      4584.7165  VDWAALS    =     11371.8915
 EELEC  =   -109345.8384  EHBOND  =         0.0000  RESTRAINT  =       112.6351
 EAMBER (non-restraint)  =    -90049.8204
 ------------------------------------------------------------------------------

wrapping first mol.:      -50.55603       35.74852       61.91825
wrapping first mol.:      -50.55603       35.74852       61.91825

 NSTEP =    38000   TIME(PS) =    1316.000  TEMP(K) =   302.40  PRESS =     0.0
 Etot   =    -72116.3553  EKtot   =     17995.3574  EPtot      =    -90111.7128
 BOND   =       401.7439  ANGLE   =      1103.0050  DIHED      =      1371.7894
 1-4 NB =       445.3922  1-4 EEL =      4596.8198  VDWAALS    =     11385.8717
 EELEC  =   -109523.6578  EHBOND  =         0.0000  RESTRAINT  =       107.3231
 EAMBER (non-restraint)  =    -90219.0358
 ------------------------------------------------------------------------------

wrapping first mol.:      -50.55603       35.74852       61.91825
wrapping first mol.:      -50.55603       35.74852       61.91825

 NSTEP =    38500   TIME(PS) =    1317.000  TEMP(K) =   296.61  PRESS =     0.0
 Etot   =    -72572.8540  EKtot   =     17650.9512  EPtot      =    -90223.8051
 BOND   =       412.0889  ANGLE   =      1082.4172  DIHED      =      1368.1860
 1-4 NB =       456.4262  1-4 EEL =      4608.5121  VDWAALS    =     11552.6036
 EELEC  =   -109802.4705  EHBOND  =         0.0000  RESTRAINT  =        98.4313
 EAMBER (non-restraint)  =    -90322.2365
 ------------------------------------------------------------------------------

wrapping first mol.:      -50.55603       35.74852       61.91825
wrapping first mol.:      -50.55603       35.74852       61.91825

 NSTEP =    39000   TIME(PS) =    1318.000  TEMP(K) =   303.94  PRESS =     0.0
 Etot   =    -71849.6563  EKtot   =     18087.4902  EPtot      =    -89937.1465
 BOND   =       396.4024  ANGLE   =      1122.4372  DIHED      =      1384.6685
 1-4 NB =       432.6654  1-4 EEL =      4591.6191  VDWAALS    =     11486.1717
 EELEC  =   -109459.9174  EHBOND  =         0.0000  RESTRAINT  =       108.8067
 EAMBER (non-restraint)  =    -90045.9532
 ------------------------------------------------------------------------------

wrapping first mol.:      -50.55603       35.74852       61.91825
wrapping first mol.:      -50.55603       35.74852       61.91825

 NSTEP =    39500   TIME(PS) =    1319.000  TEMP(K) =   297.69  PRESS =     0.0
 Etot   =    -72266.5165  EKtot   =     17715.6191  EPtot      =    -89982.1356
 BOND   =       394.2323  ANGLE   =      1133.1305  DIHED      =      1354.5524
 1-4 NB =       436.4656  1-4 EEL =      4583.6785  VDWAALS    =     11343.5680
 EELEC  =   -109331.9481  EHBOND  =         0.0000  RESTRAINT  =       104.1852
 EAMBER (non-restraint)  =    -90086.3209
 ------------------------------------------------------------------------------

wrapping first mol.:      -50.55603       35.74852       61.91825
wrapping first mol.:      -50.55603       35.74852       61.91825

 NSTEP =    40000   TIME(PS) =    1320.000  TEMP(K) =   302.28  PRESS =     0.0
 Etot   =    -72078.5605  EKtot   =     17988.6367  EPtot      =    -90067.1972
 BOND   =       383.5653  ANGLE   =      1103.5901  DIHED      =      1377.6924
 1-4 NB =       434.7817  1-4 EEL =      4609.3773  VDWAALS    =     11422.6215
 EELEC  =   -109507.2579  EHBOND  =         0.0000  RESTRAINT  =       108.4324
 EAMBER (non-restraint)  =    -90175.6296
 ------------------------------------------------------------------------------

wrapping first mol.:      -50.55603       35.74852       61.91825
wrapping first mol.:      -50.55603       35.74852       61.91825

 NSTEP =    40500   TIME(PS) =    1321.000  TEMP(K) =   300.22  PRESS =     0.0
 Etot   =    -72453.6736  EKtot   =     17865.8633  EPtot      =    -90319.5369
 BOND   =       395.9015  ANGLE   =      1091.8284  DIHED      =      1397.8168
 1-4 NB =       443.5216  1-4 EEL =      4597.8282  VDWAALS    =     11516.2793
 EELEC  =   -109881.8842  EHBOND  =         0.0000  RESTRAINT  =       119.1715
 EAMBER (non-restraint)  =    -90438.7084
 ------------------------------------------------------------------------------

wrapping first mol.:      -50.55603       35.74852       61.91825
wrapping first mol.:      -50.55603       35.74852       61.91825

 NSTEP =    41000   TIME(PS) =    1322.000  TEMP(K) =   303.24  PRESS =     0.0
 Etot   =    -72081.6319  EKtot   =     18045.8730  EPtot      =    -90127.5049
 BOND   =       366.6649  ANGLE   =      1157.0599  DIHED      =      1384.1657
 1-4 NB =       436.2588  1-4 EEL =      4568.9028  VDWAALS    =     11365.8588
 EELEC  =   -109517.0722  EHBOND  =         0.0000  RESTRAINT  =       110.6562
 EAMBER (non-restraint)  =    -90238.1612
 ------------------------------------------------------------------------------

wrapping first mol.:      -50.55603       35.74852       61.91825
wrapping first mol.:      -50.55603       35.74852       61.91825

 NSTEP =    41500   TIME(PS) =    1323.000  TEMP(K) =   298.38  PRESS =     0.0
 Etot   =    -72366.8361  EKtot   =     17756.5293  EPtot      =    -90123.3654
 BOND   =       403.7432  ANGLE   =      1119.1634  DIHED      =      1372.0899
 1-4 NB =       436.6718  1-4 EEL =      4607.7356  VDWAALS    =     11462.9665
 EELEC  =   -109621.1383  EHBOND  =         0.0000  RESTRAINT  =        95.4025
 EAMBER (non-restraint)  =    -90218.7679
 ------------------------------------------------------------------------------

wrapping first mol.:      -50.55603       35.74852       61.91825
wrapping first mol.:      -50.55603       35.74852       61.91825

 NSTEP =    42000   TIME(PS) =    1324.000  TEMP(K) =   298.20  PRESS =     0.0
 Etot   =    -72419.2703  EKtot   =     17745.7793  EPtot      =    -90165.0496
 BOND   =       384.8944  ANGLE   =      1078.6890  DIHED      =      1407.5647
 1-4 NB =       456.7331  1-4 EEL =      4581.2768  VDWAALS    =     11480.3232
 EELEC  =   -109671.9894  EHBOND  =         0.0000  RESTRAINT  =       117.4586
 EAMBER (non-restraint)  =    -90282.5082
 ------------------------------------------------------------------------------

wrapping first mol.:      -50.55603       35.74852       61.91825
wrapping first mol.:      -50.55603       35.74852       61.91825

 NSTEP =    42500   TIME(PS) =    1325.000  TEMP(K) =   299.91  PRESS =     0.0
 Etot   =    -72424.6189  EKtot   =     17847.2852  EPtot      =    -90271.9041
 BOND   =       371.7785  ANGLE   =      1045.7556  DIHED      =      1382.9833
 1-4 NB =       454.8562  1-4 EEL =      4579.8654  VDWAALS    =     11399.8065
 EELEC  =   -109610.1506  EHBOND  =         0.0000  RESTRAINT  =       103.2011
 EAMBER (non-restraint)  =    -90375.1051
 ------------------------------------------------------------------------------

wrapping first mol.:      -50.55603       35.74852       61.91825
wrapping first mol.:      -50.55603       35.74852       61.91825

 NSTEP =    43000   TIME(PS) =    1326.000  TEMP(K) =   299.31  PRESS =     0.0
 Etot   =    -72168.4474  EKtot   =     17811.9551  EPtot      =    -89980.4024
 BOND   =       392.0414  ANGLE   =      1093.3478  DIHED      =      1363.8475
 1-4 NB =       439.5707  1-4 EEL =      4553.5640  VDWAALS    =     11282.0348
 EELEC  =   -109201.0706  EHBOND  =         0.0000  RESTRAINT  =        96.2619
 EAMBER (non-restraint)  =    -90076.6643
 ------------------------------------------------------------------------------

wrapping first mol.:      -50.55603       35.74852       61.91825
wrapping first mol.:      -50.55603       35.74852       61.91825

 NSTEP =    43500   TIME(PS) =    1327.000  TEMP(K) =   302.39  PRESS =     0.0
 Etot   =    -72032.5035  EKtot   =     17995.1367  EPtot      =    -90027.6403
 BOND   =       381.2771  ANGLE   =      1138.7931  DIHED      =      1398.9681
 1-4 NB =       447.7728  1-4 EEL =      4538.6075  VDWAALS    =     11442.6717
 EELEC  =   -109478.0024  EHBOND  =         0.0000  RESTRAINT  =       102.2719
 EAMBER (non-restraint)  =    -90129.9121
 ------------------------------------------------------------------------------

wrapping first mol.:      -50.55603       35.74852       61.91825
wrapping first mol.:      -50.55603       35.74852       61.91825

 NSTEP =    44000   TIME(PS) =    1328.000  TEMP(K) =   299.56  PRESS =     0.0
 Etot   =    -71937.4009  EKtot   =     17826.6426  EPtot      =    -89764.0435
 BOND   =       407.9909  ANGLE   =      1118.8868  DIHED      =      1353.4033
 1-4 NB =       428.7738  1-4 EEL =      4598.1219  VDWAALS    =     11540.9766
 EELEC  =   -109317.4680  EHBOND  =         0.0000  RESTRAINT  =       105.2713
 EAMBER (non-restraint)  =    -89869.3148
 ------------------------------------------------------------------------------

wrapping first mol.:      -50.55603       35.74852       61.91825
wrapping first mol.:      -50.55603       35.74852       61.91825

 NSTEP =    44500   TIME(PS) =    1329.000  TEMP(K) =   301.41  PRESS =     0.0
 Etot   =    -72139.8735  EKtot   =     17936.9805  EPtot      =    -90076.8540
 BOND   =       397.6936  ANGLE   =      1145.9340  DIHED      =      1383.3600
 1-4 NB =       442.1694  1-4 EEL =      4562.6565  VDWAALS    =     11298.9752
 EELEC  =   -109426.3106  EHBOND  =         0.0000  RESTRAINT  =       118.6679
 EAMBER (non-restraint)  =    -90195.5219
 ------------------------------------------------------------------------------

wrapping first mol.:      -50.55603       35.74852       61.91825
wrapping first mol.:      -50.55603       35.74852       61.91825

 NSTEP =    45000   TIME(PS) =    1330.000  TEMP(K) =   300.02  PRESS =     0.0
 Etot   =    -71991.1726  EKtot   =     17854.1973  EPtot      =    -89845.3699
 BOND   =       414.4223  ANGLE   =      1093.2702  DIHED      =      1388.2800
 1-4 NB =       437.9531  1-4 EEL =      4593.0654  VDWAALS    =     11399.8847
 EELEC  =   -109280.9404  EHBOND  =         0.0000  RESTRAINT  =       108.6948
 EAMBER (non-restraint)  =    -89954.0647
 ------------------------------------------------------------------------------

wrapping first mol.:      -50.55603       35.74852       61.91825
wrapping first mol.:      -50.55603       35.74852       61.91825

 NSTEP =    45500   TIME(PS) =    1331.000  TEMP(K) =   300.05  PRESS =     0.0
 Etot   =    -72177.0531  EKtot   =     17855.5254  EPtot      =    -90032.5785
 BOND   =       391.4487  ANGLE   =      1068.4153  DIHED      =      1377.9767
 1-4 NB =       436.0971  1-4 EEL =      4592.3616  VDWAALS    =     11514.6238
 EELEC  =   -109516.8928  EHBOND  =         0.0000  RESTRAINT  =       103.3910
 EAMBER (non-restraint)  =    -90135.9695
 ------------------------------------------------------------------------------

wrapping first mol.:      -50.55603       35.74852       61.91825
wrapping first mol.:      -50.55603       35.74852       61.91825

 NSTEP =    46000   TIME(PS) =    1332.000  TEMP(K) =   298.88  PRESS =     0.0
 Etot   =    -72173.9181  EKtot   =     17786.3105  EPtot      =    -89960.2286
 BOND   =       407.7131  ANGLE   =      1088.1342  DIHED      =      1409.6696
 1-4 NB =       439.0647  1-4 EEL =      4532.3153  VDWAALS    =     11343.1370
 EELEC  =   -109286.4503  EHBOND  =         0.0000  RESTRAINT  =       106.1878
 EAMBER (non-restraint)  =    -90066.4164
 ------------------------------------------------------------------------------

wrapping first mol.:      -50.55603       35.74852       61.91825
wrapping first mol.:      -50.55603       35.74852       61.91825

 NSTEP =    46500   TIME(PS) =    1333.000  TEMP(K) =   300.54  PRESS =     0.0
 Etot   =    -72175.1509  EKtot   =     17885.1348  EPtot      =    -90060.2856
 BOND   =       389.7023  ANGLE   =      1079.8884  DIHED      =      1383.9184
 1-4 NB =       438.7325  1-4 EEL =      4590.0465  VDWAALS    =     11035.6126
 EELEC  =   -109091.5823  EHBOND  =         0.0000  RESTRAINT  =       113.3959
 EAMBER (non-restraint)  =    -90173.6815
 ------------------------------------------------------------------------------

wrapping first mol.:      -50.55603       35.74852       61.91825
wrapping first mol.:      -50.55603       35.74852       61.91825

 NSTEP =    47000   TIME(PS) =    1334.000  TEMP(K) =   298.05  PRESS =     0.0
 Etot   =    -72352.9045  EKtot   =     17736.9316  EPtot      =    -90089.8362
 BOND   =       387.2198  ANGLE   =      1105.1179  DIHED      =      1397.4728
 1-4 NB =       445.1618  1-4 EEL =      4547.6488  VDWAALS    =     11265.4479
 EELEC  =   -109350.2093  EHBOND  =         0.0000  RESTRAINT  =       112.3040
 EAMBER (non-restraint)  =    -90202.1402
 ------------------------------------------------------------------------------

wrapping first mol.:      -50.55603       35.74852       61.91825
wrapping first mol.:      -50.55603       35.74852       61.91825

 NSTEP =    47500   TIME(PS) =    1335.000  TEMP(K) =   298.88  PRESS =     0.0
 Etot   =    -72432.6060  EKtot   =     17786.3711  EPtot      =    -90218.9771
 BOND   =       401.4414  ANGLE   =      1132.6795  DIHED      =      1374.4592
 1-4 NB =       431.7593  1-4 EEL =      4550.7205  VDWAALS    =     11654.0775
 EELEC  =   -109872.9847  EHBOND  =         0.0000  RESTRAINT  =       108.8703
 EAMBER (non-restraint)  =    -90327.8473
 ------------------------------------------------------------------------------

wrapping first mol.:      -50.55603       35.74852       61.91825
wrapping first mol.:      -50.55603       35.74852       61.91825

 NSTEP =    48000   TIME(PS) =    1336.000  TEMP(K) =   300.43  PRESS =     0.0
 Etot   =    -72130.8920  EKtot   =     17878.1602  EPtot      =    -90009.0522
 BOND   =       402.7024  ANGLE   =      1135.2399  DIHED      =      1381.0158
 1-4 NB =       442.7529  1-4 EEL =      4567.9235  VDWAALS    =     11583.9862
 EELEC  =   -109624.0139  EHBOND  =         0.0000  RESTRAINT  =       101.3411
 EAMBER (non-restraint)  =    -90110.3932
 ------------------------------------------------------------------------------

wrapping first mol.:      -50.55603       35.74852       61.91825
wrapping first mol.:      -50.55603       35.74852       61.91825

 NSTEP =    48500   TIME(PS) =    1337.000  TEMP(K) =   299.31  PRESS =     0.0
 Etot   =    -72248.1509  EKtot   =     17811.5938  EPtot      =    -90059.7446
 BOND   =       408.1287  ANGLE   =      1124.7439  DIHED      =      1394.2972
 1-4 NB =       448.4415  1-4 EEL =      4530.0469  VDWAALS    =     11734.0072
 EELEC  =   -109808.7526  EHBOND  =         0.0000  RESTRAINT  =       109.3426
 EAMBER (non-restraint)  =    -90169.0872
 ------------------------------------------------------------------------------

wrapping first mol.:      -50.55603       35.74852       61.91825
wrapping first mol.:      -50.55603       35.74852       61.91825

 NSTEP =    49000   TIME(PS) =    1338.000  TEMP(K) =   300.18  PRESS =     0.0
 Etot   =    -72266.4446  EKtot   =     17863.3613  EPtot      =    -90129.8059
 BOND   =       385.3745  ANGLE   =      1080.3842  DIHED      =      1392.9020
 1-4 NB =       443.8252  1-4 EEL =      4598.4808  VDWAALS    =     11353.2884
 EELEC  =   -109498.8112  EHBOND  =         0.0000  RESTRAINT  =       114.7503
 EAMBER (non-restraint)  =    -90244.5562
 ------------------------------------------------------------------------------

wrapping first mol.:      -50.55603       35.74852       61.91825
wrapping first mol.:      -50.55603       35.74852       61.91825

 NSTEP =    49500   TIME(PS) =    1339.000  TEMP(K) =   298.97  PRESS =     0.0
 Etot   =    -72296.6510  EKtot   =     17791.7480  EPtot      =    -90088.3991
 BOND   =       414.1945  ANGLE   =      1061.4173  DIHED      =      1384.8325
 1-4 NB =       465.3690  1-4 EEL =      4594.3005  VDWAALS    =     11402.1904
 EELEC  =   -109512.2810  EHBOND  =         0.0000  RESTRAINT  =       101.5778
 EAMBER (non-restraint)  =    -90189.9769
 ------------------------------------------------------------------------------

wrapping first mol.:      -50.55603       35.74852       61.91825
wrapping first mol.:      -50.55603       35.74852       61.91825

 NSTEP =    50000   TIME(PS) =    1340.000  TEMP(K) =   295.89  PRESS =     0.0
 Etot   =    -72642.2601  EKtot   =     17608.3516  EPtot      =    -90250.6117
 BOND   =       420.6439  ANGLE   =      1089.6878  DIHED      =      1354.2935
 1-4 NB =       426.3521  1-4 EEL =      4545.3152  VDWAALS    =     11356.5393
 EELEC  =   -109545.5968  EHBOND  =         0.0000  RESTRAINT  =       102.1535
 EAMBER (non-restraint)  =    -90352.7651
 ------------------------------------------------------------------------------


      A V E R A G E S   O V E R     100 S T E P S


 NSTEP =    50000   TIME(PS) =    1340.000  TEMP(K) =   300.13  PRESS =     0.0
 Etot   =    -72247.8478  EKtot   =     17860.3361  EPtot      =    -90108.1839
 BOND   =       394.8093  ANGLE   =      1101.1768  DIHED      =      1378.9291
 1-4 NB =       444.4127  1-4 EEL =      4581.2793  VDWAALS    =     11435.8451
 EELEC  =   -109552.3327  EHBOND  =         0.0000  RESTRAINT  =       107.6965
 EAMBER (non-restraint)  =    -90215.8804
 ------------------------------------------------------------------------------


      R M S  F L U C T U A T I O N S


 NSTEP =    50000   TIME(PS) =    1340.000  TEMP(K) =     1.78  PRESS =     0.0
 Etot   =       168.8458  EKtot   =       105.9075  EPtot      =       142.1234
 BOND   =        16.4988  ANGLE   =        25.6604  DIHED      =        14.2895
 1-4 NB =         9.7560  1-4 EEL =        26.9966  VDWAALS    =       134.2978
 EELEC  =       208.4155  EHBOND  =         0.0000  RESTRAINT  =         5.9636
 EAMBER (non-restraint)  =       136.1598
 ------------------------------------------------------------------------------

--------------------------------------------------------------------------------
   5.  TIMINGS
--------------------------------------------------------------------------------

|  NonSetup CPU Time in Major Routines:
|
|     Routine           Sec        %
|     ------------------------------
|     Nonbond           9.05   15.29
|     Bond              0.00    0.00
|     Angle             0.00    0.00
|     Dihedral          0.00    0.00
|     Shake             0.87    1.47
|     RunMD            49.17   83.08
|     Other             0.09    0.15
|     ------------------------------
|     Total            59.18

|  PME Nonbond Pairlist CPU Time:
|
|     Routine              Sec        %
|     ---------------------------------
|     Set Up Cit           0.00    0.00
|     Build List           0.00    0.00
|     ---------------------------------
|     Total                0.00    0.00

|  PME Direct Force CPU Time:
|
|     Routine              Sec        %
|     ---------------------------------
|     NonBonded Calc       0.00    0.00
|     Exclude Masked       0.00    0.00
|     Other                0.04    0.07
|     ---------------------------------
|     Total                0.04    0.07

|  PME Reciprocal Force CPU Time:
|
|     Routine              Sec        %
|     ---------------------------------
|     1D bspline           0.00    0.00
|     Grid Charges         0.00    0.00
|     Scalar Sum           0.00    0.00
|     Gradient Sum         0.00    0.00
|     FFT                  0.00    0.00
|     ---------------------------------
|     Total                0.00    0.00

|  Final Performance Info:
|     -----------------------------------------------------
|     Average timings for last   49500 steps:
|     Elapsed(s) =      59.27 Per Step(ms) =       1.20
|         ns/day =     144.31   seconds/ns =     598.69
|
|     Average timings for all steps:
|     Elapsed(s) =      59.90 Per Step(ms) =       1.20
|         ns/day =     144.23   seconds/ns =     599.04
|     -----------------------------------------------------

|  Setup CPU time:            2.30 seconds
|  NonSetup CPU time:        59.18 seconds
|  Total CPU time:           61.48 seconds     0.02 hours

|  Setup wall time:           3    seconds
|  NonSetup wall time:       60    seconds
|  Total wall time:          63    seconds     0.02 hours
