
          -------------------------------------------------------
          Amber 16 PMEMD                              2016
          -------------------------------------------------------

| PMEMD implementation of SANDER, Release 16

| Run on 11/03/2017 at 15:34:30

|   Executable path: /apps/amber16/bin/pmemd.cuda
| Working directory: /home/pbarletta
|          Hostname: mordor

  [-O]verwriting output

File Assignments:
|   MDIN: /scratch/pbarletta/2pdz/run/lb/mhe/e/14equ.in                         
|  MDOUT: /scratch/pbarletta/2pdz/run/lb/mhe/e/14equ.out                        
| INPCRD: /scratch/pbarletta/2pdz/run/lb/mhe/e/13elb.rst7                       
|   PARM: /scratch/pbarletta/2pdz/top_files/lb.prmtop                           
| RESTRT: /scratch/pbarletta/2pdz/run/lb/mhe/e/14elb.rst7                       
|   REFC: /scratch/pbarletta/2pdz/run/lb/mhe/e/13elb.rst7                       
|  MDVEL: mdvel                                                                 
|   MDEN: mden                                                                  
|  MDCRD: /scratch/pbarletta/2pdz/run/lb/mhe/e/14elb.nc                         
| MDINFO: mdinfo                                                                
|  MDFRC: mdfrc                                                                 


 Here is the input file:

Equilibration with solute restrictions                                         
&cntrl                                                                         
imin = 0,                           ! No Minimization                          
nmropt = 0,                         ! No NMR restraints read                   
                                                                               
! Nature and format of the input                                               
ntx = 5,                            ! Coordinates but no velocities will be rea
irest = 1,                          ! Do not run a new simulation              
                                                                               
! Nature and format of the output                                              
ntxo = 1,                           ! rstrt file in ASCII format               
ntpr = 500,                         ! inf in output every ntpr steps           
ntwr = 500,                         ! rstrt file every ntwr steps              
ntwx = 500,                         ! mdcrd file every ntwx steps              
ntwv = 0,                           ! mdvel without velocities                 
ntwe = 0,                           ! Energies and temperatures not written in 
idecomp = 0,                        ! No energy decomposition                  
iwrap = 1,                          ! Coordinates of the restart and mdcrd file
                                                                               
! Frozen or restrained atoms                                                   
ibelly = 0,                         ! No frozen atoms                          
ntr=1,                              ! Harmonic potential restraints            
restraint_wt = 3.0,                ! The weight for the positional restraints  
restraintmask = ':1-132@N,CA,C,O',  ! restrained residues                      
                                                                               
! Molecular dynamics                                                           
nstlim = 50000,                     ! Number of MD-steps                       
dt = 0.002,                         ! Time step                                
                                                                               
! Temperature regulation                                                       
ntt = 3,                            ! Langevin thermostat                      
gamma_ln = 5,                       ! Gamma constant for Langevin              
temp0 = 300.0,                      ! Reference T at which the system is to be 
tempi = 300.0,                      ! Initial T                                
ig = -1,                            ! Seed for the RNG                         
                                                                               
! P and V regulation                                                           
ntp = 0,                            ! No pressure control                      
ntb = 1,                            ! Periodic box for constant V              
                                                                               
! SHAKE variables                                                              
ntc = 2,                            ! Bonds involving H are constrained        
ntf = 2,                            ! Bond interaction involving H are ommited.
                                                                               
cut = 10.0,                         ! Nonbonded cutoff                         
/                                                                              
&end                                                                           


Note: ig = -1. Setting random seed to   553631 based on wallclock time in 
      microseconds.
| irandom = 1, using AMBER's internal random number generator (default).
 
|--------------------- INFORMATION ----------------------
| GPU (CUDA) Version of PMEMD in use: NVIDIA GPU IN USE.
|                    Version 16.0.0
| 
|                      02/25/2016
| 
| Implementation by:
|                    Ross C. Walker     (SDSC)
|                    Scott Le Grand     (nVIDIA)
| 
| Precision model in use:
|      [SPFP] - Single Precision Forces, 64-bit Fixed Point
|               Accumulation. (Default)
| 
|--------------------------------------------------------
 
|----------------- CITATION INFORMATION -----------------
|
|    When publishing work that utilized the CUDA version
|    of AMBER, please cite the following in addition to
|    the regular AMBER citations:
|
|  - Romelia Salomon-Ferrer; Andreas W. Goetz; Duncan
|    Poole; Scott Le Grand; Ross C. Walker "Routine
|    microsecond molecular dynamics simulations with
|    AMBER - Part II: Particle Mesh Ewald", J. Chem.
|    Theory Comput., 2013, 9 (9), pp3878-3888,
|    DOI: 10.1021/ct400314y.
|
|  - Andreas W. Goetz; Mark J. Williamson; Dong Xu;
|    Duncan Poole; Scott Le Grand; Ross C. Walker
|    "Routine microsecond molecular dynamics simulations
|    with AMBER - Part I: Generalized Born", J. Chem.
|    Theory Comput., 2012, 8 (5), pp1542-1555.
|
|  - Scott Le Grand; Andreas W. Goetz; Ross C. Walker
|    "SPFP: Speed without compromise - a mixed precision
|    model for GPU accelerated molecular dynamics
|    simulations.", Comp. Phys. Comm., 2013, 184
|    pp374-380, DOI: 10.1016/j.cpc.2012.09.022
|
|--------------------------------------------------------
 
|------------------- GPU DEVICE INFO --------------------
|
|            CUDA_VISIBLE_DEVICES: 2
|   CUDA Capable Devices Detected:      1
|           CUDA Device ID in use:      0
|                CUDA Device Name: GeForce GTX 1080 Ti
|     CUDA Device Global Mem Size:  11172 MB
| CUDA Device Num Multiprocessors:     28
|           CUDA Device Core Freq:   1.58 GHz
|
|--------------------------------------------------------
 
 
| Conditional Compilation Defines Used:
| PUBFFT
| BINTRAJ
| CUDA
| EMIL

| Largest sphere to fit in unit cell has radius =    30.959

| New format PARM file being parsed.
| Version =    1.000 Date = 11/03/17 Time = 14:56:09

| Note: 1-4 EEL scale factors are being read from the topology file.

| Note: 1-4 VDW scale factors are being read from the topology file.
| Duplicated    0 dihedrals

| Duplicated    0 dihedrals

--------------------------------------------------------------------------------
   1.  RESOURCE   USE: 
--------------------------------------------------------------------------------

 getting new box info from bottom of inpcrd
 NATOM  =   29433 NTYPES =      16 NBONH =   28406 MBONA  =    1038
 NTHETH =    2390 MTHETA =    1396 NPHIH =    4631 MPHIA  =    3488
 NHPARM =       0 NPARM  =       0 NNB   =   47902 NRES   =    9251
 NBONA  =    1038 NTHETA =    1396 NPHIA =    3488 NUMBND =      45
 NUMANG =      95 NPTRA  =      43 NATYP =      29 NPHB   =       1
 IFBOX  =       2 NMXRS  =      24 IFCAP =       0 NEXTRA =       0
 NCOPY  =       0

| Coordinate Index Table dimensions:    12   12   12
| Direct force subcell size =     6.3195    6.3195    6.3195

     BOX TYPE: TRUNCATED OCTAHEDRON

--------------------------------------------------------------------------------
   2.  CONTROL  DATA  FOR  THE  RUN
--------------------------------------------------------------------------------

default_name                                                                    

General flags:
     imin    =       0, nmropt  =       0

Nature and format of input:
     ntx     =       5, irest   =       1, ntrx    =       1

Nature and format of output:
     ntxo    =       1, ntpr    =     500, ntrx    =       1, ntwr    =     500
     iwrap   =       1, ntwx    =     500, ntwv    =       0, ntwe    =       0
     ioutfm  =       1, ntwprt  =       0, idecomp =       0, rbornstat=      0

Potential function:
     ntf     =       2, ntb     =       1, igb     =       0, nsnb    =      25
     ipol    =       0, gbsa    =       0, iesp    =       0
     dielc   =   1.00000, cut     =  10.00000, intdiel =   1.00000

Frozen or restrained atoms:
     ibelly  =       0, ntr     =       1
     restraint_wt =   3.00000

Molecular dynamics:
     nstlim  =     50000, nscm    =         0, nrespa  =         1
     t       =   0.00000, dt      =   0.00200, vlimit  =  -1.00000

Langevin dynamics temperature regulation:
     ig      =  553631
     temp0   = 300.00000, tempi   = 300.00000, gamma_ln=   5.00000

SHAKE:
     ntc     =       2, jfastw  =       0
     tol     =   0.00001

| Intermolecular bonds treatment:
|     no_intermolecular_bonds =       1

| Energy averages sample interval:
|     ene_avg_sampling =     500

Ewald parameters:
     verbose =       0, ew_type =       0, nbflag  =       1, use_pme =       1
     vdwmeth =       1, eedmeth =       1, netfrc  =       1
     Box X =   75.834   Box Y =   75.834   Box Z =   75.834
     Alpha =  109.471   Beta  =  109.471   Gamma =  109.471
     NFFT1 =   80       NFFT2 =   80       NFFT3 =   80
     Cutoff=   10.000   Tol   =0.100E-04
     Ewald Coefficient =  0.27511
     Interpolation order =    4

    LOADING THE CONSTRAINED ATOMS AS GROUPS


   5.  REFERENCE ATOM COORDINATES

  default_name                                                                    
     Mask :1-132@N,CA,C,O; matches   528 atoms

--------------------------------------------------------------------------------
   3.  ATOMIC COORDINATES AND VELOCITIES
--------------------------------------------------------------------------------

default_name                                                                    
 begin time read from input coords =  1440.000 ps

 
 Number of triangulated 3-point waters found:     9119

     Sum of charges from parm topology file =  -0.00000008
     Forcing neutrality...

| Dynamic Memory, Types Used:
| Reals              999088
| Integers           921097

| Nonbonded Pairs Initial Allocation:     8902746

| GPU memory information (estimate):
| KB of GPU memory in use:    214995
| KB of CPU memory in use:     45027

--------------------------------------------------------------------------------
   4.  RESULTS
--------------------------------------------------------------------------------

 ---------------------------------------------------
 APPROXIMATING switch and d/dx switch using CUBIC SPLINE INTERPOLATION
 using   5000.0 points per unit in tabled values
 TESTING RELATIVE ERROR over r ranging from 0.0 to cutoff
| CHECK switch(x): max rel err =   0.2738E-14   at   2.422500
| CHECK d/dx switch(x): max rel err =   0.8314E-11   at   2.736960
 ---------------------------------------------------
|---------------------------------------------------
| APPROXIMATING direct energy using CUBIC SPLINE INTERPOLATION
|  with   50.0 points per unit in tabled values
| Relative Error Limit not exceeded for r .gt.   2.33
| APPROXIMATING direct force using CUBIC SPLINE INTERPOLATION
|  with   50.0 points per unit in tabled values
| Relative Error Limit not exceeded for r .gt.   2.80
|---------------------------------------------------
wrapping first mol.:      -50.55603       35.74852       61.91825
wrapping first mol.:      -50.55603       35.74852       61.91825

 NSTEP =      500   TIME(PS) =    1441.000  TEMP(K) =   299.14  PRESS =     0.0
 Etot   =    -72182.6199  EKtot   =     17801.3633  EPtot      =    -89983.9832
 BOND   =       385.4166  ANGLE   =      1103.1827  DIHED      =      1382.1183
 1-4 NB =       442.5110  1-4 EEL =      4602.5651  VDWAALS    =     11312.3503
 EELEC  =   -109294.1686  EHBOND  =         0.0000  RESTRAINT  =        82.0415
 EAMBER (non-restraint)  =    -90066.0247
 ------------------------------------------------------------------------------

wrapping first mol.:      -50.55603       35.74852       61.91825
wrapping first mol.:      -50.55603       35.74852       61.91825

 NSTEP =     1000   TIME(PS) =    1442.000  TEMP(K) =   299.16  PRESS =     0.0
 Etot   =    -72485.7496  EKtot   =     17803.0918  EPtot      =    -90288.8414
 BOND   =       407.4137  ANGLE   =      1084.9752  DIHED      =      1365.0256
 1-4 NB =       447.4279  1-4 EEL =      4593.5048  VDWAALS    =     11468.0157
 EELEC  =   -109744.3567  EHBOND  =         0.0000  RESTRAINT  =        89.1524
 EAMBER (non-restraint)  =    -90377.9938
 ------------------------------------------------------------------------------

wrapping first mol.:      -50.55603       35.74852       61.91825
wrapping first mol.:      -50.55603       35.74852       61.91825

 NSTEP =     1500   TIME(PS) =    1443.000  TEMP(K) =   301.64  PRESS =     0.0
 Etot   =    -72240.7132  EKtot   =     17950.3105  EPtot      =    -90191.0238
 BOND   =       377.9585  ANGLE   =      1097.7042  DIHED      =      1382.2011
 1-4 NB =       431.8561  1-4 EEL =      4592.2206  VDWAALS    =     11477.9332
 EELEC  =   -109643.8457  EHBOND  =         0.0000  RESTRAINT  =        92.9484
 EAMBER (non-restraint)  =    -90283.9722
 ------------------------------------------------------------------------------

wrapping first mol.:      -50.55603       35.74852       61.91825
wrapping first mol.:      -50.55603       35.74852       61.91825

 NSTEP =     2000   TIME(PS) =    1444.000  TEMP(K) =   298.32  PRESS =     0.0
 Etot   =    -72091.7298  EKtot   =     17752.7949  EPtot      =    -89844.5247
 BOND   =       377.2918  ANGLE   =      1105.0725  DIHED      =      1379.3987
 1-4 NB =       447.8028  1-4 EEL =      4608.6474  VDWAALS    =     11182.5668
 EELEC  =   -109033.9756  EHBOND  =         0.0000  RESTRAINT  =        88.6709
 EAMBER (non-restraint)  =    -89933.1957
 ------------------------------------------------------------------------------

wrapping first mol.:      -50.55603       35.74852       61.91825
wrapping first mol.:      -50.55603       35.74852       61.91825

 NSTEP =     2500   TIME(PS) =    1445.000  TEMP(K) =   301.87  PRESS =     0.0
 Etot   =    -71990.0928  EKtot   =     17964.2285  EPtot      =    -89954.3213
 BOND   =       423.9119  ANGLE   =      1117.6620  DIHED      =      1364.0685
 1-4 NB =       438.8187  1-4 EEL =      4558.7399  VDWAALS    =     11347.8156
 EELEC  =   -109292.4022  EHBOND  =         0.0000  RESTRAINT  =        87.0642
 EAMBER (non-restraint)  =    -90041.3856
 ------------------------------------------------------------------------------

wrapping first mol.:      -50.55603       35.74852       61.91825
wrapping first mol.:      -50.55603       35.74852       61.91825

 NSTEP =     3000   TIME(PS) =    1446.000  TEMP(K) =   301.22  PRESS =     0.0
 Etot   =    -71916.0185  EKtot   =     17925.3301  EPtot      =    -89841.3485
 BOND   =       424.8066  ANGLE   =      1112.4349  DIHED      =      1385.5289
 1-4 NB =       459.7078  1-4 EEL =      4583.7395  VDWAALS    =     11524.1895
 EELEC  =   -109426.9732  EHBOND  =         0.0000  RESTRAINT  =        95.2174
 EAMBER (non-restraint)  =    -89936.5659
 ------------------------------------------------------------------------------

wrapping first mol.:      -50.55603       35.74852       61.91825
wrapping first mol.:      -50.55603       35.74852       61.91825

 NSTEP =     3500   TIME(PS) =    1447.000  TEMP(K) =   301.31  PRESS =     0.0
 Etot   =    -72067.4718  EKtot   =     17930.7637  EPtot      =    -89998.2355
 BOND   =       377.7826  ANGLE   =      1083.7874  DIHED      =      1392.7976
 1-4 NB =       475.3851  1-4 EEL =      4583.8575  VDWAALS    =     11324.4678
 EELEC  =   -109320.6698  EHBOND  =         0.0000  RESTRAINT  =        84.3564
 EAMBER (non-restraint)  =    -90082.5919
 ------------------------------------------------------------------------------

wrapping first mol.:      -50.55603       35.74852       61.91825
wrapping first mol.:      -50.55603       35.74852       61.91825

 NSTEP =     4000   TIME(PS) =    1448.000  TEMP(K) =   300.85  PRESS =     0.0
 Etot   =    -72394.3446  EKtot   =     17903.4473  EPtot      =    -90297.7918
 BOND   =       402.5279  ANGLE   =      1109.8803  DIHED      =      1370.0876
 1-4 NB =       430.1261  1-4 EEL =      4589.5211  VDWAALS    =     11594.5650
 EELEC  =   -109890.4918  EHBOND  =         0.0000  RESTRAINT  =        95.9920
 EAMBER (non-restraint)  =    -90393.7838
 ------------------------------------------------------------------------------

wrapping first mol.:      -50.55603       35.74852       61.91825
wrapping first mol.:      -50.55603       35.74852       61.91825

 NSTEP =     4500   TIME(PS) =    1449.000  TEMP(K) =   300.48  PRESS =     0.0
 Etot   =    -72522.7592  EKtot   =     17881.5566  EPtot      =    -90404.3158
 BOND   =       386.5142  ANGLE   =      1122.4931  DIHED      =      1376.1501
 1-4 NB =       440.6331  1-4 EEL =      4595.5264  VDWAALS    =     11724.7509
 EELEC  =   -110140.1091  EHBOND  =         0.0000  RESTRAINT  =        89.7256
 EAMBER (non-restraint)  =    -90494.0414
 ------------------------------------------------------------------------------

wrapping first mol.:      -50.55603       35.74852       61.91825
wrapping first mol.:      -50.55603       35.74852       61.91825

 NSTEP =     5000   TIME(PS) =    1450.000  TEMP(K) =   297.89  PRESS =     0.0
 Etot   =    -72572.9308  EKtot   =     17727.2793  EPtot      =    -90300.2101
 BOND   =       408.3345  ANGLE   =      1106.8441  DIHED      =      1395.1827
 1-4 NB =       426.6743  1-4 EEL =      4579.0131  VDWAALS    =     11448.5697
 EELEC  =   -109763.0091  EHBOND  =         0.0000  RESTRAINT  =        98.1805
 EAMBER (non-restraint)  =    -90398.3905
 ------------------------------------------------------------------------------

wrapping first mol.:      -50.55603       35.74852       61.91825
wrapping first mol.:      -50.55603       35.74852       61.91825

 NSTEP =     5500   TIME(PS) =    1451.000  TEMP(K) =   297.98  PRESS =     0.0
 Etot   =    -72545.9366  EKtot   =     17732.8672  EPtot      =    -90278.8038
 BOND   =       368.1207  ANGLE   =      1135.9688  DIHED      =      1395.3293
 1-4 NB =       462.0644  1-4 EEL =      4609.7526  VDWAALS    =     11611.5180
 EELEC  =   -109962.4960  EHBOND  =         0.0000  RESTRAINT  =       100.9385
 EAMBER (non-restraint)  =    -90379.7423
 ------------------------------------------------------------------------------

wrapping first mol.:      -50.55603       35.74852       61.91825
wrapping first mol.:      -50.55603       35.74852       61.91825

 NSTEP =     6000   TIME(PS) =    1452.000  TEMP(K) =   300.50  PRESS =     0.0
 Etot   =    -71817.9954  EKtot   =     17882.4043  EPtot      =    -89700.3997
 BOND   =       417.0348  ANGLE   =      1126.2207  DIHED      =      1377.7435
 1-4 NB =       448.4776  1-4 EEL =      4602.2783  VDWAALS    =     11189.0014
 EELEC  =   -108958.4392  EHBOND  =         0.0000  RESTRAINT  =        97.2832
 EAMBER (non-restraint)  =    -89797.6829
 ------------------------------------------------------------------------------

wrapping first mol.:      -50.55603       35.74852       61.91825
wrapping first mol.:      -50.55603       35.74852       61.91825

 NSTEP =     6500   TIME(PS) =    1453.000  TEMP(K) =   300.82  PRESS =     0.0
 Etot   =    -72444.3560  EKtot   =     17901.7578  EPtot      =    -90346.1138
 BOND   =       421.6371  ANGLE   =      1085.2712  DIHED      =      1390.0034
 1-4 NB =       440.2882  1-4 EEL =      4578.1951  VDWAALS    =     11419.9783
 EELEC  =   -109774.0909  EHBOND  =         0.0000  RESTRAINT  =        92.6040
 EAMBER (non-restraint)  =    -90438.7178
 ------------------------------------------------------------------------------

wrapping first mol.:      -50.55603       35.74852       61.91825
wrapping first mol.:      -50.55603       35.74852       61.91825

 NSTEP =     7000   TIME(PS) =    1454.000  TEMP(K) =   297.69  PRESS =     0.0
 Etot   =    -72716.2664  EKtot   =     17715.2559  EPtot      =    -90431.5223
 BOND   =       356.2481  ANGLE   =      1062.5981  DIHED      =      1402.4524
 1-4 NB =       452.4613  1-4 EEL =      4596.3966  VDWAALS    =     11430.0230
 EELEC  =   -109828.6800  EHBOND  =         0.0000  RESTRAINT  =        96.9783
 EAMBER (non-restraint)  =    -90528.5006
 ------------------------------------------------------------------------------

wrapping first mol.:      -50.55603       35.74852       61.91825
wrapping first mol.:      -50.55603       35.74852       61.91825

 NSTEP =     7500   TIME(PS) =    1455.000  TEMP(K) =   298.33  PRESS =     0.0
 Etot   =    -72362.5649  EKtot   =     17753.6680  EPtot      =    -90116.2328
 BOND   =       378.6712  ANGLE   =      1164.4877  DIHED      =      1367.7192
 1-4 NB =       459.4411  1-4 EEL =      4616.7655  VDWAALS    =     11698.7158
 EELEC  =   -109892.5899  EHBOND  =         0.0000  RESTRAINT  =        90.5566
 EAMBER (non-restraint)  =    -90206.7895
 ------------------------------------------------------------------------------

wrapping first mol.:      -50.55603       35.74852       61.91825
wrapping first mol.:      -50.55603       35.74852       61.91825

 NSTEP =     8000   TIME(PS) =    1456.000  TEMP(K) =   297.50  PRESS =     0.0
 Etot   =    -72498.0324  EKtot   =     17704.3418  EPtot      =    -90202.3742
 BOND   =       420.9176  ANGLE   =      1097.3919  DIHED      =      1390.8285
 1-4 NB =       446.1176  1-4 EEL =      4563.9976  VDWAALS    =     11460.9350
 EELEC  =   -109669.7881  EHBOND  =         0.0000  RESTRAINT  =        87.2257
 EAMBER (non-restraint)  =    -90289.5999
 ------------------------------------------------------------------------------

wrapping first mol.:      -50.55603       35.74852       61.91825
wrapping first mol.:      -50.55603       35.74852       61.91825

 NSTEP =     8500   TIME(PS) =    1457.000  TEMP(K) =   299.30  PRESS =     0.0
 Etot   =    -72442.1618  EKtot   =     17811.3457  EPtot      =    -90253.5075
 BOND   =       416.6647  ANGLE   =      1069.8382  DIHED      =      1383.5544
 1-4 NB =       429.8743  1-4 EEL =      4585.0405  VDWAALS    =     11457.6831
 EELEC  =   -109681.4083  EHBOND  =         0.0000  RESTRAINT  =        85.2454
 EAMBER (non-restraint)  =    -90338.7529
 ------------------------------------------------------------------------------

wrapping first mol.:      -50.55603       35.74852       61.91825
wrapping first mol.:      -50.55603       35.74852       61.91825

 NSTEP =     9000   TIME(PS) =    1458.000  TEMP(K) =   298.05  PRESS =     0.0
 Etot   =    -72270.5519  EKtot   =     17736.9883  EPtot      =    -90007.5402
 BOND   =       416.6006  ANGLE   =      1080.9452  DIHED      =      1390.1753
 1-4 NB =       442.7570  1-4 EEL =      4538.2229  VDWAALS    =     11299.5104
 EELEC  =   -109270.3343  EHBOND  =         0.0000  RESTRAINT  =        94.5826
 EAMBER (non-restraint)  =    -90102.1228
 ------------------------------------------------------------------------------

wrapping first mol.:      -50.55603       35.74852       61.91825
wrapping first mol.:      -50.55603       35.74852       61.91825

 NSTEP =     9500   TIME(PS) =    1459.000  TEMP(K) =   300.58  PRESS =     0.0
 Etot   =    -72007.1760  EKtot   =     17887.4141  EPtot      =    -89894.5901
 BOND   =       349.6043  ANGLE   =      1113.3891  DIHED      =      1366.5869
 1-4 NB =       456.1579  1-4 EEL =      4563.5466  VDWAALS    =     11240.6801
 EELEC  =   -109083.7104  EHBOND  =         0.0000  RESTRAINT  =        99.1555
 EAMBER (non-restraint)  =    -89993.7456
 ------------------------------------------------------------------------------

wrapping first mol.:      -50.55603       35.74852       61.91825
wrapping first mol.:      -50.55603       35.74852       61.91825

 NSTEP =    10000   TIME(PS) =    1460.000  TEMP(K) =   300.61  PRESS =     0.0
 Etot   =    -72347.6706  EKtot   =     17889.3691  EPtot      =    -90237.0398
 BOND   =       361.8060  ANGLE   =      1097.4693  DIHED      =      1354.8698
 1-4 NB =       439.3345  1-4 EEL =      4597.7309  VDWAALS    =     11293.9473
 EELEC  =   -109470.0161  EHBOND  =         0.0000  RESTRAINT  =        87.8185
 EAMBER (non-restraint)  =    -90324.8583
 ------------------------------------------------------------------------------

wrapping first mol.:      -50.55603       35.74852       61.91825
wrapping first mol.:      -50.55603       35.74852       61.91825

 NSTEP =    10500   TIME(PS) =    1461.000  TEMP(K) =   300.15  PRESS =     0.0
 Etot   =    -72154.6416  EKtot   =     17861.8555  EPtot      =    -90016.4970
 BOND   =       412.3106  ANGLE   =      1106.8815  DIHED      =      1391.7352
 1-4 NB =       435.3895  1-4 EEL =      4530.1984  VDWAALS    =     11477.5152
 EELEC  =   -109466.2334  EHBOND  =         0.0000  RESTRAINT  =        95.7059
 EAMBER (non-restraint)  =    -90112.2030
 ------------------------------------------------------------------------------

wrapping first mol.:      -50.55603       35.74852       61.91825
wrapping first mol.:      -50.55603       35.74852       61.91825

 NSTEP =    11000   TIME(PS) =    1462.000  TEMP(K) =   298.37  PRESS =     0.0
 Etot   =    -72355.3797  EKtot   =     17755.6035  EPtot      =    -90110.9833
 BOND   =       386.9350  ANGLE   =      1093.8039  DIHED      =      1386.1786
 1-4 NB =       428.7751  1-4 EEL =      4535.9462  VDWAALS    =     11588.2303
 EELEC  =   -109625.4107  EHBOND  =         0.0000  RESTRAINT  =        94.5584
 EAMBER (non-restraint)  =    -90205.5417
 ------------------------------------------------------------------------------

wrapping first mol.:      -50.55603       35.74852       61.91825
wrapping first mol.:      -50.55603       35.74852       61.91825

 NSTEP =    11500   TIME(PS) =    1463.000  TEMP(K) =   297.04  PRESS =     0.0
 Etot   =    -72528.1124  EKtot   =     17676.4609  EPtot      =    -90204.5734
 BOND   =       398.9757  ANGLE   =      1104.4315  DIHED      =      1362.3784
 1-4 NB =       433.7269  1-4 EEL =      4502.7660  VDWAALS    =     11233.7656
 EELEC  =   -109339.8167  EHBOND  =         0.0000  RESTRAINT  =        99.1993
 EAMBER (non-restraint)  =    -90303.7727
 ------------------------------------------------------------------------------

wrapping first mol.:      -50.55603       35.74852       61.91825
wrapping first mol.:      -50.55603       35.74852       61.91825

 NSTEP =    12000   TIME(PS) =    1464.000  TEMP(K) =   299.06  PRESS =     0.0
 Etot   =    -72468.5763  EKtot   =     17797.1133  EPtot      =    -90265.6896
 BOND   =       369.4784  ANGLE   =      1072.9729  DIHED      =      1394.3146
 1-4 NB =       434.4628  1-4 EEL =      4543.6558  VDWAALS    =     11512.7351
 EELEC  =   -109682.8229  EHBOND  =         0.0000  RESTRAINT  =        89.5138
 EAMBER (non-restraint)  =    -90355.2034
 ------------------------------------------------------------------------------

wrapping first mol.:      -50.55603       35.74852       61.91825
wrapping first mol.:      -50.55603       35.74852       61.91825

 NSTEP =    12500   TIME(PS) =    1465.000  TEMP(K) =   299.49  PRESS =     0.0
 Etot   =    -72377.8817  EKtot   =     17822.6465  EPtot      =    -90200.5282
 BOND   =       383.5729  ANGLE   =      1119.7671  DIHED      =      1382.6676
 1-4 NB =       444.5925  1-4 EEL =      4553.7908  VDWAALS    =     11499.0507
 EELEC  =   -109679.1754  EHBOND  =         0.0000  RESTRAINT  =        95.2056
 EAMBER (non-restraint)  =    -90295.7338
 ------------------------------------------------------------------------------

wrapping first mol.:      -50.55603       35.74852       61.91825
wrapping first mol.:      -50.55603       35.74852       61.91825

 NSTEP =    13000   TIME(PS) =    1466.000  TEMP(K) =   301.85  PRESS =     0.0
 Etot   =    -72385.1904  EKtot   =     17963.0117  EPtot      =    -90348.2021
 BOND   =       389.7003  ANGLE   =      1098.6525  DIHED      =      1389.2814
 1-4 NB =       436.8698  1-4 EEL =      4547.4060  VDWAALS    =     11736.5239
 EELEC  =   -110041.1502  EHBOND  =         0.0000  RESTRAINT  =        94.5142
 EAMBER (non-restraint)  =    -90442.7162
 ------------------------------------------------------------------------------

wrapping first mol.:      -50.55603       35.74852       61.91825
wrapping first mol.:      -50.55603       35.74852       61.91825

 NSTEP =    13500   TIME(PS) =    1467.000  TEMP(K) =   301.06  PRESS =     0.0
 Etot   =    -72311.6354  EKtot   =     17915.9551  EPtot      =    -90227.5905
 BOND   =       403.8954  ANGLE   =      1074.6436  DIHED      =      1395.8158
 1-4 NB =       447.6724  1-4 EEL =      4584.6322  VDWAALS    =     11597.2426
 EELEC  =   -109809.2806  EHBOND  =         0.0000  RESTRAINT  =        77.7882
 EAMBER (non-restraint)  =    -90305.3787
 ------------------------------------------------------------------------------

wrapping first mol.:      -50.55603       35.74852       61.91825
wrapping first mol.:      -50.55603       35.74852       61.91825

 NSTEP =    14000   TIME(PS) =    1468.000  TEMP(K) =   298.94  PRESS =     0.0
 Etot   =    -72326.9212  EKtot   =     17789.9902  EPtot      =    -90116.9115
 BOND   =       368.3833  ANGLE   =      1119.1492  DIHED      =      1397.5552
 1-4 NB =       438.6930  1-4 EEL =      4563.6992  VDWAALS    =     11509.2484
 EELEC  =   -109605.0964  EHBOND  =         0.0000  RESTRAINT  =        91.4566
 EAMBER (non-restraint)  =    -90208.3680
 ------------------------------------------------------------------------------

wrapping first mol.:      -50.55603       35.74852       61.91825
wrapping first mol.:      -50.55603       35.74852       61.91825

 NSTEP =    14500   TIME(PS) =    1469.000  TEMP(K) =   299.19  PRESS =     0.0
 Etot   =    -72388.4237  EKtot   =     17804.6660  EPtot      =    -90193.0897
 BOND   =       400.9708  ANGLE   =      1121.7594  DIHED      =      1388.0785
 1-4 NB =       449.7417  1-4 EEL =      4572.6505  VDWAALS    =     11493.1595
 EELEC  =   -109714.4167  EHBOND  =         0.0000  RESTRAINT  =        94.9666
 EAMBER (non-restraint)  =    -90288.0563
 ------------------------------------------------------------------------------

wrapping first mol.:      -50.55603       35.74852       61.91825
wrapping first mol.:      -50.55603       35.74852       61.91825

 NSTEP =    15000   TIME(PS) =    1470.000  TEMP(K) =   299.12  PRESS =     0.0
 Etot   =    -72406.0382  EKtot   =     17800.3301  EPtot      =    -90206.3683
 BOND   =       394.6683  ANGLE   =      1115.5832  DIHED      =      1381.4413
 1-4 NB =       457.4673  1-4 EEL =      4619.1089  VDWAALS    =     11675.0831
 EELEC  =   -109939.4236  EHBOND  =         0.0000  RESTRAINT  =        89.7032
 EAMBER (non-restraint)  =    -90296.0715
 ------------------------------------------------------------------------------

wrapping first mol.:      -50.55603       35.74852       61.91825
wrapping first mol.:      -50.55603       35.74852       61.91825

 NSTEP =    15500   TIME(PS) =    1471.000  TEMP(K) =   299.96  PRESS =     0.0
 Etot   =    -72212.6040  EKtot   =     17850.2012  EPtot      =    -90062.8051
 BOND   =       405.6514  ANGLE   =      1094.3487  DIHED      =      1365.6774
 1-4 NB =       469.4292  1-4 EEL =      4580.4940  VDWAALS    =     11662.5074
 EELEC  =   -109731.4777  EHBOND  =         0.0000  RESTRAINT  =        90.5645
 EAMBER (non-restraint)  =    -90153.3696
 ------------------------------------------------------------------------------

wrapping first mol.:      -50.55603       35.74852       61.91825
wrapping first mol.:      -50.55603       35.74852       61.91825

 NSTEP =    16000   TIME(PS) =    1472.000  TEMP(K) =   300.53  PRESS =     0.0
 Etot   =    -72370.3289  EKtot   =     17884.5000  EPtot      =    -90254.8289
 BOND   =       380.2042  ANGLE   =      1122.9173  DIHED      =      1378.0319
 1-4 NB =       442.2434  1-4 EEL =      4565.6437  VDWAALS    =     11497.7845
 EELEC  =   -109718.8479  EHBOND  =         0.0000  RESTRAINT  =        77.1940
 EAMBER (non-restraint)  =    -90332.0229
 ------------------------------------------------------------------------------

wrapping first mol.:      -50.55603       35.74852       61.91825
wrapping first mol.:      -50.55603       35.74852       61.91825

 NSTEP =    16500   TIME(PS) =    1473.000  TEMP(K) =   302.72  PRESS =     0.0
 Etot   =    -72287.0550  EKtot   =     18014.4531  EPtot      =    -90301.5082
 BOND   =       370.7444  ANGLE   =      1128.9399  DIHED      =      1378.5932
 1-4 NB =       444.9426  1-4 EEL =      4621.3011  VDWAALS    =     11566.6645
 EELEC  =   -109908.8875  EHBOND  =         0.0000  RESTRAINT  =        96.1937
 EAMBER (non-restraint)  =    -90397.7018
 ------------------------------------------------------------------------------

wrapping first mol.:      -50.55603       35.74852       61.91825
wrapping first mol.:      -50.55603       35.74852       61.91825

 NSTEP =    17000   TIME(PS) =    1474.000  TEMP(K) =   298.05  PRESS =     0.0
 Etot   =    -72558.1968  EKtot   =     17736.6406  EPtot      =    -90294.8374
 BOND   =       405.6434  ANGLE   =      1101.6533  DIHED      =      1379.2692
 1-4 NB =       455.8566  1-4 EEL =      4608.5522  VDWAALS    =     11512.9662
 EELEC  =   -109846.5041  EHBOND  =         0.0000  RESTRAINT  =        87.7259
 EAMBER (non-restraint)  =    -90382.5633
 ------------------------------------------------------------------------------

wrapping first mol.:      -50.55603       35.74852       61.91825
wrapping first mol.:      -50.55603       35.74852       61.91825

 NSTEP =    17500   TIME(PS) =    1475.000  TEMP(K) =   302.58  PRESS =     0.0
 Etot   =    -72057.7811  EKtot   =     18006.1934  EPtot      =    -90063.9745
 BOND   =       400.2039  ANGLE   =      1114.3886  DIHED      =      1387.1933
 1-4 NB =       443.2153  1-4 EEL =      4568.5751  VDWAALS    =     11229.8527
 EELEC  =   -109289.7838  EHBOND  =         0.0000  RESTRAINT  =        82.3804
 EAMBER (non-restraint)  =    -90146.3549
 ------------------------------------------------------------------------------

wrapping first mol.:      -50.55603       35.74852       61.91825
wrapping first mol.:      -50.55603       35.74852       61.91825

 NSTEP =    18000   TIME(PS) =    1476.000  TEMP(K) =   298.41  PRESS =     0.0
 Etot   =    -72227.0179  EKtot   =     17758.4785  EPtot      =    -89985.4964
 BOND   =       414.8133  ANGLE   =      1087.0448  DIHED      =      1388.9370
 1-4 NB =       440.7986  1-4 EEL =      4577.7661  VDWAALS    =     11368.9789
 EELEC  =   -109355.2340  EHBOND  =         0.0000  RESTRAINT  =        91.3986
 EAMBER (non-restraint)  =    -90076.8951
 ------------------------------------------------------------------------------

wrapping first mol.:      -50.55603       35.74852       61.91825
wrapping first mol.:      -50.55603       35.74852       61.91825

 NSTEP =    18500   TIME(PS) =    1477.000  TEMP(K) =   298.16  PRESS =     0.0
 Etot   =    -72176.0194  EKtot   =     17743.1172  EPtot      =    -89919.1366
 BOND   =       398.2198  ANGLE   =      1107.0449  DIHED      =      1377.8366
 1-4 NB =       442.9613  1-4 EEL =      4580.1591  VDWAALS    =     11298.0097
 EELEC  =   -109203.7477  EHBOND  =         0.0000  RESTRAINT  =        80.3797
 EAMBER (non-restraint)  =    -89999.5163
 ------------------------------------------------------------------------------

wrapping first mol.:      -50.55603       35.74852       61.91825
wrapping first mol.:      -50.55603       35.74852       61.91825

 NSTEP =    19000   TIME(PS) =    1478.000  TEMP(K) =   302.45  PRESS =     0.0
 Etot   =    -72243.0633  EKtot   =     17998.4453  EPtot      =    -90241.5086
 BOND   =       391.0064  ANGLE   =      1099.1280  DIHED      =      1377.4468
 1-4 NB =       447.5736  1-4 EEL =      4617.0057  VDWAALS    =     11353.5828
 EELEC  =   -109613.5903  EHBOND  =         0.0000  RESTRAINT  =        86.3384
 EAMBER (non-restraint)  =    -90327.8471
 ------------------------------------------------------------------------------

wrapping first mol.:      -50.55603       35.74852       61.91825
wrapping first mol.:      -50.55603       35.74852       61.91825

 NSTEP =    19500   TIME(PS) =    1479.000  TEMP(K) =   300.58  PRESS =     0.0
 Etot   =    -72125.4623  EKtot   =     17887.3926  EPtot      =    -90012.8549
 BOND   =       425.9850  ANGLE   =      1094.0689  DIHED      =      1392.4814
 1-4 NB =       435.7110  1-4 EEL =      4591.3414  VDWAALS    =     11359.8975
 EELEC  =   -109406.1798  EHBOND  =         0.0000  RESTRAINT  =        93.8397
 EAMBER (non-restraint)  =    -90106.6946
 ------------------------------------------------------------------------------

wrapping first mol.:      -50.55603       35.74852       61.91825
wrapping first mol.:      -50.55603       35.74852       61.91825

 NSTEP =    20000   TIME(PS) =    1480.000  TEMP(K) =   300.80  PRESS =     0.0
 Etot   =    -71891.9793  EKtot   =     17900.6699  EPtot      =    -89792.6492
 BOND   =       404.3444  ANGLE   =      1128.9372  DIHED      =      1370.7471
 1-4 NB =       445.2333  1-4 EEL =      4586.7932  VDWAALS    =     11242.7044
 EELEC  =   -109062.5474  EHBOND  =         0.0000  RESTRAINT  =        91.1386
 EAMBER (non-restraint)  =    -89883.7878
 ------------------------------------------------------------------------------

wrapping first mol.:      -50.55603       35.74852       61.91825
wrapping first mol.:      -50.55603       35.74852       61.91825

 NSTEP =    20500   TIME(PS) =    1481.000  TEMP(K) =   300.48  PRESS =     0.0
 Etot   =    -72138.0864  EKtot   =     17881.6836  EPtot      =    -90019.7700
 BOND   =       429.6730  ANGLE   =      1089.7669  DIHED      =      1367.2810
 1-4 NB =       460.3268  1-4 EEL =      4543.1896  VDWAALS    =     11401.9389
 EELEC  =   -109402.2156  EHBOND  =         0.0000  RESTRAINT  =        90.2692
 EAMBER (non-restraint)  =    -90110.0392
 ------------------------------------------------------------------------------

wrapping first mol.:      -50.55603       35.74852       61.91825
wrapping first mol.:      -50.55603       35.74852       61.91825

 NSTEP =    21000   TIME(PS) =    1482.000  TEMP(K) =   300.58  PRESS =     0.0
 Etot   =    -72184.1961  EKtot   =     17887.3457  EPtot      =    -90071.5418
 BOND   =       422.8715  ANGLE   =      1078.1902  DIHED      =      1374.5654
 1-4 NB =       447.2028  1-4 EEL =      4602.5922  VDWAALS    =     11493.3315
 EELEC  =   -109590.9035  EHBOND  =         0.0000  RESTRAINT  =       100.6081
 EAMBER (non-restraint)  =    -90172.1499
 ------------------------------------------------------------------------------

wrapping first mol.:      -50.55603       35.74852       61.91825
wrapping first mol.:      -50.55603       35.74852       61.91825

 NSTEP =    21500   TIME(PS) =    1483.000  TEMP(K) =   300.02  PRESS =     0.0
 Etot   =    -72299.4565  EKtot   =     17853.8750  EPtot      =    -90153.3315
 BOND   =       402.8328  ANGLE   =      1094.4131  DIHED      =      1366.8249
 1-4 NB =       452.2299  1-4 EEL =      4569.0454  VDWAALS    =     11416.3734
 EELEC  =   -109545.5558  EHBOND  =         0.0000  RESTRAINT  =        90.5049
 EAMBER (non-restraint)  =    -90243.8363
 ------------------------------------------------------------------------------

wrapping first mol.:      -50.55603       35.74852       61.91825
wrapping first mol.:      -50.55603       35.74852       61.91825

 NSTEP =    22000   TIME(PS) =    1484.000  TEMP(K) =   299.82  PRESS =     0.0
 Etot   =    -72274.7526  EKtot   =     17842.0684  EPtot      =    -90116.8210
 BOND   =       401.3061  ANGLE   =      1086.5748  DIHED      =      1376.6605
 1-4 NB =       443.5592  1-4 EEL =      4598.8144  VDWAALS    =     11434.2667
 EELEC  =   -109558.4703  EHBOND  =         0.0000  RESTRAINT  =       100.4676
 EAMBER (non-restraint)  =    -90217.2886
 ------------------------------------------------------------------------------

wrapping first mol.:      -50.55603       35.74852       61.91825
wrapping first mol.:      -50.55603       35.74852       61.91825

 NSTEP =    22500   TIME(PS) =    1485.000  TEMP(K) =   301.05  PRESS =     0.0
 Etot   =    -72125.6140  EKtot   =     17915.2480  EPtot      =    -90040.8620
 BOND   =       398.9125  ANGLE   =      1133.2814  DIHED      =      1358.1506
 1-4 NB =       444.1584  1-4 EEL =      4586.2045  VDWAALS    =     11434.8278
 EELEC  =   -109485.9015  EHBOND  =         0.0000  RESTRAINT  =        89.5043
 EAMBER (non-restraint)  =    -90130.3663
 ------------------------------------------------------------------------------

wrapping first mol.:      -50.55603       35.74852       61.91825
wrapping first mol.:      -50.55603       35.74852       61.91825

 NSTEP =    23000   TIME(PS) =    1486.000  TEMP(K) =   296.69  PRESS =     0.0
 Etot   =    -72223.9592  EKtot   =     17655.8164  EPtot      =    -89879.7756
 BOND   =       396.3973  ANGLE   =      1144.4992  DIHED      =      1373.9184
 1-4 NB =       447.1893  1-4 EEL =      4559.5072  VDWAALS    =     11340.8172
 EELEC  =   -109239.5149  EHBOND  =         0.0000  RESTRAINT  =        97.4108
 EAMBER (non-restraint)  =    -89977.1864
 ------------------------------------------------------------------------------

wrapping first mol.:      -50.55603       35.74852       61.91825
wrapping first mol.:      -50.55603       35.74852       61.91825

 NSTEP =    23500   TIME(PS) =    1487.000  TEMP(K) =   298.08  PRESS =     0.0
 Etot   =    -72527.1761  EKtot   =     17738.4922  EPtot      =    -90265.6683
 BOND   =       383.7045  ANGLE   =      1092.2195  DIHED      =      1362.5651
 1-4 NB =       454.9594  1-4 EEL =      4570.0592  VDWAALS    =     11506.6630
 EELEC  =   -109725.6194  EHBOND  =         0.0000  RESTRAINT  =        89.7804
 EAMBER (non-restraint)  =    -90355.4487
 ------------------------------------------------------------------------------

wrapping first mol.:      -50.55603       35.74852       61.91825
wrapping first mol.:      -50.55603       35.74852       61.91825

 NSTEP =    24000   TIME(PS) =    1488.000  TEMP(K) =   297.38  PRESS =     0.0
 Etot   =    -72631.2485  EKtot   =     17697.1523  EPtot      =    -90328.4009
 BOND   =       385.8726  ANGLE   =      1121.8699  DIHED      =      1394.0238
 1-4 NB =       458.1790  1-4 EEL =      4549.1245  VDWAALS    =     11152.5888
 EELEC  =   -109480.2827  EHBOND  =         0.0000  RESTRAINT  =        90.2233
 EAMBER (non-restraint)  =    -90418.6242
 ------------------------------------------------------------------------------

wrapping first mol.:      -50.55603       35.74852       61.91825
wrapping first mol.:      -50.55603       35.74852       61.91825

 NSTEP =    24500   TIME(PS) =    1489.000  TEMP(K) =   300.12  PRESS =     0.0
 Etot   =    -72416.0295  EKtot   =     17859.7441  EPtot      =    -90275.7737
 BOND   =       395.7192  ANGLE   =      1124.8813  DIHED      =      1364.9336
 1-4 NB =       444.1502  1-4 EEL =      4585.4793  VDWAALS    =     11650.1007
 EELEC  =   -109931.0297  EHBOND  =         0.0000  RESTRAINT  =        89.9917
 EAMBER (non-restraint)  =    -90365.7654
 ------------------------------------------------------------------------------

wrapping first mol.:      -50.55603       35.74852       61.91825
wrapping first mol.:      -50.55603       35.74852       61.91825

 NSTEP =    25000   TIME(PS) =    1490.000  TEMP(K) =   301.54  PRESS =     0.0
 Etot   =    -72279.5859  EKtot   =     17944.7617  EPtot      =    -90224.3476
 BOND   =       394.8324  ANGLE   =      1073.0709  DIHED      =      1378.5085
 1-4 NB =       454.9843  1-4 EEL =      4596.9311  VDWAALS    =     11526.4099
 EELEC  =   -109746.4787  EHBOND  =         0.0000  RESTRAINT  =        97.3939
 EAMBER (non-restraint)  =    -90321.7415
 ------------------------------------------------------------------------------

wrapping first mol.:      -50.55603       35.74852       61.91825
wrapping first mol.:      -50.55603       35.74852       61.91825

 NSTEP =    25500   TIME(PS) =    1491.000  TEMP(K) =   301.14  PRESS =     0.0
 Etot   =    -72451.0479  EKtot   =     17920.9531  EPtot      =    -90372.0010
 BOND   =       387.1258  ANGLE   =      1092.3895  DIHED      =      1395.9904
 1-4 NB =       457.8660  1-4 EEL =      4557.1469  VDWAALS    =     11765.0549
 EELEC  =   -110115.3442  EHBOND  =         0.0000  RESTRAINT  =        87.7697
 EAMBER (non-restraint)  =    -90459.7707
 ------------------------------------------------------------------------------

wrapping first mol.:      -50.55603       35.74852       61.91825
wrapping first mol.:      -50.55603       35.74852       61.91825

 NSTEP =    26000   TIME(PS) =    1492.000  TEMP(K) =   296.77  PRESS =     0.0
 Etot   =    -72117.6575  EKtot   =     17660.4395  EPtot      =    -89778.0970
 BOND   =       432.4155  ANGLE   =      1129.0027  DIHED      =      1366.7116
 1-4 NB =       448.1401  1-4 EEL =      4587.1555  VDWAALS    =     11288.2354
 EELEC  =   -109115.7548  EHBOND  =         0.0000  RESTRAINT  =        85.9970
 EAMBER (non-restraint)  =    -89864.0939
 ------------------------------------------------------------------------------

wrapping first mol.:      -50.55603       35.74852       61.91825
wrapping first mol.:      -50.55603       35.74852       61.91825

 NSTEP =    26500   TIME(PS) =    1493.000  TEMP(K) =   303.63  PRESS =     0.0
 Etot   =    -72020.3854  EKtot   =     18068.7109  EPtot      =    -90089.0963
 BOND   =       407.3204  ANGLE   =      1118.4020  DIHED      =      1388.9613
 1-4 NB =       443.4203  1-4 EEL =      4586.1190  VDWAALS    =     11496.7309
 EELEC  =   -109618.1100  EHBOND  =         0.0000  RESTRAINT  =        88.0598
 EAMBER (non-restraint)  =    -90177.1561
 ------------------------------------------------------------------------------

wrapping first mol.:      -50.55603       35.74852       61.91825
wrapping first mol.:      -50.55603       35.74852       61.91825

 NSTEP =    27000   TIME(PS) =    1494.000  TEMP(K) =   299.59  PRESS =     0.0
 Etot   =    -72385.2715  EKtot   =     17828.3164  EPtot      =    -90213.5879
 BOND   =       399.6080  ANGLE   =      1115.0243  DIHED      =      1374.7004
 1-4 NB =       448.4801  1-4 EEL =      4589.6483  VDWAALS    =     11205.4076
 EELEC  =   -109446.0251  EHBOND  =         0.0000  RESTRAINT  =        99.5685
 EAMBER (non-restraint)  =    -90313.1564
 ------------------------------------------------------------------------------

wrapping first mol.:      -50.55603       35.74852       61.91825
wrapping first mol.:      -50.55603       35.74852       61.91825

 NSTEP =    27500   TIME(PS) =    1495.000  TEMP(K) =   301.64  PRESS =     0.0
 Etot   =    -72233.9815  EKtot   =     17950.3711  EPtot      =    -90184.3525
 BOND   =       395.5244  ANGLE   =      1104.4151  DIHED      =      1390.6696
 1-4 NB =       443.8057  1-4 EEL =      4557.7374  VDWAALS    =     11569.0395
 EELEC  =   -109735.4763  EHBOND  =         0.0000  RESTRAINT  =        89.9320
 EAMBER (non-restraint)  =    -90274.2845
 ------------------------------------------------------------------------------

wrapping first mol.:      -50.55603       35.74852       61.91825
wrapping first mol.:      -50.55603       35.74852       61.91825

 NSTEP =    28000   TIME(PS) =    1496.000  TEMP(K) =   299.05  PRESS =     0.0
 Etot   =    -72185.8756  EKtot   =     17796.3418  EPtot      =    -89982.2174
 BOND   =       380.0822  ANGLE   =      1124.3129  DIHED      =      1383.5618
 1-4 NB =       437.6761  1-4 EEL =      4586.9885  VDWAALS    =     11048.3992
 EELEC  =   -109029.7496  EHBOND  =         0.0000  RESTRAINT  =        86.5116
 EAMBER (non-restraint)  =    -90068.7289
 ------------------------------------------------------------------------------

wrapping first mol.:      -50.55603       35.74852       61.91825
wrapping first mol.:      -50.55603       35.74852       61.91825

 NSTEP =    28500   TIME(PS) =    1497.000  TEMP(K) =   301.41  PRESS =     0.0
 Etot   =    -72066.8833  EKtot   =     17937.0000  EPtot      =    -90003.8833
 BOND   =       375.8955  ANGLE   =      1078.2634  DIHED      =      1382.3234
 1-4 NB =       455.0460  1-4 EEL =      4631.9853  VDWAALS    =     11183.0354
 EELEC  =   -109205.8472  EHBOND  =         0.0000  RESTRAINT  =        95.4148
 EAMBER (non-restraint)  =    -90099.2981
 ------------------------------------------------------------------------------

wrapping first mol.:      -50.55603       35.74852       61.91825
wrapping first mol.:      -50.55603       35.74852       61.91825

 NSTEP =    29000   TIME(PS) =    1498.000  TEMP(K) =   303.51  PRESS =     0.0
 Etot   =    -72020.3030  EKtot   =     18061.8047  EPtot      =    -90082.1077
 BOND   =       365.4656  ANGLE   =      1110.1361  DIHED      =      1378.3127
 1-4 NB =       453.9046  1-4 EEL =      4618.3204  VDWAALS    =     11368.4114
 EELEC  =   -109476.7410  EHBOND  =         0.0000  RESTRAINT  =       100.0824
 EAMBER (non-restraint)  =    -90182.1901
 ------------------------------------------------------------------------------

wrapping first mol.:      -50.55603       35.74852       61.91825
wrapping first mol.:      -50.55603       35.74852       61.91825

 NSTEP =    29500   TIME(PS) =    1499.000  TEMP(K) =   300.06  PRESS =     0.0
 Etot   =    -72084.9385  EKtot   =     17856.5742  EPtot      =    -89941.5127
 BOND   =       403.3770  ANGLE   =      1151.6463  DIHED      =      1373.1201
 1-4 NB =       442.3806  1-4 EEL =      4541.3897  VDWAALS    =     11367.0289
 EELEC  =   -109316.1376  EHBOND  =         0.0000  RESTRAINT  =        95.6822
 EAMBER (non-restraint)  =    -90037.1950
 ------------------------------------------------------------------------------

wrapping first mol.:      -50.55603       35.74852       61.91825
wrapping first mol.:      -50.55603       35.74852       61.91825

 NSTEP =    30000   TIME(PS) =    1500.000  TEMP(K) =   300.72  PRESS =     0.0
 Etot   =    -72095.0390  EKtot   =     17895.8848  EPtot      =    -89990.9238
 BOND   =       421.7771  ANGLE   =      1084.3567  DIHED      =      1386.7134
 1-4 NB =       441.6868  1-4 EEL =      4572.9071  VDWAALS    =     11265.7529
 EELEC  =   -109254.1976  EHBOND  =         0.0000  RESTRAINT  =        90.0798
 EAMBER (non-restraint)  =    -90081.0036
 ------------------------------------------------------------------------------

wrapping first mol.:      -50.55603       35.74852       61.91825
wrapping first mol.:      -50.55603       35.74852       61.91825

 NSTEP =    30500   TIME(PS) =    1501.000  TEMP(K) =   299.01  PRESS =     0.0
 Etot   =    -72263.7380  EKtot   =     17793.9609  EPtot      =    -90057.6989
 BOND   =       419.2888  ANGLE   =      1155.1460  DIHED      =      1386.9884
 1-4 NB =       449.1049  1-4 EEL =      4568.2733  VDWAALS    =     11446.5415
 EELEC  =   -109576.3539  EHBOND  =         0.0000  RESTRAINT  =        93.3122
 EAMBER (non-restraint)  =    -90151.0111
 ------------------------------------------------------------------------------

wrapping first mol.:      -50.55603       35.74852       61.91825
wrapping first mol.:      -50.55603       35.74852       61.91825

 NSTEP =    31000   TIME(PS) =    1502.000  TEMP(K) =   299.69  PRESS =     0.0
 Etot   =    -72291.6717  EKtot   =     17834.2148  EPtot      =    -90125.8866
 BOND   =       396.2891  ANGLE   =      1102.7853  DIHED      =      1388.3584
 1-4 NB =       453.4648  1-4 EEL =      4556.3928  VDWAALS    =     11698.3208
 EELEC  =   -109815.7267  EHBOND  =         0.0000  RESTRAINT  =        94.2289
 EAMBER (non-restraint)  =    -90220.1155
 ------------------------------------------------------------------------------

wrapping first mol.:      -50.55603       35.74852       61.91825
wrapping first mol.:      -50.55603       35.74852       61.91825

 NSTEP =    31500   TIME(PS) =    1503.000  TEMP(K) =   300.70  PRESS =     0.0
 Etot   =    -72323.0666  EKtot   =     17894.2695  EPtot      =    -90217.3362
 BOND   =       387.3262  ANGLE   =      1133.6277  DIHED      =      1356.7440
 1-4 NB =       434.5167  1-4 EEL =      4565.0423  VDWAALS    =     11492.3996
 EELEC  =   -109677.5151  EHBOND  =         0.0000  RESTRAINT  =        90.5225
 EAMBER (non-restraint)  =    -90307.8587
 ------------------------------------------------------------------------------

wrapping first mol.:      -50.55603       35.74852       61.91825
wrapping first mol.:      -50.55603       35.74852       61.91825

 NSTEP =    32000   TIME(PS) =    1504.000  TEMP(K) =   301.49  PRESS =     0.0
 Etot   =    -72416.0810  EKtot   =     17941.2695  EPtot      =    -90357.3505
 BOND   =       410.0615  ANGLE   =      1116.2264  DIHED      =      1352.3076
 1-4 NB =       458.2264  1-4 EEL =      4608.3287  VDWAALS    =     11572.6820
 EELEC  =   -109956.9387  EHBOND  =         0.0000  RESTRAINT  =        81.7556
 EAMBER (non-restraint)  =    -90439.1061
 ------------------------------------------------------------------------------

wrapping first mol.:      -50.55603       35.74852       61.91825
wrapping first mol.:      -50.55603       35.74852       61.91825

 NSTEP =    32500   TIME(PS) =    1505.000  TEMP(K) =   299.12  PRESS =     0.0
 Etot   =    -72593.1887  EKtot   =     17800.4570  EPtot      =    -90393.6457
 BOND   =       386.8797  ANGLE   =      1073.4013  DIHED      =      1367.9077
 1-4 NB =       449.1900  1-4 EEL =      4606.3961  VDWAALS    =     11675.1456
 EELEC  =   -110046.9709  EHBOND  =         0.0000  RESTRAINT  =        94.4048
 EAMBER (non-restraint)  =    -90488.0506
 ------------------------------------------------------------------------------

wrapping first mol.:      -50.55603       35.74852       61.91825
wrapping first mol.:      -50.55603       35.74852       61.91825

 NSTEP =    33000   TIME(PS) =    1506.000  TEMP(K) =   300.60  PRESS =     0.0
 Etot   =    -72128.2652  EKtot   =     17888.6445  EPtot      =    -90016.9098
 BOND   =       400.4987  ANGLE   =      1119.0687  DIHED      =      1391.0271
 1-4 NB =       441.2799  1-4 EEL =      4558.8942  VDWAALS    =     11442.8038
 EELEC  =   -109463.4040  EHBOND  =         0.0000  RESTRAINT  =        92.9219
 EAMBER (non-restraint)  =    -90109.8317
 ------------------------------------------------------------------------------

wrapping first mol.:      -50.55603       35.74852       61.91825
wrapping first mol.:      -50.55603       35.74852       61.91825

 NSTEP =    33500   TIME(PS) =    1507.000  TEMP(K) =   300.05  PRESS =     0.0
 Etot   =    -72064.0065  EKtot   =     17855.9707  EPtot      =    -89919.9772
 BOND   =       387.6722  ANGLE   =      1147.5387  DIHED      =      1363.8212
 1-4 NB =       453.7358  1-4 EEL =      4549.8623  VDWAALS    =     11413.3066
 EELEC  =   -109332.1096  EHBOND  =         0.0000  RESTRAINT  =        96.1956
 EAMBER (non-restraint)  =    -90016.1728
 ------------------------------------------------------------------------------

wrapping first mol.:      -50.55603       35.74852       61.91825
wrapping first mol.:      -50.55603       35.74852       61.91825

 NSTEP =    34000   TIME(PS) =    1508.000  TEMP(K) =   299.19  PRESS =     0.0
 Etot   =    -72425.9995  EKtot   =     17804.7422  EPtot      =    -90230.7417
 BOND   =       402.9035  ANGLE   =      1106.6484  DIHED      =      1359.8326
 1-4 NB =       438.8042  1-4 EEL =      4576.8675  VDWAALS    =     11586.4783
 EELEC  =   -109791.8143  EHBOND  =         0.0000  RESTRAINT  =        89.5381
 EAMBER (non-restraint)  =    -90320.2798
 ------------------------------------------------------------------------------

wrapping first mol.:      -50.55603       35.74852       61.91825
wrapping first mol.:      -50.55603       35.74852       61.91825

 NSTEP =    34500   TIME(PS) =    1509.000  TEMP(K) =   300.56  PRESS =     0.0
 Etot   =    -72252.1343  EKtot   =     17886.1914  EPtot      =    -90138.3257
 BOND   =       400.7846  ANGLE   =      1145.4625  DIHED      =      1381.7230
 1-4 NB =       451.5367  1-4 EEL =      4579.5106  VDWAALS    =     11403.8938
 EELEC  =   -109593.6561  EHBOND  =         0.0000  RESTRAINT  =        92.4192
 EAMBER (non-restraint)  =    -90230.7449
 ------------------------------------------------------------------------------

wrapping first mol.:      -50.55603       35.74852       61.91825
wrapping first mol.:      -50.55603       35.74852       61.91825

 NSTEP =    35000   TIME(PS) =    1510.000  TEMP(K) =   301.36  PRESS =     0.0
 Etot   =    -72258.6714  EKtot   =     17933.7500  EPtot      =    -90192.4214
 BOND   =       408.3056  ANGLE   =      1070.3634  DIHED      =      1373.9715
 1-4 NB =       459.1277  1-4 EEL =      4577.8900  VDWAALS    =     11671.5086
 EELEC  =   -109837.2936  EHBOND  =         0.0000  RESTRAINT  =        83.7054
 EAMBER (non-restraint)  =    -90276.1267
 ------------------------------------------------------------------------------

wrapping first mol.:      -50.55603       35.74852       61.91825
wrapping first mol.:      -50.55603       35.74852       61.91825

 NSTEP =    35500   TIME(PS) =    1511.000  TEMP(K) =   298.58  PRESS =     0.0
 Etot   =    -72303.4314  EKtot   =     17768.1855  EPtot      =    -90071.6169
 BOND   =       398.6820  ANGLE   =      1146.7960  DIHED      =      1375.9967
 1-4 NB =       436.5956  1-4 EEL =      4570.8836  VDWAALS    =     11396.2788
 EELEC  =   -109483.7101  EHBOND  =         0.0000  RESTRAINT  =        86.8606
 EAMBER (non-restraint)  =    -90158.4775
 ------------------------------------------------------------------------------

wrapping first mol.:      -50.55603       35.74852       61.91825
wrapping first mol.:      -50.55603       35.74852       61.91825

 NSTEP =    36000   TIME(PS) =    1512.000  TEMP(K) =   299.18  PRESS =     0.0
 Etot   =    -72233.8247  EKtot   =     17803.8750  EPtot      =    -90037.6997
 BOND   =       379.7893  ANGLE   =      1088.7581  DIHED      =      1386.1393
 1-4 NB =       457.0345  1-4 EEL =      4570.6307  VDWAALS    =     11490.3128
 EELEC  =   -109506.3147  EHBOND  =         0.0000  RESTRAINT  =        95.9504
 EAMBER (non-restraint)  =    -90133.6501
 ------------------------------------------------------------------------------

wrapping first mol.:      -50.55603       35.74852       61.91825
wrapping first mol.:      -50.55603       35.74852       61.91825

 NSTEP =    36500   TIME(PS) =    1513.000  TEMP(K) =   304.53  PRESS =     0.0
 Etot   =    -72085.7969  EKtot   =     18122.6309  EPtot      =    -90208.4278
 BOND   =       385.4354  ANGLE   =      1078.8758  DIHED      =      1378.8327
 1-4 NB =       460.3037  1-4 EEL =      4584.4171  VDWAALS    =     11616.8166
 EELEC  =   -109805.0991  EHBOND  =         0.0000  RESTRAINT  =        91.9900
 EAMBER (non-restraint)  =    -90300.4177
 ------------------------------------------------------------------------------

wrapping first mol.:      -50.55603       35.74852       61.91825
wrapping first mol.:      -50.55603       35.74852       61.91825

 NSTEP =    37000   TIME(PS) =    1514.000  TEMP(K) =   300.15  PRESS =     0.0
 Etot   =    -72425.9053  EKtot   =     17861.5645  EPtot      =    -90287.4698
 BOND   =       391.1222  ANGLE   =      1131.3621  DIHED      =      1369.9090
 1-4 NB =       456.3692  1-4 EEL =      4558.5507  VDWAALS    =     11639.1682
 EELEC  =   -109922.8070  EHBOND  =         0.0000  RESTRAINT  =        88.8556
 EAMBER (non-restraint)  =    -90376.3254
 ------------------------------------------------------------------------------

wrapping first mol.:      -50.55603       35.74852       61.91825
wrapping first mol.:      -50.55603       35.74852       61.91825

 NSTEP =    37500   TIME(PS) =    1515.000  TEMP(K) =   301.38  PRESS =     0.0
 Etot   =    -72020.3013  EKtot   =     17934.8867  EPtot      =    -89955.1881
 BOND   =       396.7997  ANGLE   =      1118.7184  DIHED      =      1369.6108
 1-4 NB =       443.7883  1-4 EEL =      4584.0786  VDWAALS    =     11535.6050
 EELEC  =   -109494.6843  EHBOND  =         0.0000  RESTRAINT  =        90.8955
 EAMBER (non-restraint)  =    -90046.0836
 ------------------------------------------------------------------------------

wrapping first mol.:      -50.55603       35.74852       61.91825
wrapping first mol.:      -50.55603       35.74852       61.91825

 NSTEP =    38000   TIME(PS) =    1516.000  TEMP(K) =   297.31  PRESS =     0.0
 Etot   =    -72365.4863  EKtot   =     17692.5586  EPtot      =    -90058.0449
 BOND   =       380.5200  ANGLE   =      1100.6412  DIHED      =      1350.4907
 1-4 NB =       466.2560  1-4 EEL =      4601.7116  VDWAALS    =     11469.7406
 EELEC  =   -109516.9411  EHBOND  =         0.0000  RESTRAINT  =        89.5360
 EAMBER (non-restraint)  =    -90147.5809
 ------------------------------------------------------------------------------

wrapping first mol.:      -50.55603       35.74852       61.91825
wrapping first mol.:      -50.55603       35.74852       61.91825

 NSTEP =    38500   TIME(PS) =    1517.000  TEMP(K) =   299.45  PRESS =     0.0
 Etot   =    -72262.9255  EKtot   =     17820.0938  EPtot      =    -90083.0192
 BOND   =       374.2943  ANGLE   =      1111.1458  DIHED      =      1383.4922
 1-4 NB =       443.1468  1-4 EEL =      4574.4236  VDWAALS    =     11332.8062
 EELEC  =   -109392.2301  EHBOND  =         0.0000  RESTRAINT  =        89.9021
 EAMBER (non-restraint)  =    -90172.9213
 ------------------------------------------------------------------------------

wrapping first mol.:      -50.55603       35.74852       61.91825
wrapping first mol.:      -50.55603       35.74852       61.91825

 NSTEP =    39000   TIME(PS) =    1518.000  TEMP(K) =   297.51  PRESS =     0.0
 Etot   =    -72215.7979  EKtot   =     17704.7227  EPtot      =    -89920.5206
 BOND   =       402.1724  ANGLE   =      1070.0235  DIHED      =      1402.9313
 1-4 NB =       443.0240  1-4 EEL =      4558.3705  VDWAALS    =     11392.3844
 EELEC  =   -109279.0404  EHBOND  =         0.0000  RESTRAINT  =        89.6137
 EAMBER (non-restraint)  =    -90010.1343
 ------------------------------------------------------------------------------

wrapping first mol.:      -50.55603       35.74852       61.91825
wrapping first mol.:      -50.55603       35.74852       61.91825

 NSTEP =    39500   TIME(PS) =    1519.000  TEMP(K) =   301.08  PRESS =     0.0
 Etot   =    -72203.1126  EKtot   =     17916.9375  EPtot      =    -90120.0501
 BOND   =       393.6758  ANGLE   =      1069.0235  DIHED      =      1388.7332
 1-4 NB =       458.3533  1-4 EEL =      4604.1655  VDWAALS    =     11389.9648
 EELEC  =   -109516.9649  EHBOND  =         0.0000  RESTRAINT  =        92.9987
 EAMBER (non-restraint)  =    -90213.0488
 ------------------------------------------------------------------------------

wrapping first mol.:      -50.55603       35.74852       61.91825
wrapping first mol.:      -50.55603       35.74852       61.91825

 NSTEP =    40000   TIME(PS) =    1520.000  TEMP(K) =   296.65  PRESS =     0.0
 Etot   =    -72454.9595  EKtot   =     17653.7480  EPtot      =    -90108.7076
 BOND   =       396.8001  ANGLE   =      1134.7180  DIHED      =      1375.3927
 1-4 NB =       440.9387  1-4 EEL =      4528.2793  VDWAALS    =     11364.1786
 EELEC  =   -109437.0072  EHBOND  =         0.0000  RESTRAINT  =        87.9922
 EAMBER (non-restraint)  =    -90196.6998
 ------------------------------------------------------------------------------

wrapping first mol.:      -50.55603       35.74852       61.91825
wrapping first mol.:      -50.55603       35.74852       61.91825

 NSTEP =    40500   TIME(PS) =    1521.000  TEMP(K) =   299.94  PRESS =     0.0
 Etot   =    -72167.2934  EKtot   =     17849.0566  EPtot      =    -90016.3500
 BOND   =       360.3439  ANGLE   =      1124.6536  DIHED      =      1385.3462
 1-4 NB =       440.4276  1-4 EEL =      4574.4534  VDWAALS    =     11454.2142
 EELEC  =   -109451.7082  EHBOND  =         0.0000  RESTRAINT  =        95.9192
 EAMBER (non-restraint)  =    -90112.2692
 ------------------------------------------------------------------------------

wrapping first mol.:      -50.55603       35.74852       61.91825
wrapping first mol.:      -50.55603       35.74852       61.91825

 NSTEP =    41000   TIME(PS) =    1522.000  TEMP(K) =   300.39  PRESS =     0.0
 Etot   =    -72074.6056  EKtot   =     17875.9551  EPtot      =    -89950.5607
 BOND   =       389.1424  ANGLE   =      1125.1739  DIHED      =      1376.7513
 1-4 NB =       453.7172  1-4 EEL =      4578.6872  VDWAALS    =     11527.1617
 EELEC  =   -109490.8215  EHBOND  =         0.0000  RESTRAINT  =        89.6271
 EAMBER (non-restraint)  =    -90040.1878
 ------------------------------------------------------------------------------

wrapping first mol.:      -50.55603       35.74852       61.91825
wrapping first mol.:      -50.55603       35.74852       61.91825

 NSTEP =    41500   TIME(PS) =    1523.000  TEMP(K) =   298.94  PRESS =     0.0
 Etot   =    -72398.7420  EKtot   =     17789.7012  EPtot      =    -90188.4431
 BOND   =       402.0786  ANGLE   =      1071.9370  DIHED      =      1361.5867
 1-4 NB =       466.6282  1-4 EEL =      4594.5021  VDWAALS    =     11297.3249
 EELEC  =   -109473.6888  EHBOND  =         0.0000  RESTRAINT  =        91.1881
 EAMBER (non-restraint)  =    -90279.6313
 ------------------------------------------------------------------------------

wrapping first mol.:      -50.55603       35.74852       61.91825
wrapping first mol.:      -50.55603       35.74852       61.91825

 NSTEP =    42000   TIME(PS) =    1524.000  TEMP(K) =   302.28  PRESS =     0.0
 Etot   =    -72012.0282  EKtot   =     17988.4785  EPtot      =    -90000.5067
 BOND   =       405.5327  ANGLE   =      1147.0788  DIHED      =      1364.1348
 1-4 NB =       439.5198  1-4 EEL =      4560.0784  VDWAALS    =     11638.4957
 EELEC  =   -109649.6046  EHBOND  =         0.0000  RESTRAINT  =        94.2576
 EAMBER (non-restraint)  =    -90094.7643
 ------------------------------------------------------------------------------

wrapping first mol.:      -50.55603       35.74852       61.91825
wrapping first mol.:      -50.55603       35.74852       61.91825

 NSTEP =    42500   TIME(PS) =    1525.000  TEMP(K) =   303.30  PRESS =     0.0
 Etot   =    -71777.6195  EKtot   =     18048.9688  EPtot      =    -89826.5882
 BOND   =       405.1478  ANGLE   =      1105.1168  DIHED      =      1367.6313
 1-4 NB =       452.5838  1-4 EEL =      4551.5098  VDWAALS    =     11280.0845
 EELEC  =   -109076.9907  EHBOND  =         0.0000  RESTRAINT  =        88.3285
 EAMBER (non-restraint)  =    -89914.9168
 ------------------------------------------------------------------------------

wrapping first mol.:      -50.55603       35.74852       61.91825
wrapping first mol.:      -50.55603       35.74852       61.91825

 NSTEP =    43000   TIME(PS) =    1526.000  TEMP(K) =   300.17  PRESS =     0.0
 Etot   =    -71966.8643  EKtot   =     17863.0508  EPtot      =    -89829.9150
 BOND   =       409.2471  ANGLE   =      1132.7936  DIHED      =      1334.1318
 1-4 NB =       435.3564  1-4 EEL =      4611.7143  VDWAALS    =     11369.9358
 EELEC  =   -109220.2635  EHBOND  =         0.0000  RESTRAINT  =        97.1695
 EAMBER (non-restraint)  =    -89927.0845
 ------------------------------------------------------------------------------

wrapping first mol.:      -50.55603       35.74852       61.91825
wrapping first mol.:      -50.55603       35.74852       61.91825

 NSTEP =    43500   TIME(PS) =    1527.000  TEMP(K) =   298.41  PRESS =     0.0
 Etot   =    -72596.0267  EKtot   =     17758.4570  EPtot      =    -90354.4837
 BOND   =       407.1366  ANGLE   =      1098.3741  DIHED      =      1372.6293
 1-4 NB =       459.7222  1-4 EEL =      4589.9977  VDWAALS    =     11505.2572
 EELEC  =   -109875.8292  EHBOND  =         0.0000  RESTRAINT  =        88.2284
 EAMBER (non-restraint)  =    -90442.7121
 ------------------------------------------------------------------------------

wrapping first mol.:      -50.55603       35.74852       61.91825
wrapping first mol.:      -50.55603       35.74852       61.91825

 NSTEP =    44000   TIME(PS) =    1528.000  TEMP(K) =   301.84  PRESS =     0.0
 Etot   =    -72049.6032  EKtot   =     17962.2812  EPtot      =    -90011.8844
 BOND   =       419.1680  ANGLE   =      1095.3715  DIHED      =      1370.8966
 1-4 NB =       452.1235  1-4 EEL =      4590.0063  VDWAALS    =     11425.8271
 EELEC  =   -109458.8520  EHBOND  =         0.0000  RESTRAINT  =        93.5747
 EAMBER (non-restraint)  =    -90105.4591
 ------------------------------------------------------------------------------

wrapping first mol.:      -50.55603       35.74852       61.91825
wrapping first mol.:      -50.55603       35.74852       61.91825

 NSTEP =    44500   TIME(PS) =    1529.000  TEMP(K) =   298.43  PRESS =     0.0
 Etot   =    -72336.6291  EKtot   =     17759.4297  EPtot      =    -90096.0588
 BOND   =       375.0189  ANGLE   =      1118.0243  DIHED      =      1367.5754
 1-4 NB =       455.9643  1-4 EEL =      4611.3714  VDWAALS    =     11610.1417
 EELEC  =   -109726.8663  EHBOND  =         0.0000  RESTRAINT  =        92.7115
 EAMBER (non-restraint)  =    -90188.7703
 ------------------------------------------------------------------------------

wrapping first mol.:      -50.55603       35.74852       61.91825
wrapping first mol.:      -50.55603       35.74852       61.91825

 NSTEP =    45000   TIME(PS) =    1530.000  TEMP(K) =   302.31  PRESS =     0.0
 Etot   =    -72096.5311  EKtot   =     17990.2109  EPtot      =    -90086.7420
 BOND   =       395.6050  ANGLE   =      1015.3617  DIHED      =      1354.9884
 1-4 NB =       452.3644  1-4 EEL =      4603.5737  VDWAALS    =     11396.4441
 EELEC  =   -109393.4719  EHBOND  =         0.0000  RESTRAINT  =        88.3927
 EAMBER (non-restraint)  =    -90175.1348
 ------------------------------------------------------------------------------

wrapping first mol.:      -50.55603       35.74852       61.91825
wrapping first mol.:      -50.55603       35.74852       61.91825

 NSTEP =    45500   TIME(PS) =    1531.000  TEMP(K) =   299.66  PRESS =     0.0
 Etot   =    -72057.2552  EKtot   =     17832.4512  EPtot      =    -89889.7064
 BOND   =       409.9602  ANGLE   =      1100.2221  DIHED      =      1374.2018
 1-4 NB =       458.2170  1-4 EEL =      4613.6541  VDWAALS    =     11075.8929
 EELEC  =   -109004.4499  EHBOND  =         0.0000  RESTRAINT  =        82.5954
 EAMBER (non-restraint)  =    -89972.3018
 ------------------------------------------------------------------------------

wrapping first mol.:      -50.55603       35.74852       61.91825
wrapping first mol.:      -50.55603       35.74852       61.91825

 NSTEP =    46000   TIME(PS) =    1532.000  TEMP(K) =   302.04  PRESS =     0.0
 Etot   =    -72019.8281  EKtot   =     17974.3262  EPtot      =    -89994.1543
 BOND   =       401.0675  ANGLE   =      1094.0983  DIHED      =      1377.4059
 1-4 NB =       456.4367  1-4 EEL =      4588.9032  VDWAALS    =     11512.9241
 EELEC  =   -109520.1085  EHBOND  =         0.0000  RESTRAINT  =        95.1185
 EAMBER (non-restraint)  =    -90089.2727
 ------------------------------------------------------------------------------

wrapping first mol.:      -50.55603       35.74852       61.91825
wrapping first mol.:      -50.55603       35.74852       61.91825

 NSTEP =    46500   TIME(PS) =    1533.000  TEMP(K) =   300.51  PRESS =     0.0
 Etot   =    -72209.0791  EKtot   =     17883.3906  EPtot      =    -90092.4697
 BOND   =       385.3447  ANGLE   =      1073.3695  DIHED      =      1355.7699
 1-4 NB =       456.8004  1-4 EEL =      4626.9830  VDWAALS    =     11524.9698
 EELEC  =   -109608.9901  EHBOND  =         0.0000  RESTRAINT  =        93.2831
 EAMBER (non-restraint)  =    -90185.7529
 ------------------------------------------------------------------------------

wrapping first mol.:      -50.55603       35.74852       61.91825
wrapping first mol.:      -50.55603       35.74852       61.91825

 NSTEP =    47000   TIME(PS) =    1534.000  TEMP(K) =   300.05  PRESS =     0.0
 Etot   =    -72294.9897  EKtot   =     17855.8262  EPtot      =    -90150.8159
 BOND   =       406.1720  ANGLE   =      1077.7757  DIHED      =      1381.9410
 1-4 NB =       457.8905  1-4 EEL =      4630.7804  VDWAALS    =     11193.2653
 EELEC  =   -109387.7518  EHBOND  =         0.0000  RESTRAINT  =        89.1110
 EAMBER (non-restraint)  =    -90239.9269
 ------------------------------------------------------------------------------

wrapping first mol.:      -50.55603       35.74852       61.91825
wrapping first mol.:      -50.55603       35.74852       61.91825

 NSTEP =    47500   TIME(PS) =    1535.000  TEMP(K) =   300.56  PRESS =     0.0
 Etot   =    -72165.8914  EKtot   =     17886.2285  EPtot      =    -90052.1199
 BOND   =       428.2610  ANGLE   =      1097.6588  DIHED      =      1389.1833
 1-4 NB =       447.1228  1-4 EEL =      4600.6302  VDWAALS    =     11594.7816
 EELEC  =   -109689.2796  EHBOND  =         0.0000  RESTRAINT  =        79.5218
 EAMBER (non-restraint)  =    -90131.6418
 ------------------------------------------------------------------------------

wrapping first mol.:      -50.55603       35.74852       61.91825
wrapping first mol.:      -50.55603       35.74852       61.91825

 NSTEP =    48000   TIME(PS) =    1536.000  TEMP(K) =   302.31  PRESS =     0.0
 Etot   =    -72161.4421  EKtot   =     17990.3281  EPtot      =    -90151.7703
 BOND   =       364.4852  ANGLE   =      1031.1443  DIHED      =      1362.8106
 1-4 NB =       459.3750  1-4 EEL =      4616.5793  VDWAALS    =     11585.0755
 EELEC  =   -109651.5885  EHBOND  =         0.0000  RESTRAINT  =        80.3484
 EAMBER (non-restraint)  =    -90232.1186
 ------------------------------------------------------------------------------

wrapping first mol.:      -50.55603       35.74852       61.91825
wrapping first mol.:      -50.55603       35.74852       61.91825

 NSTEP =    48500   TIME(PS) =    1537.000  TEMP(K) =   301.62  PRESS =     0.0
 Etot   =    -71941.4441  EKtot   =     17949.2344  EPtot      =    -89890.6785
 BOND   =       406.5182  ANGLE   =      1106.9289  DIHED      =      1374.5217
 1-4 NB =       452.8148  1-4 EEL =      4585.9908  VDWAALS    =     11314.0322
 EELEC  =   -109222.6724  EHBOND  =         0.0000  RESTRAINT  =        91.1874
 EAMBER (non-restraint)  =    -89981.8659
 ------------------------------------------------------------------------------

wrapping first mol.:      -50.55603       35.74852       61.91825
wrapping first mol.:      -50.55603       35.74852       61.91825

 NSTEP =    49000   TIME(PS) =    1538.000  TEMP(K) =   300.09  PRESS =     0.0
 Etot   =    -72396.7549  EKtot   =     17857.8984  EPtot      =    -90254.6534
 BOND   =       401.0704  ANGLE   =      1103.5026  DIHED      =      1376.8043
 1-4 NB =       434.0876  1-4 EEL =      4574.7928  VDWAALS    =     11486.9102
 EELEC  =   -109719.1753  EHBOND  =         0.0000  RESTRAINT  =        87.3540
 EAMBER (non-restraint)  =    -90342.0074
 ------------------------------------------------------------------------------

wrapping first mol.:      -50.55603       35.74852       61.91825
wrapping first mol.:      -50.55603       35.74852       61.91825

 NSTEP =    49500   TIME(PS) =    1539.000  TEMP(K) =   299.61  PRESS =     0.0
 Etot   =    -72136.0305  EKtot   =     17829.7578  EPtot      =    -89965.7883
 BOND   =       400.3970  ANGLE   =      1086.3387  DIHED      =      1364.2425
 1-4 NB =       447.3788  1-4 EEL =      4591.3164  VDWAALS    =     11403.6324
 EELEC  =   -109359.1508  EHBOND  =         0.0000  RESTRAINT  =       100.0567
 EAMBER (non-restraint)  =    -90065.8451
 ------------------------------------------------------------------------------

wrapping first mol.:      -50.55603       35.74852       61.91825
wrapping first mol.:      -50.55603       35.74852       61.91825

 NSTEP =    50000   TIME(PS) =    1540.000  TEMP(K) =   299.25  PRESS =     0.0
 Etot   =    -72271.0809  EKtot   =     17807.9961  EPtot      =    -90079.0770
 BOND   =       402.3346  ANGLE   =      1092.3520  DIHED      =      1367.0214
 1-4 NB =       453.0132  1-4 EEL =      4557.8654  VDWAALS    =     11421.6942
 EELEC  =   -109464.5697  EHBOND  =         0.0000  RESTRAINT  =        91.2120
 EAMBER (non-restraint)  =    -90170.2890
 ------------------------------------------------------------------------------


      A V E R A G E S   O V E R     100 S T E P S


 NSTEP =    50000   TIME(PS) =    1540.000  TEMP(K) =   300.04  PRESS =     0.0
 Etot   =    -72252.4904  EKtot   =     17855.4159  EPtot      =    -90107.9063
 BOND   =       396.3902  ANGLE   =      1104.4806  DIHED      =      1376.9976
 1-4 NB =       447.9896  1-4 EEL =      4581.1745  VDWAALS    =     11444.8554
 EELEC  =   -109550.9295  EHBOND  =         0.0000  RESTRAINT  =        91.1354
 EAMBER (non-restraint)  =    -90199.0417
 ------------------------------------------------------------------------------


      R M S  F L U C T U A T I O N S


 NSTEP =    50000   TIME(PS) =    1540.000  TEMP(K) =     1.63  PRESS =     0.0
 Etot   =       188.4394  EKtot   =        97.1792  EPtot      =       157.6439
 BOND   =        17.3563  ANGLE   =        25.1061  DIHED      =        12.6505
 1-4 NB =         9.5554  1-4 EEL =        24.5230  VDWAALS    =       150.0865
 EELEC  =       264.5834  EHBOND  =         0.0000  RESTRAINT  =         5.1724
 EAMBER (non-restraint)  =       152.4715
 ------------------------------------------------------------------------------

--------------------------------------------------------------------------------
   5.  TIMINGS
--------------------------------------------------------------------------------

|  NonSetup CPU Time in Major Routines:
|
|     Routine           Sec        %
|     ------------------------------
|     Nonbond           8.85   14.84
|     Bond              0.00    0.00
|     Angle             0.00    0.00
|     Dihedral          0.00    0.00
|     Shake             0.83    1.39
|     RunMD            49.85   83.59
|     Other             0.11    0.19
|     ------------------------------
|     Total            59.64

|  PME Nonbond Pairlist CPU Time:
|
|     Routine              Sec        %
|     ---------------------------------
|     Set Up Cit           0.00    0.00
|     Build List           0.00    0.00
|     ---------------------------------
|     Total                0.00    0.00

|  PME Direct Force CPU Time:
|
|     Routine              Sec        %
|     ---------------------------------
|     NonBonded Calc       0.00    0.00
|     Exclude Masked       0.00    0.00
|     Other                0.04    0.07
|     ---------------------------------
|     Total                0.04    0.07

|  PME Reciprocal Force CPU Time:
|
|     Routine              Sec        %
|     ---------------------------------
|     1D bspline           0.00    0.00
|     Grid Charges         0.00    0.00
|     Scalar Sum           0.00    0.00
|     Gradient Sum         0.00    0.00
|     FFT                  0.00    0.00
|     ---------------------------------
|     Total                0.00    0.00

|  Final Performance Info:
|     -----------------------------------------------------
|     Average timings for last       0 steps:
|     Elapsed(s) =       0.00 Per Step(ms) =   Infinity
|         ns/day =       0.00   seconds/ns =   Infinity
|
|     Average timings for all steps:
|     Elapsed(s) =      60.41 Per Step(ms) =       1.21
|         ns/day =     143.03   seconds/ns =     604.08
|     -----------------------------------------------------

|  Setup CPU time:            2.30 seconds
|  NonSetup CPU time:        59.64 seconds
|  Total CPU time:           61.93 seconds     0.02 hours

|  Setup wall time:           2    seconds
|  NonSetup wall time:       60    seconds
|  Total wall time:          62    seconds     0.02 hours
