
          -------------------------------------------------------
          Amber 16 PMEMD                              2016
          -------------------------------------------------------

| PMEMD implementation of SANDER, Release 16

| Run on 11/03/2017 at 15:39:45

|   Executable path: /apps/amber16/bin/pmemd.cuda
| Working directory: /home/pbarletta
|          Hostname: mordor

  [-O]verwriting output

File Assignments:
|   MDIN: /scratch/pbarletta/2pdz/run/lb/mhe/e/19equ.in                         
|  MDOUT: /scratch/pbarletta/2pdz/run/lb/mhe/e/19equ.out                        
| INPCRD: /scratch/pbarletta/2pdz/run/lb/mhe/e/18elb.rst7                       
|   PARM: /scratch/pbarletta/2pdz/top_files/lb.prmtop                           
| RESTRT: /scratch/pbarletta/2pdz/run/lb/mhe/e/19elb.rst7                       
|   REFC: /scratch/pbarletta/2pdz/run/lb/mhe/e/18elb.rst7                       
|  MDVEL: mdvel                                                                 
|   MDEN: mden                                                                  
|  MDCRD: /scratch/pbarletta/2pdz/run/lb/mhe/e/19elb.nc                         
| MDINFO: mdinfo                                                                
|  MDFRC: mdfrc                                                                 


 Here is the input file:

Equilibration with solute restrictions                                         
&cntrl                                                                         
imin = 0,                           ! No Minimization                          
nmropt = 0,                         ! No NMR restraints read                   
                                                                               
! Nature and format of the input                                               
ntx = 5,                            ! Coordinates but no velocities will be rea
irest = 1,                          ! Do not run a new simulation              
                                                                               
! Nature and format of the output                                              
ntxo = 1,                           ! rstrt file in ASCII format               
ntpr = 500,                         ! inf in output every ntpr steps           
ntwr = 500,                         ! rstrt file every ntwr steps              
ntwx = 500,                         ! mdcrd file every ntwx steps              
ntwv = 0,                           ! mdvel without velocities                 
ntwe = 0,                           ! Energies and temperatures not written in 
idecomp = 0,                        ! No energy decomposition                  
iwrap = 1,                          ! Coordinates of the restart and mdcrd file
                                                                               
! Frozen or restrained atoms                                                   
ibelly = 0,                         ! No frozen atoms                          
ntr=1,                              ! Harmonic potential restraints            
restraint_wt = 0.6,                ! The weight for the positional restraints  
restraintmask = ':1-132@N,CA,C,O',  ! restrained residues                      
                                                                               
! Molecular dynamics                                                           
nstlim = 50000,                     ! Number of MD-steps                       
dt = 0.002,                         ! Time step                                
                                                                               
! Temperature regulation                                                       
ntt = 3,                            ! Langevin thermostat                      
gamma_ln = 5,                       ! Gamma constant for Langevin              
temp0 = 300.0,                      ! Reference T at which the system is to be 
tempi = 300.0,                      ! Initial T                                
ig = -1,                            ! Seed for the RNG                         
                                                                               
! P and V regulation                                                           
ntp = 0,                            ! No pressure control                      
ntb = 1,                            ! Periodic box for constant V              
                                                                               
! SHAKE variables                                                              
ntc = 2,                            ! Bonds involving H are constrained        
ntf = 2,                            ! Bond interaction involving H are ommited.
                                                                               
cut = 10.0,                         ! Nonbonded cutoff                         
/                                                                              
&end                                                                           


Note: ig = -1. Setting random seed to    22442 based on wallclock time in 
      microseconds.
| irandom = 1, using AMBER's internal random number generator (default).
 
|--------------------- INFORMATION ----------------------
| GPU (CUDA) Version of PMEMD in use: NVIDIA GPU IN USE.
|                    Version 16.0.0
| 
|                      02/25/2016
| 
| Implementation by:
|                    Ross C. Walker     (SDSC)
|                    Scott Le Grand     (nVIDIA)
| 
| Precision model in use:
|      [SPFP] - Single Precision Forces, 64-bit Fixed Point
|               Accumulation. (Default)
| 
|--------------------------------------------------------
 
|----------------- CITATION INFORMATION -----------------
|
|    When publishing work that utilized the CUDA version
|    of AMBER, please cite the following in addition to
|    the regular AMBER citations:
|
|  - Romelia Salomon-Ferrer; Andreas W. Goetz; Duncan
|    Poole; Scott Le Grand; Ross C. Walker "Routine
|    microsecond molecular dynamics simulations with
|    AMBER - Part II: Particle Mesh Ewald", J. Chem.
|    Theory Comput., 2013, 9 (9), pp3878-3888,
|    DOI: 10.1021/ct400314y.
|
|  - Andreas W. Goetz; Mark J. Williamson; Dong Xu;
|    Duncan Poole; Scott Le Grand; Ross C. Walker
|    "Routine microsecond molecular dynamics simulations
|    with AMBER - Part I: Generalized Born", J. Chem.
|    Theory Comput., 2012, 8 (5), pp1542-1555.
|
|  - Scott Le Grand; Andreas W. Goetz; Ross C. Walker
|    "SPFP: Speed without compromise - a mixed precision
|    model for GPU accelerated molecular dynamics
|    simulations.", Comp. Phys. Comm., 2013, 184
|    pp374-380, DOI: 10.1016/j.cpc.2012.09.022
|
|--------------------------------------------------------
 
|------------------- GPU DEVICE INFO --------------------
|
|            CUDA_VISIBLE_DEVICES: 2
|   CUDA Capable Devices Detected:      1
|           CUDA Device ID in use:      0
|                CUDA Device Name: GeForce GTX 1080 Ti
|     CUDA Device Global Mem Size:  11172 MB
| CUDA Device Num Multiprocessors:     28
|           CUDA Device Core Freq:   1.58 GHz
|
|--------------------------------------------------------
 
 
| Conditional Compilation Defines Used:
| PUBFFT
| BINTRAJ
| CUDA
| EMIL

| Largest sphere to fit in unit cell has radius =    30.959

| New format PARM file being parsed.
| Version =    1.000 Date = 11/03/17 Time = 14:56:09

| Note: 1-4 EEL scale factors are being read from the topology file.

| Note: 1-4 VDW scale factors are being read from the topology file.
| Duplicated    0 dihedrals

| Duplicated    0 dihedrals

--------------------------------------------------------------------------------
   1.  RESOURCE   USE: 
--------------------------------------------------------------------------------

 getting new box info from bottom of inpcrd
 NATOM  =   29433 NTYPES =      16 NBONH =   28406 MBONA  =    1038
 NTHETH =    2390 MTHETA =    1396 NPHIH =    4631 MPHIA  =    3488
 NHPARM =       0 NPARM  =       0 NNB   =   47902 NRES   =    9251
 NBONA  =    1038 NTHETA =    1396 NPHIA =    3488 NUMBND =      45
 NUMANG =      95 NPTRA  =      43 NATYP =      29 NPHB   =       1
 IFBOX  =       2 NMXRS  =      24 IFCAP =       0 NEXTRA =       0
 NCOPY  =       0

| Coordinate Index Table dimensions:    12   12   12
| Direct force subcell size =     6.3195    6.3195    6.3195

     BOX TYPE: TRUNCATED OCTAHEDRON

--------------------------------------------------------------------------------
   2.  CONTROL  DATA  FOR  THE  RUN
--------------------------------------------------------------------------------

default_name                                                                    

General flags:
     imin    =       0, nmropt  =       0

Nature and format of input:
     ntx     =       5, irest   =       1, ntrx    =       1

Nature and format of output:
     ntxo    =       1, ntpr    =     500, ntrx    =       1, ntwr    =     500
     iwrap   =       1, ntwx    =     500, ntwv    =       0, ntwe    =       0
     ioutfm  =       1, ntwprt  =       0, idecomp =       0, rbornstat=      0

Potential function:
     ntf     =       2, ntb     =       1, igb     =       0, nsnb    =      25
     ipol    =       0, gbsa    =       0, iesp    =       0
     dielc   =   1.00000, cut     =  10.00000, intdiel =   1.00000

Frozen or restrained atoms:
     ibelly  =       0, ntr     =       1
     restraint_wt =   0.60000

Molecular dynamics:
     nstlim  =     50000, nscm    =         0, nrespa  =         1
     t       =   0.00000, dt      =   0.00200, vlimit  =  -1.00000

Langevin dynamics temperature regulation:
     ig      =   22442
     temp0   = 300.00000, tempi   = 300.00000, gamma_ln=   5.00000

SHAKE:
     ntc     =       2, jfastw  =       0
     tol     =   0.00001

| Intermolecular bonds treatment:
|     no_intermolecular_bonds =       1

| Energy averages sample interval:
|     ene_avg_sampling =     500

Ewald parameters:
     verbose =       0, ew_type =       0, nbflag  =       1, use_pme =       1
     vdwmeth =       1, eedmeth =       1, netfrc  =       1
     Box X =   75.834   Box Y =   75.834   Box Z =   75.834
     Alpha =  109.471   Beta  =  109.471   Gamma =  109.471
     NFFT1 =   80       NFFT2 =   80       NFFT3 =   80
     Cutoff=   10.000   Tol   =0.100E-04
     Ewald Coefficient =  0.27511
     Interpolation order =    4

    LOADING THE CONSTRAINED ATOMS AS GROUPS


   5.  REFERENCE ATOM COORDINATES

  default_name                                                                    
     Mask :1-132@N,CA,C,O; matches   528 atoms

--------------------------------------------------------------------------------
   3.  ATOMIC COORDINATES AND VELOCITIES
--------------------------------------------------------------------------------

default_name                                                                    
 begin time read from input coords =  1940.000 ps

 
 Number of triangulated 3-point waters found:     9119

     Sum of charges from parm topology file =  -0.00000008
     Forcing neutrality...

| Dynamic Memory, Types Used:
| Reals              999088
| Integers           921097

| Nonbonded Pairs Initial Allocation:     8902746

| GPU memory information (estimate):
| KB of GPU memory in use:    214995
| KB of CPU memory in use:     45027

--------------------------------------------------------------------------------
   4.  RESULTS
--------------------------------------------------------------------------------

 ---------------------------------------------------
 APPROXIMATING switch and d/dx switch using CUBIC SPLINE INTERPOLATION
 using   5000.0 points per unit in tabled values
 TESTING RELATIVE ERROR over r ranging from 0.0 to cutoff
| CHECK switch(x): max rel err =   0.2738E-14   at   2.422500
| CHECK d/dx switch(x): max rel err =   0.8314E-11   at   2.736960
 ---------------------------------------------------
|---------------------------------------------------
| APPROXIMATING direct energy using CUBIC SPLINE INTERPOLATION
|  with   50.0 points per unit in tabled values
| Relative Error Limit not exceeded for r .gt.   2.33
| APPROXIMATING direct force using CUBIC SPLINE INTERPOLATION
|  with   50.0 points per unit in tabled values
| Relative Error Limit not exceeded for r .gt.   2.80
|---------------------------------------------------
wrapping first mol.:      -50.55603       35.74852       61.91825
wrapping first mol.:      -50.55603       35.74852       61.91825

 NSTEP =      500   TIME(PS) =    1941.000  TEMP(K) =   297.24  PRESS =     0.0
 Etot   =    -72396.4399  EKtot   =     17688.4062  EPtot      =    -90084.8461
 BOND   =       435.4031  ANGLE   =      1083.1047  DIHED      =      1384.5555
 1-4 NB =       443.5674  1-4 EEL =      4564.1747  VDWAALS    =     11420.4927
 EELEC  =   -109456.7879  EHBOND  =         0.0000  RESTRAINT  =        40.6437
 EAMBER (non-restraint)  =    -90125.4898
 ------------------------------------------------------------------------------

wrapping first mol.:      -50.55603       35.74852       61.91825
wrapping first mol.:      -50.55603       35.74852       61.91825

 NSTEP =     1000   TIME(PS) =    1942.000  TEMP(K) =   299.74  PRESS =     0.0
 Etot   =    -72343.9876  EKtot   =     17837.4102  EPtot      =    -90181.3977
 BOND   =       427.6599  ANGLE   =      1123.1554  DIHED      =      1365.1248
 1-4 NB =       423.8275  1-4 EEL =      4554.4731  VDWAALS    =     11489.1573
 EELEC  =   -109612.1639  EHBOND  =         0.0000  RESTRAINT  =        47.3682
 EAMBER (non-restraint)  =    -90228.7659
 ------------------------------------------------------------------------------

wrapping first mol.:      -50.55603       35.74852       61.91825
wrapping first mol.:      -50.55603       35.74852       61.91825

 NSTEP =     1500   TIME(PS) =    1943.000  TEMP(K) =   299.89  PRESS =     0.0
 Etot   =    -72224.9684  EKtot   =     17846.2559  EPtot      =    -90071.2243
 BOND   =       420.8292  ANGLE   =      1106.7516  DIHED      =      1372.0560
 1-4 NB =       438.1435  1-4 EEL =      4554.7998  VDWAALS    =     11456.9881
 EELEC  =   -109480.3368  EHBOND  =         0.0000  RESTRAINT  =        59.5443
 EAMBER (non-restraint)  =    -90130.7686
 ------------------------------------------------------------------------------

wrapping first mol.:      -50.55603       35.74852       61.91825
wrapping first mol.:      -50.55603       35.74852       61.91825

 NSTEP =     2000   TIME(PS) =    1944.000  TEMP(K) =   302.97  PRESS =     0.0
 Etot   =    -72134.2394  EKtot   =     18029.4082  EPtot      =    -90163.6476
 BOND   =       421.2390  ANGLE   =      1081.2446  DIHED      =      1353.9616
 1-4 NB =       440.2725  1-4 EEL =      4559.9705  VDWAALS    =     11344.8139
 EELEC  =   -109415.6959  EHBOND  =         0.0000  RESTRAINT  =        50.5463
 EAMBER (non-restraint)  =    -90214.1939
 ------------------------------------------------------------------------------

wrapping first mol.:      -50.55603       35.74852       61.91825
wrapping first mol.:      -50.55603       35.74852       61.91825

 NSTEP =     2500   TIME(PS) =    1945.000  TEMP(K) =   299.76  PRESS =     0.0
 Etot   =    -72522.7050  EKtot   =     17838.4219  EPtot      =    -90361.1269
 BOND   =       396.2151  ANGLE   =      1087.5130  DIHED      =      1372.0293
 1-4 NB =       452.3135  1-4 EEL =      4578.9882  VDWAALS    =     11703.1406
 EELEC  =   -110003.8686  EHBOND  =         0.0000  RESTRAINT  =        52.5421
 EAMBER (non-restraint)  =    -90413.6689
 ------------------------------------------------------------------------------

wrapping first mol.:      -50.55603       35.74852       61.91825
wrapping first mol.:      -50.55603       35.74852       61.91825

 NSTEP =     3000   TIME(PS) =    1946.000  TEMP(K) =   298.51  PRESS =     0.0
 Etot   =    -72567.2370  EKtot   =     17764.2246  EPtot      =    -90331.4616
 BOND   =       398.7571  ANGLE   =      1065.4988  DIHED      =      1359.1282
 1-4 NB =       436.2131  1-4 EEL =      4578.4338  VDWAALS    =     11799.4684
 EELEC  =   -110015.7667  EHBOND  =         0.0000  RESTRAINT  =        46.8058
 EAMBER (non-restraint)  =    -90378.2675
 ------------------------------------------------------------------------------

wrapping first mol.:      -50.55603       35.74852       61.91825
wrapping first mol.:      -50.55603       35.74852       61.91825

 NSTEP =     3500   TIME(PS) =    1947.000  TEMP(K) =   299.71  PRESS =     0.0
 Etot   =    -72198.1921  EKtot   =     17835.4805  EPtot      =    -90033.6726
 BOND   =       410.9206  ANGLE   =      1109.3089  DIHED      =      1382.0881
 1-4 NB =       433.7197  1-4 EEL =      4562.3264  VDWAALS    =     11461.9649
 EELEC  =   -109446.5131  EHBOND  =         0.0000  RESTRAINT  =        52.5119
 EAMBER (non-restraint)  =    -90086.1845
 ------------------------------------------------------------------------------

wrapping first mol.:      -50.55603       35.74852       61.91825
wrapping first mol.:      -50.55603       35.74852       61.91825

 NSTEP =     4000   TIME(PS) =    1948.000  TEMP(K) =   301.93  PRESS =     0.0
 Etot   =    -72095.8639  EKtot   =     17967.5410  EPtot      =    -90063.4049
 BOND   =       420.6728  ANGLE   =      1122.0640  DIHED      =      1386.6072
 1-4 NB =       433.0975  1-4 EEL =      4534.9997  VDWAALS    =     11408.9658
 EELEC  =   -109415.4431  EHBOND  =         0.0000  RESTRAINT  =        45.6312
 EAMBER (non-restraint)  =    -90109.0361
 ------------------------------------------------------------------------------

wrapping first mol.:      -50.55603       35.74852       61.91825
wrapping first mol.:      -50.55603       35.74852       61.91825

 NSTEP =     4500   TIME(PS) =    1949.000  TEMP(K) =   300.84  PRESS =     0.0
 Etot   =    -72100.1564  EKtot   =     17902.6875  EPtot      =    -90002.8439
 BOND   =       422.9631  ANGLE   =      1079.6531  DIHED      =      1395.7375
 1-4 NB =       447.6530  1-4 EEL =      4604.0928  VDWAALS    =     11353.6139
 EELEC  =   -109350.1223  EHBOND  =         0.0000  RESTRAINT  =        43.5650
 EAMBER (non-restraint)  =    -90046.4089
 ------------------------------------------------------------------------------

wrapping first mol.:      -50.55603       35.74852       61.91825
wrapping first mol.:      -50.55603       35.74852       61.91825

 NSTEP =     5000   TIME(PS) =    1950.000  TEMP(K) =   301.61  PRESS =     0.0
 Etot   =    -72132.9430  EKtot   =     17948.4160  EPtot      =    -90081.3590
 BOND   =       424.8800  ANGLE   =      1123.4293  DIHED      =      1381.3594
 1-4 NB =       446.8465  1-4 EEL =      4554.7835  VDWAALS    =     11538.2964
 EELEC  =   -109600.8219  EHBOND  =         0.0000  RESTRAINT  =        49.8677
 EAMBER (non-restraint)  =    -90131.2268
 ------------------------------------------------------------------------------

wrapping first mol.:      -50.55603       35.74852       61.91825
wrapping first mol.:      -50.55603       35.74852       61.91825

 NSTEP =     5500   TIME(PS) =    1951.000  TEMP(K) =   302.26  PRESS =     0.0
 Etot   =    -71965.7523  EKtot   =     17987.2754  EPtot      =    -89953.0277
 BOND   =       408.8057  ANGLE   =      1105.8994  DIHED      =      1388.1043
 1-4 NB =       439.9425  1-4 EEL =      4563.9784  VDWAALS    =     11286.1543
 EELEC  =   -109189.8540  EHBOND  =         0.0000  RESTRAINT  =        43.9418
 EAMBER (non-restraint)  =    -89996.9695
 ------------------------------------------------------------------------------

wrapping first mol.:      -50.55603       35.74852       61.91825
wrapping first mol.:      -50.55603       35.74852       61.91825

 NSTEP =     6000   TIME(PS) =    1952.000  TEMP(K) =   302.14  PRESS =     0.0
 Etot   =    -71759.2969  EKtot   =     17980.4180  EPtot      =    -89739.7148
 BOND   =       383.0467  ANGLE   =      1103.3638  DIHED      =      1362.3026
 1-4 NB =       450.7634  1-4 EEL =      4547.5479  VDWAALS    =     11395.0925
 EELEC  =   -109035.5082  EHBOND  =         0.0000  RESTRAINT  =        53.6766
 EAMBER (non-restraint)  =    -89793.3914
 ------------------------------------------------------------------------------

wrapping first mol.:      -50.55603       35.74852       61.91825
wrapping first mol.:      -50.55603       35.74852       61.91825

 NSTEP =     6500   TIME(PS) =    1953.000  TEMP(K) =   301.58  PRESS =     0.0
 Etot   =    -72187.1586  EKtot   =     17946.7090  EPtot      =    -90133.8675
 BOND   =       411.9833  ANGLE   =      1070.4266  DIHED      =      1365.7541
 1-4 NB =       439.4476  1-4 EEL =      4578.4370  VDWAALS    =     11125.1333
 EELEC  =   -109176.6559  EHBOND  =         0.0000  RESTRAINT  =        51.6064
 EAMBER (non-restraint)  =    -90185.4740
 ------------------------------------------------------------------------------

wrapping first mol.:      -50.55603       35.74852       61.91825
wrapping first mol.:      -50.55603       35.74852       61.91825

 NSTEP =     7000   TIME(PS) =    1954.000  TEMP(K) =   299.10  PRESS =     0.0
 Etot   =    -72126.9259  EKtot   =     17799.1074  EPtot      =    -89926.0333
 BOND   =       417.2705  ANGLE   =      1099.5504  DIHED      =      1388.5551
 1-4 NB =       464.1718  1-4 EEL =      4565.7616  VDWAALS    =     11373.1422
 EELEC  =   -109290.1230  EHBOND  =         0.0000  RESTRAINT  =        55.6380
 EAMBER (non-restraint)  =    -89981.6713
 ------------------------------------------------------------------------------

wrapping first mol.:      -50.55603       35.74852       61.91825
wrapping first mol.:      -50.55603       35.74852       61.91825

 NSTEP =     7500   TIME(PS) =    1955.000  TEMP(K) =   301.66  PRESS =     0.0
 Etot   =    -72051.9796  EKtot   =     17951.8672  EPtot      =    -90003.8468
 BOND   =       397.5115  ANGLE   =      1095.9376  DIHED      =      1396.5388
 1-4 NB =       441.8246  1-4 EEL =      4536.3295  VDWAALS    =     11479.8807
 EELEC  =   -109401.6458  EHBOND  =         0.0000  RESTRAINT  =        49.7763
 EAMBER (non-restraint)  =    -90053.6231
 ------------------------------------------------------------------------------

wrapping first mol.:      -50.55603       35.74852       61.91825
wrapping first mol.:      -50.55603       35.74852       61.91825

 NSTEP =     8000   TIME(PS) =    1956.000  TEMP(K) =   301.80  PRESS =     0.0
 Etot   =    -72026.8027  EKtot   =     17959.7227  EPtot      =    -89986.5254
 BOND   =       371.6123  ANGLE   =      1104.5403  DIHED      =      1370.8908
 1-4 NB =       450.6323  1-4 EEL =      4607.1213  VDWAALS    =     11390.5194
 EELEC  =   -109334.5810  EHBOND  =         0.0000  RESTRAINT  =        52.7392
 EAMBER (non-restraint)  =    -90039.2646
 ------------------------------------------------------------------------------

wrapping first mol.:      -50.55603       35.74852       61.91825
wrapping first mol.:      -50.55603       35.74852       61.91825

 NSTEP =     8500   TIME(PS) =    1957.000  TEMP(K) =   300.33  PRESS =     0.0
 Etot   =    -72049.1581  EKtot   =     17872.3730  EPtot      =    -89921.5311
 BOND   =       402.5857  ANGLE   =      1070.8575  DIHED      =      1361.4002
 1-4 NB =       436.1395  1-4 EEL =      4580.8396  VDWAALS    =     11246.7204
 EELEC  =   -109074.5563  EHBOND  =         0.0000  RESTRAINT  =        54.4823
 EAMBER (non-restraint)  =    -89976.0135
 ------------------------------------------------------------------------------

wrapping first mol.:      -50.55603       35.74852       61.91825
wrapping first mol.:      -50.55603       35.74852       61.91825

 NSTEP =     9000   TIME(PS) =    1958.000  TEMP(K) =   300.33  PRESS =     0.0
 Etot   =    -72398.0994  EKtot   =     17872.2871  EPtot      =    -90270.3865
 BOND   =       388.5615  ANGLE   =      1120.7199  DIHED      =      1369.6297
 1-4 NB =       458.9390  1-4 EEL =      4558.4845  VDWAALS    =     11505.7216
 EELEC  =   -109726.7294  EHBOND  =         0.0000  RESTRAINT  =        54.2868
 EAMBER (non-restraint)  =    -90324.6733
 ------------------------------------------------------------------------------

wrapping first mol.:      -50.55603       35.74852       61.91825
wrapping first mol.:      -50.55603       35.74852       61.91825

 NSTEP =     9500   TIME(PS) =    1959.000  TEMP(K) =   300.20  PRESS =     0.0
 Etot   =    -72287.5331  EKtot   =     17864.4824  EPtot      =    -90152.0155
 BOND   =       410.0397  ANGLE   =      1125.9160  DIHED      =      1371.0548
 1-4 NB =       434.0176  1-4 EEL =      4560.3849  VDWAALS    =     11429.5635
 EELEC  =   -109532.1499  EHBOND  =         0.0000  RESTRAINT  =        49.1578
 EAMBER (non-restraint)  =    -90201.1733
 ------------------------------------------------------------------------------

wrapping first mol.:      -50.55603       35.74852       61.91825
wrapping first mol.:      -50.55603       35.74852       61.91825

 NSTEP =    10000   TIME(PS) =    1960.000  TEMP(K) =   302.84  PRESS =     0.0
 Etot   =    -72580.6328  EKtot   =     18021.8164  EPtot      =    -90602.4492
 BOND   =       384.6271  ANGLE   =      1047.9662  DIHED      =      1378.3084
 1-4 NB =       447.1310  1-4 EEL =      4576.0900  VDWAALS    =     11510.6023
 EELEC  =   -109997.4178  EHBOND  =         0.0000  RESTRAINT  =        50.2435
 EAMBER (non-restraint)  =    -90652.6928
 ------------------------------------------------------------------------------

wrapping first mol.:      -50.55603       35.74852       61.91825
wrapping first mol.:      -50.55603       35.74852       61.91825

 NSTEP =    10500   TIME(PS) =    1961.000  TEMP(K) =   300.10  PRESS =     0.0
 Etot   =    -72493.5774  EKtot   =     17859.0410  EPtot      =    -90352.6184
 BOND   =       413.7580  ANGLE   =      1094.7631  DIHED      =      1352.8405
 1-4 NB =       445.0830  1-4 EEL =      4517.4045  VDWAALS    =     11477.6034
 EELEC  =   -109713.6569  EHBOND  =         0.0000  RESTRAINT  =        59.5860
 EAMBER (non-restraint)  =    -90412.2044
 ------------------------------------------------------------------------------

wrapping first mol.:      -50.55603       35.74852       61.91825
wrapping first mol.:      -50.55603       35.74852       61.91825

 NSTEP =    11000   TIME(PS) =    1962.000  TEMP(K) =   299.71  PRESS =     0.0
 Etot   =    -72551.0301  EKtot   =     17835.4902  EPtot      =    -90386.5203
 BOND   =       371.9175  ANGLE   =      1072.9905  DIHED      =      1384.0478
 1-4 NB =       457.6031  1-4 EEL =      4598.3309  VDWAALS    =     11481.3292
 EELEC  =   -109802.5177  EHBOND  =         0.0000  RESTRAINT  =        49.7783
 EAMBER (non-restraint)  =    -90436.2986
 ------------------------------------------------------------------------------

wrapping first mol.:      -50.55603       35.74852       61.91825
wrapping first mol.:      -50.55603       35.74852       61.91825

 NSTEP =    11500   TIME(PS) =    1963.000  TEMP(K) =   302.39  PRESS =     0.0
 Etot   =    -72286.6074  EKtot   =     17995.1562  EPtot      =    -90281.7637
 BOND   =       412.5425  ANGLE   =      1079.3128  DIHED      =      1393.3933
 1-4 NB =       447.0260  1-4 EEL =      4599.9925  VDWAALS    =     11460.9920
 EELEC  =   -109725.4265  EHBOND  =         0.0000  RESTRAINT  =        50.4037
 EAMBER (non-restraint)  =    -90332.1673
 ------------------------------------------------------------------------------

wrapping first mol.:      -50.55603       35.74852       61.91825
wrapping first mol.:      -50.55603       35.74852       61.91825

 NSTEP =    12000   TIME(PS) =    1964.000  TEMP(K) =   300.19  PRESS =     0.0
 Etot   =    -71888.9717  EKtot   =     17864.2949  EPtot      =    -89753.2666
 BOND   =       413.4722  ANGLE   =      1111.0341  DIHED      =      1373.9891
 1-4 NB =       446.7286  1-4 EEL =      4545.7854  VDWAALS    =     11272.0137
 EELEC  =   -108971.4017  EHBOND  =         0.0000  RESTRAINT  =        55.1119
 EAMBER (non-restraint)  =    -89808.3785
 ------------------------------------------------------------------------------

wrapping first mol.:      -50.55603       35.74852       61.91825
wrapping first mol.:      -50.55603       35.74852       61.91825

 NSTEP =    12500   TIME(PS) =    1965.000  TEMP(K) =   301.37  PRESS =     0.0
 Etot   =    -72068.6682  EKtot   =     17934.1152  EPtot      =    -90002.7835
 BOND   =       418.0556  ANGLE   =      1073.0561  DIHED      =      1370.4649
 1-4 NB =       452.1002  1-4 EEL =      4569.5089  VDWAALS    =     11247.3687
 EELEC  =   -109182.0023  EHBOND  =         0.0000  RESTRAINT  =        48.6643
 EAMBER (non-restraint)  =    -90051.4478
 ------------------------------------------------------------------------------

wrapping first mol.:      -50.55603       35.74852       61.91825
wrapping first mol.:      -50.55603       35.74852       61.91825

 NSTEP =    13000   TIME(PS) =    1966.000  TEMP(K) =   300.85  PRESS =     0.0
 Etot   =    -72227.1792  EKtot   =     17903.4688  EPtot      =    -90130.6480
 BOND   =       383.8850  ANGLE   =      1067.2821  DIHED      =      1356.7207
 1-4 NB =       456.9739  1-4 EEL =      4592.4082  VDWAALS    =     11115.8987
 EELEC  =   -109157.4941  EHBOND  =         0.0000  RESTRAINT  =        53.6775
 EAMBER (non-restraint)  =    -90184.3255
 ------------------------------------------------------------------------------

wrapping first mol.:      -50.55603       35.74852       61.91825
wrapping first mol.:      -50.55603       35.74852       61.91825

 NSTEP =    13500   TIME(PS) =    1967.000  TEMP(K) =   301.88  PRESS =     0.0
 Etot   =    -71978.1725  EKtot   =     17965.0039  EPtot      =    -89943.1764
 BOND   =       392.0243  ANGLE   =      1059.8631  DIHED      =      1381.5418
 1-4 NB =       440.2725  1-4 EEL =      4549.5958  VDWAALS    =     11441.7187
 EELEC  =   -109257.2297  EHBOND  =         0.0000  RESTRAINT  =        49.0372
 EAMBER (non-restraint)  =    -89992.2135
 ------------------------------------------------------------------------------

wrapping first mol.:      -50.55603       35.74852       61.91825
wrapping first mol.:      -50.55603       35.74852       61.91825

 NSTEP =    14000   TIME(PS) =    1968.000  TEMP(K) =   299.62  PRESS =     0.0
 Etot   =    -72370.7205  EKtot   =     17829.9805  EPtot      =    -90200.7010
 BOND   =       409.8808  ANGLE   =      1070.6516  DIHED      =      1367.9507
 1-4 NB =       448.3628  1-4 EEL =      4567.9571  VDWAALS    =     11408.9240
 EELEC  =   -109529.1308  EHBOND  =         0.0000  RESTRAINT  =        54.7029
 EAMBER (non-restraint)  =    -90255.4039
 ------------------------------------------------------------------------------

wrapping first mol.:      -50.55603       35.74852       61.91825
wrapping first mol.:      -50.55603       35.74852       61.91825

 NSTEP =    14500   TIME(PS) =    1969.000  TEMP(K) =   298.74  PRESS =     0.0
 Etot   =    -72540.5114  EKtot   =     17777.9473  EPtot      =    -90318.4587
 BOND   =       403.3885  ANGLE   =      1109.0228  DIHED      =      1359.4874
 1-4 NB =       452.0749  1-4 EEL =      4615.4514  VDWAALS    =     11306.2858
 EELEC  =   -109623.3117  EHBOND  =         0.0000  RESTRAINT  =        59.1422
 EAMBER (non-restraint)  =    -90377.6008
 ------------------------------------------------------------------------------

wrapping first mol.:      -50.55603       35.74852       61.91825
wrapping first mol.:      -50.55603       35.74852       61.91825

 NSTEP =    15000   TIME(PS) =    1970.000  TEMP(K) =   303.38  PRESS =     0.0
 Etot   =    -71911.4759  EKtot   =     18054.0195  EPtot      =    -89965.4955
 BOND   =       408.2245  ANGLE   =      1165.6406  DIHED      =      1368.2850
 1-4 NB =       432.6121  1-4 EEL =      4539.5395  VDWAALS    =     11375.8493
 EELEC  =   -109308.2229  EHBOND  =         0.0000  RESTRAINT  =        52.5765
 EAMBER (non-restraint)  =    -90018.0720
 ------------------------------------------------------------------------------

wrapping first mol.:      -50.55603       35.74852       61.91825
wrapping first mol.:      -50.55603       35.74852       61.91825

 NSTEP =    15500   TIME(PS) =    1971.000  TEMP(K) =   302.94  PRESS =     0.0
 Etot   =    -72135.8670  EKtot   =     18027.6309  EPtot      =    -90163.4979
 BOND   =       392.5982  ANGLE   =      1068.1467  DIHED      =      1364.4513
 1-4 NB =       442.1136  1-4 EEL =      4583.7840  VDWAALS    =     11348.1313
 EELEC  =   -109405.9935  EHBOND  =         0.0000  RESTRAINT  =        43.2705
 EAMBER (non-restraint)  =    -90206.7684
 ------------------------------------------------------------------------------

wrapping first mol.:      -50.55603       35.74852       61.91825
wrapping first mol.:      -50.55603       35.74852       61.91825

 NSTEP =    16000   TIME(PS) =    1972.000  TEMP(K) =   298.63  PRESS =     0.0
 Etot   =    -72206.0290  EKtot   =     17771.1582  EPtot      =    -89977.1872
 BOND   =       410.5504  ANGLE   =      1069.6727  DIHED      =      1360.4798
 1-4 NB =       456.3416  1-4 EEL =      4599.1688  VDWAALS    =     11274.3267
 EELEC  =   -109198.7985  EHBOND  =         0.0000  RESTRAINT  =        51.0713
 EAMBER (non-restraint)  =    -90028.2586
 ------------------------------------------------------------------------------

wrapping first mol.:      -50.55603       35.74852       61.91825
wrapping first mol.:      -50.55603       35.74852       61.91825

 NSTEP =    16500   TIME(PS) =    1973.000  TEMP(K) =   299.19  PRESS =     0.0
 Etot   =    -72172.2514  EKtot   =     17804.9219  EPtot      =    -89977.1733
 BOND   =       398.9111  ANGLE   =      1111.6510  DIHED      =      1385.7693
 1-4 NB =       443.3086  1-4 EEL =      4541.5672  VDWAALS    =     11298.5903
 EELEC  =   -109203.1541  EHBOND  =         0.0000  RESTRAINT  =        46.1834
 EAMBER (non-restraint)  =    -90023.3567
 ------------------------------------------------------------------------------

wrapping first mol.:      -50.55603       35.74852       61.91825
wrapping first mol.:      -50.55603       35.74852       61.91825

 NSTEP =    17000   TIME(PS) =    1974.000  TEMP(K) =   299.70  PRESS =     0.0
 Etot   =    -71963.0699  EKtot   =     17835.1016  EPtot      =    -89798.1715
 BOND   =       402.5261  ANGLE   =      1089.7033  DIHED      =      1384.1961
 1-4 NB =       458.9057  1-4 EEL =      4534.7707  VDWAALS    =     11402.6193
 EELEC  =   -109119.2828  EHBOND  =         0.0000  RESTRAINT  =        48.3900
 EAMBER (non-restraint)  =    -89846.5615
 ------------------------------------------------------------------------------

wrapping first mol.:      -50.55603       35.74852       61.91825
wrapping first mol.:      -50.55603       35.74852       61.91825

 NSTEP =    17500   TIME(PS) =    1975.000  TEMP(K) =   298.90  PRESS =     0.0
 Etot   =    -72310.6005  EKtot   =     17787.1738  EPtot      =    -90097.7744
 BOND   =       413.8558  ANGLE   =      1108.4752  DIHED      =      1377.3190
 1-4 NB =       434.8763  1-4 EEL =      4548.0661  VDWAALS    =     11445.7357
 EELEC  =   -109474.7352  EHBOND  =         0.0000  RESTRAINT  =        48.6327
 EAMBER (non-restraint)  =    -90146.4071
 ------------------------------------------------------------------------------

wrapping first mol.:      -50.55603       35.74852       61.91825
wrapping first mol.:      -50.55603       35.74852       61.91825

 NSTEP =    18000   TIME(PS) =    1976.000  TEMP(K) =   301.51  PRESS =     0.0
 Etot   =    -72299.3506  EKtot   =     17942.5273  EPtot      =    -90241.8780
 BOND   =       394.8646  ANGLE   =      1086.9674  DIHED      =      1369.2769
 1-4 NB =       458.7469  1-4 EEL =      4582.6436  VDWAALS    =     11390.4871
 EELEC  =   -109575.5864  EHBOND  =         0.0000  RESTRAINT  =        50.7218
 EAMBER (non-restraint)  =    -90292.5998
 ------------------------------------------------------------------------------

wrapping first mol.:      -50.55603       35.74852       61.91825
wrapping first mol.:      -50.55603       35.74852       61.91825

 NSTEP =    18500   TIME(PS) =    1977.000  TEMP(K) =   300.28  PRESS =     0.0
 Etot   =    -72369.7857  EKtot   =     17869.4961  EPtot      =    -90239.2818
 BOND   =       376.3524  ANGLE   =      1091.0909  DIHED      =      1366.0740
 1-4 NB =       456.9914  1-4 EEL =      4588.3106  VDWAALS    =     11513.2914
 EELEC  =   -109682.7489  EHBOND  =         0.0000  RESTRAINT  =        51.3563
 EAMBER (non-restraint)  =    -90290.6381
 ------------------------------------------------------------------------------

wrapping first mol.:      -50.55603       35.74852       61.91825
wrapping first mol.:      -50.55603       35.74852       61.91825

 NSTEP =    19000   TIME(PS) =    1978.000  TEMP(K) =   300.50  PRESS =     0.0
 Etot   =    -72255.0827  EKtot   =     17882.6055  EPtot      =    -90137.6882
 BOND   =       390.9096  ANGLE   =      1092.8007  DIHED      =      1358.9329
 1-4 NB =       430.3407  1-4 EEL =      4570.9097  VDWAALS    =     11393.0359
 EELEC  =   -109425.8369  EHBOND  =         0.0000  RESTRAINT  =        51.2193
 EAMBER (non-restraint)  =    -90188.9074
 ------------------------------------------------------------------------------

wrapping first mol.:      -50.55603       35.74852       61.91825
wrapping first mol.:      -50.55603       35.74852       61.91825

 NSTEP =    19500   TIME(PS) =    1979.000  TEMP(K) =   302.05  PRESS =     0.0
 Etot   =    -72079.1175  EKtot   =     17974.7285  EPtot      =    -90053.8460
 BOND   =       402.7288  ANGLE   =      1145.1552  DIHED      =      1352.4686
 1-4 NB =       442.5563  1-4 EEL =      4534.0361  VDWAALS    =     11515.3799
 EELEC  =   -109492.4527  EHBOND  =         0.0000  RESTRAINT  =        46.2817
 EAMBER (non-restraint)  =    -90100.1277
 ------------------------------------------------------------------------------

wrapping first mol.:      -50.55603       35.74852       61.91825
wrapping first mol.:      -50.55603       35.74852       61.91825

 NSTEP =    20000   TIME(PS) =    1980.000  TEMP(K) =   298.39  PRESS =     0.0
 Etot   =    -72420.4526  EKtot   =     17757.1543  EPtot      =    -90177.6069
 BOND   =       425.2314  ANGLE   =      1122.3585  DIHED      =      1370.7916
 1-4 NB =       433.8643  1-4 EEL =      4534.7105  VDWAALS    =     11460.0137
 EELEC  =   -109577.0872  EHBOND  =         0.0000  RESTRAINT  =        52.5102
 EAMBER (non-restraint)  =    -90230.1171
 ------------------------------------------------------------------------------

wrapping first mol.:      -50.55603       35.74852       61.91825
wrapping first mol.:      -50.55603       35.74852       61.91825

 NSTEP =    20500   TIME(PS) =    1981.000  TEMP(K) =   299.52  PRESS =     0.0
 Etot   =    -72224.2388  EKtot   =     17824.3281  EPtot      =    -90048.5669
 BOND   =       383.4826  ANGLE   =      1136.5917  DIHED      =      1379.8419
 1-4 NB =       451.6754  1-4 EEL =      4589.5878  VDWAALS    =     11611.2423
 EELEC  =   -109655.3720  EHBOND  =         0.0000  RESTRAINT  =        54.3834
 EAMBER (non-restraint)  =    -90102.9503
 ------------------------------------------------------------------------------

wrapping first mol.:      -50.55603       35.74852       61.91825
wrapping first mol.:      -50.55603       35.74852       61.91825

 NSTEP =    21000   TIME(PS) =    1982.000  TEMP(K) =   301.14  PRESS =     0.0
 Etot   =    -71850.0511  EKtot   =     17920.6152  EPtot      =    -89770.6664
 BOND   =       401.4005  ANGLE   =      1091.1672  DIHED      =      1377.6410
 1-4 NB =       445.9188  1-4 EEL =      4554.6028  VDWAALS    =     11330.3210
 EELEC  =   -109022.1821  EHBOND  =         0.0000  RESTRAINT  =        50.4643
 EAMBER (non-restraint)  =    -89821.1307
 ------------------------------------------------------------------------------

wrapping first mol.:      -50.55603       35.74852       61.91825
wrapping first mol.:      -50.55603       35.74852       61.91825

 NSTEP =    21500   TIME(PS) =    1983.000  TEMP(K) =   302.09  PRESS =     0.0
 Etot   =    -72186.0187  EKtot   =     17977.0293  EPtot      =    -90163.0480
 BOND   =       392.0715  ANGLE   =      1089.6419  DIHED      =      1380.5575
 1-4 NB =       450.3095  1-4 EEL =      4575.8330  VDWAALS    =     11252.0924
 EELEC  =   -109364.0162  EHBOND  =         0.0000  RESTRAINT  =        60.4624
 EAMBER (non-restraint)  =    -90223.5104
 ------------------------------------------------------------------------------

wrapping first mol.:      -50.55603       35.74852       61.91825
wrapping first mol.:      -50.55603       35.74852       61.91825

 NSTEP =    22000   TIME(PS) =    1984.000  TEMP(K) =   302.15  PRESS =     0.0
 Etot   =    -72279.8588  EKtot   =     17981.0195  EPtot      =    -90260.8784
 BOND   =       396.9722  ANGLE   =      1102.8607  DIHED      =      1367.5342
 1-4 NB =       454.0028  1-4 EEL =      4551.7542  VDWAALS    =     11452.8166
 EELEC  =   -109644.7591  EHBOND  =         0.0000  RESTRAINT  =        57.9399
 EAMBER (non-restraint)  =    -90318.8183
 ------------------------------------------------------------------------------

wrapping first mol.:      -50.55603       35.74852       61.91825
wrapping first mol.:      -50.55603       35.74852       61.91825

 NSTEP =    22500   TIME(PS) =    1985.000  TEMP(K) =   301.62  PRESS =     0.0
 Etot   =    -72148.6793  EKtot   =     17949.2266  EPtot      =    -90097.9058
 BOND   =       395.9415  ANGLE   =      1110.7407  DIHED      =      1384.9919
 1-4 NB =       456.3849  1-4 EEL =      4574.6568  VDWAALS    =     11228.2802
 EELEC  =   -109305.9666  EHBOND  =         0.0000  RESTRAINT  =        57.0649
 EAMBER (non-restraint)  =    -90154.9707
 ------------------------------------------------------------------------------

wrapping first mol.:      -50.55603       35.74852       61.91825
wrapping first mol.:      -50.55603       35.74852       61.91825

 NSTEP =    23000   TIME(PS) =    1986.000  TEMP(K) =   301.06  PRESS =     0.0
 Etot   =    -71965.1181  EKtot   =     17915.8008  EPtot      =    -89880.9189
 BOND   =       380.6687  ANGLE   =      1148.2534  DIHED      =      1392.6226
 1-4 NB =       448.8638  1-4 EEL =      4574.3885  VDWAALS    =     11475.7572
 EELEC  =   -109353.0889  EHBOND  =         0.0000  RESTRAINT  =        51.6158
 EAMBER (non-restraint)  =    -89932.5348
 ------------------------------------------------------------------------------

wrapping first mol.:      -50.55603       35.74852       61.91825
wrapping first mol.:      -50.55603       35.74852       61.91825

 NSTEP =    23500   TIME(PS) =    1987.000  TEMP(K) =   298.47  PRESS =     0.0
 Etot   =    -72244.8085  EKtot   =     17761.9492  EPtot      =    -90006.7577
 BOND   =       396.6602  ANGLE   =      1086.7654  DIHED      =      1403.4941
 1-4 NB =       441.7887  1-4 EEL =      4580.5144  VDWAALS    =     11322.0003
 EELEC  =   -109292.3614  EHBOND  =         0.0000  RESTRAINT  =        54.3808
 EAMBER (non-restraint)  =    -90061.1384
 ------------------------------------------------------------------------------

wrapping first mol.:      -50.55603       35.74852       61.91825
wrapping first mol.:      -50.55603       35.74852       61.91825

 NSTEP =    24000   TIME(PS) =    1988.000  TEMP(K) =   300.03  PRESS =     0.0
 Etot   =    -72138.7327  EKtot   =     17854.5723  EPtot      =    -89993.3049
 BOND   =       428.8715  ANGLE   =      1094.4798  DIHED      =      1375.6016
 1-4 NB =       451.1641  1-4 EEL =      4584.5322  VDWAALS    =     11242.5409
 EELEC  =   -109218.0262  EHBOND  =         0.0000  RESTRAINT  =        47.5312
 EAMBER (non-restraint)  =    -90040.8362
 ------------------------------------------------------------------------------

wrapping first mol.:      -50.55603       35.74852       61.91825
wrapping first mol.:      -50.55603       35.74852       61.91825

 NSTEP =    24500   TIME(PS) =    1989.000  TEMP(K) =   300.88  PRESS =     0.0
 Etot   =    -72271.0613  EKtot   =     17905.2383  EPtot      =    -90176.2996
 BOND   =       395.6780  ANGLE   =      1080.0982  DIHED      =      1387.5429
 1-4 NB =       446.1264  1-4 EEL =      4574.8159  VDWAALS    =     11292.4127
 EELEC  =   -109413.3933  EHBOND  =         0.0000  RESTRAINT  =        60.4195
 EAMBER (non-restraint)  =    -90236.7191
 ------------------------------------------------------------------------------

wrapping first mol.:      -50.55603       35.74852       61.91825
wrapping first mol.:      -50.55603       35.74852       61.91825

 NSTEP =    25000   TIME(PS) =    1990.000  TEMP(K) =   297.45  PRESS =     0.0
 Etot   =    -72355.7558  EKtot   =     17701.0156  EPtot      =    -90056.7714
 BOND   =       395.4860  ANGLE   =      1099.1337  DIHED      =      1366.3554
 1-4 NB =       462.3180  1-4 EEL =      4568.5911  VDWAALS    =     11509.2934
 EELEC  =   -109514.0756  EHBOND  =         0.0000  RESTRAINT  =        56.1266
 EAMBER (non-restraint)  =    -90112.8981
 ------------------------------------------------------------------------------

wrapping first mol.:      -50.55603       35.74852       61.91825
wrapping first mol.:      -50.55603       35.74852       61.91825

 NSTEP =    25500   TIME(PS) =    1991.000  TEMP(K) =   298.40  PRESS =     0.0
 Etot   =    -72197.0596  EKtot   =     17757.5332  EPtot      =    -89954.5928
 BOND   =       418.9951  ANGLE   =      1096.5003  DIHED      =      1370.2644
 1-4 NB =       423.7925  1-4 EEL =      4555.9504  VDWAALS    =     11447.0794
 EELEC  =   -109329.3663  EHBOND  =         0.0000  RESTRAINT  =        62.1914
 EAMBER (non-restraint)  =    -90016.7842
 ------------------------------------------------------------------------------

wrapping first mol.:      -50.55603       35.74852       61.91825
wrapping first mol.:      -50.55603       35.74852       61.91825

 NSTEP =    26000   TIME(PS) =    1992.000  TEMP(K) =   301.74  PRESS =     0.0
 Etot   =    -72064.0584  EKtot   =     17956.2129  EPtot      =    -90020.2713
 BOND   =       408.2084  ANGLE   =      1069.1136  DIHED      =      1379.1976
 1-4 NB =       453.1447  1-4 EEL =      4565.6084  VDWAALS    =     11543.0900
 EELEC  =   -109491.3697  EHBOND  =         0.0000  RESTRAINT  =        52.7356
 EAMBER (non-restraint)  =    -90073.0069
 ------------------------------------------------------------------------------

wrapping first mol.:      -50.55603       35.74852       61.91825
wrapping first mol.:      -50.55603       35.74852       61.91825

 NSTEP =    26500   TIME(PS) =    1993.000  TEMP(K) =   298.77  PRESS =     0.0
 Etot   =    -72208.2836  EKtot   =     17779.7598  EPtot      =    -89988.0434
 BOND   =       379.6498  ANGLE   =      1118.9837  DIHED      =      1373.9663
 1-4 NB =       453.7289  1-4 EEL =      4576.6698  VDWAALS    =     11296.8529
 EELEC  =   -109246.6199  EHBOND  =         0.0000  RESTRAINT  =        58.7250
 EAMBER (non-restraint)  =    -90046.7683
 ------------------------------------------------------------------------------

wrapping first mol.:      -50.55603       35.74852       61.91825
wrapping first mol.:      -50.55603       35.74852       61.91825

 NSTEP =    27000   TIME(PS) =    1994.000  TEMP(K) =   298.14  PRESS =     0.0
 Etot   =    -72267.9603  EKtot   =     17742.3027  EPtot      =    -90010.2630
 BOND   =       389.8023  ANGLE   =      1098.0714  DIHED      =      1395.9152
 1-4 NB =       444.7685  1-4 EEL =      4501.8526  VDWAALS    =     11403.2787
 EELEC  =   -109294.8302  EHBOND  =         0.0000  RESTRAINT  =        50.8784
 EAMBER (non-restraint)  =    -90061.1414
 ------------------------------------------------------------------------------

wrapping first mol.:      -50.55603       35.74852       61.91825
wrapping first mol.:      -50.55603       35.74852       61.91825

 NSTEP =    27500   TIME(PS) =    1995.000  TEMP(K) =   299.30  PRESS =     0.0
 Etot   =    -72262.5688  EKtot   =     17811.0879  EPtot      =    -90073.6567
 BOND   =       421.0577  ANGLE   =      1122.0167  DIHED      =      1375.9612
 1-4 NB =       451.3578  1-4 EEL =      4551.6046  VDWAALS    =     11518.5180
 EELEC  =   -109566.4305  EHBOND  =         0.0000  RESTRAINT  =        52.2577
 EAMBER (non-restraint)  =    -90125.9144
 ------------------------------------------------------------------------------

wrapping first mol.:      -50.55603       35.74852       61.91825
wrapping first mol.:      -50.55603       35.74852       61.91825

 NSTEP =    28000   TIME(PS) =    1996.000  TEMP(K) =   301.96  PRESS =     0.0
 Etot   =    -72300.6539  EKtot   =     17969.2363  EPtot      =    -90269.8902
 BOND   =       402.8182  ANGLE   =      1077.1554  DIHED      =      1366.9292
 1-4 NB =       448.2975  1-4 EEL =      4595.5876  VDWAALS    =     11679.1513
 EELEC  =   -109899.5043  EHBOND  =         0.0000  RESTRAINT  =        59.6748
 EAMBER (non-restraint)  =    -90329.5651
 ------------------------------------------------------------------------------

wrapping first mol.:      -50.55603       35.74852       61.91825
wrapping first mol.:      -50.55603       35.74852       61.91825

 NSTEP =    28500   TIME(PS) =    1997.000  TEMP(K) =   298.80  PRESS =     0.0
 Etot   =    -72286.4085  EKtot   =     17781.2227  EPtot      =    -90067.6311
 BOND   =       409.8225  ANGLE   =      1108.6728  DIHED      =      1358.5046
 1-4 NB =       445.7438  1-4 EEL =      4612.4789  VDWAALS    =     11577.3187
 EELEC  =   -109632.6043  EHBOND  =         0.0000  RESTRAINT  =        52.4318
 EAMBER (non-restraint)  =    -90120.0629
 ------------------------------------------------------------------------------

wrapping first mol.:      -50.55603       35.74852       61.91825
wrapping first mol.:      -50.55603       35.74852       61.91825

 NSTEP =    29000   TIME(PS) =    1998.000  TEMP(K) =   299.73  PRESS =     0.0
 Etot   =    -72258.2187  EKtot   =     17836.5859  EPtot      =    -90094.8046
 BOND   =       371.5791  ANGLE   =      1107.5695  DIHED      =      1407.8791
 1-4 NB =       450.1122  1-4 EEL =      4588.5974  VDWAALS    =     11326.3474
 EELEC  =   -109410.4167  EHBOND  =         0.0000  RESTRAINT  =        63.5274
 EAMBER (non-restraint)  =    -90158.3320
 ------------------------------------------------------------------------------

wrapping first mol.:      -50.55603       35.74852       61.91825
wrapping first mol.:      -50.55603       35.74852       61.91825

 NSTEP =    29500   TIME(PS) =    1999.000  TEMP(K) =   301.51  PRESS =     0.0
 Etot   =    -72005.6383  EKtot   =     17942.6523  EPtot      =    -89948.2907
 BOND   =       384.9657  ANGLE   =      1104.5540  DIHED      =      1369.8719
 1-4 NB =       441.2267  1-4 EEL =      4586.3260  VDWAALS    =     11446.3713
 EELEC  =   -109337.5564  EHBOND  =         0.0000  RESTRAINT  =        55.9501
 EAMBER (non-restraint)  =    -90004.2408
 ------------------------------------------------------------------------------

wrapping first mol.:      -50.55603       35.74852       61.91825
wrapping first mol.:      -50.55603       35.74852       61.91825

 NSTEP =    30000   TIME(PS) =    2000.000  TEMP(K) =   302.17  PRESS =     0.0
 Etot   =    -72169.2351  EKtot   =     17982.1660  EPtot      =    -90151.4012
 BOND   =       380.5158  ANGLE   =      1064.5795  DIHED      =      1381.7070
 1-4 NB =       450.0175  1-4 EEL =      4622.7222  VDWAALS    =     11567.1550
 EELEC  =   -109672.5727  EHBOND  =         0.0000  RESTRAINT  =        54.4746
 EAMBER (non-restraint)  =    -90205.8758
 ------------------------------------------------------------------------------

wrapping first mol.:      -50.55603       35.74852       61.91825
wrapping first mol.:      -50.55603       35.74852       61.91825

 NSTEP =    30500   TIME(PS) =    2001.000  TEMP(K) =   300.67  PRESS =     0.0
 Etot   =    -72275.9543  EKtot   =     17892.9961  EPtot      =    -90168.9504
 BOND   =       410.3058  ANGLE   =      1147.9057  DIHED      =      1356.1755
 1-4 NB =       438.0400  1-4 EEL =      4536.7438  VDWAALS    =     11436.8308
 EELEC  =   -109550.3001  EHBOND  =         0.0000  RESTRAINT  =        55.3481
 EAMBER (non-restraint)  =    -90224.2984
 ------------------------------------------------------------------------------

wrapping first mol.:      -50.55603       35.74852       61.91825
wrapping first mol.:      -50.55603       35.74852       61.91825

 NSTEP =    31000   TIME(PS) =    2002.000  TEMP(K) =   298.92  PRESS =     0.0
 Etot   =    -72190.5452  EKtot   =     17788.3711  EPtot      =    -89978.9163
 BOND   =       408.3670  ANGLE   =      1141.0681  DIHED      =      1345.6712
 1-4 NB =       437.5706  1-4 EEL =      4543.8146  VDWAALS    =     11539.1535
 EELEC  =   -109445.3021  EHBOND  =         0.0000  RESTRAINT  =        50.7409
 EAMBER (non-restraint)  =    -90029.6572
 ------------------------------------------------------------------------------

wrapping first mol.:      -50.55603       35.74852       61.91825
wrapping first mol.:      -50.55603       35.74852       61.91825

 NSTEP =    31500   TIME(PS) =    2003.000  TEMP(K) =   299.30  PRESS =     0.0
 Etot   =    -72051.0517  EKtot   =     17811.4023  EPtot      =    -89862.4541
 BOND   =       402.9272  ANGLE   =      1135.5478  DIHED      =      1364.3800
 1-4 NB =       441.5685  1-4 EEL =      4558.6772  VDWAALS    =     11388.1397
 EELEC  =   -109216.4652  EHBOND  =         0.0000  RESTRAINT  =        62.7707
 EAMBER (non-restraint)  =    -89925.2248
 ------------------------------------------------------------------------------

wrapping first mol.:      -50.55603       35.74852       61.91825
wrapping first mol.:      -50.55603       35.74852       61.91825

 NSTEP =    32000   TIME(PS) =    2004.000  TEMP(K) =   299.54  PRESS =     0.0
 Etot   =    -72284.1967  EKtot   =     17825.6387  EPtot      =    -90109.8353
 BOND   =       417.4522  ANGLE   =      1092.2016  DIHED      =      1415.0483
 1-4 NB =       439.2901  1-4 EEL =      4541.8879  VDWAALS    =     11206.2035
 EELEC  =   -109280.1744  EHBOND  =         0.0000  RESTRAINT  =        58.2554
 EAMBER (non-restraint)  =    -90168.0907
 ------------------------------------------------------------------------------

wrapping first mol.:      -50.55603       35.74852       61.91825
wrapping first mol.:      -50.55603       35.74852       61.91825

 NSTEP =    32500   TIME(PS) =    2005.000  TEMP(K) =   300.65  PRESS =     0.0
 Etot   =    -72369.6604  EKtot   =     17891.5684  EPtot      =    -90261.2288
 BOND   =       395.2560  ANGLE   =      1111.5842  DIHED      =      1332.2597
 1-4 NB =       450.9116  1-4 EEL =      4598.6202  VDWAALS    =     11442.1752
 EELEC  =   -109643.4126  EHBOND  =         0.0000  RESTRAINT  =        51.3770
 EAMBER (non-restraint)  =    -90312.6058
 ------------------------------------------------------------------------------

wrapping first mol.:      -50.55603       35.74852       61.91825
wrapping first mol.:      -50.55603       35.74852       61.91825

 NSTEP =    33000   TIME(PS) =    2006.000  TEMP(K) =   298.46  PRESS =     0.0
 Etot   =    -72465.4542  EKtot   =     17761.4277  EPtot      =    -90226.8819
 BOND   =       392.2457  ANGLE   =      1085.9230  DIHED      =      1379.4428
 1-4 NB =       448.2685  1-4 EEL =      4547.9023  VDWAALS    =     11532.0684
 EELEC  =   -109669.5371  EHBOND  =         0.0000  RESTRAINT  =        56.8047
 EAMBER (non-restraint)  =    -90283.6866
 ------------------------------------------------------------------------------

wrapping first mol.:      -50.55603       35.74852       61.91825
wrapping first mol.:      -50.55603       35.74852       61.91825

 NSTEP =    33500   TIME(PS) =    2007.000  TEMP(K) =   300.00  PRESS =     0.0
 Etot   =    -72183.5937  EKtot   =     17852.8789  EPtot      =    -90036.4726
 BOND   =       415.7242  ANGLE   =      1104.7264  DIHED      =      1377.4257
 1-4 NB =       436.0482  1-4 EEL =      4540.2244  VDWAALS    =     11568.0459
 EELEC  =   -109534.2751  EHBOND  =         0.0000  RESTRAINT  =        55.6076
 EAMBER (non-restraint)  =    -90092.0803
 ------------------------------------------------------------------------------

wrapping first mol.:      -50.55603       35.74852       61.91825
wrapping first mol.:      -50.55603       35.74852       61.91825

 NSTEP =    34000   TIME(PS) =    2008.000  TEMP(K) =   299.65  PRESS =     0.0
 Etot   =    -72262.0765  EKtot   =     17832.1211  EPtot      =    -90094.1976
 BOND   =       408.2452  ANGLE   =      1076.0676  DIHED      =      1370.7108
 1-4 NB =       442.1365  1-4 EEL =      4522.9051  VDWAALS    =     11500.3083
 EELEC  =   -109469.1790  EHBOND  =         0.0000  RESTRAINT  =        54.6079
 EAMBER (non-restraint)  =    -90148.8055
 ------------------------------------------------------------------------------

wrapping first mol.:      -50.55603       35.74852       61.91825
wrapping first mol.:      -50.55603       35.74852       61.91825

 NSTEP =    34500   TIME(PS) =    2009.000  TEMP(K) =   301.62  PRESS =     0.0
 Etot   =    -72119.2206  EKtot   =     17949.1367  EPtot      =    -90068.3573
 BOND   =       394.7264  ANGLE   =      1106.6166  DIHED      =      1367.1292
 1-4 NB =       447.5753  1-4 EEL =      4585.1253  VDWAALS    =     11562.7354
 EELEC  =   -109595.6116  EHBOND  =         0.0000  RESTRAINT  =        63.3462
 EAMBER (non-restraint)  =    -90131.7035
 ------------------------------------------------------------------------------

wrapping first mol.:      -50.55603       35.74852       61.91825
wrapping first mol.:      -50.55603       35.74852       61.91825

 NSTEP =    35000   TIME(PS) =    2010.000  TEMP(K) =   298.80  PRESS =     0.0
 Etot   =    -72375.0322  EKtot   =     17781.5508  EPtot      =    -90156.5830
 BOND   =       384.9997  ANGLE   =      1085.8209  DIHED      =      1341.0004
 1-4 NB =       462.6209  1-4 EEL =      4534.3365  VDWAALS    =     11616.9613
 EELEC  =   -109642.6466  EHBOND  =         0.0000  RESTRAINT  =        60.3240
 EAMBER (non-restraint)  =    -90216.9070
 ------------------------------------------------------------------------------

wrapping first mol.:      -50.55603       35.74852       61.91825
wrapping first mol.:      -50.55603       35.74852       61.91825

 NSTEP =    35500   TIME(PS) =    2011.000  TEMP(K) =   298.63  PRESS =     0.0
 Etot   =    -72359.5560  EKtot   =     17771.4961  EPtot      =    -90131.0521
 BOND   =       419.7548  ANGLE   =      1048.1446  DIHED      =      1384.6400
 1-4 NB =       440.9566  1-4 EEL =      4498.7558  VDWAALS    =     11427.1145
 EELEC  =   -109409.0338  EHBOND  =         0.0000  RESTRAINT  =        58.6153
 EAMBER (non-restraint)  =    -90189.6674
 ------------------------------------------------------------------------------

wrapping first mol.:      -50.55603       35.74852       61.91825
wrapping first mol.:      -50.55603       35.74852       61.91825

 NSTEP =    36000   TIME(PS) =    2012.000  TEMP(K) =   300.50  PRESS =     0.0
 Etot   =    -72365.7334  EKtot   =     17882.8613  EPtot      =    -90248.5948
 BOND   =       403.2906  ANGLE   =      1080.4240  DIHED      =      1373.8866
 1-4 NB =       454.3880  1-4 EEL =      4553.2320  VDWAALS    =     11750.0564
 EELEC  =   -109928.1884  EHBOND  =         0.0000  RESTRAINT  =        64.3161
 EAMBER (non-restraint)  =    -90312.9109
 ------------------------------------------------------------------------------

wrapping first mol.:      -50.55603       35.74852       61.91825
wrapping first mol.:      -50.55603       35.74852       61.91825

 NSTEP =    36500   TIME(PS) =    2013.000  TEMP(K) =   301.89  PRESS =     0.0
 Etot   =    -72277.4009  EKtot   =     17965.4180  EPtot      =    -90242.8188
 BOND   =       416.5912  ANGLE   =      1095.2547  DIHED      =      1394.7093
 1-4 NB =       443.9706  1-4 EEL =      4570.9274  VDWAALS    =     11435.1833
 EELEC  =   -109665.9655  EHBOND  =         0.0000  RESTRAINT  =        66.5102
 EAMBER (non-restraint)  =    -90309.3291
 ------------------------------------------------------------------------------

wrapping first mol.:      -50.55603       35.74852       61.91825
wrapping first mol.:      -50.55603       35.74852       61.91825

 NSTEP =    37000   TIME(PS) =    2014.000  TEMP(K) =   300.17  PRESS =     0.0
 Etot   =    -72331.3539  EKtot   =     17863.0742  EPtot      =    -90194.4281
 BOND   =       401.0614  ANGLE   =      1152.4858  DIHED      =      1358.5794
 1-4 NB =       438.1316  1-4 EEL =      4534.1636  VDWAALS    =     11418.3442
 EELEC  =   -109551.6634  EHBOND  =         0.0000  RESTRAINT  =        54.4693
 EAMBER (non-restraint)  =    -90248.8974
 ------------------------------------------------------------------------------

wrapping first mol.:      -50.55603       35.74852       61.91825
wrapping first mol.:      -50.55603       35.74852       61.91825

 NSTEP =    37500   TIME(PS) =    2015.000  TEMP(K) =   298.54  PRESS =     0.0
 Etot   =    -72205.6446  EKtot   =     17765.7852  EPtot      =    -89971.4298
 BOND   =       393.3968  ANGLE   =      1134.2647  DIHED      =      1345.5922
 1-4 NB =       451.9261  1-4 EEL =      4560.4223  VDWAALS    =     11608.1095
 EELEC  =   -109519.5972  EHBOND  =         0.0000  RESTRAINT  =        54.4557
 EAMBER (non-restraint)  =    -90025.8855
 ------------------------------------------------------------------------------

wrapping first mol.:      -50.55603       35.74852       61.91825
wrapping first mol.:      -50.55603       35.74852       61.91825

 NSTEP =    38000   TIME(PS) =    2016.000  TEMP(K) =   302.32  PRESS =     0.0
 Etot   =    -72063.3985  EKtot   =     17990.7812  EPtot      =    -90054.1797
 BOND   =       403.0203  ANGLE   =      1123.6629  DIHED      =      1369.8692
 1-4 NB =       445.9491  1-4 EEL =      4524.6484  VDWAALS    =     11340.2628
 EELEC  =   -109332.9703  EHBOND  =         0.0000  RESTRAINT  =        71.3777
 EAMBER (non-restraint)  =    -90125.5574
 ------------------------------------------------------------------------------

wrapping first mol.:      -50.55603       35.74852       61.91825
wrapping first mol.:      -50.55603       35.74852       61.91825

 NSTEP =    38500   TIME(PS) =    2017.000  TEMP(K) =   298.58  PRESS =     0.0
 Etot   =    -72337.0871  EKtot   =     17768.0547  EPtot      =    -90105.1418
 BOND   =       373.5170  ANGLE   =      1101.4948  DIHED      =      1372.1463
 1-4 NB =       453.0671  1-4 EEL =      4580.4720  VDWAALS    =     11392.6139
 EELEC  =   -109436.8117  EHBOND  =         0.0000  RESTRAINT  =        58.3587
 EAMBER (non-restraint)  =    -90163.5005
 ------------------------------------------------------------------------------

wrapping first mol.:      -50.55603       35.74852       61.91825
wrapping first mol.:      -50.55603       35.74852       61.91825

 NSTEP =    39000   TIME(PS) =    2018.000  TEMP(K) =   296.78  PRESS =     0.0
 Etot   =    -72549.2147  EKtot   =     17661.3945  EPtot      =    -90210.6092
 BOND   =       388.0270  ANGLE   =      1096.3807  DIHED      =      1386.9569
 1-4 NB =       446.5308  1-4 EEL =      4575.8585  VDWAALS    =     11260.7024
 EELEC  =   -109426.2942  EHBOND  =         0.0000  RESTRAINT  =        61.2287
 EAMBER (non-restraint)  =    -90271.8379
 ------------------------------------------------------------------------------

wrapping first mol.:      -50.55603       35.74852       61.91825
wrapping first mol.:      -50.55603       35.74852       61.91825

 NSTEP =    39500   TIME(PS) =    2019.000  TEMP(K) =   299.82  PRESS =     0.0
 Etot   =    -72378.4787  EKtot   =     17841.9902  EPtot      =    -90220.4690
 BOND   =       383.5783  ANGLE   =      1045.6755  DIHED      =      1342.9983
 1-4 NB =       458.0752  1-4 EEL =      4588.6196  VDWAALS    =     11313.5051
 EELEC  =   -109415.7842  EHBOND  =         0.0000  RESTRAINT  =        62.8632
 EAMBER (non-restraint)  =    -90283.3322
 ------------------------------------------------------------------------------

wrapping first mol.:      -50.55603       35.74852       61.91825
wrapping first mol.:      -50.55603       35.74852       61.91825

 NSTEP =    40000   TIME(PS) =    2020.000  TEMP(K) =   297.45  PRESS =     0.0
 Etot   =    -72555.5746  EKtot   =     17700.8672  EPtot      =    -90256.4418
 BOND   =       406.7925  ANGLE   =      1071.8068  DIHED      =      1389.5943
 1-4 NB =       448.7039  1-4 EEL =      4541.3271  VDWAALS    =     11245.2046
 EELEC  =   -109416.0689  EHBOND  =         0.0000  RESTRAINT  =        56.1980
 EAMBER (non-restraint)  =    -90312.6398
 ------------------------------------------------------------------------------

wrapping first mol.:      -50.55603       35.74852       61.91825
wrapping first mol.:      -50.55603       35.74852       61.91825

 NSTEP =    40500   TIME(PS) =    2021.000  TEMP(K) =   299.91  PRESS =     0.0
 Etot   =    -72251.8737  EKtot   =     17847.5820  EPtot      =    -90099.4557
 BOND   =       385.0966  ANGLE   =      1080.7567  DIHED      =      1346.1672
 1-4 NB =       457.4333  1-4 EEL =      4602.2791  VDWAALS    =     11439.9182
 EELEC  =   -109465.9368  EHBOND  =         0.0000  RESTRAINT  =        54.8301
 EAMBER (non-restraint)  =    -90154.2858
 ------------------------------------------------------------------------------

wrapping first mol.:      -50.55603       35.74852       61.91825
wrapping first mol.:      -50.55603       35.74852       61.91825

 NSTEP =    41000   TIME(PS) =    2022.000  TEMP(K) =   298.35  PRESS =     0.0
 Etot   =    -72433.5253  EKtot   =     17754.8887  EPtot      =    -90188.4140
 BOND   =       381.2437  ANGLE   =      1112.6034  DIHED      =      1371.2548
 1-4 NB =       464.4259  1-4 EEL =      4562.0631  VDWAALS    =     11471.9329
 EELEC  =   -109601.6666  EHBOND  =         0.0000  RESTRAINT  =        49.7287
 EAMBER (non-restraint)  =    -90238.1427
 ------------------------------------------------------------------------------

wrapping first mol.:      -50.55603       35.74852       61.91825
wrapping first mol.:      -50.55603       35.74852       61.91825

 NSTEP =    41500   TIME(PS) =    2023.000  TEMP(K) =   296.70  PRESS =     0.0
 Etot   =    -72459.1401  EKtot   =     17656.5781  EPtot      =    -90115.7182
 BOND   =       422.5158  ANGLE   =      1090.5861  DIHED      =      1388.9832
 1-4 NB =       453.8756  1-4 EEL =      4570.8424  VDWAALS    =     11652.3670
 EELEC  =   -109746.2878  EHBOND  =         0.0000  RESTRAINT  =        51.3997
 EAMBER (non-restraint)  =    -90167.1178
 ------------------------------------------------------------------------------

wrapping first mol.:      -50.55603       35.74852       61.91825
wrapping first mol.:      -50.55603       35.74852       61.91825

 NSTEP =    42000   TIME(PS) =    2024.000  TEMP(K) =   301.13  PRESS =     0.0
 Etot   =    -72249.9320  EKtot   =     17919.9336  EPtot      =    -90169.8656
 BOND   =       393.0007  ANGLE   =      1084.5176  DIHED      =      1353.5998
 1-4 NB =       448.9161  1-4 EEL =      4548.8318  VDWAALS    =     11592.1662
 EELEC  =   -109643.6321  EHBOND  =         0.0000  RESTRAINT  =        52.7343
 EAMBER (non-restraint)  =    -90222.6000
 ------------------------------------------------------------------------------

wrapping first mol.:      -50.55603       35.74852       61.91825
wrapping first mol.:      -50.55603       35.74852       61.91825

 NSTEP =    42500   TIME(PS) =    2025.000  TEMP(K) =   300.70  PRESS =     0.0
 Etot   =    -72302.4163  EKtot   =     17894.6113  EPtot      =    -90197.0277
 BOND   =       421.0391  ANGLE   =      1101.1851  DIHED      =      1366.7923
 1-4 NB =       434.5539  1-4 EEL =      4583.5596  VDWAALS    =     11430.4419
 EELEC  =   -109593.0447  EHBOND  =         0.0000  RESTRAINT  =        58.4452
 EAMBER (non-restraint)  =    -90255.4729
 ------------------------------------------------------------------------------

wrapping first mol.:      -50.55603       35.74852       61.91825
wrapping first mol.:      -50.55603       35.74852       61.91825

 NSTEP =    43000   TIME(PS) =    2026.000  TEMP(K) =   299.91  PRESS =     0.0
 Etot   =    -72305.3600  EKtot   =     17847.6895  EPtot      =    -90153.0494
 BOND   =       399.0297  ANGLE   =      1124.9144  DIHED      =      1367.9348
 1-4 NB =       432.5134  1-4 EEL =      4541.3750  VDWAALS    =     11336.8050
 EELEC  =   -109412.5744  EHBOND  =         0.0000  RESTRAINT  =        56.9526
 EAMBER (non-restraint)  =    -90210.0021
 ------------------------------------------------------------------------------

wrapping first mol.:      -50.55603       35.74852       61.91825
wrapping first mol.:      -50.55603       35.74852       61.91825

 NSTEP =    43500   TIME(PS) =    2027.000  TEMP(K) =   298.90  PRESS =     0.0
 Etot   =    -72424.2696  EKtot   =     17787.3047  EPtot      =    -90211.5743
 BOND   =       395.8829  ANGLE   =      1084.5146  DIHED      =      1356.4120
 1-4 NB =       437.2299  1-4 EEL =      4582.2866  VDWAALS    =     11330.1394
 EELEC  =   -109453.8555  EHBOND  =         0.0000  RESTRAINT  =        55.8157
 EAMBER (non-restraint)  =    -90267.3900
 ------------------------------------------------------------------------------

wrapping first mol.:      -50.55603       35.74852       61.91825
wrapping first mol.:      -50.55603       35.74852       61.91825

 NSTEP =    44000   TIME(PS) =    2028.000  TEMP(K) =   299.99  PRESS =     0.0
 Etot   =    -72390.2115  EKtot   =     17852.5312  EPtot      =    -90242.7427
 BOND   =       435.7027  ANGLE   =      1089.9422  DIHED      =      1362.9452
 1-4 NB =       425.0051  1-4 EEL =      4541.8376  VDWAALS    =     11272.5240
 EELEC  =   -109418.9169  EHBOND  =         0.0000  RESTRAINT  =        48.2174
 EAMBER (non-restraint)  =    -90290.9601
 ------------------------------------------------------------------------------

wrapping first mol.:      -50.55603       35.74852       61.91825
wrapping first mol.:      -50.55603       35.74852       61.91825

 NSTEP =    44500   TIME(PS) =    2029.000  TEMP(K) =   300.79  PRESS =     0.0
 Etot   =    -72288.4907  EKtot   =     17899.9590  EPtot      =    -90188.4497
 BOND   =       390.9360  ANGLE   =      1104.2248  DIHED      =      1360.1135
 1-4 NB =       436.2814  1-4 EEL =      4560.5332  VDWAALS    =     11618.9332
 EELEC  =   -109711.6952  EHBOND  =         0.0000  RESTRAINT  =        52.2232
 EAMBER (non-restraint)  =    -90240.6729
 ------------------------------------------------------------------------------

wrapping first mol.:      -50.55603       35.74852       61.91825
wrapping first mol.:      -50.55603       35.74852       61.91825

 NSTEP =    45000   TIME(PS) =    2030.000  TEMP(K) =   301.82  PRESS =     0.0
 Etot   =    -72271.0949  EKtot   =     17961.1719  EPtot      =    -90232.2668
 BOND   =       410.2061  ANGLE   =      1072.6646  DIHED      =      1374.8240
 1-4 NB =       447.6959  1-4 EEL =      4560.5935  VDWAALS    =     11683.3117
 EELEC  =   -109831.2249  EHBOND  =         0.0000  RESTRAINT  =        49.6623
 EAMBER (non-restraint)  =    -90281.9290
 ------------------------------------------------------------------------------

wrapping first mol.:      -50.55603       35.74852       61.91825
wrapping first mol.:      -50.55603       35.74852       61.91825

 NSTEP =    45500   TIME(PS) =    2031.000  TEMP(K) =   301.52  PRESS =     0.0
 Etot   =    -72069.4317  EKtot   =     17943.1699  EPtot      =    -90012.6016
 BOND   =       404.3342  ANGLE   =      1096.0834  DIHED      =      1371.7143
 1-4 NB =       439.4499  1-4 EEL =      4573.9857  VDWAALS    =     11266.2152
 EELEC  =   -109220.7198  EHBOND  =         0.0000  RESTRAINT  =        56.3355
 EAMBER (non-restraint)  =    -90068.9371
 ------------------------------------------------------------------------------

wrapping first mol.:      -50.55603       35.74852       61.91825
wrapping first mol.:      -50.55603       35.74852       61.91825

 NSTEP =    46000   TIME(PS) =    2032.000  TEMP(K) =   298.15  PRESS =     0.0
 Etot   =    -72588.3334  EKtot   =     17742.9238  EPtot      =    -90331.2572
 BOND   =       430.1857  ANGLE   =      1064.4035  DIHED      =      1369.1352
 1-4 NB =       445.5378  1-4 EEL =      4570.1853  VDWAALS    =     11398.3848
 EELEC  =   -109666.2238  EHBOND  =         0.0000  RESTRAINT  =        57.1343
 EAMBER (non-restraint)  =    -90388.3915
 ------------------------------------------------------------------------------

wrapping first mol.:      -50.55603       35.74852       61.91825
wrapping first mol.:      -50.55603       35.74852       61.91825

 NSTEP =    46500   TIME(PS) =    2033.000  TEMP(K) =   301.46  PRESS =     0.0
 Etot   =    -72309.4897  EKtot   =     17939.6836  EPtot      =    -90249.1733
 BOND   =       373.6350  ANGLE   =      1132.8302  DIHED      =      1355.2359
 1-4 NB =       447.6542  1-4 EEL =      4632.4616  VDWAALS    =     11479.4076
 EELEC  =   -109731.8892  EHBOND  =         0.0000  RESTRAINT  =        61.4915
 EAMBER (non-restraint)  =    -90310.6647
 ------------------------------------------------------------------------------

wrapping first mol.:      -50.55603       35.74852       61.91825
wrapping first mol.:      -50.55603       35.74852       61.91825

 NSTEP =    47000   TIME(PS) =    2034.000  TEMP(K) =   301.37  PRESS =     0.0
 Etot   =    -72430.1476  EKtot   =     17934.5020  EPtot      =    -90364.6495
 BOND   =       408.0442  ANGLE   =      1111.7730  DIHED      =      1359.2429
 1-4 NB =       429.3461  1-4 EEL =      4510.5577  VDWAALS    =     11452.4202
 EELEC  =   -109687.8999  EHBOND  =         0.0000  RESTRAINT  =        51.8663
 EAMBER (non-restraint)  =    -90416.5158
 ------------------------------------------------------------------------------

wrapping first mol.:      -50.55603       35.74852       61.91825
wrapping first mol.:      -50.55603       35.74852       61.91825

 NSTEP =    47500   TIME(PS) =    2035.000  TEMP(K) =   302.26  PRESS =     0.0
 Etot   =    -72095.9535  EKtot   =     17987.3242  EPtot      =    -90083.2777
 BOND   =       376.4442  ANGLE   =      1144.6710  DIHED      =      1362.6357
 1-4 NB =       443.7972  1-4 EEL =      4566.4921  VDWAALS    =     11600.8634
 EELEC  =   -109627.6562  EHBOND  =         0.0000  RESTRAINT  =        49.4748
 EAMBER (non-restraint)  =    -90132.7525
 ------------------------------------------------------------------------------

wrapping first mol.:      -50.55603       35.74852       61.91825
wrapping first mol.:      -50.55603       35.74852       61.91825

 NSTEP =    48000   TIME(PS) =    2036.000  TEMP(K) =   297.18  PRESS =     0.0
 Etot   =    -72541.8998  EKtot   =     17685.2168  EPtot      =    -90227.1166
 BOND   =       426.1885  ANGLE   =      1051.7694  DIHED      =      1356.3382
 1-4 NB =       437.7987  1-4 EEL =      4596.7170  VDWAALS    =     11674.7435
 EELEC  =   -109822.0573  EHBOND  =         0.0000  RESTRAINT  =        51.3854
 EAMBER (non-restraint)  =    -90278.5019
 ------------------------------------------------------------------------------

wrapping first mol.:      -50.55603       35.74852       61.91825
wrapping first mol.:      -50.55603       35.74852       61.91825

 NSTEP =    48500   TIME(PS) =    2037.000  TEMP(K) =   301.55  PRESS =     0.0
 Etot   =    -72471.2229  EKtot   =     17945.0176  EPtot      =    -90416.2405
 BOND   =       381.3605  ANGLE   =      1081.0001  DIHED      =      1346.4762
 1-4 NB =       443.7690  1-4 EEL =      4554.0607  VDWAALS    =     11367.8987
 EELEC  =   -109646.2306  EHBOND  =         0.0000  RESTRAINT  =        55.4250
 EAMBER (non-restraint)  =    -90471.6655
 ------------------------------------------------------------------------------

wrapping first mol.:      -50.55603       35.74852       61.91825
wrapping first mol.:      -50.55603       35.74852       61.91825

 NSTEP =    49000   TIME(PS) =    2038.000  TEMP(K) =   301.11  PRESS =     0.0
 Etot   =    -72431.8743  EKtot   =     17918.7734  EPtot      =    -90350.6477
 BOND   =       383.5630  ANGLE   =      1076.3823  DIHED      =      1368.9030
 1-4 NB =       437.0003  1-4 EEL =      4567.2911  VDWAALS    =     11526.6253
 EELEC  =   -109774.0842  EHBOND  =         0.0000  RESTRAINT  =        63.6715
 EAMBER (non-restraint)  =    -90414.3192
 ------------------------------------------------------------------------------

wrapping first mol.:      -50.55603       35.74852       61.91825
wrapping first mol.:      -50.55603       35.74852       61.91825

 NSTEP =    49500   TIME(PS) =    2039.000  TEMP(K) =   302.27  PRESS =     0.0
 Etot   =    -72133.7325  EKtot   =     17987.6211  EPtot      =    -90121.3536
 BOND   =       429.6956  ANGLE   =      1110.4640  DIHED      =      1343.4346
 1-4 NB =       443.5481  1-4 EEL =      4536.7550  VDWAALS    =     11245.2562
 EELEC  =   -109287.0136  EHBOND  =         0.0000  RESTRAINT  =        56.5066
 EAMBER (non-restraint)  =    -90177.8602
 ------------------------------------------------------------------------------

wrapping first mol.:      -50.55603       35.74852       61.91825
wrapping first mol.:      -50.55603       35.74852       61.91825

 NSTEP =    50000   TIME(PS) =    2040.000  TEMP(K) =   300.11  PRESS =     0.0
 Etot   =    -72600.9127  EKtot   =     17859.5371  EPtot      =    -90460.4498
 BOND   =       429.8298  ANGLE   =      1122.0704  DIHED      =      1372.8761
 1-4 NB =       439.9003  1-4 EEL =      4550.0275  VDWAALS    =     11579.4031
 EELEC  =   -110014.9327  EHBOND  =         0.0000  RESTRAINT  =        60.3758
 EAMBER (non-restraint)  =    -90520.8256
 ------------------------------------------------------------------------------


      A V E R A G E S   O V E R     100 S T E P S


 NSTEP =    50000   TIME(PS) =    2040.000  TEMP(K) =   300.27  PRESS =     0.0
 Etot   =    -72254.1254  EKtot   =     17868.9971  EPtot      =    -90123.1226
 BOND   =       402.2312  ANGLE   =      1097.9790  DIHED      =      1371.2328
 1-4 NB =       445.3775  1-4 EEL =      4564.7403  VDWAALS    =     11432.7442
 EELEC  =   -109491.5415  EHBOND  =         0.0000  RESTRAINT  =        54.1138
 EAMBER (non-restraint)  =    -90177.2364
 ------------------------------------------------------------------------------


      R M S  F L U C T U A T I O N S


 NSTEP =    50000   TIME(PS) =    2040.000  TEMP(K) =     1.53  PRESS =     0.0
 Etot   =       176.7413  EKtot   =        90.9536  EPtot      =       152.2199
 BOND   =        16.1118  ANGLE   =        24.7852  DIHED      =        14.9958
 1-4 NB =         8.8309  1-4 EEL =        25.4138  VDWAALS    =       133.4946
 EELEC  =       225.4524  EHBOND  =         0.0000  RESTRAINT  =         5.4042
 EAMBER (non-restraint)  =       146.8156
 ------------------------------------------------------------------------------

--------------------------------------------------------------------------------
   5.  TIMINGS
--------------------------------------------------------------------------------

|  NonSetup CPU Time in Major Routines:
|
|     Routine           Sec        %
|     ------------------------------
|     Nonbond           8.96   15.14
|     Bond              0.00    0.00
|     Angle             0.00    0.00
|     Dihedral          0.00    0.00
|     Shake             0.70    1.19
|     RunMD            49.47   83.53
|     Other             0.08    0.14
|     ------------------------------
|     Total            59.22

|  PME Nonbond Pairlist CPU Time:
|
|     Routine              Sec        %
|     ---------------------------------
|     Set Up Cit           0.00    0.00
|     Build List           0.00    0.00
|     ---------------------------------
|     Total                0.00    0.00

|  PME Direct Force CPU Time:
|
|     Routine              Sec        %
|     ---------------------------------
|     NonBonded Calc       0.00    0.00
|     Exclude Masked       0.00    0.00
|     Other                0.05    0.08
|     ---------------------------------
|     Total                0.05    0.08

|  PME Reciprocal Force CPU Time:
|
|     Routine              Sec        %
|     ---------------------------------
|     1D bspline           0.00    0.00
|     Grid Charges         0.00    0.00
|     Scalar Sum           0.00    0.00
|     Gradient Sum         0.00    0.00
|     FFT                  0.00    0.00
|     ---------------------------------
|     Total                0.00    0.00

|  Final Performance Info:
|     -----------------------------------------------------
|     Average timings for last   49500 steps:
|     Elapsed(s) =      59.01 Per Step(ms) =       1.19
|         ns/day =     144.96   seconds/ns =     596.02
|
|     Average timings for all steps:
|     Elapsed(s) =      59.61 Per Step(ms) =       1.19
|         ns/day =     144.94   seconds/ns =     596.09
|     -----------------------------------------------------

|  Setup CPU time:            2.28 seconds
|  NonSetup CPU time:        59.22 seconds
|  Total CPU time:           61.50 seconds     0.02 hours

|  Setup wall time:           2    seconds
|  NonSetup wall time:       60    seconds
|  Total wall time:          62    seconds     0.02 hours
