
          -------------------------------------------------------
          Amber 16 PMEMD                              2016
          -------------------------------------------------------

| PMEMD implementation of SANDER, Release 16

| Run on 11/03/2017 at 15:48:06

|   Executable path: /apps/amber16/bin/pmemd.cuda
| Working directory: /home/pbarletta
|          Hostname: mordor

  [-O]verwriting output

File Assignments:
|   MDIN: /scratch/pbarletta/2pdz/run/lb/mhe/e/27equ.in                         
|  MDOUT: /scratch/pbarletta/2pdz/run/lb/mhe/e/27equ.out                        
| INPCRD: /scratch/pbarletta/2pdz/run/lb/mhe/e/26elb.rst7                       
|   PARM: /scratch/pbarletta/2pdz/top_files/lb.prmtop                           
| RESTRT: /scratch/pbarletta/2pdz/run/lb/mhe/e/27elb.rst7                       
|   REFC: /scratch/pbarletta/2pdz/run/lb/mhe/e/26elb.rst7                       
|  MDVEL: mdvel                                                                 
|   MDEN: mden                                                                  
|  MDCRD: /scratch/pbarletta/2pdz/run/lb/mhe/e/27elb.nc                         
| MDINFO: mdinfo                                                                
|  MDFRC: mdfrc                                                                 


 Here is the input file:

Equilibration with solute restrictions                                         
&cntrl                                                                         
imin = 0,                           ! No Minimization                          
nmropt = 0,                         ! No NMR restraints read                   
                                                                               
! Nature and format of the input                                               
ntx = 5,                            ! Coordinates but no velocities will be rea
irest = 1,                          ! Do not run a new simulation              
                                                                               
! Nature and format of the output                                              
ntxo = 1,                           ! rstrt file in ASCII format               
ntpr = 500,                         ! inf in output every ntpr steps           
ntwr = 500,                         ! rstrt file every ntwr steps              
ntwx = 500,                         ! mdcrd file every ntwx steps              
ntwv = 0,                           ! mdvel without velocities                 
ntwe = 0,                           ! Energies and temperatures not written in 
idecomp = 0,                        ! No energy decomposition                  
iwrap = 1,                          ! Coordinates of the restart and mdcrd file
                                                                               
! Frozen or restrained atoms                                                   
ibelly = 0,                         ! No frozen atoms                          
ntr=1,                              ! Harmonic potential restraints            
restraint_wt = 0.05,                ! The weight for the positional restraints 
restraintmask = ':1-132@N,CA,C,O',  ! restrained residues                      
                                                                               
! Molecular dynamics                                                           
nstlim = 50000,                     ! Number of MD-steps                       
dt = 0.002,                         ! Time step                                
                                                                               
! Temperature regulation                                                       
ntt = 3,                            ! Langevin thermostat                      
gamma_ln = 5,                       ! Gamma constant for Langevin              
temp0 = 300.0,                      ! Reference T at which the system is to be 
tempi = 300.0,                      ! Initial T                                
ig = -1,                            ! Seed for the RNG                         
                                                                               
! P and V regulation                                                           
ntp = 0,                            ! No pressure control                      
ntb = 1,                            ! Periodic box for constant V              
                                                                               
! SHAKE variables                                                              
ntc = 2,                            ! Bonds involving H are constrained        
ntf = 2,                            ! Bond interaction involving H are ommited.
                                                                               
cut = 10.0,                         ! Nonbonded cutoff                         
/                                                                              
&end                                                                           


Note: ig = -1. Setting random seed to   517856 based on wallclock time in 
      microseconds.
| irandom = 1, using AMBER's internal random number generator (default).
 
|--------------------- INFORMATION ----------------------
| GPU (CUDA) Version of PMEMD in use: NVIDIA GPU IN USE.
|                    Version 16.0.0
| 
|                      02/25/2016
| 
| Implementation by:
|                    Ross C. Walker     (SDSC)
|                    Scott Le Grand     (nVIDIA)
| 
| Precision model in use:
|      [SPFP] - Single Precision Forces, 64-bit Fixed Point
|               Accumulation. (Default)
| 
|--------------------------------------------------------
 
|----------------- CITATION INFORMATION -----------------
|
|    When publishing work that utilized the CUDA version
|    of AMBER, please cite the following in addition to
|    the regular AMBER citations:
|
|  - Romelia Salomon-Ferrer; Andreas W. Goetz; Duncan
|    Poole; Scott Le Grand; Ross C. Walker "Routine
|    microsecond molecular dynamics simulations with
|    AMBER - Part II: Particle Mesh Ewald", J. Chem.
|    Theory Comput., 2013, 9 (9), pp3878-3888,
|    DOI: 10.1021/ct400314y.
|
|  - Andreas W. Goetz; Mark J. Williamson; Dong Xu;
|    Duncan Poole; Scott Le Grand; Ross C. Walker
|    "Routine microsecond molecular dynamics simulations
|    with AMBER - Part I: Generalized Born", J. Chem.
|    Theory Comput., 2012, 8 (5), pp1542-1555.
|
|  - Scott Le Grand; Andreas W. Goetz; Ross C. Walker
|    "SPFP: Speed without compromise - a mixed precision
|    model for GPU accelerated molecular dynamics
|    simulations.", Comp. Phys. Comm., 2013, 184
|    pp374-380, DOI: 10.1016/j.cpc.2012.09.022
|
|--------------------------------------------------------
 
|------------------- GPU DEVICE INFO --------------------
|
|            CUDA_VISIBLE_DEVICES: 2
|   CUDA Capable Devices Detected:      1
|           CUDA Device ID in use:      0
|                CUDA Device Name: GeForce GTX 1080 Ti
|     CUDA Device Global Mem Size:  11172 MB
| CUDA Device Num Multiprocessors:     28
|           CUDA Device Core Freq:   1.58 GHz
|
|--------------------------------------------------------
 
 
| Conditional Compilation Defines Used:
| PUBFFT
| BINTRAJ
| CUDA
| EMIL

| Largest sphere to fit in unit cell has radius =    30.959

| New format PARM file being parsed.
| Version =    1.000 Date = 11/03/17 Time = 14:56:09

| Note: 1-4 EEL scale factors are being read from the topology file.

| Note: 1-4 VDW scale factors are being read from the topology file.
| Duplicated    0 dihedrals

| Duplicated    0 dihedrals

--------------------------------------------------------------------------------
   1.  RESOURCE   USE: 
--------------------------------------------------------------------------------

 getting new box info from bottom of inpcrd
 NATOM  =   29433 NTYPES =      16 NBONH =   28406 MBONA  =    1038
 NTHETH =    2390 MTHETA =    1396 NPHIH =    4631 MPHIA  =    3488
 NHPARM =       0 NPARM  =       0 NNB   =   47902 NRES   =    9251
 NBONA  =    1038 NTHETA =    1396 NPHIA =    3488 NUMBND =      45
 NUMANG =      95 NPTRA  =      43 NATYP =      29 NPHB   =       1
 IFBOX  =       2 NMXRS  =      24 IFCAP =       0 NEXTRA =       0
 NCOPY  =       0

| Coordinate Index Table dimensions:    12   12   12
| Direct force subcell size =     6.3195    6.3195    6.3195

     BOX TYPE: TRUNCATED OCTAHEDRON

--------------------------------------------------------------------------------
   2.  CONTROL  DATA  FOR  THE  RUN
--------------------------------------------------------------------------------

default_name                                                                    

General flags:
     imin    =       0, nmropt  =       0

Nature and format of input:
     ntx     =       5, irest   =       1, ntrx    =       1

Nature and format of output:
     ntxo    =       1, ntpr    =     500, ntrx    =       1, ntwr    =     500
     iwrap   =       1, ntwx    =     500, ntwv    =       0, ntwe    =       0
     ioutfm  =       1, ntwprt  =       0, idecomp =       0, rbornstat=      0

Potential function:
     ntf     =       2, ntb     =       1, igb     =       0, nsnb    =      25
     ipol    =       0, gbsa    =       0, iesp    =       0
     dielc   =   1.00000, cut     =  10.00000, intdiel =   1.00000

Frozen or restrained atoms:
     ibelly  =       0, ntr     =       1
     restraint_wt =   0.05000

Molecular dynamics:
     nstlim  =     50000, nscm    =         0, nrespa  =         1
     t       =   0.00000, dt      =   0.00200, vlimit  =  -1.00000

Langevin dynamics temperature regulation:
     ig      =  517856
     temp0   = 300.00000, tempi   = 300.00000, gamma_ln=   5.00000

SHAKE:
     ntc     =       2, jfastw  =       0
     tol     =   0.00001

| Intermolecular bonds treatment:
|     no_intermolecular_bonds =       1

| Energy averages sample interval:
|     ene_avg_sampling =     500

Ewald parameters:
     verbose =       0, ew_type =       0, nbflag  =       1, use_pme =       1
     vdwmeth =       1, eedmeth =       1, netfrc  =       1
     Box X =   75.834   Box Y =   75.834   Box Z =   75.834
     Alpha =  109.471   Beta  =  109.471   Gamma =  109.471
     NFFT1 =   80       NFFT2 =   80       NFFT3 =   80
     Cutoff=   10.000   Tol   =0.100E-04
     Ewald Coefficient =  0.27511
     Interpolation order =    4

    LOADING THE CONSTRAINED ATOMS AS GROUPS


   5.  REFERENCE ATOM COORDINATES

  default_name                                                                    
     Mask :1-132@N,CA,C,O; matches   528 atoms

--------------------------------------------------------------------------------
   3.  ATOMIC COORDINATES AND VELOCITIES
--------------------------------------------------------------------------------

default_name                                                                    
 begin time read from input coords =  2740.000 ps

 
 Number of triangulated 3-point waters found:     9119

     Sum of charges from parm topology file =  -0.00000008
     Forcing neutrality...

| Dynamic Memory, Types Used:
| Reals              999088
| Integers           921097

| Nonbonded Pairs Initial Allocation:     8902746

| GPU memory information (estimate):
| KB of GPU memory in use:    214995
| KB of CPU memory in use:     45027

--------------------------------------------------------------------------------
   4.  RESULTS
--------------------------------------------------------------------------------

 ---------------------------------------------------
 APPROXIMATING switch and d/dx switch using CUBIC SPLINE INTERPOLATION
 using   5000.0 points per unit in tabled values
 TESTING RELATIVE ERROR over r ranging from 0.0 to cutoff
| CHECK switch(x): max rel err =   0.2738E-14   at   2.422500
| CHECK d/dx switch(x): max rel err =   0.8314E-11   at   2.736960
 ---------------------------------------------------
|---------------------------------------------------
| APPROXIMATING direct energy using CUBIC SPLINE INTERPOLATION
|  with   50.0 points per unit in tabled values
| Relative Error Limit not exceeded for r .gt.   2.33
| APPROXIMATING direct force using CUBIC SPLINE INTERPOLATION
|  with   50.0 points per unit in tabled values
| Relative Error Limit not exceeded for r .gt.   2.80
|---------------------------------------------------
wrapping first mol.:      -50.55603       35.74852       61.91825
wrapping first mol.:      -50.55603       35.74852       61.91825

 NSTEP =      500   TIME(PS) =    2741.000  TEMP(K) =   302.46  PRESS =     0.0
 Etot   =    -72409.0892  EKtot   =     17998.9688  EPtot      =    -90408.0580
 BOND   =       391.1288  ANGLE   =      1114.6712  DIHED      =      1350.2452
 1-4 NB =       448.1257  1-4 EEL =      4589.6467  VDWAALS    =     11399.3952
 EELEC  =   -109707.2515  EHBOND  =         0.0000  RESTRAINT  =         5.9807
 EAMBER (non-restraint)  =    -90414.0387
 ------------------------------------------------------------------------------

wrapping first mol.:      -50.55603       35.74852       61.91825
wrapping first mol.:      -50.55603       35.74852       61.91825

 NSTEP =     1000   TIME(PS) =    2742.000  TEMP(K) =   299.95  PRESS =     0.0
 Etot   =    -72431.1335  EKtot   =     17849.7441  EPtot      =    -90280.8777
 BOND   =       445.4164  ANGLE   =      1086.1723  DIHED      =      1357.9709
 1-4 NB =       446.4624  1-4 EEL =      4602.9423  VDWAALS    =     11575.5910
 EELEC  =   -109804.1662  EHBOND  =         0.0000  RESTRAINT  =         8.7333
 EAMBER (non-restraint)  =    -90289.6109
 ------------------------------------------------------------------------------

wrapping first mol.:      -50.55603       35.74852       61.91825
wrapping first mol.:      -50.55603       35.74852       61.91825

 NSTEP =     1500   TIME(PS) =    2743.000  TEMP(K) =   301.94  PRESS =     0.0
 Etot   =    -72498.8416  EKtot   =     17968.3535  EPtot      =    -90467.1951
 BOND   =       412.0007  ANGLE   =      1094.3249  DIHED      =      1358.0546
 1-4 NB =       444.9043  1-4 EEL =      4578.8999  VDWAALS    =     11690.2401
 EELEC  =   -110056.5383  EHBOND  =         0.0000  RESTRAINT  =        10.9186
 EAMBER (non-restraint)  =    -90478.1137
 ------------------------------------------------------------------------------

wrapping first mol.:      -50.55603       35.74852       61.91825
wrapping first mol.:      -50.55603       35.74852       61.91825

 NSTEP =     2000   TIME(PS) =    2744.000  TEMP(K) =   300.11  PRESS =     0.0
 Etot   =    -72518.4638  EKtot   =     17859.6719  EPtot      =    -90378.1356
 BOND   =       410.2555  ANGLE   =      1070.0841  DIHED      =      1361.7761
 1-4 NB =       419.5753  1-4 EEL =      4575.1306  VDWAALS    =     11328.0495
 EELEC  =   -109552.9735  EHBOND  =         0.0000  RESTRAINT  =         9.9667
 EAMBER (non-restraint)  =    -90388.1023
 ------------------------------------------------------------------------------

wrapping first mol.:      -50.55603       35.74852       61.91825
wrapping first mol.:      -50.55603       35.74852       61.91825

 NSTEP =     2500   TIME(PS) =    2745.000  TEMP(K) =   297.86  PRESS =     0.0
 Etot   =    -72655.8764  EKtot   =     17725.2012  EPtot      =    -90381.0775
 BOND   =       413.3719  ANGLE   =      1063.6626  DIHED      =      1341.7595
 1-4 NB =       438.1302  1-4 EEL =      4591.3068  VDWAALS    =     11550.3219
 EELEC  =   -109789.4597  EHBOND  =         0.0000  RESTRAINT  =         9.8293
 EAMBER (non-restraint)  =    -90390.9068
 ------------------------------------------------------------------------------

wrapping first mol.:      -50.55603       35.74852       61.91825
wrapping first mol.:      -50.55603       35.74852       61.91825

 NSTEP =     3000   TIME(PS) =    2746.000  TEMP(K) =   300.13  PRESS =     0.0
 Etot   =    -72587.2040  EKtot   =     17860.5840  EPtot      =    -90447.7880
 BOND   =       415.3588  ANGLE   =      1091.6850  DIHED      =      1350.2004
 1-4 NB =       433.6540  1-4 EEL =      4606.0346  VDWAALS    =     11556.4515
 EELEC  =   -109911.3807  EHBOND  =         0.0000  RESTRAINT  =        10.2082
 EAMBER (non-restraint)  =    -90457.9962
 ------------------------------------------------------------------------------

wrapping first mol.:      -50.55603       35.74852       61.91825
wrapping first mol.:      -50.55603       35.74852       61.91825

 NSTEP =     3500   TIME(PS) =    2747.000  TEMP(K) =   300.23  PRESS =     0.0
 Etot   =    -72304.9866  EKtot   =     17866.3086  EPtot      =    -90171.2952
 BOND   =       391.2972  ANGLE   =      1065.0510  DIHED      =      1349.1118
 1-4 NB =       449.3697  1-4 EEL =      4639.3933  VDWAALS    =     11230.8439
 EELEC  =   -109306.8191  EHBOND  =         0.0000  RESTRAINT  =        10.4571
 EAMBER (non-restraint)  =    -90181.7523
 ------------------------------------------------------------------------------

wrapping first mol.:      -50.55603       35.74852       61.91825
wrapping first mol.:      -50.55603       35.74852       61.91825

 NSTEP =     4000   TIME(PS) =    2748.000  TEMP(K) =   303.23  PRESS =     0.0
 Etot   =    -72108.5667  EKtot   =     18045.0527  EPtot      =    -90153.6194
 BOND   =       395.6566  ANGLE   =      1049.5246  DIHED      =      1322.9591
 1-4 NB =       467.2682  1-4 EEL =      4619.5232  VDWAALS    =     11386.4717
 EELEC  =   -109403.8854  EHBOND  =         0.0000  RESTRAINT  =         8.8626
 EAMBER (non-restraint)  =    -90162.4820
 ------------------------------------------------------------------------------

wrapping first mol.:      -50.55603       35.74852       61.91825
wrapping first mol.:      -50.55603       35.74852       61.91825

 NSTEP =     4500   TIME(PS) =    2749.000  TEMP(K) =   298.62  PRESS =     0.0
 Etot   =    -72414.6274  EKtot   =     17770.4102  EPtot      =    -90185.0375
 BOND   =       352.2078  ANGLE   =      1083.7187  DIHED      =      1325.6008
 1-4 NB =       446.6157  1-4 EEL =      4636.0291  VDWAALS    =     11304.0828
 EELEC  =   -109343.1739  EHBOND  =         0.0000  RESTRAINT  =         9.8816
 EAMBER (non-restraint)  =    -90194.9191
 ------------------------------------------------------------------------------

wrapping first mol.:      -50.55603       35.74852       61.91825
wrapping first mol.:      -50.55603       35.74852       61.91825

 NSTEP =     5000   TIME(PS) =    2750.000  TEMP(K) =   298.02  PRESS =     0.0
 Etot   =    -72431.4643  EKtot   =     17735.2227  EPtot      =    -90166.6870
 BOND   =       411.6053  ANGLE   =      1118.2969  DIHED      =      1369.5668
 1-4 NB =       426.9345  1-4 EEL =      4580.9138  VDWAALS    =     11346.1097
 EELEC  =   -109431.3701  EHBOND  =         0.0000  RESTRAINT  =        11.2561
 EAMBER (non-restraint)  =    -90177.9431
 ------------------------------------------------------------------------------

wrapping first mol.:      -50.55603       35.74852       61.91825
wrapping first mol.:      -50.55603       35.74852       61.91825

 NSTEP =     5500   TIME(PS) =    2751.000  TEMP(K) =   299.29  PRESS =     0.0
 Etot   =    -72365.3485  EKtot   =     17810.3359  EPtot      =    -90175.6844
 BOND   =       371.8794  ANGLE   =      1087.3926  DIHED      =      1346.3913
 1-4 NB =       458.1746  1-4 EEL =      4642.5109  VDWAALS    =     11165.8901
 EELEC  =   -109262.7024  EHBOND  =         0.0000  RESTRAINT  =        14.7792
 EAMBER (non-restraint)  =    -90190.4636
 ------------------------------------------------------------------------------

wrapping first mol.:      -50.55603       35.74852       61.91825
wrapping first mol.:      -50.55603       35.74852       61.91825

 NSTEP =     6000   TIME(PS) =    2752.000  TEMP(K) =   299.87  PRESS =     0.0
 Etot   =    -72567.6720  EKtot   =     17844.8672  EPtot      =    -90412.5392
 BOND   =       381.6659  ANGLE   =      1118.7260  DIHED      =      1318.6299
 1-4 NB =       438.0518  1-4 EEL =      4607.2732  VDWAALS    =     11318.0452
 EELEC  =   -109610.7302  EHBOND  =         0.0000  RESTRAINT  =        15.7990
 EAMBER (non-restraint)  =    -90428.3382
 ------------------------------------------------------------------------------

wrapping first mol.:      -50.55603       35.74852       61.91825
wrapping first mol.:      -50.55603       35.74852       61.91825

 NSTEP =     6500   TIME(PS) =    2753.000  TEMP(K) =   300.15  PRESS =     0.0
 Etot   =    -72669.8324  EKtot   =     17861.8145  EPtot      =    -90531.6468
 BOND   =       390.3609  ANGLE   =      1084.9391  DIHED      =      1356.1163
 1-4 NB =       456.6698  1-4 EEL =      4627.2192  VDWAALS    =     11674.5876
 EELEC  =   -110134.6395  EHBOND  =         0.0000  RESTRAINT  =        13.0997
 EAMBER (non-restraint)  =    -90544.7466
 ------------------------------------------------------------------------------

wrapping first mol.:      -50.55603       35.74852       61.91825
wrapping first mol.:      -50.55603       35.74852       61.91825

 NSTEP =     7000   TIME(PS) =    2754.000  TEMP(K) =   299.75  PRESS =     0.0
 Etot   =    -72622.4415  EKtot   =     17838.1660  EPtot      =    -90460.6075
 BOND   =       399.2697  ANGLE   =      1062.3289  DIHED      =      1350.8579
 1-4 NB =       435.9638  1-4 EEL =      4581.5095  VDWAALS    =     11334.3263
 EELEC  =   -109639.3661  EHBOND  =         0.0000  RESTRAINT  =        14.5025
 EAMBER (non-restraint)  =    -90475.1100
 ------------------------------------------------------------------------------

wrapping first mol.:      -50.55603       35.74852       61.91825
wrapping first mol.:      -50.55603       35.74852       61.91825

 NSTEP =     7500   TIME(PS) =    2755.000  TEMP(K) =   298.91  PRESS =     0.0
 Etot   =    -72426.8973  EKtot   =     17788.2383  EPtot      =    -90215.1356
 BOND   =       412.0225  ANGLE   =      1088.0248  DIHED      =      1314.7028
 1-4 NB =       439.8965  1-4 EEL =      4602.7918  VDWAALS    =     11315.8536
 EELEC  =   -109404.3317  EHBOND  =         0.0000  RESTRAINT  =        15.9039
 EAMBER (non-restraint)  =    -90231.0396
 ------------------------------------------------------------------------------

wrapping first mol.:      -50.55603       35.74852       61.91825
wrapping first mol.:      -50.55603       35.74852       61.91825

 NSTEP =     8000   TIME(PS) =    2756.000  TEMP(K) =   296.45  PRESS =     0.0
 Etot   =    -72572.2197  EKtot   =     17641.8242  EPtot      =    -90214.0439
 BOND   =       397.4560  ANGLE   =      1046.1119  DIHED      =      1332.5406
 1-4 NB =       447.4235  1-4 EEL =      4649.7719  VDWAALS    =     11408.5851
 EELEC  =   -109512.2260  EHBOND  =         0.0000  RESTRAINT  =        16.2930
 EAMBER (non-restraint)  =    -90230.3369
 ------------------------------------------------------------------------------

wrapping first mol.:      -50.55603       35.74852       61.91825
wrapping first mol.:      -50.55603       35.74852       61.91825

 NSTEP =     8500   TIME(PS) =    2757.000  TEMP(K) =   300.59  PRESS =     0.0
 Etot   =    -72542.7540  EKtot   =     17887.7539  EPtot      =    -90430.5079
 BOND   =       410.6892  ANGLE   =      1054.8593  DIHED      =      1345.5720
 1-4 NB =       447.5324  1-4 EEL =      4633.2382  VDWAALS    =     11404.8289
 EELEC  =   -109741.3135  EHBOND  =         0.0000  RESTRAINT  =        14.0854
 EAMBER (non-restraint)  =    -90444.5933
 ------------------------------------------------------------------------------

wrapping first mol.:      -50.55603       35.74852       61.91825
wrapping first mol.:      -50.55603       35.74852       61.91825

 NSTEP =     9000   TIME(PS) =    2758.000  TEMP(K) =   298.44  PRESS =     0.0
 Etot   =    -72537.2525  EKtot   =     17759.9297  EPtot      =    -90297.1822
 BOND   =       426.9067  ANGLE   =      1051.8378  DIHED      =      1358.5091
 1-4 NB =       448.5804  1-4 EEL =      4605.7856  VDWAALS    =     11396.5960
 EELEC  =   -109600.0253  EHBOND  =         0.0000  RESTRAINT  =        14.6275
 EAMBER (non-restraint)  =    -90311.8097
 ------------------------------------------------------------------------------

wrapping first mol.:      -50.55603       35.74852       61.91825
wrapping first mol.:      -50.55603       35.74852       61.91825

 NSTEP =     9500   TIME(PS) =    2759.000  TEMP(K) =   298.83  PRESS =     0.0
 Etot   =    -72577.3430  EKtot   =     17783.4102  EPtot      =    -90360.7531
 BOND   =       384.3602  ANGLE   =      1110.0482  DIHED      =      1374.4580
 1-4 NB =       447.0988  1-4 EEL =      4610.2068  VDWAALS    =     11270.4934
 EELEC  =   -109573.1602  EHBOND  =         0.0000  RESTRAINT  =        15.7417
 EAMBER (non-restraint)  =    -90376.4948
 ------------------------------------------------------------------------------

wrapping first mol.:      -50.55603       35.74852       61.91825
wrapping first mol.:      -50.55603       35.74852       61.91825

 NSTEP =    10000   TIME(PS) =    2760.000  TEMP(K) =   301.25  PRESS =     0.0
 Etot   =    -72055.3757  EKtot   =     17927.0254  EPtot      =    -89982.4011
 BOND   =       405.0422  ANGLE   =      1079.1043  DIHED      =      1349.9394
 1-4 NB =       460.2695  1-4 EEL =      4599.8084  VDWAALS    =     11448.8216
 EELEC  =   -109338.0639  EHBOND  =         0.0000  RESTRAINT  =        12.6774
 EAMBER (non-restraint)  =    -89995.0785
 ------------------------------------------------------------------------------

wrapping first mol.:      -50.55603       35.74852       61.91825
wrapping first mol.:      -50.55603       35.74852       61.91825

 NSTEP =    10500   TIME(PS) =    2761.000  TEMP(K) =   304.36  PRESS =     0.0
 Etot   =    -72111.4162  EKtot   =     18112.5332  EPtot      =    -90223.9494
 BOND   =       396.3531  ANGLE   =      1099.0518  DIHED      =      1334.0797
 1-4 NB =       418.5416  1-4 EEL =      4591.7476  VDWAALS    =     11473.1976
 EELEC  =   -109549.5135  EHBOND  =         0.0000  RESTRAINT  =        12.5927
 EAMBER (non-restraint)  =    -90236.5420
 ------------------------------------------------------------------------------

wrapping first mol.:      -50.55603       35.74852       61.91825
wrapping first mol.:      -50.55603       35.74852       61.91825

 NSTEP =    11000   TIME(PS) =    2762.000  TEMP(K) =   298.97  PRESS =     0.0
 Etot   =    -72348.1237  EKtot   =     17791.5371  EPtot      =    -90139.6608
 BOND   =       411.6275  ANGLE   =      1109.1072  DIHED      =      1370.1882
 1-4 NB =       427.4044  1-4 EEL =      4604.9506  VDWAALS    =     11291.1640
 EELEC  =   -109367.1544  EHBOND  =         0.0000  RESTRAINT  =        13.0517
 EAMBER (non-restraint)  =    -90152.7126
 ------------------------------------------------------------------------------

wrapping first mol.:      -50.55603       35.74852       61.91825
wrapping first mol.:      -50.55603       35.74852       61.91825

 NSTEP =    11500   TIME(PS) =    2763.000  TEMP(K) =   301.59  PRESS =     0.0
 Etot   =    -72248.8116  EKtot   =     17947.4531  EPtot      =    -90196.2647
 BOND   =       395.2350  ANGLE   =      1107.7299  DIHED      =      1324.9397
 1-4 NB =       454.5238  1-4 EEL =      4618.7363  VDWAALS    =     11375.1001
 EELEC  =   -109484.6669  EHBOND  =         0.0000  RESTRAINT  =        12.1373
 EAMBER (non-restraint)  =    -90208.4020
 ------------------------------------------------------------------------------

wrapping first mol.:      -50.55603       35.74852       61.91825
wrapping first mol.:      -50.55603       35.74852       61.91825

 NSTEP =    12000   TIME(PS) =    2764.000  TEMP(K) =   297.75  PRESS =     0.0
 Etot   =    -72444.4250  EKtot   =     17718.8242  EPtot      =    -90163.2492
 BOND   =       412.8809  ANGLE   =      1100.9826  DIHED      =      1342.9322
 1-4 NB =       427.2261  1-4 EEL =      4622.4017  VDWAALS    =     11182.5932
 EELEC  =   -109265.2796  EHBOND  =         0.0000  RESTRAINT  =        13.0138
 EAMBER (non-restraint)  =    -90176.2630
 ------------------------------------------------------------------------------

wrapping first mol.:      -50.55603       35.74852       61.91825
wrapping first mol.:      -50.55603       35.74852       61.91825

 NSTEP =    12500   TIME(PS) =    2765.000  TEMP(K) =   301.60  PRESS =     0.0
 Etot   =    -72280.1131  EKtot   =     17948.1602  EPtot      =    -90228.2733
 BOND   =       409.8483  ANGLE   =      1102.5605  DIHED      =      1361.8078
 1-4 NB =       442.3526  1-4 EEL =      4623.6897  VDWAALS    =     11487.0217
 EELEC  =   -109669.0319  EHBOND  =         0.0000  RESTRAINT  =        13.4782
 EAMBER (non-restraint)  =    -90241.7514
 ------------------------------------------------------------------------------

wrapping first mol.:      -50.55603       35.74852       61.91825
wrapping first mol.:      -50.55603       35.74852       61.91825

 NSTEP =    13000   TIME(PS) =    2766.000  TEMP(K) =   297.27  PRESS =     0.0
 Etot   =    -72491.0057  EKtot   =     17690.6055  EPtot      =    -90181.6111
 BOND   =       421.9452  ANGLE   =      1084.8462  DIHED      =      1348.1847
 1-4 NB =       449.8426  1-4 EEL =      4600.2273  VDWAALS    =     11512.2314
 EELEC  =   -109613.6211  EHBOND  =         0.0000  RESTRAINT  =        14.7326
 EAMBER (non-restraint)  =    -90196.3437
 ------------------------------------------------------------------------------

wrapping first mol.:      -50.55603       35.74852       61.91825
wrapping first mol.:      -50.55603       35.74852       61.91825

 NSTEP =    13500   TIME(PS) =    2767.000  TEMP(K) =   300.54  PRESS =     0.0
 Etot   =    -72349.4186  EKtot   =     17885.0195  EPtot      =    -90234.4382
 BOND   =       423.8599  ANGLE   =      1100.0103  DIHED      =      1320.7037
 1-4 NB =       427.3221  1-4 EEL =      4629.6365  VDWAALS    =     11233.3359
 EELEC  =   -109383.7999  EHBOND  =         0.0000  RESTRAINT  =        14.4933
 EAMBER (non-restraint)  =    -90248.9314
 ------------------------------------------------------------------------------

wrapping first mol.:      -50.55603       35.74852       61.91825
wrapping first mol.:      -50.55603       35.74852       61.91825

 NSTEP =    14000   TIME(PS) =    2768.000  TEMP(K) =   301.66  PRESS =     0.0
 Etot   =    -72286.2171  EKtot   =     17951.7520  EPtot      =    -90237.9691
 BOND   =       409.0553  ANGLE   =      1113.9174  DIHED      =      1352.6938
 1-4 NB =       434.8894  1-4 EEL =      4648.9802  VDWAALS    =     11507.7837
 EELEC  =   -109719.9757  EHBOND  =         0.0000  RESTRAINT  =        14.6868
 EAMBER (non-restraint)  =    -90252.6559
 ------------------------------------------------------------------------------

wrapping first mol.:      -50.55603       35.74852       61.91825
wrapping first mol.:      -50.55603       35.74852       61.91825

 NSTEP =    14500   TIME(PS) =    2769.000  TEMP(K) =   301.74  PRESS =     0.0
 Etot   =    -72419.1710  EKtot   =     17956.4238  EPtot      =    -90375.5948
 BOND   =       402.0098  ANGLE   =      1068.5514  DIHED      =      1346.9868
 1-4 NB =       461.6872  1-4 EEL =      4658.0993  VDWAALS    =     11524.0959
 EELEC  =   -109851.2607  EHBOND  =         0.0000  RESTRAINT  =        14.2355
 EAMBER (non-restraint)  =    -90389.8303
 ------------------------------------------------------------------------------

wrapping first mol.:      -50.55603       35.74852       61.91825
wrapping first mol.:      -50.55603       35.74852       61.91825

 NSTEP =    15000   TIME(PS) =    2770.000  TEMP(K) =   298.82  PRESS =     0.0
 Etot   =    -72637.3803  EKtot   =     17782.8066  EPtot      =    -90420.1869
 BOND   =       410.5106  ANGLE   =      1079.2421  DIHED      =      1351.2164
 1-4 NB =       458.7296  1-4 EEL =      4646.7807  VDWAALS    =     11406.0515
 EELEC  =   -109790.1373  EHBOND  =         0.0000  RESTRAINT  =        17.4195
 EAMBER (non-restraint)  =    -90437.6064
 ------------------------------------------------------------------------------

wrapping first mol.:      -50.55603       35.74852       61.91825
wrapping first mol.:      -50.55603       35.74852       61.91825

 NSTEP =    15500   TIME(PS) =    2771.000  TEMP(K) =   300.87  PRESS =     0.0
 Etot   =    -72360.6221  EKtot   =     17904.8652  EPtot      =    -90265.4873
 BOND   =       374.8647  ANGLE   =      1084.8506  DIHED      =      1339.5058
 1-4 NB =       438.6666  1-4 EEL =      4624.6897  VDWAALS    =     11391.2367
 EELEC  =   -109536.3776  EHBOND  =         0.0000  RESTRAINT  =        17.0762
 EAMBER (non-restraint)  =    -90282.5636
 ------------------------------------------------------------------------------

wrapping first mol.:      -50.55603       35.74852       61.91825
wrapping first mol.:      -50.55603       35.74852       61.91825

 NSTEP =    16000   TIME(PS) =    2772.000  TEMP(K) =   301.43  PRESS =     0.0
 Etot   =    -72101.7472  EKtot   =     17937.6387  EPtot      =    -90039.3858
 BOND   =       409.9211  ANGLE   =      1101.6936  DIHED      =      1339.6186
 1-4 NB =       446.8353  1-4 EEL =      4609.7068  VDWAALS    =     11269.0863
 EELEC  =   -109232.6354  EHBOND  =         0.0000  RESTRAINT  =        16.3880
 EAMBER (non-restraint)  =    -90055.7738
 ------------------------------------------------------------------------------

wrapping first mol.:      -50.55603       35.74852       61.91825
wrapping first mol.:      -50.55603       35.74852       61.91825

 NSTEP =    16500   TIME(PS) =    2773.000  TEMP(K) =   297.89  PRESS =     0.0
 Etot   =    -72432.7212  EKtot   =     17727.2539  EPtot      =    -90159.9751
 BOND   =       395.0823  ANGLE   =      1105.6820  DIHED      =      1336.7567
 1-4 NB =       461.9541  1-4 EEL =      4602.5358  VDWAALS    =     11593.1284
 EELEC  =   -109669.3670  EHBOND  =         0.0000  RESTRAINT  =        14.2525
 EAMBER (non-restraint)  =    -90174.2276
 ------------------------------------------------------------------------------

wrapping first mol.:      -50.55603       35.74852       61.91825
wrapping first mol.:      -50.55603       35.74852       61.91825

 NSTEP =    17000   TIME(PS) =    2774.000  TEMP(K) =   298.34  PRESS =     0.0
 Etot   =    -72332.5861  EKtot   =     17753.8633  EPtot      =    -90086.4494
 BOND   =       425.3919  ANGLE   =      1136.8509  DIHED      =      1367.0316
 1-4 NB =       436.3413  1-4 EEL =      4596.1265  VDWAALS    =     11225.3972
 EELEC  =   -109288.5354  EHBOND  =         0.0000  RESTRAINT  =        14.9467
 EAMBER (non-restraint)  =    -90101.3961
 ------------------------------------------------------------------------------

wrapping first mol.:      -50.55603       35.74852       61.91825
wrapping first mol.:      -50.55603       35.74852       61.91825

 NSTEP =    17500   TIME(PS) =    2775.000  TEMP(K) =   300.26  PRESS =     0.0
 Etot   =    -72510.8821  EKtot   =     17868.0098  EPtot      =    -90378.8918
 BOND   =       401.8687  ANGLE   =      1143.6747  DIHED      =      1346.3512
 1-4 NB =       453.9112  1-4 EEL =      4617.5947  VDWAALS    =     11315.0091
 EELEC  =   -109670.2656  EHBOND  =         0.0000  RESTRAINT  =        12.9642
 EAMBER (non-restraint)  =    -90391.8560
 ------------------------------------------------------------------------------

wrapping first mol.:      -50.55603       35.74852       61.91825
wrapping first mol.:      -50.55603       35.74852       61.91825

 NSTEP =    18000   TIME(PS) =    2776.000  TEMP(K) =   301.18  PRESS =     0.0
 Etot   =    -72228.0225  EKtot   =     17923.0527  EPtot      =    -90151.0753
 BOND   =       391.8792  ANGLE   =      1116.4256  DIHED      =      1350.4720
 1-4 NB =       437.2134  1-4 EEL =      4599.4389  VDWAALS    =     11431.9448
 EELEC  =   -109493.6204  EHBOND  =         0.0000  RESTRAINT  =        15.1712
 EAMBER (non-restraint)  =    -90166.2464
 ------------------------------------------------------------------------------

wrapping first mol.:      -50.55603       35.74852       61.91825
wrapping first mol.:      -50.55603       35.74852       61.91825

 NSTEP =    18500   TIME(PS) =    2777.000  TEMP(K) =   301.83  PRESS =     0.0
 Etot   =    -72125.7222  EKtot   =     17962.0156  EPtot      =    -90087.7378
 BOND   =       393.5668  ANGLE   =      1073.2120  DIHED      =      1351.9890
 1-4 NB =       453.9318  1-4 EEL =      4628.7885  VDWAALS    =     11310.0010
 EELEC  =   -109312.9989  EHBOND  =         0.0000  RESTRAINT  =        13.7721
 EAMBER (non-restraint)  =    -90101.5099
 ------------------------------------------------------------------------------

wrapping first mol.:      -50.55603       35.74852       61.91825
wrapping first mol.:      -50.55603       35.74852       61.91825

 NSTEP =    19000   TIME(PS) =    2778.000  TEMP(K) =   302.69  PRESS =     0.0
 Etot   =    -72297.7736  EKtot   =     18012.7617  EPtot      =    -90310.5354
 BOND   =       376.0370  ANGLE   =      1082.4863  DIHED      =      1335.0940
 1-4 NB =       435.8721  1-4 EEL =      4655.5294  VDWAALS    =     11419.8113
 EELEC  =   -109629.6874  EHBOND  =         0.0000  RESTRAINT  =        14.3219
 EAMBER (non-restraint)  =    -90324.8573
 ------------------------------------------------------------------------------

wrapping first mol.:      -50.55603       35.74852       61.91825
wrapping first mol.:      -50.55603       35.74852       61.91825

 NSTEP =    19500   TIME(PS) =    2779.000  TEMP(K) =   297.34  PRESS =     0.0
 Etot   =    -72389.3379  EKtot   =     17694.4902  EPtot      =    -90083.8281
 BOND   =       374.1656  ANGLE   =      1078.3240  DIHED      =      1344.8349
 1-4 NB =       448.8916  1-4 EEL =      4631.7929  VDWAALS    =     11483.9325
 EELEC  =   -109461.3281  EHBOND  =         0.0000  RESTRAINT  =        15.5585
 EAMBER (non-restraint)  =    -90099.3866
 ------------------------------------------------------------------------------

wrapping first mol.:      -50.55603       35.74852       61.91825
wrapping first mol.:      -50.55603       35.74852       61.91825

 NSTEP =    20000   TIME(PS) =    2780.000  TEMP(K) =   298.94  PRESS =     0.0
 Etot   =    -72426.4746  EKtot   =     17789.9141  EPtot      =    -90216.3886
 BOND   =       388.3437  ANGLE   =      1070.7142  DIHED      =      1349.6502
 1-4 NB =       460.2350  1-4 EEL =      4666.0105  VDWAALS    =     11529.7103
 EELEC  =   -109697.7180  EHBOND  =         0.0000  RESTRAINT  =        16.6654
 EAMBER (non-restraint)  =    -90233.0540
 ------------------------------------------------------------------------------

wrapping first mol.:      -50.55603       35.74852       61.91825
wrapping first mol.:      -50.55603       35.74852       61.91825

 NSTEP =    20500   TIME(PS) =    2781.000  TEMP(K) =   299.49  PRESS =     0.0
 Etot   =    -72456.4636  EKtot   =     17822.7363  EPtot      =    -90279.1999
 BOND   =       397.8146  ANGLE   =      1085.7665  DIHED      =      1317.7378
 1-4 NB =       456.9354  1-4 EEL =      4637.7013  VDWAALS    =     11620.6655
 EELEC  =   -109812.4994  EHBOND  =         0.0000  RESTRAINT  =        16.6785
 EAMBER (non-restraint)  =    -90295.8784
 ------------------------------------------------------------------------------

wrapping first mol.:      -50.55603       35.74852       61.91825
wrapping first mol.:      -50.55603       35.74852       61.91825

 NSTEP =    21000   TIME(PS) =    2782.000  TEMP(K) =   298.78  PRESS =     0.0
 Etot   =    -72458.5250  EKtot   =     17779.9824  EPtot      =    -90238.5074
 BOND   =       406.0951  ANGLE   =      1102.6750  DIHED      =      1341.9908
 1-4 NB =       449.5883  1-4 EEL =      4617.2610  VDWAALS    =     11391.9339
 EELEC  =   -109564.8672  EHBOND  =         0.0000  RESTRAINT  =        16.8157
 EAMBER (non-restraint)  =    -90255.3231
 ------------------------------------------------------------------------------

wrapping first mol.:      -50.55603       35.74852       61.91825
wrapping first mol.:      -50.55603       35.74852       61.91825

 NSTEP =    21500   TIME(PS) =    2783.000  TEMP(K) =   302.07  PRESS =     0.0
 Etot   =    -72113.4029  EKtot   =     17976.1543  EPtot      =    -90089.5572
 BOND   =       418.7701  ANGLE   =      1050.4643  DIHED      =      1358.6707
 1-4 NB =       455.9847  1-4 EEL =      4607.4451  VDWAALS    =     11285.6662
 EELEC  =   -109284.7016  EHBOND  =         0.0000  RESTRAINT  =        18.1434
 EAMBER (non-restraint)  =    -90107.7006
 ------------------------------------------------------------------------------

wrapping first mol.:      -50.55603       35.74852       61.91825
wrapping first mol.:      -50.55603       35.74852       61.91825

 NSTEP =    22000   TIME(PS) =    2784.000  TEMP(K) =   300.25  PRESS =     0.0
 Etot   =    -72271.0740  EKtot   =     17867.6445  EPtot      =    -90138.7185
 BOND   =       407.9702  ANGLE   =      1079.1438  DIHED      =      1336.0100
 1-4 NB =       446.2747  1-4 EEL =      4627.9424  VDWAALS    =     11236.9676
 EELEC  =   -109290.7216  EHBOND  =         0.0000  RESTRAINT  =        17.6945
 EAMBER (non-restraint)  =    -90156.4130
 ------------------------------------------------------------------------------

wrapping first mol.:      -50.55603       35.74852       61.91825
wrapping first mol.:      -50.55603       35.74852       61.91825

 NSTEP =    22500   TIME(PS) =    2785.000  TEMP(K) =   299.40  PRESS =     0.0
 Etot   =    -72180.3008  EKtot   =     17816.8984  EPtot      =    -89997.1992
 BOND   =       389.9690  ANGLE   =      1162.3574  DIHED      =      1341.4383
 1-4 NB =       430.1129  1-4 EEL =      4582.3839  VDWAALS    =     11111.6226
 EELEC  =   -109031.9707  EHBOND  =         0.0000  RESTRAINT  =        16.8874
 EAMBER (non-restraint)  =    -90014.0866
 ------------------------------------------------------------------------------

wrapping first mol.:      -50.55603       35.74852       61.91825
wrapping first mol.:      -50.55603       35.74852       61.91825

 NSTEP =    23000   TIME(PS) =    2786.000  TEMP(K) =   300.69  PRESS =     0.0
 Etot   =    -72358.4208  EKtot   =     17893.8848  EPtot      =    -90252.3056
 BOND   =       406.1281  ANGLE   =      1094.9842  DIHED      =      1354.0095
 1-4 NB =       454.0437  1-4 EEL =      4608.7295  VDWAALS    =     11319.6836
 EELEC  =   -109506.4812  EHBOND  =         0.0000  RESTRAINT  =        16.5971
 EAMBER (non-restraint)  =    -90268.9027
 ------------------------------------------------------------------------------

wrapping first mol.:      -50.55603       35.74852       61.91825
wrapping first mol.:      -50.55603       35.74852       61.91825

 NSTEP =    23500   TIME(PS) =    2787.000  TEMP(K) =   299.93  PRESS =     0.0
 Etot   =    -72395.0609  EKtot   =     17848.7793  EPtot      =    -90243.8402
 BOND   =       377.8145  ANGLE   =      1092.0950  DIHED      =      1346.9836
 1-4 NB =       447.6547  1-4 EEL =      4599.0792  VDWAALS    =     11355.0889
 EELEC  =   -109479.0189  EHBOND  =         0.0000  RESTRAINT  =        16.4629
 EAMBER (non-restraint)  =    -90260.3031
 ------------------------------------------------------------------------------

wrapping first mol.:      -50.55603       35.74852       61.91825
wrapping first mol.:      -50.55603       35.74852       61.91825

 NSTEP =    24000   TIME(PS) =    2788.000  TEMP(K) =   300.07  PRESS =     0.0
 Etot   =    -72292.1117  EKtot   =     17857.1660  EPtot      =    -90149.2777
 BOND   =       392.8338  ANGLE   =      1135.7019  DIHED      =      1359.6768
 1-4 NB =       438.6786  1-4 EEL =      4600.6091  VDWAALS    =     11421.8011
 EELEC  =   -109516.3853  EHBOND  =         0.0000  RESTRAINT  =        17.8063
 EAMBER (non-restraint)  =    -90167.0841
 ------------------------------------------------------------------------------

wrapping first mol.:      -50.55603       35.74852       61.91825
wrapping first mol.:      -50.55603       35.74852       61.91825

 NSTEP =    24500   TIME(PS) =    2789.000  TEMP(K) =   301.94  PRESS =     0.0
 Etot   =    -72525.9108  EKtot   =     17967.9961  EPtot      =    -90493.9069
 BOND   =       365.6203  ANGLE   =      1113.9800  DIHED      =      1358.8579
 1-4 NB =       452.6234  1-4 EEL =      4588.9030  VDWAALS    =     11438.5864
 EELEC  =   -109831.1742  EHBOND  =         0.0000  RESTRAINT  =        18.6964
 EAMBER (non-restraint)  =    -90512.6034
 ------------------------------------------------------------------------------

wrapping first mol.:      -50.55603       35.74852       61.91825
wrapping first mol.:      -50.55603       35.74852       61.91825

 NSTEP =    25000   TIME(PS) =    2790.000  TEMP(K) =   300.70  PRESS =     0.0
 Etot   =    -72180.5474  EKtot   =     17894.6230  EPtot      =    -90075.1704
 BOND   =       425.7154  ANGLE   =      1105.3355  DIHED      =      1361.1163
 1-4 NB =       423.5056  1-4 EEL =      4628.8268  VDWAALS    =     11526.3232
 EELEC  =   -109562.1274  EHBOND  =         0.0000  RESTRAINT  =        16.1342
 EAMBER (non-restraint)  =    -90091.3047
 ------------------------------------------------------------------------------

wrapping first mol.:      -50.55603       35.74852       61.91825
wrapping first mol.:      -50.55603       35.74852       61.91825

 NSTEP =    25500   TIME(PS) =    2791.000  TEMP(K) =   300.94  PRESS =     0.0
 Etot   =    -72058.3616  EKtot   =     17908.7129  EPtot      =    -89967.0745
 BOND   =       409.9620  ANGLE   =      1063.5769  DIHED      =      1360.2225
 1-4 NB =       435.2077  1-4 EEL =      4640.1301  VDWAALS    =     11291.5456
 EELEC  =   -109184.3883  EHBOND  =         0.0000  RESTRAINT  =        16.6690
 EAMBER (non-restraint)  =    -89983.7435
 ------------------------------------------------------------------------------

wrapping first mol.:      -50.55603       35.74852       61.91825
wrapping first mol.:      -50.55603       35.74852       61.91825

 NSTEP =    26000   TIME(PS) =    2792.000  TEMP(K) =   299.67  PRESS =     0.0
 Etot   =    -72250.5234  EKtot   =     17832.8984  EPtot      =    -90083.4219
 BOND   =       406.4503  ANGLE   =      1082.0167  DIHED      =      1363.5707
 1-4 NB =       441.4935  1-4 EEL =      4606.3098  VDWAALS    =     11670.0522
 EELEC  =   -109669.7051  EHBOND  =         0.0000  RESTRAINT  =        16.3901
 EAMBER (non-restraint)  =    -90099.8119
 ------------------------------------------------------------------------------

wrapping first mol.:      -50.55603       35.74852       61.91825
wrapping first mol.:      -50.55603       35.74852       61.91825

 NSTEP =    26500   TIME(PS) =    2793.000  TEMP(K) =   297.76  PRESS =     0.0
 Etot   =    -72133.8570  EKtot   =     17719.3047  EPtot      =    -89853.1617
 BOND   =       428.6276  ANGLE   =      1118.1660  DIHED      =      1349.7680
 1-4 NB =       415.6480  1-4 EEL =      4558.1896  VDWAALS    =     11440.3874
 EELEC  =   -109179.0901  EHBOND  =         0.0000  RESTRAINT  =        15.1419
 EAMBER (non-restraint)  =    -89868.3036
 ------------------------------------------------------------------------------

wrapping first mol.:      -50.55603       35.74852       61.91825
wrapping first mol.:      -50.55603       35.74852       61.91825

 NSTEP =    27000   TIME(PS) =    2794.000  TEMP(K) =   300.69  PRESS =     0.0
 Etot   =    -72155.4583  EKtot   =     17894.1465  EPtot      =    -90049.6048
 BOND   =       389.1166  ANGLE   =      1036.2013  DIHED      =      1342.8683
 1-4 NB =       445.1031  1-4 EEL =      4611.7727  VDWAALS    =     11367.3475
 EELEC  =   -109256.7583  EHBOND  =         0.0000  RESTRAINT  =        14.7440
 EAMBER (non-restraint)  =    -90064.3488
 ------------------------------------------------------------------------------

wrapping first mol.:      -50.55603       35.74852       61.91825
wrapping first mol.:      -50.55603       35.74852       61.91825

 NSTEP =    27500   TIME(PS) =    2795.000  TEMP(K) =   301.28  PRESS =     0.0
 Etot   =    -72221.1631  EKtot   =     17928.7734  EPtot      =    -90149.9365
 BOND   =       419.2938  ANGLE   =      1058.1387  DIHED      =      1349.3993
 1-4 NB =       439.0109  1-4 EEL =      4582.2570  VDWAALS    =     11246.3328
 EELEC  =   -109257.7888  EHBOND  =         0.0000  RESTRAINT  =        13.4199
 EAMBER (non-restraint)  =    -90163.3564
 ------------------------------------------------------------------------------

wrapping first mol.:      -50.55603       35.74852       61.91825
wrapping first mol.:      -50.55603       35.74852       61.91825

 NSTEP =    28000   TIME(PS) =    2796.000  TEMP(K) =   296.27  PRESS =     0.0
 Etot   =    -72416.6807  EKtot   =     17631.0039  EPtot      =    -90047.6846
 BOND   =       389.3848  ANGLE   =      1088.1207  DIHED      =      1362.6662
 1-4 NB =       443.2842  1-4 EEL =      4617.8260  VDWAALS    =     11268.1205
 EELEC  =   -109231.3583  EHBOND  =         0.0000  RESTRAINT  =        14.2714
 EAMBER (non-restraint)  =    -90061.9559
 ------------------------------------------------------------------------------

wrapping first mol.:      -50.55603       35.74852       61.91825
wrapping first mol.:      -50.55603       35.74852       61.91825

 NSTEP =    28500   TIME(PS) =    2797.000  TEMP(K) =   298.10  PRESS =     0.0
 Etot   =    -72187.0623  EKtot   =     17739.8359  EPtot      =    -89926.8982
 BOND   =       378.1542  ANGLE   =      1124.4205  DIHED      =      1364.4237
 1-4 NB =       430.9374  1-4 EEL =      4589.8993  VDWAALS    =     11292.6020
 EELEC  =   -109122.2820  EHBOND  =         0.0000  RESTRAINT  =        14.9466
 EAMBER (non-restraint)  =    -89941.8448
 ------------------------------------------------------------------------------

wrapping first mol.:      -50.55603       35.74852       61.91825
wrapping first mol.:      -50.55603       35.74852       61.91825

 NSTEP =    29000   TIME(PS) =    2798.000  TEMP(K) =   301.07  PRESS =     0.0
 Etot   =    -72038.8263  EKtot   =     17916.4141  EPtot      =    -89955.2404
 BOND   =       404.4527  ANGLE   =      1108.8433  DIHED      =      1370.4086
 1-4 NB =       441.5919  1-4 EEL =      4591.4076  VDWAALS    =     11331.9765
 EELEC  =   -109219.8019  EHBOND  =         0.0000  RESTRAINT  =        15.8809
 EAMBER (non-restraint)  =    -89971.1213
 ------------------------------------------------------------------------------

wrapping first mol.:      -50.55603       35.74852       61.91825
wrapping first mol.:      -50.55603       35.74852       61.91825

 NSTEP =    29500   TIME(PS) =    2799.000  TEMP(K) =   301.56  PRESS =     0.0
 Etot   =    -72298.8602  EKtot   =     17945.7051  EPtot      =    -90244.5653
 BOND   =       416.5870  ANGLE   =      1096.4205  DIHED      =      1332.7694
 1-4 NB =       422.2615  1-4 EEL =      4596.0067  VDWAALS    =     11547.5030
 EELEC  =   -109671.4288  EHBOND  =         0.0000  RESTRAINT  =        15.3154
 EAMBER (non-restraint)  =    -90259.8807
 ------------------------------------------------------------------------------

wrapping first mol.:      -50.55603       35.74852       61.91825
wrapping first mol.:      -50.55603       35.74852       61.91825

 NSTEP =    30000   TIME(PS) =    2800.000  TEMP(K) =   301.60  PRESS =     0.0
 Etot   =    -72383.6453  EKtot   =     17948.0449  EPtot      =    -90331.6902
 BOND   =       411.3079  ANGLE   =      1106.8573  DIHED      =      1332.8610
 1-4 NB =       457.7170  1-4 EEL =      4634.4290  VDWAALS    =     11533.3750
 EELEC  =   -109822.7844  EHBOND  =         0.0000  RESTRAINT  =        14.5470
 EAMBER (non-restraint)  =    -90346.2372
 ------------------------------------------------------------------------------

wrapping first mol.:      -50.55603       35.74852       61.91825
wrapping first mol.:      -50.55603       35.74852       61.91825

 NSTEP =    30500   TIME(PS) =    2801.000  TEMP(K) =   300.04  PRESS =     0.0
 Etot   =    -72366.2080  EKtot   =     17855.3301  EPtot      =    -90221.5380
 BOND   =       415.9353  ANGLE   =      1085.5556  DIHED      =      1356.1295
 1-4 NB =       432.8253  1-4 EEL =      4617.3109  VDWAALS    =     11467.9688
 EELEC  =   -109609.7588  EHBOND  =         0.0000  RESTRAINT  =        12.4954
 EAMBER (non-restraint)  =    -90234.0334
 ------------------------------------------------------------------------------

wrapping first mol.:      -50.55603       35.74852       61.91825
wrapping first mol.:      -50.55603       35.74852       61.91825

 NSTEP =    31000   TIME(PS) =    2802.000  TEMP(K) =   298.05  PRESS =     0.0
 Etot   =    -72631.4894  EKtot   =     17736.6133  EPtot      =    -90368.1027
 BOND   =       425.8973  ANGLE   =      1100.6066  DIHED      =      1347.8584
 1-4 NB =       441.1855  1-4 EEL =      4620.4766  VDWAALS    =     11602.3088
 EELEC  =   -109920.0941  EHBOND  =         0.0000  RESTRAINT  =        13.6581
 EAMBER (non-restraint)  =    -90381.7608
 ------------------------------------------------------------------------------

wrapping first mol.:      -50.55603       35.74852       61.91825
wrapping first mol.:      -50.55603       35.74852       61.91825

 NSTEP =    31500   TIME(PS) =    2803.000  TEMP(K) =   299.78  PRESS =     0.0
 Etot   =    -72232.8986  EKtot   =     17839.6699  EPtot      =    -90072.5685
 BOND   =       390.6663  ANGLE   =      1088.2346  DIHED      =      1371.4701
 1-4 NB =       448.2374  1-4 EEL =      4619.5097  VDWAALS    =     11165.9167
 EELEC  =   -109167.0955  EHBOND  =         0.0000  RESTRAINT  =        10.4922
 EAMBER (non-restraint)  =    -90083.0607
 ------------------------------------------------------------------------------

wrapping first mol.:      -50.55603       35.74852       61.91825
wrapping first mol.:      -50.55603       35.74852       61.91825

 NSTEP =    32000   TIME(PS) =    2804.000  TEMP(K) =   299.70  PRESS =     0.0
 Etot   =    -72163.5922  EKtot   =     17834.8672  EPtot      =    -89998.4594
 BOND   =       403.3923  ANGLE   =      1073.4001  DIHED      =      1359.2581
 1-4 NB =       461.8118  1-4 EEL =      4603.0462  VDWAALS    =     11362.6249
 EELEC  =   -109275.7773  EHBOND  =         0.0000  RESTRAINT  =        13.7844
 EAMBER (non-restraint)  =    -90012.2438
 ------------------------------------------------------------------------------

wrapping first mol.:      -50.55603       35.74852       61.91825
wrapping first mol.:      -50.55603       35.74852       61.91825

 NSTEP =    32500   TIME(PS) =    2805.000  TEMP(K) =   300.31  PRESS =     0.0
 Etot   =    -72338.1227  EKtot   =     17871.5449  EPtot      =    -90209.6677
 BOND   =       396.0246  ANGLE   =      1104.6892  DIHED      =      1349.2374
 1-4 NB =       440.8350  1-4 EEL =      4614.0160  VDWAALS    =     11258.9161
 EELEC  =   -109385.6368  EHBOND  =         0.0000  RESTRAINT  =        12.2508
 EAMBER (non-restraint)  =    -90221.9185
 ------------------------------------------------------------------------------

wrapping first mol.:      -50.55603       35.74852       61.91825
wrapping first mol.:      -50.55603       35.74852       61.91825

 NSTEP =    33000   TIME(PS) =    2806.000  TEMP(K) =   298.69  PRESS =     0.0
 Etot   =    -72306.3068  EKtot   =     17774.8145  EPtot      =    -90081.1212
 BOND   =       418.7575  ANGLE   =      1118.5483  DIHED      =      1342.4821
 1-4 NB =       438.0419  1-4 EEL =      4590.0942  VDWAALS    =     11380.2567
 EELEC  =   -109383.0715  EHBOND  =         0.0000  RESTRAINT  =        13.7693
 EAMBER (non-restraint)  =    -90094.8906
 ------------------------------------------------------------------------------

wrapping first mol.:      -50.55603       35.74852       61.91825
wrapping first mol.:      -50.55603       35.74852       61.91825

 NSTEP =    33500   TIME(PS) =    2807.000  TEMP(K) =   301.98  PRESS =     0.0
 Etot   =    -72066.0358  EKtot   =     17970.8438  EPtot      =    -90036.8796
 BOND   =       408.9571  ANGLE   =      1117.5976  DIHED      =      1359.3086
 1-4 NB =       436.9632  1-4 EEL =      4611.3330  VDWAALS    =     11500.9612
 EELEC  =   -109487.1900  EHBOND  =         0.0000  RESTRAINT  =        15.1899
 EAMBER (non-restraint)  =    -90052.0694
 ------------------------------------------------------------------------------

wrapping first mol.:      -50.55603       35.74852       61.91825
wrapping first mol.:      -50.55603       35.74852       61.91825

 NSTEP =    34000   TIME(PS) =    2808.000  TEMP(K) =   297.12  PRESS =     0.0
 Etot   =    -72392.8413  EKtot   =     17681.2441  EPtot      =    -90074.0854
 BOND   =       387.3743  ANGLE   =      1114.1329  DIHED      =      1356.2528
 1-4 NB =       453.5966  1-4 EEL =      4600.6225  VDWAALS    =     11367.9688
 EELEC  =   -109368.7020  EHBOND  =         0.0000  RESTRAINT  =        14.6687
 EAMBER (non-restraint)  =    -90088.7541
 ------------------------------------------------------------------------------

wrapping first mol.:      -50.55603       35.74852       61.91825
wrapping first mol.:      -50.55603       35.74852       61.91825

 NSTEP =    34500   TIME(PS) =    2809.000  TEMP(K) =   300.83  PRESS =     0.0
 Etot   =    -72253.5583  EKtot   =     17902.2266  EPtot      =    -90155.7848
 BOND   =       423.3906  ANGLE   =      1092.9468  DIHED      =      1336.2545
 1-4 NB =       434.6783  1-4 EEL =      4599.8338  VDWAALS    =     11054.1662
 EELEC  =   -109115.0434  EHBOND  =         0.0000  RESTRAINT  =        17.9884
 EAMBER (non-restraint)  =    -90173.7732
 ------------------------------------------------------------------------------

wrapping first mol.:      -50.55603       35.74852       61.91825
wrapping first mol.:      -50.55603       35.74852       61.91825

 NSTEP =    35000   TIME(PS) =    2810.000  TEMP(K) =   298.61  PRESS =     0.0
 Etot   =    -72539.1923  EKtot   =     17770.1973  EPtot      =    -90309.3895
 BOND   =       430.9995  ANGLE   =      1094.5630  DIHED      =      1342.7169
 1-4 NB =       449.7055  1-4 EEL =      4653.4005  VDWAALS    =     11249.9001
 EELEC  =   -109547.7510  EHBOND  =         0.0000  RESTRAINT  =        17.0759
 EAMBER (non-restraint)  =    -90326.4654
 ------------------------------------------------------------------------------

wrapping first mol.:      -50.55603       35.74852       61.91825
wrapping first mol.:      -50.55603       35.74852       61.91825

 NSTEP =    35500   TIME(PS) =    2811.000  TEMP(K) =   301.11  PRESS =     0.0
 Etot   =    -72418.5688  EKtot   =     17919.1426  EPtot      =    -90337.7114
 BOND   =       388.2168  ANGLE   =      1105.1220  DIHED      =      1341.1760
 1-4 NB =       439.6961  1-4 EEL =      4625.8841  VDWAALS    =     11437.4192
 EELEC  =   -109689.7894  EHBOND  =         0.0000  RESTRAINT  =        14.5639
 EAMBER (non-restraint)  =    -90352.2753
 ------------------------------------------------------------------------------

wrapping first mol.:      -50.55603       35.74852       61.91825
wrapping first mol.:      -50.55603       35.74852       61.91825

 NSTEP =    36000   TIME(PS) =    2812.000  TEMP(K) =   299.40  PRESS =     0.0
 Etot   =    -72407.0581  EKtot   =     17817.2676  EPtot      =    -90224.3257
 BOND   =       398.2898  ANGLE   =      1096.5492  DIHED      =      1351.7180
 1-4 NB =       445.8771  1-4 EEL =      4634.7683  VDWAALS    =     11435.8211
 EELEC  =   -109601.2197  EHBOND  =         0.0000  RESTRAINT  =        13.8705
 EAMBER (non-restraint)  =    -90238.1962
 ------------------------------------------------------------------------------

wrapping first mol.:      -50.55603       35.74852       61.91825
wrapping first mol.:      -50.55603       35.74852       61.91825

 NSTEP =    36500   TIME(PS) =    2813.000  TEMP(K) =   299.21  PRESS =     0.0
 Etot   =    -72183.1866  EKtot   =     17805.5703  EPtot      =    -89988.7570
 BOND   =       390.4694  ANGLE   =      1102.5626  DIHED      =      1352.2129
 1-4 NB =       437.6191  1-4 EEL =      4606.3641  VDWAALS    =     11239.7008
 EELEC  =   -109133.0125  EHBOND  =         0.0000  RESTRAINT  =        15.3266
 EAMBER (non-restraint)  =    -90004.0836
 ------------------------------------------------------------------------------

wrapping first mol.:      -50.55603       35.74852       61.91825
wrapping first mol.:      -50.55603       35.74852       61.91825

 NSTEP =    37000   TIME(PS) =    2814.000  TEMP(K) =   299.08  PRESS =     0.0
 Etot   =    -72425.6110  EKtot   =     17798.0000  EPtot      =    -90223.6110
 BOND   =       417.8067  ANGLE   =      1046.4995  DIHED      =      1350.9819
 1-4 NB =       443.4517  1-4 EEL =      4575.1686  VDWAALS    =     11310.1927
 EELEC  =   -109381.2429  EHBOND  =         0.0000  RESTRAINT  =        13.5307
 EAMBER (non-restraint)  =    -90237.1418
 ------------------------------------------------------------------------------

wrapping first mol.:      -50.55603       35.74852       61.91825
wrapping first mol.:      -50.55603       35.74852       61.91825

 NSTEP =    37500   TIME(PS) =    2815.000  TEMP(K) =   301.96  PRESS =     0.0
 Etot   =    -71988.0283  EKtot   =     17969.5352  EPtot      =    -89957.5635
 BOND   =       394.9788  ANGLE   =      1066.5840  DIHED      =      1365.7869
 1-4 NB =       442.6445  1-4 EEL =      4599.3220  VDWAALS    =     11477.8579
 EELEC  =   -109318.3466  EHBOND  =         0.0000  RESTRAINT  =        13.6090
 EAMBER (non-restraint)  =    -89971.1725
 ------------------------------------------------------------------------------

wrapping first mol.:      -50.55603       35.74852       61.91825
wrapping first mol.:      -50.55603       35.74852       61.91825

 NSTEP =    38000   TIME(PS) =    2816.000  TEMP(K) =   301.23  PRESS =     0.0
 Etot   =    -72089.2907  EKtot   =     17925.7891  EPtot      =    -90015.0798
 BOND   =       397.6174  ANGLE   =      1056.0533  DIHED      =      1348.6943
 1-4 NB =       437.5666  1-4 EEL =      4577.1992  VDWAALS    =     11259.5661
 EELEC  =   -109107.0425  EHBOND  =         0.0000  RESTRAINT  =        15.2658
 EAMBER (non-restraint)  =    -90030.3456
 ------------------------------------------------------------------------------

wrapping first mol.:      -50.55603       35.74852       61.91825
wrapping first mol.:      -50.55603       35.74852       61.91825

 NSTEP =    38500   TIME(PS) =    2817.000  TEMP(K) =   300.68  PRESS =     0.0
 Etot   =    -72091.4799  EKtot   =     17893.5449  EPtot      =    -89985.0248
 BOND   =       430.7774  ANGLE   =      1085.9566  DIHED      =      1358.2461
 1-4 NB =       434.4876  1-4 EEL =      4572.5794  VDWAALS    =     11516.1392
 EELEC  =   -109398.8180  EHBOND  =         0.0000  RESTRAINT  =        15.6067
 EAMBER (non-restraint)  =    -90000.6315
 ------------------------------------------------------------------------------

wrapping first mol.:      -50.55603       35.74852       61.91825
wrapping first mol.:      -50.55603       35.74852       61.91825

 NSTEP =    39000   TIME(PS) =    2818.000  TEMP(K) =   303.67  PRESS =     0.0
 Etot   =    -72034.7531  EKtot   =     18071.5020  EPtot      =    -90106.2550
 BOND   =       396.7928  ANGLE   =      1116.4528  DIHED      =      1353.7929
 1-4 NB =       445.5705  1-4 EEL =      4584.0177  VDWAALS    =     11433.8631
 EELEC  =   -109454.0211  EHBOND  =         0.0000  RESTRAINT  =        17.2762
 EAMBER (non-restraint)  =    -90123.5313
 ------------------------------------------------------------------------------

wrapping first mol.:      -50.55603       35.74852       61.91825
wrapping first mol.:      -50.55603       35.74852       61.91825

 NSTEP =    39500   TIME(PS) =    2819.000  TEMP(K) =   299.85  PRESS =     0.0
 Etot   =    -72405.7681  EKtot   =     17843.6855  EPtot      =    -90249.4536
 BOND   =       402.7890  ANGLE   =      1081.5759  DIHED      =      1352.0345
 1-4 NB =       438.8424  1-4 EEL =      4580.4581  VDWAALS    =     11336.8119
 EELEC  =   -109458.1307  EHBOND  =         0.0000  RESTRAINT  =        16.1653
 EAMBER (non-restraint)  =    -90265.6190
 ------------------------------------------------------------------------------

wrapping first mol.:      -50.55603       35.74852       61.91825
wrapping first mol.:      -50.55603       35.74852       61.91825

 NSTEP =    40000   TIME(PS) =    2820.000  TEMP(K) =   300.31  PRESS =     0.0
 Etot   =    -72305.7268  EKtot   =     17871.2891  EPtot      =    -90177.0159
 BOND   =       428.5796  ANGLE   =      1060.5125  DIHED      =      1344.2228
 1-4 NB =       445.1431  1-4 EEL =      4570.8276  VDWAALS    =     11320.6204
 EELEC  =   -109364.7857  EHBOND  =         0.0000  RESTRAINT  =        17.8638
 EAMBER (non-restraint)  =    -90194.8797
 ------------------------------------------------------------------------------

wrapping first mol.:      -50.55603       35.74852       61.91825
wrapping first mol.:      -50.55603       35.74852       61.91825

 NSTEP =    40500   TIME(PS) =    2821.000  TEMP(K) =   300.64  PRESS =     0.0
 Etot   =    -72366.1421  EKtot   =     17890.7793  EPtot      =    -90256.9214
 BOND   =       427.6487  ANGLE   =      1086.4746  DIHED      =      1323.3914
 1-4 NB =       458.6090  1-4 EEL =      4626.6700  VDWAALS    =     11280.8599
 EELEC  =   -109477.5155  EHBOND  =         0.0000  RESTRAINT  =        16.9405
 EAMBER (non-restraint)  =    -90273.8619
 ------------------------------------------------------------------------------

wrapping first mol.:      -50.55603       35.74852       61.91825
wrapping first mol.:      -50.55603       35.74852       61.91825

 NSTEP =    41000   TIME(PS) =    2822.000  TEMP(K) =   296.50  PRESS =     0.0
 Etot   =    -72519.7142  EKtot   =     17644.3262  EPtot      =    -90164.0404
 BOND   =       379.5360  ANGLE   =      1057.7177  DIHED      =      1329.7770
 1-4 NB =       448.4444  1-4 EEL =      4641.4808  VDWAALS    =     11252.9515
 EELEC  =   -109292.3175  EHBOND  =         0.0000  RESTRAINT  =        18.3698
 EAMBER (non-restraint)  =    -90182.4102
 ------------------------------------------------------------------------------

wrapping first mol.:      -50.55603       35.74852       61.91825
wrapping first mol.:      -50.55603       35.74852       61.91825

 NSTEP =    41500   TIME(PS) =    2823.000  TEMP(K) =   302.42  PRESS =     0.0
 Etot   =    -72107.3083  EKtot   =     17997.0410  EPtot      =    -90104.3493
 BOND   =       385.2418  ANGLE   =      1116.7249  DIHED      =      1346.0658
 1-4 NB =       451.3609  1-4 EEL =      4583.1803  VDWAALS    =     11342.3769
 EELEC  =   -109348.2672  EHBOND  =         0.0000  RESTRAINT  =        18.9674
 EAMBER (non-restraint)  =    -90123.3167
 ------------------------------------------------------------------------------

wrapping first mol.:      -50.55603       35.74852       61.91825
wrapping first mol.:      -50.55603       35.74852       61.91825

 NSTEP =    42000   TIME(PS) =    2824.000  TEMP(K) =   302.54  PRESS =     0.0
 Etot   =    -71922.9616  EKtot   =     18004.0352  EPtot      =    -89926.9967
 BOND   =       419.5731  ANGLE   =      1108.9951  DIHED      =      1354.2979
 1-4 NB =       436.9857  1-4 EEL =      4594.7221  VDWAALS    =     11377.1324
 EELEC  =   -109236.2370  EHBOND  =         0.0000  RESTRAINT  =        17.5338
 EAMBER (non-restraint)  =    -89944.5306
 ------------------------------------------------------------------------------

wrapping first mol.:      -50.55603       35.74852       61.91825
wrapping first mol.:      -50.55603       35.74852       61.91825

 NSTEP =    42500   TIME(PS) =    2825.000  TEMP(K) =   303.36  PRESS =     0.0
 Etot   =    -71861.8888  EKtot   =     18052.6250  EPtot      =    -89914.5138
 BOND   =       398.7780  ANGLE   =      1155.7417  DIHED      =      1323.4718
 1-4 NB =       423.3765  1-4 EEL =      4578.8036  VDWAALS    =     11364.6188
 EELEC  =   -109176.6829  EHBOND  =         0.0000  RESTRAINT  =        17.3787
 EAMBER (non-restraint)  =    -89931.8925
 ------------------------------------------------------------------------------

wrapping first mol.:      -50.55603       35.74852       61.91825
wrapping first mol.:      -50.55603       35.74852       61.91825

 NSTEP =    43000   TIME(PS) =    2826.000  TEMP(K) =   297.52  PRESS =     0.0
 Etot   =    -72411.2010  EKtot   =     17705.3711  EPtot      =    -90116.5721
 BOND   =       377.2997  ANGLE   =      1068.7227  DIHED      =      1339.6060
 1-4 NB =       446.7075  1-4 EEL =      4659.2213  VDWAALS    =     11330.9553
 EELEC  =   -109355.6250  EHBOND  =         0.0000  RESTRAINT  =        16.5405
 EAMBER (non-restraint)  =    -90133.1127
 ------------------------------------------------------------------------------

wrapping first mol.:      -50.55603       35.74852       61.91825
wrapping first mol.:      -50.55603       35.74852       61.91825

 NSTEP =    43500   TIME(PS) =    2827.000  TEMP(K) =   302.30  PRESS =     0.0
 Etot   =    -72349.9337  EKtot   =     17989.5781  EPtot      =    -90339.5118
 BOND   =       401.4619  ANGLE   =      1081.5313  DIHED      =      1335.6908
 1-4 NB =       435.9102  1-4 EEL =      4619.4608  VDWAALS    =     11464.2374
 EELEC  =   -109693.0352  EHBOND  =         0.0000  RESTRAINT  =        15.2310
 EAMBER (non-restraint)  =    -90354.7428
 ------------------------------------------------------------------------------

wrapping first mol.:      -50.55603       35.74852       61.91825
wrapping first mol.:      -50.55603       35.74852       61.91825

 NSTEP =    44000   TIME(PS) =    2828.000  TEMP(K) =   299.71  PRESS =     0.0
 Etot   =    -72385.3620  EKtot   =     17835.5566  EPtot      =    -90220.9186
 BOND   =       377.0086  ANGLE   =      1119.5350  DIHED      =      1342.4069
 1-4 NB =       439.2268  1-4 EEL =      4569.6559  VDWAALS    =     11282.6024
 EELEC  =   -109367.7038  EHBOND  =         0.0000  RESTRAINT  =        16.3495
 EAMBER (non-restraint)  =    -90237.2681
 ------------------------------------------------------------------------------

wrapping first mol.:      -50.55603       35.74852       61.91825
wrapping first mol.:      -50.55603       35.74852       61.91825

 NSTEP =    44500   TIME(PS) =    2829.000  TEMP(K) =   300.72  PRESS =     0.0
 Etot   =    -72191.4094  EKtot   =     17895.6699  EPtot      =    -90087.0793
 BOND   =       404.7053  ANGLE   =      1115.0645  DIHED      =      1352.8438
 1-4 NB =       448.5329  1-4 EEL =      4529.8348  VDWAALS    =     11449.1873
 EELEC  =   -109406.3010  EHBOND  =         0.0000  RESTRAINT  =        19.0531
 EAMBER (non-restraint)  =    -90106.1324
 ------------------------------------------------------------------------------

wrapping first mol.:      -50.55603       35.74852       61.91825
wrapping first mol.:      -50.55603       35.74852       61.91825

 NSTEP =    45000   TIME(PS) =    2830.000  TEMP(K) =   295.81  PRESS =     0.0
 Etot   =    -72511.5957  EKtot   =     17603.4688  EPtot      =    -90115.0645
 BOND   =       429.6643  ANGLE   =      1065.6659  DIHED      =      1338.4415
 1-4 NB =       451.4382  1-4 EEL =      4593.5376  VDWAALS    =     11368.4015
 EELEC  =   -109379.7042  EHBOND  =         0.0000  RESTRAINT  =        17.4907
 EAMBER (non-restraint)  =    -90132.5551
 ------------------------------------------------------------------------------

wrapping first mol.:      -50.55603       35.74852       61.91825
wrapping first mol.:      -50.55603       35.74852       61.91825

 NSTEP =    45500   TIME(PS) =    2831.000  TEMP(K) =   302.53  PRESS =     0.0
 Etot   =    -72190.3198  EKtot   =     18003.1113  EPtot      =    -90193.4311
 BOND   =       445.1556  ANGLE   =      1099.4350  DIHED      =      1350.0720
 1-4 NB =       432.1513  1-4 EEL =      4602.4478  VDWAALS    =     11082.5204
 EELEC  =   -109220.3199  EHBOND  =         0.0000  RESTRAINT  =        15.1066
 EAMBER (non-restraint)  =    -90208.5377
 ------------------------------------------------------------------------------

wrapping first mol.:      -50.55603       35.74852       61.91825
wrapping first mol.:      -50.55603       35.74852       61.91825

 NSTEP =    46000   TIME(PS) =    2832.000  TEMP(K) =   297.19  PRESS =     0.0
 Etot   =    -72456.0410  EKtot   =     17685.4961  EPtot      =    -90141.5371
 BOND   =       425.6307  ANGLE   =      1080.3436  DIHED      =      1335.9254
 1-4 NB =       425.5043  1-4 EEL =      4542.4992  VDWAALS    =     11403.2903
 EELEC  =   -109371.1380  EHBOND  =         0.0000  RESTRAINT  =        16.4075
 EAMBER (non-restraint)  =    -90157.9446
 ------------------------------------------------------------------------------

wrapping first mol.:      -50.55603       35.74852       61.91825
wrapping first mol.:      -50.55603       35.74852       61.91825

 NSTEP =    46500   TIME(PS) =    2833.000  TEMP(K) =   299.83  PRESS =     0.0
 Etot   =    -72035.2498  EKtot   =     17842.8906  EPtot      =    -89878.1405
 BOND   =       400.5918  ANGLE   =      1060.4792  DIHED      =      1373.6856
 1-4 NB =       447.6142  1-4 EEL =      4558.5746  VDWAALS    =     11361.5408
 EELEC  =   -109096.4430  EHBOND  =         0.0000  RESTRAINT  =        15.8164
 EAMBER (non-restraint)  =    -89893.9569
 ------------------------------------------------------------------------------

wrapping first mol.:      -50.55603       35.74852       61.91825
wrapping first mol.:      -50.55603       35.74852       61.91825

 NSTEP =    47000   TIME(PS) =    2834.000  TEMP(K) =   297.54  PRESS =     0.0
 Etot   =    -72341.0188  EKtot   =     17706.5020  EPtot      =    -90047.5207
 BOND   =       415.2157  ANGLE   =      1150.5654  DIHED      =      1344.2004
 1-4 NB =       444.6753  1-4 EEL =      4568.6956  VDWAALS    =     11222.6200
 EELEC  =   -109211.8046  EHBOND  =         0.0000  RESTRAINT  =        18.3115
 EAMBER (non-restraint)  =    -90065.8322
 ------------------------------------------------------------------------------

wrapping first mol.:      -50.55603       35.74852       61.91825
wrapping first mol.:      -50.55603       35.74852       61.91825

 NSTEP =    47500   TIME(PS) =    2835.000  TEMP(K) =   299.91  PRESS =     0.0
 Etot   =    -72080.4294  EKtot   =     17847.6992  EPtot      =    -89928.1286
 BOND   =       408.6249  ANGLE   =      1104.1436  DIHED      =      1335.4600
 1-4 NB =       441.7092  1-4 EEL =      4544.8472  VDWAALS    =     11191.2271
 EELEC  =   -108970.9441  EHBOND  =         0.0000  RESTRAINT  =        16.8034
 EAMBER (non-restraint)  =    -89944.9321
 ------------------------------------------------------------------------------

wrapping first mol.:      -50.55603       35.74852       61.91825
wrapping first mol.:      -50.55603       35.74852       61.91825

 NSTEP =    48000   TIME(PS) =    2836.000  TEMP(K) =   302.14  PRESS =     0.0
 Etot   =    -72179.1118  EKtot   =     17980.2324  EPtot      =    -90159.3442
 BOND   =       397.7903  ANGLE   =      1102.0441  DIHED      =      1355.1983
 1-4 NB =       443.1482  1-4 EEL =      4615.3221  VDWAALS    =     11140.9030
 EELEC  =   -109229.4205  EHBOND  =         0.0000  RESTRAINT  =        15.6703
 EAMBER (non-restraint)  =    -90175.0146
 ------------------------------------------------------------------------------

wrapping first mol.:      -50.55603       35.74852       61.91825
wrapping first mol.:      -50.55603       35.74852       61.91825

 NSTEP =    48500   TIME(PS) =    2837.000  TEMP(K) =   296.51  PRESS =     0.0
 Etot   =    -72491.4716  EKtot   =     17645.0957  EPtot      =    -90136.5673
 BOND   =       413.8106  ANGLE   =      1099.0525  DIHED      =      1377.5819
 1-4 NB =       434.1592  1-4 EEL =      4562.0494  VDWAALS    =     11483.4055
 EELEC  =   -109525.1425  EHBOND  =         0.0000  RESTRAINT  =        18.5161
 EAMBER (non-restraint)  =    -90155.0834
 ------------------------------------------------------------------------------

wrapping first mol.:      -50.55603       35.74852       61.91825
wrapping first mol.:      -50.55603       35.74852       61.91825

 NSTEP =    49000   TIME(PS) =    2838.000  TEMP(K) =   296.63  PRESS =     0.0
 Etot   =    -72590.8423  EKtot   =     17652.5332  EPtot      =    -90243.3755
 BOND   =       383.1167  ANGLE   =      1141.1270  DIHED      =      1346.1452
 1-4 NB =       453.8719  1-4 EEL =      4633.2514  VDWAALS    =     11507.7106
 EELEC  =   -109726.1322  EHBOND  =         0.0000  RESTRAINT  =        17.5339
 EAMBER (non-restraint)  =    -90260.9094
 ------------------------------------------------------------------------------

wrapping first mol.:      -50.55603       35.74852       61.91825
wrapping first mol.:      -50.55603       35.74852       61.91825

 NSTEP =    49500   TIME(PS) =    2839.000  TEMP(K) =   296.16  PRESS =     0.0
 Etot   =    -72511.7853  EKtot   =     17624.4297  EPtot      =    -90136.2150
 BOND   =       387.3083  ANGLE   =      1100.1968  DIHED      =      1329.6424
 1-4 NB =       450.5421  1-4 EEL =      4611.2273  VDWAALS    =     11154.3990
 EELEC  =   -109187.7420  EHBOND  =         0.0000  RESTRAINT  =        18.2111
 EAMBER (non-restraint)  =    -90154.4261
 ------------------------------------------------------------------------------

wrapping first mol.:      -50.55603       35.74852       61.91825
wrapping first mol.:      -50.55603       35.74852       61.91825

 NSTEP =    50000   TIME(PS) =    2840.000  TEMP(K) =   300.53  PRESS =     0.0
 Etot   =    -72465.8183  EKtot   =     17884.4766  EPtot      =    -90350.2949
 BOND   =       412.4089  ANGLE   =      1100.7323  DIHED      =      1344.2189
 1-4 NB =       439.2690  1-4 EEL =      4603.8364  VDWAALS    =     11496.5343
 EELEC  =   -109767.9288  EHBOND  =         0.0000  RESTRAINT  =        20.6342
 EAMBER (non-restraint)  =    -90370.9291
 ------------------------------------------------------------------------------


      A V E R A G E S   O V E R     100 S T E P S


 NSTEP =    50000   TIME(PS) =    2840.000  TEMP(K) =   299.96  PRESS =     0.0
 Etot   =    -72331.0494  EKtot   =     17850.1616  EPtot      =    -90181.2110
 BOND   =       403.2275  ANGLE   =      1093.0818  DIHED      =      1347.7341
 1-4 NB =       443.0675  1-4 EEL =      4606.8006  VDWAALS    =     11375.0145
 EELEC  =   -109465.1282  EHBOND  =         0.0000  RESTRAINT  =        14.9912
 EAMBER (non-restraint)  =    -90196.2023
 ------------------------------------------------------------------------------


      R M S  F L U C T U A T I O N S


 NSTEP =    50000   TIME(PS) =    2840.000  TEMP(K) =     1.85  PRESS =     0.0
 Etot   =       178.7350  EKtot   =       109.9719  EPtot      =       147.4247
 BOND   =        17.2642  ANGLE   =        25.0794  DIHED      =        13.3018
 1-4 NB =        10.5940  1-4 EEL =        26.7686  VDWAALS    =       131.2761
 EELEC  =       232.9012  EHBOND  =         0.0000  RESTRAINT  =         2.5615
 EAMBER (non-restraint)  =       144.8632
 ------------------------------------------------------------------------------

--------------------------------------------------------------------------------
   5.  TIMINGS
--------------------------------------------------------------------------------

|  NonSetup CPU Time in Major Routines:
|
|     Routine           Sec        %
|     ------------------------------
|     Nonbond           8.71   14.66
|     Bond              0.00    0.00
|     Angle             0.00    0.00
|     Dihedral          0.00    0.00
|     Shake             0.76    1.27
|     RunMD            49.87   83.93
|     Other             0.08    0.13
|     ------------------------------
|     Total            59.42

|  PME Nonbond Pairlist CPU Time:
|
|     Routine              Sec        %
|     ---------------------------------
|     Set Up Cit           0.00    0.00
|     Build List           0.00    0.00
|     ---------------------------------
|     Total                0.00    0.00

|  PME Direct Force CPU Time:
|
|     Routine              Sec        %
|     ---------------------------------
|     NonBonded Calc       0.00    0.00
|     Exclude Masked       0.00    0.00
|     Other                0.03    0.05
|     ---------------------------------
|     Total                0.03    0.05

|  PME Reciprocal Force CPU Time:
|
|     Routine              Sec        %
|     ---------------------------------
|     1D bspline           0.00    0.00
|     Grid Charges         0.00    0.00
|     Scalar Sum           0.00    0.00
|     Gradient Sum         0.00    0.00
|     FFT                  0.00    0.00
|     ---------------------------------
|     Total                0.00    0.00

|  Final Performance Info:
|     -----------------------------------------------------
|     Average timings for last   49500 steps:
|     Elapsed(s) =      58.94 Per Step(ms) =       1.19
|         ns/day =     145.12   seconds/ns =     595.39
|
|     Average timings for all steps:
|     Elapsed(s) =      59.56 Per Step(ms) =       1.19
|         ns/day =     145.07   seconds/ns =     595.56
|     -----------------------------------------------------

|  Setup CPU time:            2.28 seconds
|  NonSetup CPU time:        59.42 seconds
|  Total CPU time:           61.70 seconds     0.02 hours

|  Setup wall time:           2    seconds
|  NonSetup wall time:       60    seconds
|  Total wall time:          62    seconds     0.02 hours
