
          -------------------------------------------------------
          Amber 16 PMEMD                              2016
          -------------------------------------------------------

| PMEMD implementation of SANDER, Release 16

| Run on 11/03/2017 at 15:49:08

|   Executable path: /apps/amber16/bin/pmemd.cuda
| Working directory: /home/pbarletta
|          Hostname: mordor

  [-O]verwriting output

File Assignments:
|   MDIN: /scratch/pbarletta/2pdz/run/lb/mhe/e/28equ.in                         
|  MDOUT: /scratch/pbarletta/2pdz/run/lb/mhe/e/28equ.out                        
| INPCRD: /scratch/pbarletta/2pdz/run/lb/mhe/e/27elb.rst7                       
|   PARM: /scratch/pbarletta/2pdz/top_files/lb.prmtop                           
| RESTRT: /scratch/pbarletta/2pdz/run/lb/mhe/e/28elb.rst7                       
|   REFC: /scratch/pbarletta/2pdz/run/lb/mhe/e/27elb.rst7                       
|  MDVEL: mdvel                                                                 
|   MDEN: mden                                                                  
|  MDCRD: /scratch/pbarletta/2pdz/run/lb/mhe/e/28elb.nc                         
| MDINFO: mdinfo                                                                
|  MDFRC: mdfrc                                                                 


 Here is the input file:

Equilibration with solute restrictions                                         
&cntrl                                                                         
imin = 0,                           ! No Minimization                          
nmropt = 0,                         ! No NMR restraints read                   
                                                                               
! Nature and format of the input                                               
ntx = 5,                            ! Coordinates but no velocities will be rea
irest = 1,                          ! Do not run a new simulation              
                                                                               
! Nature and format of the output                                              
ntxo = 1,                           ! rstrt file in ASCII format               
ntpr = 500,                         ! inf in output every ntpr steps           
ntwr = 500,                         ! rstrt file every ntwr steps              
ntwx = 500,                         ! mdcrd file every ntwx steps              
ntwv = 0,                           ! mdvel without velocities                 
ntwe = 0,                           ! Energies and temperatures not written in 
idecomp = 0,                        ! No energy decomposition                  
iwrap = 1,                          ! Coordinates of the restart and mdcrd file
                                                                               
! Frozen or restrained atoms                                                   
ibelly = 0,                         ! No frozen atoms                          
ntr=1,                              ! Harmonic potential restraints            
restraint_wt = 0.02,                ! The weight for the positional restraints 
restraintmask = ':1-132@N,CA,C,O',  ! restrained residues                      
                                                                               
! Molecular dynamics                                                           
nstlim = 50000,                     ! Number of MD-steps                       
dt = 0.002,                         ! Time step                                
                                                                               
! Temperature regulation                                                       
ntt = 3,                            ! Langevin thermostat                      
gamma_ln = 5,                       ! Gamma constant for Langevin              
temp0 = 300.0,                      ! Reference T at which the system is to be 
tempi = 300.0,                      ! Initial T                                
ig = -1,                            ! Seed for the RNG                         
                                                                               
! P and V regulation                                                           
ntp = 0,                            ! No pressure control                      
ntb = 1,                            ! Periodic box for constant V              
                                                                               
! SHAKE variables                                                              
ntc = 2,                            ! Bonds involving H are constrained        
ntf = 2,                            ! Bond interaction involving H are ommited.
                                                                               
cut = 10.0,                         ! Nonbonded cutoff                         
/                                                                              
&end                                                                           


Note: ig = -1. Setting random seed to   963923 based on wallclock time in 
      microseconds.
| irandom = 1, using AMBER's internal random number generator (default).
 
|--------------------- INFORMATION ----------------------
| GPU (CUDA) Version of PMEMD in use: NVIDIA GPU IN USE.
|                    Version 16.0.0
| 
|                      02/25/2016
| 
| Implementation by:
|                    Ross C. Walker     (SDSC)
|                    Scott Le Grand     (nVIDIA)
| 
| Precision model in use:
|      [SPFP] - Single Precision Forces, 64-bit Fixed Point
|               Accumulation. (Default)
| 
|--------------------------------------------------------
 
|----------------- CITATION INFORMATION -----------------
|
|    When publishing work that utilized the CUDA version
|    of AMBER, please cite the following in addition to
|    the regular AMBER citations:
|
|  - Romelia Salomon-Ferrer; Andreas W. Goetz; Duncan
|    Poole; Scott Le Grand; Ross C. Walker "Routine
|    microsecond molecular dynamics simulations with
|    AMBER - Part II: Particle Mesh Ewald", J. Chem.
|    Theory Comput., 2013, 9 (9), pp3878-3888,
|    DOI: 10.1021/ct400314y.
|
|  - Andreas W. Goetz; Mark J. Williamson; Dong Xu;
|    Duncan Poole; Scott Le Grand; Ross C. Walker
|    "Routine microsecond molecular dynamics simulations
|    with AMBER - Part I: Generalized Born", J. Chem.
|    Theory Comput., 2012, 8 (5), pp1542-1555.
|
|  - Scott Le Grand; Andreas W. Goetz; Ross C. Walker
|    "SPFP: Speed without compromise - a mixed precision
|    model for GPU accelerated molecular dynamics
|    simulations.", Comp. Phys. Comm., 2013, 184
|    pp374-380, DOI: 10.1016/j.cpc.2012.09.022
|
|--------------------------------------------------------
 
|------------------- GPU DEVICE INFO --------------------
|
|            CUDA_VISIBLE_DEVICES: 2
|   CUDA Capable Devices Detected:      1
|           CUDA Device ID in use:      0
|                CUDA Device Name: GeForce GTX 1080 Ti
|     CUDA Device Global Mem Size:  11172 MB
| CUDA Device Num Multiprocessors:     28
|           CUDA Device Core Freq:   1.58 GHz
|
|--------------------------------------------------------
 
 
| Conditional Compilation Defines Used:
| PUBFFT
| BINTRAJ
| CUDA
| EMIL

| Largest sphere to fit in unit cell has radius =    30.959

| New format PARM file being parsed.
| Version =    1.000 Date = 11/03/17 Time = 14:56:09

| Note: 1-4 EEL scale factors are being read from the topology file.

| Note: 1-4 VDW scale factors are being read from the topology file.
| Duplicated    0 dihedrals

| Duplicated    0 dihedrals

--------------------------------------------------------------------------------
   1.  RESOURCE   USE: 
--------------------------------------------------------------------------------

 getting new box info from bottom of inpcrd
 NATOM  =   29433 NTYPES =      16 NBONH =   28406 MBONA  =    1038
 NTHETH =    2390 MTHETA =    1396 NPHIH =    4631 MPHIA  =    3488
 NHPARM =       0 NPARM  =       0 NNB   =   47902 NRES   =    9251
 NBONA  =    1038 NTHETA =    1396 NPHIA =    3488 NUMBND =      45
 NUMANG =      95 NPTRA  =      43 NATYP =      29 NPHB   =       1
 IFBOX  =       2 NMXRS  =      24 IFCAP =       0 NEXTRA =       0
 NCOPY  =       0

| Coordinate Index Table dimensions:    12   12   12
| Direct force subcell size =     6.3195    6.3195    6.3195

     BOX TYPE: TRUNCATED OCTAHEDRON

--------------------------------------------------------------------------------
   2.  CONTROL  DATA  FOR  THE  RUN
--------------------------------------------------------------------------------

default_name                                                                    

General flags:
     imin    =       0, nmropt  =       0

Nature and format of input:
     ntx     =       5, irest   =       1, ntrx    =       1

Nature and format of output:
     ntxo    =       1, ntpr    =     500, ntrx    =       1, ntwr    =     500
     iwrap   =       1, ntwx    =     500, ntwv    =       0, ntwe    =       0
     ioutfm  =       1, ntwprt  =       0, idecomp =       0, rbornstat=      0

Potential function:
     ntf     =       2, ntb     =       1, igb     =       0, nsnb    =      25
     ipol    =       0, gbsa    =       0, iesp    =       0
     dielc   =   1.00000, cut     =  10.00000, intdiel =   1.00000

Frozen or restrained atoms:
     ibelly  =       0, ntr     =       1
     restraint_wt =   0.02000

Molecular dynamics:
     nstlim  =     50000, nscm    =         0, nrespa  =         1
     t       =   0.00000, dt      =   0.00200, vlimit  =  -1.00000

Langevin dynamics temperature regulation:
     ig      =  963923
     temp0   = 300.00000, tempi   = 300.00000, gamma_ln=   5.00000

SHAKE:
     ntc     =       2, jfastw  =       0
     tol     =   0.00001

| Intermolecular bonds treatment:
|     no_intermolecular_bonds =       1

| Energy averages sample interval:
|     ene_avg_sampling =     500

Ewald parameters:
     verbose =       0, ew_type =       0, nbflag  =       1, use_pme =       1
     vdwmeth =       1, eedmeth =       1, netfrc  =       1
     Box X =   75.834   Box Y =   75.834   Box Z =   75.834
     Alpha =  109.471   Beta  =  109.471   Gamma =  109.471
     NFFT1 =   80       NFFT2 =   80       NFFT3 =   80
     Cutoff=   10.000   Tol   =0.100E-04
     Ewald Coefficient =  0.27511
     Interpolation order =    4

    LOADING THE CONSTRAINED ATOMS AS GROUPS


   5.  REFERENCE ATOM COORDINATES

  default_name                                                                    
     Mask :1-132@N,CA,C,O; matches   528 atoms

--------------------------------------------------------------------------------
   3.  ATOMIC COORDINATES AND VELOCITIES
--------------------------------------------------------------------------------

default_name                                                                    
 begin time read from input coords =  2840.000 ps

 
 Number of triangulated 3-point waters found:     9119

     Sum of charges from parm topology file =  -0.00000008
     Forcing neutrality...

| Dynamic Memory, Types Used:
| Reals              999088
| Integers           921097

| Nonbonded Pairs Initial Allocation:     8902746

| GPU memory information (estimate):
| KB of GPU memory in use:    214995
| KB of CPU memory in use:     45027

--------------------------------------------------------------------------------
   4.  RESULTS
--------------------------------------------------------------------------------

 ---------------------------------------------------
 APPROXIMATING switch and d/dx switch using CUBIC SPLINE INTERPOLATION
 using   5000.0 points per unit in tabled values
 TESTING RELATIVE ERROR over r ranging from 0.0 to cutoff
| CHECK switch(x): max rel err =   0.2738E-14   at   2.422500
| CHECK d/dx switch(x): max rel err =   0.8314E-11   at   2.736960
 ---------------------------------------------------
|---------------------------------------------------
| APPROXIMATING direct energy using CUBIC SPLINE INTERPOLATION
|  with   50.0 points per unit in tabled values
| Relative Error Limit not exceeded for r .gt.   2.33
| APPROXIMATING direct force using CUBIC SPLINE INTERPOLATION
|  with   50.0 points per unit in tabled values
| Relative Error Limit not exceeded for r .gt.   2.80
|---------------------------------------------------
wrapping first mol.:      -50.55603       35.74852       61.91825
wrapping first mol.:      -50.55603       35.74852       61.91825

 NSTEP =      500   TIME(PS) =    2841.000  TEMP(K) =   300.99  PRESS =     0.0
 Etot   =    -72631.2179  EKtot   =     17911.9629  EPtot      =    -90543.1807
 BOND   =       396.0556  ANGLE   =      1132.3521  DIHED      =      1376.8610
 1-4 NB =       428.0664  1-4 EEL =      4578.0199  VDWAALS    =     11426.9117
 EELEC  =   -109883.7611  EHBOND  =         0.0000  RESTRAINT  =         2.3137
 EAMBER (non-restraint)  =    -90545.4945
 ------------------------------------------------------------------------------

wrapping first mol.:      -50.55603       35.74852       61.91825
wrapping first mol.:      -50.55603       35.74852       61.91825

 NSTEP =     1000   TIME(PS) =    2842.000  TEMP(K) =   299.23  PRESS =     0.0
 Etot   =    -72347.8657  EKtot   =     17806.9121  EPtot      =    -90154.7778
 BOND   =       389.7952  ANGLE   =      1076.4696  DIHED      =      1354.9083
 1-4 NB =       441.9164  1-4 EEL =      4584.0979  VDWAALS    =     11267.7021
 EELEC  =   -109272.9089  EHBOND  =         0.0000  RESTRAINT  =         3.2416
 EAMBER (non-restraint)  =    -90158.0193
 ------------------------------------------------------------------------------

wrapping first mol.:      -50.55603       35.74852       61.91825
wrapping first mol.:      -50.55603       35.74852       61.91825

 NSTEP =     1500   TIME(PS) =    2843.000  TEMP(K) =   300.46  PRESS =     0.0
 Etot   =    -72316.9843  EKtot   =     17880.1934  EPtot      =    -90197.1777
 BOND   =       427.4407  ANGLE   =      1076.5475  DIHED      =      1359.6591
 1-4 NB =       436.0476  1-4 EEL =      4607.8018  VDWAALS    =     11510.1559
 EELEC  =   -109618.2370  EHBOND  =         0.0000  RESTRAINT  =         3.4066
 EAMBER (non-restraint)  =    -90200.5843
 ------------------------------------------------------------------------------

wrapping first mol.:      -50.55603       35.74852       61.91825
wrapping first mol.:      -50.55603       35.74852       61.91825

 NSTEP =     2000   TIME(PS) =    2844.000  TEMP(K) =   296.06  PRESS =     0.0
 Etot   =    -72475.9637  EKtot   =     17618.0820  EPtot      =    -90094.0457
 BOND   =       376.0952  ANGLE   =      1098.8362  DIHED      =      1334.1647
 1-4 NB =       450.0404  1-4 EEL =      4566.5412  VDWAALS    =     11410.4297
 EELEC  =   -109334.2752  EHBOND  =         0.0000  RESTRAINT  =         4.1221
 EAMBER (non-restraint)  =    -90098.1678
 ------------------------------------------------------------------------------

wrapping first mol.:      -50.55603       35.74852       61.91825
wrapping first mol.:      -50.55603       35.74852       61.91825

 NSTEP =     2500   TIME(PS) =    2845.000  TEMP(K) =   296.92  PRESS =     0.0
 Etot   =    -72604.4772  EKtot   =     17669.6836  EPtot      =    -90274.1608
 BOND   =       365.1995  ANGLE   =      1134.0248  DIHED      =      1350.9681
 1-4 NB =       452.1883  1-4 EEL =      4577.7631  VDWAALS    =     11270.2172
 EELEC  =   -109429.1706  EHBOND  =         0.0000  RESTRAINT  =         4.6488
 EAMBER (non-restraint)  =    -90278.8096
 ------------------------------------------------------------------------------

wrapping first mol.:      -50.55603       35.74852       61.91825
wrapping first mol.:      -50.55603       35.74852       61.91825

 NSTEP =     3000   TIME(PS) =    2846.000  TEMP(K) =   299.39  PRESS =     0.0
 Etot   =    -72495.7526  EKtot   =     17816.6699  EPtot      =    -90312.4226
 BOND   =       372.7162  ANGLE   =      1086.9466  DIHED      =      1331.9756
 1-4 NB =       460.7643  1-4 EEL =      4636.7240  VDWAALS    =     11557.4518
 EELEC  =   -109763.6503  EHBOND  =         0.0000  RESTRAINT  =         4.6493
 EAMBER (non-restraint)  =    -90317.0719
 ------------------------------------------------------------------------------

wrapping first mol.:      -50.55603       35.74852       61.91825
wrapping first mol.:      -50.55603       35.74852       61.91825

 NSTEP =     3500   TIME(PS) =    2847.000  TEMP(K) =   298.21  PRESS =     0.0
 Etot   =    -72488.9098  EKtot   =     17746.2773  EPtot      =    -90235.1872
 BOND   =       391.9505  ANGLE   =      1132.4138  DIHED      =      1355.7381
 1-4 NB =       441.2232  1-4 EEL =      4551.5297  VDWAALS    =     11437.7522
 EELEC  =   -109550.0798  EHBOND  =         0.0000  RESTRAINT  =         4.2851
 EAMBER (non-restraint)  =    -90239.4723
 ------------------------------------------------------------------------------

wrapping first mol.:      -50.55603       35.74852       61.91825
wrapping first mol.:      -50.55603       35.74852       61.91825

 NSTEP =     4000   TIME(PS) =    2848.000  TEMP(K) =   301.60  PRESS =     0.0
 Etot   =    -72396.7608  EKtot   =     17948.2910  EPtot      =    -90345.0518
 BOND   =       362.8972  ANGLE   =      1055.4987  DIHED      =      1353.8318
 1-4 NB =       460.1307  1-4 EEL =      4650.7000  VDWAALS    =     11377.7453
 EELEC  =   -109610.3543  EHBOND  =         0.0000  RESTRAINT  =         4.4987
 EAMBER (non-restraint)  =    -90349.5505
 ------------------------------------------------------------------------------

wrapping first mol.:      -50.55603       35.74852       61.91825
wrapping first mol.:      -50.55603       35.74852       61.91825

 NSTEP =     4500   TIME(PS) =    2849.000  TEMP(K) =   298.62  PRESS =     0.0
 Etot   =    -72497.1358  EKtot   =     17770.9922  EPtot      =    -90268.1280
 BOND   =       372.9068  ANGLE   =      1096.0111  DIHED      =      1339.9195
 1-4 NB =       457.7577  1-4 EEL =      4647.2317  VDWAALS    =     11205.7444
 EELEC  =   -109392.5474  EHBOND  =         0.0000  RESTRAINT  =         4.8483
 EAMBER (non-restraint)  =    -90272.9763
 ------------------------------------------------------------------------------

wrapping first mol.:      -50.55603       35.74852       61.91825
wrapping first mol.:      -50.55603       35.74852       61.91825

 NSTEP =     5000   TIME(PS) =    2850.000  TEMP(K) =   298.93  PRESS =     0.0
 Etot   =    -72375.5851  EKtot   =     17789.3730  EPtot      =    -90164.9581
 BOND   =       374.6452  ANGLE   =      1103.4711  DIHED      =      1353.9029
 1-4 NB =       434.8370  1-4 EEL =      4592.6986  VDWAALS    =     11162.8632
 EELEC  =   -109192.3718  EHBOND  =         0.0000  RESTRAINT  =         4.9957
 EAMBER (non-restraint)  =    -90169.9539
 ------------------------------------------------------------------------------

wrapping first mol.:      -50.55603       35.74852       61.91825
wrapping first mol.:      -50.55603       35.74852       61.91825

 NSTEP =     5500   TIME(PS) =    2851.000  TEMP(K) =   298.34  PRESS =     0.0
 Etot   =    -72409.5978  EKtot   =     17753.8809  EPtot      =    -90163.4787
 BOND   =       423.2409  ANGLE   =      1081.0811  DIHED      =      1365.2842
 1-4 NB =       435.5927  1-4 EEL =      4560.5518  VDWAALS    =     11352.4021
 EELEC  =   -109387.4544  EHBOND  =         0.0000  RESTRAINT  =         5.8228
 EAMBER (non-restraint)  =    -90169.3015
 ------------------------------------------------------------------------------

wrapping first mol.:      -50.55603       35.74852       61.91825
wrapping first mol.:      -50.55603       35.74852       61.91825

 NSTEP =     6000   TIME(PS) =    2852.000  TEMP(K) =   301.89  PRESS =     0.0
 Etot   =    -71947.2843  EKtot   =     17965.2559  EPtot      =    -89912.5401
 BOND   =       401.8608  ANGLE   =      1085.9286  DIHED      =      1356.9823
 1-4 NB =       436.1522  1-4 EEL =      4590.9098  VDWAALS    =     11401.2374
 EELEC  =   -109190.7090  EHBOND  =         0.0000  RESTRAINT  =         5.0977
 EAMBER (non-restraint)  =    -89917.6378
 ------------------------------------------------------------------------------

wrapping first mol.:      -50.55603       35.74852       61.91825
wrapping first mol.:      -50.55603       35.74852       61.91825

 NSTEP =     6500   TIME(PS) =    2853.000  TEMP(K) =   303.12  PRESS =     0.0
 Etot   =    -72089.7794  EKtot   =     18038.2480  EPtot      =    -90128.0275
 BOND   =       381.0043  ANGLE   =      1100.3712  DIHED      =      1369.3371
 1-4 NB =       429.3905  1-4 EEL =      4587.6273  VDWAALS    =     11277.9783
 EELEC  =   -109279.3621  EHBOND  =         0.0000  RESTRAINT  =         5.6260
 EAMBER (non-restraint)  =    -90133.6535
 ------------------------------------------------------------------------------

wrapping first mol.:      -50.55603       35.74852       61.91825
wrapping first mol.:      -50.55603       35.74852       61.91825

 NSTEP =     7000   TIME(PS) =    2854.000  TEMP(K) =   300.53  PRESS =     0.0
 Etot   =    -72353.1505  EKtot   =     17884.3945  EPtot      =    -90237.5451
 BOND   =       412.7032  ANGLE   =      1097.1841  DIHED      =      1358.1783
 1-4 NB =       447.3929  1-4 EEL =      4617.6001  VDWAALS    =     11241.2543
 EELEC  =   -109417.4347  EHBOND  =         0.0000  RESTRAINT  =         5.5767
 EAMBER (non-restraint)  =    -90243.1218
 ------------------------------------------------------------------------------

wrapping first mol.:      -50.55603       35.74852       61.91825
wrapping first mol.:      -50.55603       35.74852       61.91825

 NSTEP =     7500   TIME(PS) =    2855.000  TEMP(K) =   302.96  PRESS =     0.0
 Etot   =    -72196.2553  EKtot   =     18029.0625  EPtot      =    -90225.3178
 BOND   =       385.6579  ANGLE   =      1067.0403  DIHED      =      1384.5440
 1-4 NB =       435.0809  1-4 EEL =      4573.9142  VDWAALS    =     11266.0159
 EELEC  =   -109343.2600  EHBOND  =         0.0000  RESTRAINT  =         5.6889
 EAMBER (non-restraint)  =    -90231.0067
 ------------------------------------------------------------------------------

wrapping first mol.:      -50.55603       35.74852       61.91825
wrapping first mol.:      -50.55603       35.74852       61.91825

 NSTEP =     8000   TIME(PS) =    2856.000  TEMP(K) =   298.52  PRESS =     0.0
 Etot   =    -72405.0998  EKtot   =     17764.8809  EPtot      =    -90169.9806
 BOND   =       387.3364  ANGLE   =      1097.3532  DIHED      =      1358.8965
 1-4 NB =       459.4239  1-4 EEL =      4633.4753  VDWAALS    =     11306.9674
 EELEC  =   -109419.9521  EHBOND  =         0.0000  RESTRAINT  =         6.5188
 EAMBER (non-restraint)  =    -90176.4994
 ------------------------------------------------------------------------------

wrapping first mol.:      -50.55603       35.74852       61.91825
wrapping first mol.:      -50.55603       35.74852       61.91825

 NSTEP =     8500   TIME(PS) =    2857.000  TEMP(K) =   299.35  PRESS =     0.0
 Etot   =    -72433.7261  EKtot   =     17813.8809  EPtot      =    -90247.6070
 BOND   =       413.4641  ANGLE   =      1089.6733  DIHED      =      1347.6340
 1-4 NB =       447.0587  1-4 EEL =      4577.4739  VDWAALS    =     11202.8940
 EELEC  =   -109331.8279  EHBOND  =         0.0000  RESTRAINT  =         6.0229
 EAMBER (non-restraint)  =    -90253.6299
 ------------------------------------------------------------------------------

wrapping first mol.:      -50.55603       35.74852       61.91825
wrapping first mol.:      -50.55603       35.74852       61.91825

 NSTEP =     9000   TIME(PS) =    2858.000  TEMP(K) =   300.64  PRESS =     0.0
 Etot   =    -72296.9219  EKtot   =     17890.9863  EPtot      =    -90187.9083
 BOND   =       405.3894  ANGLE   =      1088.9135  DIHED      =      1362.6785
 1-4 NB =       439.0166  1-4 EEL =      4625.8700  VDWAALS    =     11248.5153
 EELEC  =   -109364.1127  EHBOND  =         0.0000  RESTRAINT  =         5.8212
 EAMBER (non-restraint)  =    -90193.7294
 ------------------------------------------------------------------------------

wrapping first mol.:      -50.55603       35.74852       61.91825
wrapping first mol.:      -50.55603       35.74852       61.91825

 NSTEP =     9500   TIME(PS) =    2859.000  TEMP(K) =   299.78  PRESS =     0.0
 Etot   =    -72344.4282  EKtot   =     17839.7480  EPtot      =    -90184.1762
 BOND   =       404.3032  ANGLE   =      1088.8608  DIHED      =      1364.5067
 1-4 NB =       448.4002  1-4 EEL =      4627.3006  VDWAALS    =     11266.2285
 EELEC  =   -109389.2649  EHBOND  =         0.0000  RESTRAINT  =         5.4886
 EAMBER (non-restraint)  =    -90189.6648
 ------------------------------------------------------------------------------

wrapping first mol.:      -50.55603       35.74852       61.91825
wrapping first mol.:      -50.55603       35.74852       61.91825

 NSTEP =    10000   TIME(PS) =    2860.000  TEMP(K) =   300.29  PRESS =     0.0
 Etot   =    -72416.4393  EKtot   =     17870.0254  EPtot      =    -90286.4647
 BOND   =       414.7858  ANGLE   =      1138.2057  DIHED      =      1353.3298
 1-4 NB =       446.7114  1-4 EEL =      4589.9917  VDWAALS    =     11535.5568
 EELEC  =   -109771.7512  EHBOND  =         0.0000  RESTRAINT  =         6.7053
 EAMBER (non-restraint)  =    -90293.1700
 ------------------------------------------------------------------------------

wrapping first mol.:      -50.55603       35.74852       61.91825
wrapping first mol.:      -50.55603       35.74852       61.91825

 NSTEP =    10500   TIME(PS) =    2861.000  TEMP(K) =   302.08  PRESS =     0.0
 Etot   =    -72478.5032  EKtot   =     17976.8945  EPtot      =    -90455.3977
 BOND   =       393.1258  ANGLE   =      1055.8777  DIHED      =      1370.8114
 1-4 NB =       441.8239  1-4 EEL =      4611.6453  VDWAALS    =     11809.2654
 EELEC  =   -110144.0779  EHBOND  =         0.0000  RESTRAINT  =         6.1305
 EAMBER (non-restraint)  =    -90461.5282
 ------------------------------------------------------------------------------

wrapping first mol.:      -50.55603       35.74852       61.91825
wrapping first mol.:      -50.55603       35.74852       61.91825

 NSTEP =    11000   TIME(PS) =    2862.000  TEMP(K) =   300.87  PRESS =     0.0
 Etot   =    -72596.1145  EKtot   =     17904.3223  EPtot      =    -90500.4368
 BOND   =       428.6233  ANGLE   =      1072.5039  DIHED      =      1360.4054
 1-4 NB =       439.3811  1-4 EEL =      4584.5371  VDWAALS    =     11540.5236
 EELEC  =   -109933.6581  EHBOND  =         0.0000  RESTRAINT  =         7.2469
 EAMBER (non-restraint)  =    -90507.6837
 ------------------------------------------------------------------------------

wrapping first mol.:      -50.55603       35.74852       61.91825
wrapping first mol.:      -50.55603       35.74852       61.91825

 NSTEP =    11500   TIME(PS) =    2863.000  TEMP(K) =   297.91  PRESS =     0.0
 Etot   =    -72409.2056  EKtot   =     17728.5879  EPtot      =    -90137.7935
 BOND   =       413.0246  ANGLE   =      1114.8792  DIHED      =      1330.5291
 1-4 NB =       445.6480  1-4 EEL =      4641.1157  VDWAALS    =     11442.3185
 EELEC  =   -109532.4801  EHBOND  =         0.0000  RESTRAINT  =         7.1715
 EAMBER (non-restraint)  =    -90144.9650
 ------------------------------------------------------------------------------

wrapping first mol.:      -50.55603       35.74852       61.91825
wrapping first mol.:      -50.55603       35.74852       61.91825

 NSTEP =    12000   TIME(PS) =    2864.000  TEMP(K) =   300.43  PRESS =     0.0
 Etot   =    -72708.9057  EKtot   =     17878.3672  EPtot      =    -90587.2729
 BOND   =       376.1795  ANGLE   =      1090.5967  DIHED      =      1359.3231
 1-4 NB =       445.0845  1-4 EEL =      4626.5489  VDWAALS    =     11572.1547
 EELEC  =   -110066.8154  EHBOND  =         0.0000  RESTRAINT  =         9.6551
 EAMBER (non-restraint)  =    -90596.9280
 ------------------------------------------------------------------------------

wrapping first mol.:      -50.55603       35.74852       61.91825
wrapping first mol.:      -50.55603       35.74852       61.91825

 NSTEP =    12500   TIME(PS) =    2865.000  TEMP(K) =   301.13  PRESS =     0.0
 Etot   =    -72610.5604  EKtot   =     17920.1211  EPtot      =    -90530.6815
 BOND   =       416.9113  ANGLE   =      1072.1812  DIHED      =      1356.1359
 1-4 NB =       451.8012  1-4 EEL =      4609.5887  VDWAALS    =     11385.1582
 EELEC  =   -109831.3074  EHBOND  =         0.0000  RESTRAINT  =         8.8495
 EAMBER (non-restraint)  =    -90539.5310
 ------------------------------------------------------------------------------

wrapping first mol.:      -50.55603       35.74852       61.91825
wrapping first mol.:      -50.55603       35.74852       61.91825

 NSTEP =    13000   TIME(PS) =    2866.000  TEMP(K) =   297.71  PRESS =     0.0
 Etot   =    -72889.6197  EKtot   =     17716.3320  EPtot      =    -90605.9518
 BOND   =       410.0973  ANGLE   =      1048.8429  DIHED      =      1369.2078
 1-4 NB =       443.9243  1-4 EEL =      4591.3352  VDWAALS    =     11589.5694
 EELEC  =   -110068.0096  EHBOND  =         0.0000  RESTRAINT  =         9.0809
 EAMBER (non-restraint)  =    -90615.0326
 ------------------------------------------------------------------------------

wrapping first mol.:      -50.55603       35.74852       61.91825
wrapping first mol.:      -50.55603       35.74852       61.91825

 NSTEP =    13500   TIME(PS) =    2867.000  TEMP(K) =   298.40  PRESS =     0.0
 Etot   =    -72543.3911  EKtot   =     17757.5469  EPtot      =    -90300.9379
 BOND   =       397.3739  ANGLE   =      1093.9115  DIHED      =      1358.6696
 1-4 NB =       450.0114  1-4 EEL =      4619.4787  VDWAALS    =     11668.1592
 EELEC  =   -109897.1179  EHBOND  =         0.0000  RESTRAINT  =         8.5755
 EAMBER (non-restraint)  =    -90309.5135
 ------------------------------------------------------------------------------

wrapping first mol.:      -50.55603       35.74852       61.91825
wrapping first mol.:      -50.55603       35.74852       61.91825

 NSTEP =    14000   TIME(PS) =    2868.000  TEMP(K) =   295.85  PRESS =     0.0
 Etot   =    -72464.8172  EKtot   =     17605.8750  EPtot      =    -90070.6922
 BOND   =       401.3158  ANGLE   =      1108.0913  DIHED      =      1346.8395
 1-4 NB =       448.9735  1-4 EEL =      4567.6279  VDWAALS    =     11263.8529
 EELEC  =   -109214.8504  EHBOND  =         0.0000  RESTRAINT  =         7.4572
 EAMBER (non-restraint)  =    -90078.1494
 ------------------------------------------------------------------------------

wrapping first mol.:      -50.55603       35.74852       61.91825
wrapping first mol.:      -50.55603       35.74852       61.91825

 NSTEP =    14500   TIME(PS) =    2869.000  TEMP(K) =   298.65  PRESS =     0.0
 Etot   =    -72378.6650  EKtot   =     17772.4590  EPtot      =    -90151.1240
 BOND   =       407.1333  ANGLE   =      1056.1050  DIHED      =      1354.0298
 1-4 NB =       439.6837  1-4 EEL =      4611.2436  VDWAALS    =     11446.7600
 EELEC  =   -109473.2576  EHBOND  =         0.0000  RESTRAINT  =         7.1782
 EAMBER (non-restraint)  =    -90158.3022
 ------------------------------------------------------------------------------

wrapping first mol.:      -50.55603       35.74852       61.91825
wrapping first mol.:      -50.55603       35.74852       61.91825

 NSTEP =    15000   TIME(PS) =    2870.000  TEMP(K) =   300.60  PRESS =     0.0
 Etot   =    -72082.6474  EKtot   =     17888.5234  EPtot      =    -89971.1709
 BOND   =       405.5835  ANGLE   =      1096.4845  DIHED      =      1361.2685
 1-4 NB =       434.0667  1-4 EEL =      4604.5592  VDWAALS    =     11701.5553
 EELEC  =   -109583.7296  EHBOND  =         0.0000  RESTRAINT  =         9.0411
 EAMBER (non-restraint)  =    -89980.2119
 ------------------------------------------------------------------------------

wrapping first mol.:      -50.55603       35.74852       61.91825
wrapping first mol.:      -50.55603       35.74852       61.91825

 NSTEP =    15500   TIME(PS) =    2871.000  TEMP(K) =   295.86  PRESS =     0.0
 Etot   =    -72748.5070  EKtot   =     17606.3086  EPtot      =    -90354.8156
 BOND   =       421.4130  ANGLE   =      1091.1832  DIHED      =      1360.5802
 1-4 NB =       427.0911  1-4 EEL =      4604.6753  VDWAALS    =     11416.7798
 EELEC  =   -109685.6019  EHBOND  =         0.0000  RESTRAINT  =         9.0637
 EAMBER (non-restraint)  =    -90363.8793
 ------------------------------------------------------------------------------

wrapping first mol.:      -50.55603       35.74852       61.91825
wrapping first mol.:      -50.55603       35.74852       61.91825

 NSTEP =    16000   TIME(PS) =    2872.000  TEMP(K) =   299.68  PRESS =     0.0
 Etot   =    -72299.7422  EKtot   =     17833.5020  EPtot      =    -90133.2441
 BOND   =       424.4753  ANGLE   =      1094.2256  DIHED      =      1364.1838
 1-4 NB =       430.4969  1-4 EEL =      4617.1084  VDWAALS    =     11487.8175
 EELEC  =   -109560.2262  EHBOND  =         0.0000  RESTRAINT  =         8.6746
 EAMBER (non-restraint)  =    -90141.9187
 ------------------------------------------------------------------------------

wrapping first mol.:      -50.55603       35.74852       61.91825
wrapping first mol.:      -50.55603       35.74852       61.91825

 NSTEP =    16500   TIME(PS) =    2873.000  TEMP(K) =   300.11  PRESS =     0.0
 Etot   =    -72497.3408  EKtot   =     17859.0957  EPtot      =    -90356.4365
 BOND   =       408.8114  ANGLE   =      1083.2242  DIHED      =      1362.7315
 1-4 NB =       438.2967  1-4 EEL =      4622.0581  VDWAALS    =     11263.5477
 EELEC  =   -109543.9720  EHBOND  =         0.0000  RESTRAINT  =         8.8658
 EAMBER (non-restraint)  =    -90365.3023
 ------------------------------------------------------------------------------

wrapping first mol.:      -50.55603       35.74852       61.91825
wrapping first mol.:      -50.55603       35.74852       61.91825

 NSTEP =    17000   TIME(PS) =    2874.000  TEMP(K) =   298.75  PRESS =     0.0
 Etot   =    -72560.0723  EKtot   =     17778.2285  EPtot      =    -90338.3009
 BOND   =       381.1663  ANGLE   =      1074.2078  DIHED      =      1353.2193
 1-4 NB =       448.9129  1-4 EEL =      4640.6274  VDWAALS    =     11390.9190
 EELEC  =   -109635.8918  EHBOND  =         0.0000  RESTRAINT  =         8.5382
 EAMBER (non-restraint)  =    -90346.8391
 ------------------------------------------------------------------------------

wrapping first mol.:      -50.55603       35.74852       61.91825
wrapping first mol.:      -50.55603       35.74852       61.91825

 NSTEP =    17500   TIME(PS) =    2875.000  TEMP(K) =   301.97  PRESS =     0.0
 Etot   =    -72250.1555  EKtot   =     17970.0195  EPtot      =    -90220.1750
 BOND   =       400.9422  ANGLE   =      1148.9055  DIHED      =      1348.7901
 1-4 NB =       432.0580  1-4 EEL =      4610.4105  VDWAALS    =     11602.7487
 EELEC  =   -109772.2289  EHBOND  =         0.0000  RESTRAINT  =         8.1988
 EAMBER (non-restraint)  =    -90228.3738
 ------------------------------------------------------------------------------

wrapping first mol.:      -50.55603       35.74852       61.91825
wrapping first mol.:      -50.55603       35.74852       61.91825

 NSTEP =    18000   TIME(PS) =    2876.000  TEMP(K) =   299.50  PRESS =     0.0
 Etot   =    -72509.7129  EKtot   =     17823.0820  EPtot      =    -90332.7949
 BOND   =       382.7879  ANGLE   =      1085.4919  DIHED      =      1344.1907
 1-4 NB =       449.2781  1-4 EEL =      4620.4035  VDWAALS    =     11508.5731
 EELEC  =   -109731.6763  EHBOND  =         0.0000  RESTRAINT  =         8.1562
 EAMBER (non-restraint)  =    -90340.9511
 ------------------------------------------------------------------------------

wrapping first mol.:      -50.55603       35.74852       61.91825
wrapping first mol.:      -50.55603       35.74852       61.91825

 NSTEP =    18500   TIME(PS) =    2877.000  TEMP(K) =   301.14  PRESS =     0.0
 Etot   =    -72284.1018  EKtot   =     17920.4082  EPtot      =    -90204.5100
 BOND   =       404.1546  ANGLE   =      1088.5141  DIHED      =      1361.0457
 1-4 NB =       439.3960  1-4 EEL =      4619.0727  VDWAALS    =     11546.1828
 EELEC  =   -109673.4086  EHBOND  =         0.0000  RESTRAINT  =        10.5326
 EAMBER (non-restraint)  =    -90215.0427
 ------------------------------------------------------------------------------

wrapping first mol.:      -50.55603       35.74852       61.91825
wrapping first mol.:      -50.55603       35.74852       61.91825

 NSTEP =    19000   TIME(PS) =    2878.000  TEMP(K) =   300.59  PRESS =     0.0
 Etot   =    -72306.3211  EKtot   =     17887.6992  EPtot      =    -90194.0203
 BOND   =       389.8404  ANGLE   =      1078.0990  DIHED      =      1365.7717
 1-4 NB =       428.6544  1-4 EEL =      4622.6879  VDWAALS    =     11163.6324
 EELEC  =   -109252.4743  EHBOND  =         0.0000  RESTRAINT  =         9.7683
 EAMBER (non-restraint)  =    -90203.7886
 ------------------------------------------------------------------------------

wrapping first mol.:      -50.55603       35.74852       61.91825
wrapping first mol.:      -50.55603       35.74852       61.91825

 NSTEP =    19500   TIME(PS) =    2879.000  TEMP(K) =   298.13  PRESS =     0.0
 Etot   =    -72524.3845  EKtot   =     17741.5801  EPtot      =    -90265.9646
 BOND   =       395.6224  ANGLE   =      1089.2245  DIHED      =      1340.0408
 1-4 NB =       440.8466  1-4 EEL =      4625.8883  VDWAALS    =     11373.0032
 EELEC  =   -109540.1081  EHBOND  =         0.0000  RESTRAINT  =         9.5177
 EAMBER (non-restraint)  =    -90275.4823
 ------------------------------------------------------------------------------

wrapping first mol.:      -50.55603       35.74852       61.91825
wrapping first mol.:      -50.55603       35.74852       61.91825

 NSTEP =    20000   TIME(PS) =    2880.000  TEMP(K) =   299.41  PRESS =     0.0
 Etot   =    -72394.3997  EKtot   =     17817.5605  EPtot      =    -90211.9602
 BOND   =       417.7533  ANGLE   =      1066.1829  DIHED      =      1349.8321
 1-4 NB =       442.4247  1-4 EEL =      4617.0465  VDWAALS    =     11635.4324
 EELEC  =   -109751.3350  EHBOND  =         0.0000  RESTRAINT  =        10.7029
 EAMBER (non-restraint)  =    -90222.6632
 ------------------------------------------------------------------------------

wrapping first mol.:      -50.55603       35.74852       61.91825
wrapping first mol.:      -50.55603       35.74852       61.91825

 NSTEP =    20500   TIME(PS) =    2881.000  TEMP(K) =   300.36  PRESS =     0.0
 Etot   =    -72271.1009  EKtot   =     17874.2949  EPtot      =    -90145.3958
 BOND   =       377.3136  ANGLE   =      1077.7739  DIHED      =      1376.1745
 1-4 NB =       447.9516  1-4 EEL =      4626.9294  VDWAALS    =     11071.4388
 EELEC  =   -109133.6269  EHBOND  =         0.0000  RESTRAINT  =        10.6493
 EAMBER (non-restraint)  =    -90156.0451
 ------------------------------------------------------------------------------

wrapping first mol.:      -50.55603       35.74852       61.91825
wrapping first mol.:      -50.55603       35.74852       61.91825

 NSTEP =    21000   TIME(PS) =    2882.000  TEMP(K) =   299.02  PRESS =     0.0
 Etot   =    -72551.1548  EKtot   =     17794.7695  EPtot      =    -90345.9243
 BOND   =       386.6395  ANGLE   =      1109.7480  DIHED      =      1371.3987
 1-4 NB =       446.8536  1-4 EEL =      4599.2534  VDWAALS    =     11510.9462
 EELEC  =   -109781.3833  EHBOND  =         0.0000  RESTRAINT  =        10.6195
 EAMBER (non-restraint)  =    -90356.5438
 ------------------------------------------------------------------------------

wrapping first mol.:      -50.55603       35.74852       61.91825
wrapping first mol.:      -50.55603       35.74852       61.91825

 NSTEP =    21500   TIME(PS) =    2883.000  TEMP(K) =   299.15  PRESS =     0.0
 Etot   =    -72582.9430  EKtot   =     17802.4043  EPtot      =    -90385.3473
 BOND   =       397.4781  ANGLE   =      1077.9433  DIHED      =      1355.8856
 1-4 NB =       433.0059  1-4 EEL =      4642.5751  VDWAALS    =     11430.9233
 EELEC  =   -109731.8192  EHBOND  =         0.0000  RESTRAINT  =         8.6606
 EAMBER (non-restraint)  =    -90394.0079
 ------------------------------------------------------------------------------

wrapping first mol.:      -50.55603       35.74852       61.91825
wrapping first mol.:      -50.55603       35.74852       61.91825

 NSTEP =    22000   TIME(PS) =    2884.000  TEMP(K) =   303.03  PRESS =     0.0
 Etot   =    -72353.9111  EKtot   =     18032.9590  EPtot      =    -90386.8701
 BOND   =       374.1614  ANGLE   =      1156.6538  DIHED      =      1339.3331
 1-4 NB =       427.1670  1-4 EEL =      4591.9470  VDWAALS    =     11652.6068
 EELEC  =   -109939.2267  EHBOND  =         0.0000  RESTRAINT  =        10.4875
 EAMBER (non-restraint)  =    -90397.3576
 ------------------------------------------------------------------------------

wrapping first mol.:      -50.55603       35.74852       61.91825
wrapping first mol.:      -50.55603       35.74852       61.91825

 NSTEP =    22500   TIME(PS) =    2885.000  TEMP(K) =   297.89  PRESS =     0.0
 Etot   =    -72485.0337  EKtot   =     17727.2617  EPtot      =    -90212.2954
 BOND   =       412.3249  ANGLE   =      1076.9746  DIHED      =      1361.5845
 1-4 NB =       438.0413  1-4 EEL =      4631.7789  VDWAALS    =     11416.2808
 EELEC  =   -109560.7917  EHBOND  =         0.0000  RESTRAINT  =        11.5111
 EAMBER (non-restraint)  =    -90223.8065
 ------------------------------------------------------------------------------

wrapping first mol.:      -50.55603       35.74852       61.91825
wrapping first mol.:      -50.55603       35.74852       61.91825

 NSTEP =    23000   TIME(PS) =    2886.000  TEMP(K) =   301.94  PRESS =     0.0
 Etot   =    -72079.2352  EKtot   =     17968.5098  EPtot      =    -90047.7450
 BOND   =       393.9063  ANGLE   =      1138.9586  DIHED      =      1360.7040
 1-4 NB =       454.6706  1-4 EEL =      4596.3298  VDWAALS    =     11226.3395
 EELEC  =   -109228.4556  EHBOND  =         0.0000  RESTRAINT  =         9.8018
 EAMBER (non-restraint)  =    -90057.5468
 ------------------------------------------------------------------------------

wrapping first mol.:      -50.55603       35.74852       61.91825
wrapping first mol.:      -50.55603       35.74852       61.91825

 NSTEP =    23500   TIME(PS) =    2887.000  TEMP(K) =   302.79  PRESS =     0.0
 Etot   =    -72208.0849  EKtot   =     18019.0254  EPtot      =    -90227.1103
 BOND   =       405.9053  ANGLE   =      1134.7505  DIHED      =      1371.8731
 1-4 NB =       430.0587  1-4 EEL =      4564.6823  VDWAALS    =     11326.0045
 EELEC  =   -109471.1849  EHBOND  =         0.0000  RESTRAINT  =        10.8001
 EAMBER (non-restraint)  =    -90237.9104
 ------------------------------------------------------------------------------

wrapping first mol.:      -50.55603       35.74852       61.91825
wrapping first mol.:      -50.55603       35.74852       61.91825

 NSTEP =    24000   TIME(PS) =    2888.000  TEMP(K) =   297.67  PRESS =     0.0
 Etot   =    -72590.3592  EKtot   =     17714.0508  EPtot      =    -90304.4099
 BOND   =       400.2003  ANGLE   =      1112.2656  DIHED      =      1336.3586
 1-4 NB =       436.2410  1-4 EEL =      4610.2873  VDWAALS    =     11532.6821
 EELEC  =   -109743.0364  EHBOND  =         0.0000  RESTRAINT  =        10.5916
 EAMBER (non-restraint)  =    -90315.0015
 ------------------------------------------------------------------------------

wrapping first mol.:      -50.55603       35.74852       61.91825
wrapping first mol.:      -50.55603       35.74852       61.91825

 NSTEP =    24500   TIME(PS) =    2889.000  TEMP(K) =   301.35  PRESS =     0.0
 Etot   =    -72146.6448  EKtot   =     17933.0742  EPtot      =    -90079.7190
 BOND   =       413.6864  ANGLE   =      1075.2420  DIHED      =      1377.6177
 1-4 NB =       452.5662  1-4 EEL =      4649.6318  VDWAALS    =     11421.0796
 EELEC  =   -109480.3873  EHBOND  =         0.0000  RESTRAINT  =        10.8446
 EAMBER (non-restraint)  =    -90090.5636
 ------------------------------------------------------------------------------

wrapping first mol.:      -50.55603       35.74852       61.91825
wrapping first mol.:      -50.55603       35.74852       61.91825

 NSTEP =    25000   TIME(PS) =    2890.000  TEMP(K) =   297.31  PRESS =     0.0
 Etot   =    -72702.7497  EKtot   =     17692.6230  EPtot      =    -90395.3727
 BOND   =       400.2223  ANGLE   =      1120.2175  DIHED      =      1354.4390
 1-4 NB =       435.4073  1-4 EEL =      4560.6914  VDWAALS    =     11648.1089
 EELEC  =   -109923.9326  EHBOND  =         0.0000  RESTRAINT  =         9.4735
 EAMBER (non-restraint)  =    -90404.8462
 ------------------------------------------------------------------------------

wrapping first mol.:      -50.55603       35.74852       61.91825
wrapping first mol.:      -50.55603       35.74852       61.91825

 NSTEP =    25500   TIME(PS) =    2891.000  TEMP(K) =   300.65  PRESS =     0.0
 Etot   =    -72461.9549  EKtot   =     17891.3809  EPtot      =    -90353.3357
 BOND   =       389.4291  ANGLE   =      1085.1275  DIHED      =      1364.3641
 1-4 NB =       446.2343  1-4 EEL =      4671.2043  VDWAALS    =     11324.6750
 EELEC  =   -109643.5858  EHBOND  =         0.0000  RESTRAINT  =         9.2157
 EAMBER (non-restraint)  =    -90362.5515
 ------------------------------------------------------------------------------

wrapping first mol.:      -50.55603       35.74852       61.91825
wrapping first mol.:      -50.55603       35.74852       61.91825

 NSTEP =    26000   TIME(PS) =    2892.000  TEMP(K) =   299.19  PRESS =     0.0
 Etot   =    -72467.4014  EKtot   =     17804.6055  EPtot      =    -90272.0069
 BOND   =       395.3132  ANGLE   =      1140.5280  DIHED      =      1367.2494
 1-4 NB =       441.6531  1-4 EEL =      4616.1755  VDWAALS    =     11294.1303
 EELEC  =   -109537.5192  EHBOND  =         0.0000  RESTRAINT  =        10.4628
 EAMBER (non-restraint)  =    -90282.4697
 ------------------------------------------------------------------------------

wrapping first mol.:      -50.55603       35.74852       61.91825
wrapping first mol.:      -50.55603       35.74852       61.91825

 NSTEP =    26500   TIME(PS) =    2893.000  TEMP(K) =   300.13  PRESS =     0.0
 Etot   =    -72436.8525  EKtot   =     17860.3125  EPtot      =    -90297.1650
 BOND   =       387.3352  ANGLE   =      1096.4465  DIHED      =      1340.9032
 1-4 NB =       432.7780  1-4 EEL =      4627.6409  VDWAALS    =     11395.1195
 EELEC  =   -109587.7857  EHBOND  =         0.0000  RESTRAINT  =        10.3975
 EAMBER (non-restraint)  =    -90307.5625
 ------------------------------------------------------------------------------

wrapping first mol.:      -50.55603       35.74852       61.91825
wrapping first mol.:      -50.55603       35.74852       61.91825

 NSTEP =    27000   TIME(PS) =    2894.000  TEMP(K) =   300.10  PRESS =     0.0
 Etot   =    -72209.8926  EKtot   =     17858.5098  EPtot      =    -90068.4023
 BOND   =       391.0622  ANGLE   =      1090.1042  DIHED      =      1333.0349
 1-4 NB =       451.4089  1-4 EEL =      4624.6071  VDWAALS    =     11382.3493
 EELEC  =   -109351.4861  EHBOND  =         0.0000  RESTRAINT  =        10.5174
 EAMBER (non-restraint)  =    -90078.9197
 ------------------------------------------------------------------------------

wrapping first mol.:      -50.55603       35.74852       61.91825
wrapping first mol.:      -50.55603       35.74852       61.91825

 NSTEP =    27500   TIME(PS) =    2895.000  TEMP(K) =   302.17  PRESS =     0.0
 Etot   =    -72235.4147  EKtot   =     17982.0215  EPtot      =    -90217.4362
 BOND   =       415.7352  ANGLE   =      1090.6469  DIHED      =      1353.6562
 1-4 NB =       452.9608  1-4 EEL =      4598.6600  VDWAALS    =     11485.6968
 EELEC  =   -109623.3724  EHBOND  =         0.0000  RESTRAINT  =         8.5804
 EAMBER (non-restraint)  =    -90226.0166
 ------------------------------------------------------------------------------

wrapping first mol.:      -50.55603       35.74852       61.91825
wrapping first mol.:      -50.55603       35.74852       61.91825

 NSTEP =    28000   TIME(PS) =    2896.000  TEMP(K) =   302.48  PRESS =     0.0
 Etot   =    -72221.8755  EKtot   =     18000.1406  EPtot      =    -90222.0162
 BOND   =       360.1071  ANGLE   =      1122.4390  DIHED      =      1352.4776
 1-4 NB =       449.1414  1-4 EEL =      4601.6838  VDWAALS    =     11393.7168
 EELEC  =   -109509.6066  EHBOND  =         0.0000  RESTRAINT  =         8.0247
 EAMBER (non-restraint)  =    -90230.0408
 ------------------------------------------------------------------------------

wrapping first mol.:      -50.55603       35.74852       61.91825
wrapping first mol.:      -50.55603       35.74852       61.91825

 NSTEP =    28500   TIME(PS) =    2897.000  TEMP(K) =   299.56  PRESS =     0.0
 Etot   =    -72310.2081  EKtot   =     17826.5449  EPtot      =    -90136.7530
 BOND   =       405.4536  ANGLE   =      1092.7304  DIHED      =      1333.9915
 1-4 NB =       432.5339  1-4 EEL =      4591.1290  VDWAALS    =     11519.8096
 EELEC  =   -109520.6166  EHBOND  =         0.0000  RESTRAINT  =         8.2157
 EAMBER (non-restraint)  =    -90144.9687
 ------------------------------------------------------------------------------

wrapping first mol.:      -50.55603       35.74852       61.91825
wrapping first mol.:      -50.55603       35.74852       61.91825

 NSTEP =    29000   TIME(PS) =    2898.000  TEMP(K) =   299.34  PRESS =     0.0
 Etot   =    -72453.6810  EKtot   =     17813.7559  EPtot      =    -90267.4369
 BOND   =       420.9621  ANGLE   =      1077.4014  DIHED      =      1341.1160
 1-4 NB =       436.0025  1-4 EEL =      4587.4540  VDWAALS    =     11469.8907
 EELEC  =   -109608.7424  EHBOND  =         0.0000  RESTRAINT  =         8.4789
 EAMBER (non-restraint)  =    -90275.9158
 ------------------------------------------------------------------------------

wrapping first mol.:      -50.55603       35.74852       61.91825
wrapping first mol.:      -50.55603       35.74852       61.91825

 NSTEP =    29500   TIME(PS) =    2899.000  TEMP(K) =   299.69  PRESS =     0.0
 Etot   =    -72360.0563  EKtot   =     17834.0859  EPtot      =    -90194.1422
 BOND   =       367.0869  ANGLE   =      1084.0153  DIHED      =      1334.1861
 1-4 NB =       445.6406  1-4 EEL =      4603.6933  VDWAALS    =     11290.8248
 EELEC  =   -109328.4653  EHBOND  =         0.0000  RESTRAINT  =         8.8762
 EAMBER (non-restraint)  =    -90203.0184
 ------------------------------------------------------------------------------

wrapping first mol.:      -50.55603       35.74852       61.91825
wrapping first mol.:      -50.55603       35.74852       61.91825

 NSTEP =    30000   TIME(PS) =    2900.000  TEMP(K) =   299.29  PRESS =     0.0
 Etot   =    -72237.0530  EKtot   =     17810.7109  EPtot      =    -90047.7639
 BOND   =       412.5587  ANGLE   =      1116.9556  DIHED      =      1349.9774
 1-4 NB =       441.9914  1-4 EEL =      4568.4428  VDWAALS    =     11235.2674
 EELEC  =   -109182.2832  EHBOND  =         0.0000  RESTRAINT  =         9.3260
 EAMBER (non-restraint)  =    -90057.0899
 ------------------------------------------------------------------------------

wrapping first mol.:      -50.55603       35.74852       61.91825
wrapping first mol.:      -50.55603       35.74852       61.91825

 NSTEP =    30500   TIME(PS) =    2901.000  TEMP(K) =   302.02  PRESS =     0.0
 Etot   =    -72041.4872  EKtot   =     17972.8066  EPtot      =    -90014.2939
 BOND   =       404.7406  ANGLE   =      1120.9884  DIHED      =      1330.4365
 1-4 NB =       446.1627  1-4 EEL =      4578.2791  VDWAALS    =     11223.7135
 EELEC  =   -109128.3728  EHBOND  =         0.0000  RESTRAINT  =         9.7581
 EAMBER (non-restraint)  =    -90024.0520
 ------------------------------------------------------------------------------

wrapping first mol.:      -50.55603       35.74852       61.91825
wrapping first mol.:      -50.55603       35.74852       61.91825

 NSTEP =    31000   TIME(PS) =    2902.000  TEMP(K) =   299.52  PRESS =     0.0
 Etot   =    -72183.8562  EKtot   =     17824.5605  EPtot      =    -90008.4167
 BOND   =       383.1661  ANGLE   =      1130.3370  DIHED      =      1365.3782
 1-4 NB =       452.6706  1-4 EEL =      4653.8104  VDWAALS    =     11310.5240
 EELEC  =   -109313.7372  EHBOND  =         0.0000  RESTRAINT  =         9.4341
 EAMBER (non-restraint)  =    -90017.8509
 ------------------------------------------------------------------------------

wrapping first mol.:      -50.55603       35.74852       61.91825
wrapping first mol.:      -50.55603       35.74852       61.91825

 NSTEP =    31500   TIME(PS) =    2903.000  TEMP(K) =   299.61  PRESS =     0.0
 Etot   =    -72275.9450  EKtot   =     17829.6953  EPtot      =    -90105.6403
 BOND   =       424.6075  ANGLE   =      1090.7320  DIHED      =      1372.4262
 1-4 NB =       440.2691  1-4 EEL =      4569.2352  VDWAALS    =     11285.4402
 EELEC  =   -109298.0199  EHBOND  =         0.0000  RESTRAINT  =         9.6695
 EAMBER (non-restraint)  =    -90115.3098
 ------------------------------------------------------------------------------

wrapping first mol.:      -50.55603       35.74852       61.91825
wrapping first mol.:      -50.55603       35.74852       61.91825

 NSTEP =    32000   TIME(PS) =    2904.000  TEMP(K) =   300.69  PRESS =     0.0
 Etot   =    -72131.5855  EKtot   =     17893.8418  EPtot      =    -90025.4273
 BOND   =       397.0904  ANGLE   =      1098.8249  DIHED      =      1342.0377
 1-4 NB =       447.1676  1-4 EEL =      4587.5475  VDWAALS    =     11296.9610
 EELEC  =   -109204.2621  EHBOND  =         0.0000  RESTRAINT  =         9.2056
 EAMBER (non-restraint)  =    -90034.6330
 ------------------------------------------------------------------------------

wrapping first mol.:      -50.55603       35.74852       61.91825
wrapping first mol.:      -50.55603       35.74852       61.91825

 NSTEP =    32500   TIME(PS) =    2905.000  TEMP(K) =   296.95  PRESS =     0.0
 Etot   =    -72472.6605  EKtot   =     17671.6113  EPtot      =    -90144.2718
 BOND   =       385.2832  ANGLE   =      1085.9180  DIHED      =      1350.4731
 1-4 NB =       444.4927  1-4 EEL =      4624.1900  VDWAALS    =     11469.1324
 EELEC  =   -109512.7060  EHBOND  =         0.0000  RESTRAINT  =         8.9446
 EAMBER (non-restraint)  =    -90153.2164
 ------------------------------------------------------------------------------

wrapping first mol.:      -50.55603       35.74852       61.91825
wrapping first mol.:      -50.55603       35.74852       61.91825

 NSTEP =    33000   TIME(PS) =    2906.000  TEMP(K) =   296.31  PRESS =     0.0
 Etot   =    -72435.1913  EKtot   =     17633.1816  EPtot      =    -90068.3729
 BOND   =       381.5353  ANGLE   =      1074.3644  DIHED      =      1341.2938
 1-4 NB =       436.5247  1-4 EEL =      4603.7096  VDWAALS    =     11511.0368
 EELEC  =   -109426.0348  EHBOND  =         0.0000  RESTRAINT  =         9.1974
 EAMBER (non-restraint)  =    -90077.5703
 ------------------------------------------------------------------------------

wrapping first mol.:      -50.55603       35.74852       61.91825
wrapping first mol.:      -50.55603       35.74852       61.91825

 NSTEP =    33500   TIME(PS) =    2907.000  TEMP(K) =   298.88  PRESS =     0.0
 Etot   =    -72527.7177  EKtot   =     17786.2520  EPtot      =    -90313.9697
 BOND   =       439.9444  ANGLE   =      1045.0230  DIHED      =      1357.5219
 1-4 NB =       440.8063  1-4 EEL =      4622.1353  VDWAALS    =     11310.8647
 EELEC  =   -109539.0246  EHBOND  =         0.0000  RESTRAINT  =         8.7594
 EAMBER (non-restraint)  =    -90322.7290
 ------------------------------------------------------------------------------

wrapping first mol.:      -50.55603       35.74852       61.91825
wrapping first mol.:      -50.55603       35.74852       61.91825

 NSTEP =    34000   TIME(PS) =    2908.000  TEMP(K) =   299.71  PRESS =     0.0
 Etot   =    -72351.6899  EKtot   =     17835.3477  EPtot      =    -90187.0375
 BOND   =       423.0998  ANGLE   =      1091.2175  DIHED      =      1354.5575
 1-4 NB =       440.5660  1-4 EEL =      4615.1029  VDWAALS    =     11461.9865
 EELEC  =   -109582.0141  EHBOND  =         0.0000  RESTRAINT  =         8.4463
 EAMBER (non-restraint)  =    -90195.4839
 ------------------------------------------------------------------------------

wrapping first mol.:      -50.55603       35.74852       61.91825
wrapping first mol.:      -50.55603       35.74852       61.91825

 NSTEP =    34500   TIME(PS) =    2909.000  TEMP(K) =   299.79  PRESS =     0.0
 Etot   =    -72251.6982  EKtot   =     17840.2676  EPtot      =    -90091.9658
 BOND   =       399.4890  ANGLE   =      1164.6061  DIHED      =      1369.2702
 1-4 NB =       437.8326  1-4 EEL =      4612.4883  VDWAALS    =     11467.0265
 EELEC  =   -109550.5616  EHBOND  =         0.0000  RESTRAINT  =         7.8832
 EAMBER (non-restraint)  =    -90099.8490
 ------------------------------------------------------------------------------

wrapping first mol.:      -50.55603       35.74852       61.91825
wrapping first mol.:      -50.55603       35.74852       61.91825

 NSTEP =    35000   TIME(PS) =    2910.000  TEMP(K) =   301.84  PRESS =     0.0
 Etot   =    -72165.7141  EKtot   =     17962.2441  EPtot      =    -90127.9582
 BOND   =       440.2759  ANGLE   =      1078.3461  DIHED      =      1365.7518
 1-4 NB =       446.8412  1-4 EEL =      4594.8782  VDWAALS    =     11543.0511
 EELEC  =   -109604.2711  EHBOND  =         0.0000  RESTRAINT  =         7.1685
 EAMBER (non-restraint)  =    -90135.1268
 ------------------------------------------------------------------------------

wrapping first mol.:      -50.55603       35.74852       61.91825
wrapping first mol.:      -50.55603       35.74852       61.91825

 NSTEP =    35500   TIME(PS) =    2911.000  TEMP(K) =   299.82  PRESS =     0.0
 Etot   =    -72142.3959  EKtot   =     17841.9434  EPtot      =    -89984.3392
 BOND   =       401.6849  ANGLE   =      1114.8401  DIHED      =      1355.6585
 1-4 NB =       443.3543  1-4 EEL =      4616.6896  VDWAALS    =     11174.5051
 EELEC  =   -109097.9583  EHBOND  =         0.0000  RESTRAINT  =         6.8866
 EAMBER (non-restraint)  =    -89991.2258
 ------------------------------------------------------------------------------

wrapping first mol.:      -50.55603       35.74852       61.91825
wrapping first mol.:      -50.55603       35.74852       61.91825

 NSTEP =    36000   TIME(PS) =    2912.000  TEMP(K) =   302.27  PRESS =     0.0
 Etot   =    -72225.1478  EKtot   =     17988.2070  EPtot      =    -90213.3548
 BOND   =       413.7388  ANGLE   =      1134.2404  DIHED      =      1346.6854
 1-4 NB =       428.0316  1-4 EEL =      4560.4236  VDWAALS    =     11466.0767
 EELEC  =   -109570.5529  EHBOND  =         0.0000  RESTRAINT  =         8.0016
 EAMBER (non-restraint)  =    -90221.3564
 ------------------------------------------------------------------------------

wrapping first mol.:      -50.55603       35.74852       61.91825
wrapping first mol.:      -50.55603       35.74852       61.91825

 NSTEP =    36500   TIME(PS) =    2913.000  TEMP(K) =   299.32  PRESS =     0.0
 Etot   =    -72244.4694  EKtot   =     17812.2715  EPtot      =    -90056.7409
 BOND   =       402.4194  ANGLE   =      1115.4479  DIHED      =      1348.1215
 1-4 NB =       432.5049  1-4 EEL =      4586.6086  VDWAALS    =     11311.3373
 EELEC  =   -109260.2518  EHBOND  =         0.0000  RESTRAINT  =         7.0715
 EAMBER (non-restraint)  =    -90063.8124
 ------------------------------------------------------------------------------

wrapping first mol.:      -50.55603       35.74852       61.91825
wrapping first mol.:      -50.55603       35.74852       61.91825

 NSTEP =    37000   TIME(PS) =    2914.000  TEMP(K) =   298.81  PRESS =     0.0
 Etot   =    -72298.9397  EKtot   =     17781.9082  EPtot      =    -90080.8479
 BOND   =       415.8770  ANGLE   =      1063.2873  DIHED      =      1326.6023
 1-4 NB =       438.3248  1-4 EEL =      4625.4966  VDWAALS    =     11076.9193
 EELEC  =   -109035.0539  EHBOND  =         0.0000  RESTRAINT  =         7.6987
 EAMBER (non-restraint)  =    -90088.5467
 ------------------------------------------------------------------------------

wrapping first mol.:      -50.55603       35.74852       61.91825
wrapping first mol.:      -50.55603       35.74852       61.91825

 NSTEP =    37500   TIME(PS) =    2915.000  TEMP(K) =   300.09  PRESS =     0.0
 Etot   =    -72047.8410  EKtot   =     17858.4590  EPtot      =    -89906.3000
 BOND   =       397.5048  ANGLE   =      1121.0443  DIHED      =      1351.2878
 1-4 NB =       433.8388  1-4 EEL =      4593.7486  VDWAALS    =     11294.2569
 EELEC  =   -109106.9840  EHBOND  =         0.0000  RESTRAINT  =         9.0026
 EAMBER (non-restraint)  =    -89915.3026
 ------------------------------------------------------------------------------

wrapping first mol.:      -50.55603       35.74852       61.91825
wrapping first mol.:      -50.55603       35.74852       61.91825

 NSTEP =    38000   TIME(PS) =    2916.000  TEMP(K) =   297.09  PRESS =     0.0
 Etot   =    -72736.8179  EKtot   =     17679.9531  EPtot      =    -90416.7710
 BOND   =       400.4933  ANGLE   =      1087.4583  DIHED      =      1383.0419
 1-4 NB =       447.7500  1-4 EEL =      4627.1029  VDWAALS    =     11786.5410
 EELEC  =   -110159.4031  EHBOND  =         0.0000  RESTRAINT  =        10.2447
 EAMBER (non-restraint)  =    -90427.0157
 ------------------------------------------------------------------------------

wrapping first mol.:      -50.55603       35.74852       61.91825
wrapping first mol.:      -50.55603       35.74852       61.91825

 NSTEP =    38500   TIME(PS) =    2917.000  TEMP(K) =   300.64  PRESS =     0.0
 Etot   =    -72506.5549  EKtot   =     17890.7891  EPtot      =    -90397.3439
 BOND   =       392.4012  ANGLE   =      1052.5338  DIHED      =      1351.1695
 1-4 NB =       448.1481  1-4 EEL =      4612.4566  VDWAALS    =     11323.1811
 EELEC  =   -109587.2311  EHBOND  =         0.0000  RESTRAINT  =         9.9967
 EAMBER (non-restraint)  =    -90407.3406
 ------------------------------------------------------------------------------

wrapping first mol.:      -50.55603       35.74852       61.91825
wrapping first mol.:      -50.55603       35.74852       61.91825

 NSTEP =    39000   TIME(PS) =    2918.000  TEMP(K) =   298.22  PRESS =     0.0
 Etot   =    -72837.4890  EKtot   =     17747.1465  EPtot      =    -90584.6355
 BOND   =       395.6077  ANGLE   =      1075.4784  DIHED      =      1323.1094
 1-4 NB =       442.0557  1-4 EEL =      4584.2612  VDWAALS    =     11387.2298
 EELEC  =   -109800.6327  EHBOND  =         0.0000  RESTRAINT  =         8.2550
 EAMBER (non-restraint)  =    -90592.8905
 ------------------------------------------------------------------------------

wrapping first mol.:      -50.55603       35.74852       61.91825
wrapping first mol.:      -50.55603       35.74852       61.91825

 NSTEP =    39500   TIME(PS) =    2919.000  TEMP(K) =   300.45  PRESS =     0.0
 Etot   =    -72599.0886  EKtot   =     17879.6484  EPtot      =    -90478.7370
 BOND   =       398.0814  ANGLE   =      1104.7522  DIHED      =      1347.9412
 1-4 NB =       451.9791  1-4 EEL =      4584.8357  VDWAALS    =     11391.5574
 EELEC  =   -109767.0974  EHBOND  =         0.0000  RESTRAINT  =         9.2134
 EAMBER (non-restraint)  =    -90487.9504
 ------------------------------------------------------------------------------

wrapping first mol.:      -50.55603       35.74852       61.91825
wrapping first mol.:      -50.55603       35.74852       61.91825

 NSTEP =    40000   TIME(PS) =    2920.000  TEMP(K) =   298.99  PRESS =     0.0
 Etot   =    -72625.1739  EKtot   =     17792.6504  EPtot      =    -90417.8243
 BOND   =       401.4635  ANGLE   =      1077.4119  DIHED      =      1365.7307
 1-4 NB =       430.6164  1-4 EEL =      4582.3253  VDWAALS    =     11269.8796
 EELEC  =   -109553.9006  EHBOND  =         0.0000  RESTRAINT  =         8.6489
 EAMBER (non-restraint)  =    -90426.4732
 ------------------------------------------------------------------------------

wrapping first mol.:      -50.55603       35.74852       61.91825
wrapping first mol.:      -50.55603       35.74852       61.91825

 NSTEP =    40500   TIME(PS) =    2921.000  TEMP(K) =   300.44  PRESS =     0.0
 Etot   =    -72192.3408  EKtot   =     17878.7715  EPtot      =    -90071.1123
 BOND   =       411.7498  ANGLE   =      1122.7995  DIHED      =      1344.6675
 1-4 NB =       447.5104  1-4 EEL =      4646.2886  VDWAALS    =     11205.4842
 EELEC  =   -109257.9613  EHBOND  =         0.0000  RESTRAINT  =         8.3490
 EAMBER (non-restraint)  =    -90079.4613
 ------------------------------------------------------------------------------

wrapping first mol.:      -50.55603       35.74852       61.91825
wrapping first mol.:      -50.55603       35.74852       61.91825

 NSTEP =    41000   TIME(PS) =    2922.000  TEMP(K) =   300.21  PRESS =     0.0
 Etot   =    -72167.0466  EKtot   =     17865.2617  EPtot      =    -90032.3083
 BOND   =       385.3379  ANGLE   =      1075.8142  DIHED      =      1338.4476
 1-4 NB =       443.4155  1-4 EEL =      4645.2807  VDWAALS    =     10960.3728
 EELEC  =   -108888.7068  EHBOND  =         0.0000  RESTRAINT  =         7.7300
 EAMBER (non-restraint)  =    -90040.0382
 ------------------------------------------------------------------------------

wrapping first mol.:      -50.55603       35.74852       61.91825
wrapping first mol.:      -50.55603       35.74852       61.91825

 NSTEP =    41500   TIME(PS) =    2923.000  TEMP(K) =   302.33  PRESS =     0.0
 Etot   =    -72054.2659  EKtot   =     17991.6309  EPtot      =    -90045.8967
 BOND   =       393.8217  ANGLE   =      1068.0467  DIHED      =      1357.6655
 1-4 NB =       447.3061  1-4 EEL =      4574.1932  VDWAALS    =     11301.3186
 EELEC  =   -109196.9263  EHBOND  =         0.0000  RESTRAINT  =         8.6777
 EAMBER (non-restraint)  =    -90054.5744
 ------------------------------------------------------------------------------

wrapping first mol.:      -50.55603       35.74852       61.91825
wrapping first mol.:      -50.55603       35.74852       61.91825

 NSTEP =    42000   TIME(PS) =    2924.000  TEMP(K) =   301.79  PRESS =     0.0
 Etot   =    -72101.9116  EKtot   =     17959.4375  EPtot      =    -90061.3491
 BOND   =       413.7677  ANGLE   =      1063.2771  DIHED      =      1369.5384
 1-4 NB =       446.6263  1-4 EEL =      4620.6553  VDWAALS    =     11305.3456
 EELEC  =   -109289.6939  EHBOND  =         0.0000  RESTRAINT  =         9.1344
 EAMBER (non-restraint)  =    -90070.4835
 ------------------------------------------------------------------------------

wrapping first mol.:      -50.55603       35.74852       61.91825
wrapping first mol.:      -50.55603       35.74852       61.91825

 NSTEP =    42500   TIME(PS) =    2925.000  TEMP(K) =   301.58  PRESS =     0.0
 Etot   =    -72226.6854  EKtot   =     17946.9102  EPtot      =    -90173.5955
 BOND   =       376.4377  ANGLE   =      1091.5850  DIHED      =      1357.1635
 1-4 NB =       456.7603  1-4 EEL =      4625.8990  VDWAALS    =     11400.0047
 EELEC  =   -109491.0647  EHBOND  =         0.0000  RESTRAINT  =         9.6190
 EAMBER (non-restraint)  =    -90183.2146
 ------------------------------------------------------------------------------

wrapping first mol.:      -50.55603       35.74852       61.91825
wrapping first mol.:      -50.55603       35.74852       61.91825

 NSTEP =    43000   TIME(PS) =    2926.000  TEMP(K) =   298.44  PRESS =     0.0
 Etot   =    -72713.6686  EKtot   =     17760.0371  EPtot      =    -90473.7057
 BOND   =       376.6850  ANGLE   =      1076.3966  DIHED      =      1349.4307
 1-4 NB =       441.8021  1-4 EEL =      4581.4689  VDWAALS    =     11787.4893
 EELEC  =   -110096.6926  EHBOND  =         0.0000  RESTRAINT  =         9.7144
 EAMBER (non-restraint)  =    -90483.4202
 ------------------------------------------------------------------------------

wrapping first mol.:      -50.55603       35.74852       61.91825
wrapping first mol.:      -50.55603       35.74852       61.91825

 NSTEP =    43500   TIME(PS) =    2927.000  TEMP(K) =   298.73  PRESS =     0.0
 Etot   =    -72361.2688  EKtot   =     17777.5293  EPtot      =    -90138.7981
 BOND   =       413.6882  ANGLE   =      1123.5285  DIHED      =      1341.6606
 1-4 NB =       438.8640  1-4 EEL =      4565.6083  VDWAALS    =     11351.9420
 EELEC  =   -109384.3216  EHBOND  =         0.0000  RESTRAINT  =        10.2319
 EAMBER (non-restraint)  =    -90149.0300
 ------------------------------------------------------------------------------

wrapping first mol.:      -50.55603       35.74852       61.91825
wrapping first mol.:      -50.55603       35.74852       61.91825

 NSTEP =    44000   TIME(PS) =    2928.000  TEMP(K) =   300.04  PRESS =     0.0
 Etot   =    -72298.4945  EKtot   =     17855.1797  EPtot      =    -90153.6742
 BOND   =       383.8035  ANGLE   =      1095.5796  DIHED      =      1378.8782
 1-4 NB =       433.9682  1-4 EEL =      4556.0441  VDWAALS    =     11502.2594
 EELEC  =   -109512.9092  EHBOND  =         0.0000  RESTRAINT  =         8.7021
 EAMBER (non-restraint)  =    -90162.3763
 ------------------------------------------------------------------------------

wrapping first mol.:      -50.55603       35.74852       61.91825
wrapping first mol.:      -50.55603       35.74852       61.91825

 NSTEP =    44500   TIME(PS) =    2929.000  TEMP(K) =   300.28  PRESS =     0.0
 Etot   =    -72573.5771  EKtot   =     17869.6289  EPtot      =    -90443.2060
 BOND   =       392.5890  ANGLE   =      1112.6647  DIHED      =      1336.2022
 1-4 NB =       443.5836  1-4 EEL =      4603.2833  VDWAALS    =     11492.7919
 EELEC  =   -109834.1702  EHBOND  =         0.0000  RESTRAINT  =         9.8495
 EAMBER (non-restraint)  =    -90453.0555
 ------------------------------------------------------------------------------

wrapping first mol.:      -50.55603       35.74852       61.91825
wrapping first mol.:      -50.55603       35.74852       61.91825

 NSTEP =    45000   TIME(PS) =    2930.000  TEMP(K) =   302.43  PRESS =     0.0
 Etot   =    -72225.2644  EKtot   =     17997.5312  EPtot      =    -90222.7957
 BOND   =       377.4455  ANGLE   =      1110.5076  DIHED      =      1342.0326
 1-4 NB =       431.2394  1-4 EEL =      4561.1501  VDWAALS    =     11386.9448
 EELEC  =   -109442.6051  EHBOND  =         0.0000  RESTRAINT  =        10.4895
 EAMBER (non-restraint)  =    -90233.2852
 ------------------------------------------------------------------------------

wrapping first mol.:      -50.55603       35.74852       61.91825
wrapping first mol.:      -50.55603       35.74852       61.91825

 NSTEP =    45500   TIME(PS) =    2931.000  TEMP(K) =   299.98  PRESS =     0.0
 Etot   =    -72461.9943  EKtot   =     17851.6445  EPtot      =    -90313.6389
 BOND   =       390.4331  ANGLE   =      1078.3091  DIHED      =      1368.8950
 1-4 NB =       443.8789  1-4 EEL =      4613.9514  VDWAALS    =     11429.0786
 EELEC  =   -109650.2483  EHBOND  =         0.0000  RESTRAINT  =        12.0634
 EAMBER (non-restraint)  =    -90325.7023
 ------------------------------------------------------------------------------

wrapping first mol.:      -50.55603       35.74852       61.91825
wrapping first mol.:      -50.55603       35.74852       61.91825

 NSTEP =    46000   TIME(PS) =    2932.000  TEMP(K) =   298.50  PRESS =     0.0
 Etot   =    -72219.1295  EKtot   =     17763.6855  EPtot      =    -89982.8151
 BOND   =       391.1448  ANGLE   =      1117.2723  DIHED      =      1351.4180
 1-4 NB =       434.0703  1-4 EEL =      4569.1605  VDWAALS    =     11299.9587
 EELEC  =   -109157.8047  EHBOND  =         0.0000  RESTRAINT  =        11.9650
 EAMBER (non-restraint)  =    -89994.7801
 ------------------------------------------------------------------------------

wrapping first mol.:      -50.55603       35.74852       61.91825
wrapping first mol.:      -50.55603       35.74852       61.91825

 NSTEP =    46500   TIME(PS) =    2933.000  TEMP(K) =   300.52  PRESS =     0.0
 Etot   =    -72213.4007  EKtot   =     17883.4883  EPtot      =    -90096.8890
 BOND   =       402.6118  ANGLE   =      1136.4453  DIHED      =      1335.3449
 1-4 NB =       432.4728  1-4 EEL =      4601.5117  VDWAALS    =     11344.7601
 EELEC  =   -109360.6840  EHBOND  =         0.0000  RESTRAINT  =        10.6484
 EAMBER (non-restraint)  =    -90107.5374
 ------------------------------------------------------------------------------

wrapping first mol.:      -50.55603       35.74852       61.91825
wrapping first mol.:      -50.55603       35.74852       61.91825

 NSTEP =    47000   TIME(PS) =    2934.000  TEMP(K) =   300.09  PRESS =     0.0
 Etot   =    -72058.6871  EKtot   =     17858.2168  EPtot      =    -89916.9039
 BOND   =       421.0936  ANGLE   =      1103.5258  DIHED      =      1346.5136
 1-4 NB =       439.3554  1-4 EEL =      4562.8405  VDWAALS    =     11335.2412
 EELEC  =   -109135.5165  EHBOND  =         0.0000  RESTRAINT  =        10.0425
 EAMBER (non-restraint)  =    -89926.9464
 ------------------------------------------------------------------------------

wrapping first mol.:      -50.55603       35.74852       61.91825
wrapping first mol.:      -50.55603       35.74852       61.91825

 NSTEP =    47500   TIME(PS) =    2935.000  TEMP(K) =   298.77  PRESS =     0.0
 Etot   =    -72015.7961  EKtot   =     17779.4531  EPtot      =    -89795.2492
 BOND   =       425.7913  ANGLE   =      1085.5816  DIHED      =      1360.1173
 1-4 NB =       440.3394  1-4 EEL =      4549.0267  VDWAALS    =     11250.0005
 EELEC  =   -108916.5835  EHBOND  =         0.0000  RESTRAINT  =        10.4775
 EAMBER (non-restraint)  =    -89805.7267
 ------------------------------------------------------------------------------

wrapping first mol.:      -50.55603       35.74852       61.91825
wrapping first mol.:      -50.55603       35.74852       61.91825

 NSTEP =    48000   TIME(PS) =    2936.000  TEMP(K) =   299.12  PRESS =     0.0
 Etot   =    -72209.8902  EKtot   =     17800.6875  EPtot      =    -90010.5777
 BOND   =       427.6942  ANGLE   =      1106.8739  DIHED      =      1352.4683
 1-4 NB =       436.1185  1-4 EEL =      4554.8039  VDWAALS    =     11411.4229
 EELEC  =   -109310.0865  EHBOND  =         0.0000  RESTRAINT  =        10.1270
 EAMBER (non-restraint)  =    -90020.7047
 ------------------------------------------------------------------------------

wrapping first mol.:      -50.55603       35.74852       61.91825
wrapping first mol.:      -50.55603       35.74852       61.91825

 NSTEP =    48500   TIME(PS) =    2937.000  TEMP(K) =   297.99  PRESS =     0.0
 Etot   =    -72082.8949  EKtot   =     17732.9766  EPtot      =    -89815.8715
 BOND   =       401.9383  ANGLE   =      1116.2451  DIHED      =      1318.5521
 1-4 NB =       426.3454  1-4 EEL =      4565.5568  VDWAALS    =     11177.0138
 EELEC  =   -108832.0664  EHBOND  =         0.0000  RESTRAINT  =        10.5435
 EAMBER (non-restraint)  =    -89826.4150
 ------------------------------------------------------------------------------

wrapping first mol.:      -50.55603       35.74852       61.91825
wrapping first mol.:      -50.55603       35.74852       61.91825

 NSTEP =    49000   TIME(PS) =    2938.000  TEMP(K) =   298.97  PRESS =     0.0
 Etot   =    -72404.2730  EKtot   =     17791.7168  EPtot      =    -90195.9898
 BOND   =       381.7431  ANGLE   =      1090.9056  DIHED      =      1338.7725
 1-4 NB =       454.5392  1-4 EEL =      4600.9561  VDWAALS    =     11519.2560
 EELEC  =   -109593.1220  EHBOND  =         0.0000  RESTRAINT  =        10.9597
 EAMBER (non-restraint)  =    -90206.9495
 ------------------------------------------------------------------------------

wrapping first mol.:      -50.55603       35.74852       61.91825
wrapping first mol.:      -50.55603       35.74852       61.91825

 NSTEP =    49500   TIME(PS) =    2939.000  TEMP(K) =   297.92  PRESS =     0.0
 Etot   =    -72392.8331  EKtot   =     17729.2715  EPtot      =    -90122.1045
 BOND   =       441.9711  ANGLE   =      1096.4705  DIHED      =      1343.0770
 1-4 NB =       448.2497  1-4 EEL =      4574.6353  VDWAALS    =     11447.9110
 EELEC  =   -109485.5262  EHBOND  =         0.0000  RESTRAINT  =        11.1070
 EAMBER (non-restraint)  =    -90133.2116
 ------------------------------------------------------------------------------

wrapping first mol.:      -50.55603       35.74852       61.91825
wrapping first mol.:      -50.55603       35.74852       61.91825

 NSTEP =    50000   TIME(PS) =    2940.000  TEMP(K) =   302.33  PRESS =     0.0
 Etot   =    -72134.4447  EKtot   =     17991.2109  EPtot      =    -90125.6556
 BOND   =       405.9618  ANGLE   =      1112.6150  DIHED      =      1337.1064
 1-4 NB =       433.1533  1-4 EEL =      4553.2453  VDWAALS    =     11241.3864
 EELEC  =   -109220.4872  EHBOND  =         0.0000  RESTRAINT  =        11.3634
 EAMBER (non-restraint)  =    -90137.0191
 ------------------------------------------------------------------------------


      A V E R A G E S   O V E R     100 S T E P S


 NSTEP =    50000   TIME(PS) =    2940.000  TEMP(K) =   299.79  PRESS =     0.0
 Etot   =    -72366.3544  EKtot   =     17840.4341  EPtot      =    -90206.7885
 BOND   =       399.5688  ANGLE   =      1096.2413  DIHED      =      1353.4368
 1-4 NB =       441.8689  1-4 EEL =      4601.7116  VDWAALS    =     11390.7307
 EELEC  =   -109498.7727  EHBOND  =         0.0000  RESTRAINT  =         8.4260
 EAMBER (non-restraint)  =    -90215.2145
 ------------------------------------------------------------------------------


      R M S  F L U C T U A T I O N S


 NSTEP =    50000   TIME(PS) =    2940.000  TEMP(K) =     1.66  PRESS =     0.0
 Etot   =       195.1300  EKtot   =        98.7083  EPtot      =       165.2333
 BOND   =        17.5366  ANGLE   =        24.4539  DIHED      =        13.5421
 1-4 NB =         8.1520  1-4 EEL =        27.4490  VDWAALS    =       154.3591
 EELEC  =       273.5287  EHBOND  =         0.0000  RESTRAINT  =         2.1138
 EAMBER (non-restraint)  =       163.1195
 ------------------------------------------------------------------------------

--------------------------------------------------------------------------------
   5.  TIMINGS
--------------------------------------------------------------------------------

|  NonSetup CPU Time in Major Routines:
|
|     Routine           Sec        %
|     ------------------------------
|     Nonbond           9.03   15.31
|     Bond              0.00    0.00
|     Angle             0.00    0.00
|     Dihedral          0.00    0.00
|     Shake             0.73    1.23
|     RunMD            49.16   83.35
|     Other             0.06    0.11
|     ------------------------------
|     Total            58.98

|  PME Nonbond Pairlist CPU Time:
|
|     Routine              Sec        %
|     ---------------------------------
|     Set Up Cit           0.00    0.00
|     Build List           0.00    0.00
|     ---------------------------------
|     Total                0.00    0.00

|  PME Direct Force CPU Time:
|
|     Routine              Sec        %
|     ---------------------------------
|     NonBonded Calc       0.00    0.00
|     Exclude Masked       0.00    0.00
|     Other                0.03    0.05
|     ---------------------------------
|     Total                0.03    0.05

|  PME Reciprocal Force CPU Time:
|
|     Routine              Sec        %
|     ---------------------------------
|     1D bspline           0.00    0.00
|     Grid Charges         0.00    0.00
|     Scalar Sum           0.00    0.00
|     Gradient Sum         0.00    0.00
|     FFT                  0.00    0.00
|     ---------------------------------
|     Total                0.00    0.00

|  Final Performance Info:
|     -----------------------------------------------------
|     Average timings for last   49500 steps:
|     Elapsed(s) =      59.27 Per Step(ms) =       1.20
|         ns/day =     144.31   seconds/ns =     598.72
|
|     Average timings for all steps:
|     Elapsed(s) =      59.89 Per Step(ms) =       1.20
|         ns/day =     144.27   seconds/ns =     598.86
|     -----------------------------------------------------

|  Setup CPU time:            2.48 seconds
|  NonSetup CPU time:        58.98 seconds
|  Total CPU time:           61.46 seconds     0.02 hours

|  Setup wall time:           3    seconds
|  NonSetup wall time:       60    seconds
|  Total wall time:          63    seconds     0.02 hours
