
          -------------------------------------------------------
          Amber 16 PMEMD                              2016
          -------------------------------------------------------

| PMEMD implementation of SANDER, Release 16

| Run on 11/03/2017 at 15:27:11

|   Executable path: /apps/amber16/bin/pmemd.cuda
| Working directory: /home/pbarletta
|          Hostname: mordor

  [-O]verwriting output

File Assignments:
|   MDIN: /scratch/pbarletta/2pdz/run/lb/mhe/e/7equ.in                          
|  MDOUT: /scratch/pbarletta/2pdz/run/lb/mhe/e/7equ.out                         
| INPCRD: /scratch/pbarletta/2pdz/run/lb/mhe/e/6elb.rst7                        
|   PARM: /scratch/pbarletta/2pdz/top_files/lb.prmtop                           
| RESTRT: /scratch/pbarletta/2pdz/run/lb/mhe/e/7elb.rst7                        
|   REFC: /scratch/pbarletta/2pdz/run/lb/mhe/e/6elb.rst7                        
|  MDVEL: mdvel                                                                 
|   MDEN: mden                                                                  
|  MDCRD: /scratch/pbarletta/2pdz/run/lb/mhe/e/7elb.nc                          
| MDINFO: mdinfo                                                                
|  MDFRC: mdfrc                                                                 


 Here is the input file:

Equilibration with solute restrictions                                         
&cntrl                                                                         
imin = 0,                           ! No Minimization                          
nmropt = 0,                         ! No NMR restraints read                   
                                                                               
! Nature and format of the input                                               
ntx = 5,                            ! Coordinates but no velocities will be rea
irest = 1,                          ! Do not run a new simulation              
                                                                               
! Nature and format of the output                                              
ntxo = 1,                           ! rstrt file in ASCII format               
ntpr = 500,                         ! inf in output every ntpr steps           
ntwr = 500,                         ! rstrt file every ntwr steps              
ntwx = 500,                         ! mdcrd file every ntwx steps              
ntwv = 0,                           ! mdvel without velocities                 
ntwe = 0,                           ! Energies and temperatures not written in 
idecomp = 0,                        ! No energy decomposition                  
iwrap = 1,                          ! Coordinates of the restart and mdcrd file
                                                                               
! Frozen or restrained atoms                                                   
ibelly = 0,                         ! No frozen atoms                          
ntr=1,                              ! Harmonic potential restraints            
restraint_wt = 10.0,                ! The weight for the positional restraints 
restraintmask = ':1-132@N,CA,C,O',  ! restrained residues                      
                                                                               
! Molecular dynamics                                                           
nstlim = 50000,                     ! Number of MD-steps                       
dt = 0.002,                         ! Time step                                
                                                                               
! Temperature regulation                                                       
ntt = 3,                            ! Langevin thermostat                      
gamma_ln = 5,                       ! Gamma constant for Langevin              
temp0 = 300.0,                      ! Reference T at which the system is to be 
tempi = 300.0,                      ! Initial T                                
ig = -1,                            ! Seed for the RNG                         
                                                                               
! P and V regulation                                                           
ntp = 0,                            ! No pressure control                      
ntb = 1,                            ! Periodic box for constant V              
                                                                               
! SHAKE variables                                                              
ntc = 2,                            ! Bonds involving H are constrained        
ntf = 2,                            ! Bond interaction involving H are ommited.
                                                                               
cut = 10.0,                         ! Nonbonded cutoff                         
/                                                                              
&end                                                                           


Note: ig = -1. Setting random seed to   156698 based on wallclock time in 
      microseconds.
| irandom = 1, using AMBER's internal random number generator (default).
 
|--------------------- INFORMATION ----------------------
| GPU (CUDA) Version of PMEMD in use: NVIDIA GPU IN USE.
|                    Version 16.0.0
| 
|                      02/25/2016
| 
| Implementation by:
|                    Ross C. Walker     (SDSC)
|                    Scott Le Grand     (nVIDIA)
| 
| Precision model in use:
|      [SPFP] - Single Precision Forces, 64-bit Fixed Point
|               Accumulation. (Default)
| 
|--------------------------------------------------------
 
|----------------- CITATION INFORMATION -----------------
|
|    When publishing work that utilized the CUDA version
|    of AMBER, please cite the following in addition to
|    the regular AMBER citations:
|
|  - Romelia Salomon-Ferrer; Andreas W. Goetz; Duncan
|    Poole; Scott Le Grand; Ross C. Walker "Routine
|    microsecond molecular dynamics simulations with
|    AMBER - Part II: Particle Mesh Ewald", J. Chem.
|    Theory Comput., 2013, 9 (9), pp3878-3888,
|    DOI: 10.1021/ct400314y.
|
|  - Andreas W. Goetz; Mark J. Williamson; Dong Xu;
|    Duncan Poole; Scott Le Grand; Ross C. Walker
|    "Routine microsecond molecular dynamics simulations
|    with AMBER - Part I: Generalized Born", J. Chem.
|    Theory Comput., 2012, 8 (5), pp1542-1555.
|
|  - Scott Le Grand; Andreas W. Goetz; Ross C. Walker
|    "SPFP: Speed without compromise - a mixed precision
|    model for GPU accelerated molecular dynamics
|    simulations.", Comp. Phys. Comm., 2013, 184
|    pp374-380, DOI: 10.1016/j.cpc.2012.09.022
|
|--------------------------------------------------------
 
|------------------- GPU DEVICE INFO --------------------
|
|            CUDA_VISIBLE_DEVICES: 2
|   CUDA Capable Devices Detected:      1
|           CUDA Device ID in use:      0
|                CUDA Device Name: GeForce GTX 1080 Ti
|     CUDA Device Global Mem Size:  11172 MB
| CUDA Device Num Multiprocessors:     28
|           CUDA Device Core Freq:   1.58 GHz
|
|--------------------------------------------------------
 
 
| Conditional Compilation Defines Used:
| PUBFFT
| BINTRAJ
| CUDA
| EMIL

| Largest sphere to fit in unit cell has radius =    30.959

| New format PARM file being parsed.
| Version =    1.000 Date = 11/03/17 Time = 14:56:09

| Note: 1-4 EEL scale factors are being read from the topology file.

| Note: 1-4 VDW scale factors are being read from the topology file.
| Duplicated    0 dihedrals

| Duplicated    0 dihedrals

--------------------------------------------------------------------------------
   1.  RESOURCE   USE: 
--------------------------------------------------------------------------------

 getting new box info from bottom of inpcrd
 NATOM  =   29433 NTYPES =      16 NBONH =   28406 MBONA  =    1038
 NTHETH =    2390 MTHETA =    1396 NPHIH =    4631 MPHIA  =    3488
 NHPARM =       0 NPARM  =       0 NNB   =   47902 NRES   =    9251
 NBONA  =    1038 NTHETA =    1396 NPHIA =    3488 NUMBND =      45
 NUMANG =      95 NPTRA  =      43 NATYP =      29 NPHB   =       1
 IFBOX  =       2 NMXRS  =      24 IFCAP =       0 NEXTRA =       0
 NCOPY  =       0

| Coordinate Index Table dimensions:    12   12   12
| Direct force subcell size =     6.3195    6.3195    6.3195

     BOX TYPE: TRUNCATED OCTAHEDRON

--------------------------------------------------------------------------------
   2.  CONTROL  DATA  FOR  THE  RUN
--------------------------------------------------------------------------------

default_name                                                                    

General flags:
     imin    =       0, nmropt  =       0

Nature and format of input:
     ntx     =       5, irest   =       1, ntrx    =       1

Nature and format of output:
     ntxo    =       1, ntpr    =     500, ntrx    =       1, ntwr    =     500
     iwrap   =       1, ntwx    =     500, ntwv    =       0, ntwe    =       0
     ioutfm  =       1, ntwprt  =       0, idecomp =       0, rbornstat=      0

Potential function:
     ntf     =       2, ntb     =       1, igb     =       0, nsnb    =      25
     ipol    =       0, gbsa    =       0, iesp    =       0
     dielc   =   1.00000, cut     =  10.00000, intdiel =   1.00000

Frozen or restrained atoms:
     ibelly  =       0, ntr     =       1
     restraint_wt =  10.00000

Molecular dynamics:
     nstlim  =     50000, nscm    =         0, nrespa  =         1
     t       =   0.00000, dt      =   0.00200, vlimit  =  -1.00000

Langevin dynamics temperature regulation:
     ig      =  156698
     temp0   = 300.00000, tempi   = 300.00000, gamma_ln=   5.00000

SHAKE:
     ntc     =       2, jfastw  =       0
     tol     =   0.00001

| Intermolecular bonds treatment:
|     no_intermolecular_bonds =       1

| Energy averages sample interval:
|     ene_avg_sampling =     500

Ewald parameters:
     verbose =       0, ew_type =       0, nbflag  =       1, use_pme =       1
     vdwmeth =       1, eedmeth =       1, netfrc  =       1
     Box X =   75.834   Box Y =   75.834   Box Z =   75.834
     Alpha =  109.471   Beta  =  109.471   Gamma =  109.471
     NFFT1 =   80       NFFT2 =   80       NFFT3 =   80
     Cutoff=   10.000   Tol   =0.100E-04
     Ewald Coefficient =  0.27511
     Interpolation order =    4

    LOADING THE CONSTRAINED ATOMS AS GROUPS


   5.  REFERENCE ATOM COORDINATES

  default_name                                                                    
     Mask :1-132@N,CA,C,O; matches   528 atoms

--------------------------------------------------------------------------------
   3.  ATOMIC COORDINATES AND VELOCITIES
--------------------------------------------------------------------------------

default_name                                                                    
 begin time read from input coords =   740.000 ps

 
 Number of triangulated 3-point waters found:     9119

     Sum of charges from parm topology file =  -0.00000008
     Forcing neutrality...

| Dynamic Memory, Types Used:
| Reals              999088
| Integers           921097

| Nonbonded Pairs Initial Allocation:     8902746

| GPU memory information (estimate):
| KB of GPU memory in use:    214995
| KB of CPU memory in use:     45027

--------------------------------------------------------------------------------
   4.  RESULTS
--------------------------------------------------------------------------------

 ---------------------------------------------------
 APPROXIMATING switch and d/dx switch using CUBIC SPLINE INTERPOLATION
 using   5000.0 points per unit in tabled values
 TESTING RELATIVE ERROR over r ranging from 0.0 to cutoff
| CHECK switch(x): max rel err =   0.2738E-14   at   2.422500
| CHECK d/dx switch(x): max rel err =   0.8314E-11   at   2.736960
 ---------------------------------------------------
|---------------------------------------------------
| APPROXIMATING direct energy using CUBIC SPLINE INTERPOLATION
|  with   50.0 points per unit in tabled values
| Relative Error Limit not exceeded for r .gt.   2.33
| APPROXIMATING direct force using CUBIC SPLINE INTERPOLATION
|  with   50.0 points per unit in tabled values
| Relative Error Limit not exceeded for r .gt.   2.80
|---------------------------------------------------
wrapping first mol.:      -50.55603       35.74852       61.91825
wrapping first mol.:      -50.55603       35.74852       61.91825

 NSTEP =      500   TIME(PS) =     741.000  TEMP(K) =   300.01  PRESS =     0.0
 Etot   =    -72214.3720  EKtot   =     17853.4746  EPtot      =    -90067.8466
 BOND   =       376.0826  ANGLE   =      1133.3779  DIHED      =      1430.7233
 1-4 NB =       455.5292  1-4 EEL =      4599.7113  VDWAALS    =     11690.5356
 EELEC  =   -109876.7655  EHBOND  =         0.0000  RESTRAINT  =       122.9590
 EAMBER (non-restraint)  =    -90190.8056
 ------------------------------------------------------------------------------

wrapping first mol.:      -50.55603       35.74852       61.91825
wrapping first mol.:      -50.55603       35.74852       61.91825

 NSTEP =     1000   TIME(PS) =     742.000  TEMP(K) =   298.40  PRESS =     0.0
 Etot   =    -72380.2718  EKtot   =     17757.4941  EPtot      =    -90137.7659
 BOND   =       383.5549  ANGLE   =      1118.8342  DIHED      =      1386.5430
 1-4 NB =       450.4166  1-4 EEL =      4588.6298  VDWAALS    =     11295.2862
 EELEC  =   -109508.7888  EHBOND  =         0.0000  RESTRAINT  =       147.7583
 EAMBER (non-restraint)  =    -90285.5243
 ------------------------------------------------------------------------------

wrapping first mol.:      -50.55603       35.74852       61.91825
wrapping first mol.:      -50.55603       35.74852       61.91825

 NSTEP =     1500   TIME(PS) =     743.000  TEMP(K) =   297.42  PRESS =     0.0
 Etot   =    -72241.3506  EKtot   =     17699.0566  EPtot      =    -89940.4072
 BOND   =       428.7395  ANGLE   =      1065.2180  DIHED      =      1417.6188
 1-4 NB =       457.9779  1-4 EEL =      4576.9725  VDWAALS    =     11547.0973
 EELEC  =   -109573.2972  EHBOND  =         0.0000  RESTRAINT  =       139.2659
 EAMBER (non-restraint)  =    -90079.6731
 ------------------------------------------------------------------------------

wrapping first mol.:      -50.55603       35.74852       61.91825
wrapping first mol.:      -50.55603       35.74852       61.91825

 NSTEP =     2000   TIME(PS) =     744.000  TEMP(K) =   298.77  PRESS =     0.0
 Etot   =    -72151.5070  EKtot   =     17779.5664  EPtot      =    -89931.0734
 BOND   =       390.0586  ANGLE   =      1053.3662  DIHED      =      1394.5807
 1-4 NB =       451.2761  1-4 EEL =      4648.6468  VDWAALS    =     11614.0064
 EELEC  =   -109613.2681  EHBOND  =         0.0000  RESTRAINT  =       130.2599
 EAMBER (non-restraint)  =    -90061.3333
 ------------------------------------------------------------------------------

wrapping first mol.:      -50.55603       35.74852       61.91825
wrapping first mol.:      -50.55603       35.74852       61.91825

 NSTEP =     2500   TIME(PS) =     745.000  TEMP(K) =   303.42  PRESS =     0.0
 Etot   =    -72177.8473  EKtot   =     18056.2129  EPtot      =    -90234.0602
 BOND   =       356.4187  ANGLE   =      1123.0495  DIHED      =      1375.4006
 1-4 NB =       445.4116  1-4 EEL =      4627.1060  VDWAALS    =     11532.1449
 EELEC  =   -109847.1190  EHBOND  =         0.0000  RESTRAINT  =       153.5273
 EAMBER (non-restraint)  =    -90387.5875
 ------------------------------------------------------------------------------

wrapping first mol.:      -50.55603       35.74852       61.91825
wrapping first mol.:      -50.55603       35.74852       61.91825

 NSTEP =     3000   TIME(PS) =     746.000  TEMP(K) =   299.71  PRESS =     0.0
 Etot   =    -71867.9646  EKtot   =     17835.8516  EPtot      =    -89703.8162
 BOND   =       396.0883  ANGLE   =      1118.2630  DIHED      =      1385.0915
 1-4 NB =       466.6940  1-4 EEL =      4605.0753  VDWAALS    =     11304.9561
 EELEC  =   -109119.8742  EHBOND  =         0.0000  RESTRAINT  =       139.8897
 EAMBER (non-restraint)  =    -89843.7059
 ------------------------------------------------------------------------------

wrapping first mol.:      -50.55603       35.74852       61.91825
wrapping first mol.:      -50.55603       35.74852       61.91825

 NSTEP =     3500   TIME(PS) =     747.000  TEMP(K) =   301.23  PRESS =     0.0
 Etot   =    -72074.3759  EKtot   =     17925.9902  EPtot      =    -90000.3662
 BOND   =       394.2003  ANGLE   =      1083.2987  DIHED      =      1403.9735
 1-4 NB =       451.3305  1-4 EEL =      4614.6477  VDWAALS    =     11487.3478
 EELEC  =   -109565.1828  EHBOND  =         0.0000  RESTRAINT  =       130.0182
 EAMBER (non-restraint)  =    -90130.3844
 ------------------------------------------------------------------------------

wrapping first mol.:      -50.55603       35.74852       61.91825
wrapping first mol.:      -50.55603       35.74852       61.91825

 NSTEP =     4000   TIME(PS) =     748.000  TEMP(K) =   300.91  PRESS =     0.0
 Etot   =    -72164.9800  EKtot   =     17907.2715  EPtot      =    -90072.2514
 BOND   =       391.5255  ANGLE   =      1108.4907  DIHED      =      1412.9243
 1-4 NB =       450.7348  1-4 EEL =      4561.9350  VDWAALS    =     11370.9020
 EELEC  =   -109503.4429  EHBOND  =         0.0000  RESTRAINT  =       134.6792
 EAMBER (non-restraint)  =    -90206.9306
 ------------------------------------------------------------------------------

wrapping first mol.:      -50.55603       35.74852       61.91825
wrapping first mol.:      -50.55603       35.74852       61.91825

 NSTEP =     4500   TIME(PS) =     749.000  TEMP(K) =   299.71  PRESS =     0.0
 Etot   =    -72220.7647  EKtot   =     17835.6094  EPtot      =    -90056.3741
 BOND   =       376.5109  ANGLE   =      1106.8812  DIHED      =      1417.9612
 1-4 NB =       466.5145  1-4 EEL =      4547.6701  VDWAALS    =     11672.1847
 EELEC  =   -109780.2267  EHBOND  =         0.0000  RESTRAINT  =       136.1300
 EAMBER (non-restraint)  =    -90192.5041
 ------------------------------------------------------------------------------

wrapping first mol.:      -50.55603       35.74852       61.91825
wrapping first mol.:      -50.55603       35.74852       61.91825

 NSTEP =     5000   TIME(PS) =     750.000  TEMP(K) =   299.05  PRESS =     0.0
 Etot   =    -72322.1484  EKtot   =     17796.5156  EPtot      =    -90118.6640
 BOND   =       419.5601  ANGLE   =      1088.3124  DIHED      =      1409.5369
 1-4 NB =       445.5001  1-4 EEL =      4591.8446  VDWAALS    =     11443.2481
 EELEC  =   -109647.6142  EHBOND  =         0.0000  RESTRAINT  =       130.9480
 EAMBER (non-restraint)  =    -90249.6120
 ------------------------------------------------------------------------------

wrapping first mol.:      -50.55603       35.74852       61.91825
wrapping first mol.:      -50.55603       35.74852       61.91825

 NSTEP =     5500   TIME(PS) =     751.000  TEMP(K) =   301.27  PRESS =     0.0
 Etot   =    -72050.8754  EKtot   =     17928.5352  EPtot      =    -89979.4105
 BOND   =       402.2404  ANGLE   =      1073.1477  DIHED      =      1399.4599
 1-4 NB =       452.8115  1-4 EEL =      4612.1851  VDWAALS    =     11451.5811
 EELEC  =   -109500.1892  EHBOND  =         0.0000  RESTRAINT  =       129.3531
 EAMBER (non-restraint)  =    -90108.7636
 ------------------------------------------------------------------------------

wrapping first mol.:      -50.55603       35.74852       61.91825
wrapping first mol.:      -50.55603       35.74852       61.91825

 NSTEP =     6000   TIME(PS) =     752.000  TEMP(K) =   295.81  PRESS =     0.0
 Etot   =    -72737.9694  EKtot   =     17603.6680  EPtot      =    -90341.6374
 BOND   =       385.6509  ANGLE   =      1066.3363  DIHED      =      1374.9120
 1-4 NB =       449.4257  1-4 EEL =      4585.7256  VDWAALS    =     11532.0602
 EELEC  =   -109860.5487  EHBOND  =         0.0000  RESTRAINT  =       124.8006
 EAMBER (non-restraint)  =    -90466.4379
 ------------------------------------------------------------------------------

wrapping first mol.:      -50.55603       35.74852       61.91825
wrapping first mol.:      -50.55603       35.74852       61.91825

 NSTEP =     6500   TIME(PS) =     753.000  TEMP(K) =   302.06  PRESS =     0.0
 Etot   =    -72056.4083  EKtot   =     17975.2461  EPtot      =    -90031.6544
 BOND   =       404.0959  ANGLE   =      1093.1813  DIHED      =      1405.8422
 1-4 NB =       446.2213  1-4 EEL =      4632.8258  VDWAALS    =     11262.3758
 EELEC  =   -109408.5891  EHBOND  =         0.0000  RESTRAINT  =       132.3924
 EAMBER (non-restraint)  =    -90164.0467
 ------------------------------------------------------------------------------

wrapping first mol.:      -50.55603       35.74852       61.91825
wrapping first mol.:      -50.55603       35.74852       61.91825

 NSTEP =     7000   TIME(PS) =     754.000  TEMP(K) =   299.49  PRESS =     0.0
 Etot   =    -72202.7421  EKtot   =     17822.3203  EPtot      =    -90025.0624
 BOND   =       374.9529  ANGLE   =      1107.3403  DIHED      =      1408.1748
 1-4 NB =       451.4233  1-4 EEL =      4618.2568  VDWAALS    =     11395.2358
 EELEC  =   -109529.3169  EHBOND  =         0.0000  RESTRAINT  =       148.8705
 EAMBER (non-restraint)  =    -90173.9329
 ------------------------------------------------------------------------------

wrapping first mol.:      -50.55603       35.74852       61.91825
wrapping first mol.:      -50.55603       35.74852       61.91825

 NSTEP =     7500   TIME(PS) =     755.000  TEMP(K) =   299.25  PRESS =     0.0
 Etot   =    -72423.5435  EKtot   =     17808.4570  EPtot      =    -90232.0005
 BOND   =       376.8490  ANGLE   =      1074.7160  DIHED      =      1406.6538
 1-4 NB =       461.3717  1-4 EEL =      4602.4831  VDWAALS    =     11496.4393
 EELEC  =   -109798.6267  EHBOND  =         0.0000  RESTRAINT  =       148.1132
 EAMBER (non-restraint)  =    -90380.1137
 ------------------------------------------------------------------------------

wrapping first mol.:      -50.55603       35.74852       61.91825
wrapping first mol.:      -50.55603       35.74852       61.91825

 NSTEP =     8000   TIME(PS) =     756.000  TEMP(K) =   300.44  PRESS =     0.0
 Etot   =    -71910.9266  EKtot   =     17879.2578  EPtot      =    -89790.1844
 BOND   =       395.3122  ANGLE   =      1099.0496  DIHED      =      1397.9893
 1-4 NB =       455.1321  1-4 EEL =      4569.8068  VDWAALS    =     11273.2509
 EELEC  =   -109121.3868  EHBOND  =         0.0000  RESTRAINT  =       140.6615
 EAMBER (non-restraint)  =    -89930.8458
 ------------------------------------------------------------------------------

wrapping first mol.:      -50.55603       35.74852       61.91825
wrapping first mol.:      -50.55603       35.74852       61.91825

 NSTEP =     8500   TIME(PS) =     757.000  TEMP(K) =   299.55  PRESS =     0.0
 Etot   =    -72183.8107  EKtot   =     17826.0117  EPtot      =    -90009.8224
 BOND   =       382.6655  ANGLE   =      1095.2291  DIHED      =      1402.8904
 1-4 NB =       452.0751  1-4 EEL =      4596.5821  VDWAALS    =     11327.3042
 EELEC  =   -109408.1529  EHBOND  =         0.0000  RESTRAINT  =       141.5841
 EAMBER (non-restraint)  =    -90151.4065
 ------------------------------------------------------------------------------

wrapping first mol.:      -50.55603       35.74852       61.91825
wrapping first mol.:      -50.55603       35.74852       61.91825

 NSTEP =     9000   TIME(PS) =     758.000  TEMP(K) =   301.70  PRESS =     0.0
 Etot   =    -72002.6609  EKtot   =     17954.0996  EPtot      =    -89956.7605
 BOND   =       377.8161  ANGLE   =      1110.2988  DIHED      =      1390.0949
 1-4 NB =       453.2510  1-4 EEL =      4562.1823  VDWAALS    =     11327.4816
 EELEC  =   -109313.3154  EHBOND  =         0.0000  RESTRAINT  =       135.4303
 EAMBER (non-restraint)  =    -90092.1908
 ------------------------------------------------------------------------------

wrapping first mol.:      -50.55603       35.74852       61.91825
wrapping first mol.:      -50.55603       35.74852       61.91825

 NSTEP =     9500   TIME(PS) =     759.000  TEMP(K) =   299.60  PRESS =     0.0
 Etot   =    -72219.4468  EKtot   =     17828.8398  EPtot      =    -90048.2867
 BOND   =       407.2935  ANGLE   =      1055.7268  DIHED      =      1401.6534
 1-4 NB =       442.0615  1-4 EEL =      4548.5933  VDWAALS    =     11630.7729
 EELEC  =   -109676.6291  EHBOND  =         0.0000  RESTRAINT  =       142.2410
 EAMBER (non-restraint)  =    -90190.5277
 ------------------------------------------------------------------------------

wrapping first mol.:      -50.55603       35.74852       61.91825
wrapping first mol.:      -50.55603       35.74852       61.91825

 NSTEP =    10000   TIME(PS) =     760.000  TEMP(K) =   299.19  PRESS =     0.0
 Etot   =    -72158.3173  EKtot   =     17804.4824  EPtot      =    -89962.7997
 BOND   =       408.5039  ANGLE   =      1076.5322  DIHED      =      1380.4452
 1-4 NB =       451.4843  1-4 EEL =      4584.9526  VDWAALS    =     11611.5622
 EELEC  =   -109628.4016  EHBOND  =         0.0000  RESTRAINT  =       152.1217
 EAMBER (non-restraint)  =    -90114.9213
 ------------------------------------------------------------------------------

wrapping first mol.:      -50.55603       35.74852       61.91825
wrapping first mol.:      -50.55603       35.74852       61.91825

 NSTEP =    10500   TIME(PS) =     761.000  TEMP(K) =   299.27  PRESS =     0.0
 Etot   =    -72396.4832  EKtot   =     17809.3066  EPtot      =    -90205.7899
 BOND   =       402.6236  ANGLE   =      1110.2915  DIHED      =      1387.8799
 1-4 NB =       446.3755  1-4 EEL =      4572.7447  VDWAALS    =     11118.4208
 EELEC  =   -109379.0203  EHBOND  =         0.0000  RESTRAINT  =       134.8945
 EAMBER (non-restraint)  =    -90340.6844
 ------------------------------------------------------------------------------

wrapping first mol.:      -50.55603       35.74852       61.91825
wrapping first mol.:      -50.55603       35.74852       61.91825

 NSTEP =    11000   TIME(PS) =     762.000  TEMP(K) =   298.51  PRESS =     0.0
 Etot   =    -72344.0807  EKtot   =     17764.4395  EPtot      =    -90108.5202
 BOND   =       367.5341  ANGLE   =      1110.9050  DIHED      =      1399.1954
 1-4 NB =       449.5315  1-4 EEL =      4602.3843  VDWAALS    =     11520.2541
 EELEC  =   -109686.5405  EHBOND  =         0.0000  RESTRAINT  =       128.2160
 EAMBER (non-restraint)  =    -90236.7362
 ------------------------------------------------------------------------------

wrapping first mol.:      -50.55603       35.74852       61.91825
wrapping first mol.:      -50.55603       35.74852       61.91825

 NSTEP =    11500   TIME(PS) =     763.000  TEMP(K) =   300.30  PRESS =     0.0
 Etot   =    -72035.7373  EKtot   =     17870.4180  EPtot      =    -89906.1553
 BOND   =       375.8024  ANGLE   =      1107.2044  DIHED      =      1393.5634
 1-4 NB =       462.3080  1-4 EEL =      4603.9141  VDWAALS    =     11235.5540
 EELEC  =   -109210.9815  EHBOND  =         0.0000  RESTRAINT  =       126.4800
 EAMBER (non-restraint)  =    -90032.6353
 ------------------------------------------------------------------------------

wrapping first mol.:      -50.55603       35.74852       61.91825
wrapping first mol.:      -50.55603       35.74852       61.91825

 NSTEP =    12000   TIME(PS) =     764.000  TEMP(K) =   300.75  PRESS =     0.0
 Etot   =    -71960.9537  EKtot   =     17897.2070  EPtot      =    -89858.1607
 BOND   =       396.9926  ANGLE   =      1083.7262  DIHED      =      1407.5967
 1-4 NB =       453.7974  1-4 EEL =      4643.0929  VDWAALS    =     11247.8747
 EELEC  =   -109226.2264  EHBOND  =         0.0000  RESTRAINT  =       134.9852
 EAMBER (non-restraint)  =    -89993.1459
 ------------------------------------------------------------------------------

wrapping first mol.:      -50.55603       35.74852       61.91825
wrapping first mol.:      -50.55603       35.74852       61.91825

 NSTEP =    12500   TIME(PS) =     765.000  TEMP(K) =   296.10  PRESS =     0.0
 Etot   =    -72371.7472  EKtot   =     17621.0137  EPtot      =    -89992.7609
 BOND   =       401.8342  ANGLE   =      1113.6386  DIHED      =      1416.8989
 1-4 NB =       453.2947  1-4 EEL =      4603.1232  VDWAALS    =     11642.5567
 EELEC  =   -109756.1034  EHBOND  =         0.0000  RESTRAINT  =       131.9961
 EAMBER (non-restraint)  =    -90124.7571
 ------------------------------------------------------------------------------

wrapping first mol.:      -50.55603       35.74852       61.91825
wrapping first mol.:      -50.55603       35.74852       61.91825

 NSTEP =    13000   TIME(PS) =     766.000  TEMP(K) =   299.18  PRESS =     0.0
 Etot   =    -72170.7811  EKtot   =     17803.9355  EPtot      =    -89974.7167
 BOND   =       381.9513  ANGLE   =      1152.6081  DIHED      =      1403.7917
 1-4 NB =       454.6161  1-4 EEL =      4566.3924  VDWAALS    =     11485.5210
 EELEC  =   -109556.7665  EHBOND  =         0.0000  RESTRAINT  =       137.1692
 EAMBER (non-restraint)  =    -90111.8859
 ------------------------------------------------------------------------------

wrapping first mol.:      -50.55603       35.74852       61.91825
wrapping first mol.:      -50.55603       35.74852       61.91825

 NSTEP =    13500   TIME(PS) =     767.000  TEMP(K) =   301.31  PRESS =     0.0
 Etot   =    -71969.7084  EKtot   =     17930.9805  EPtot      =    -89900.6889
 BOND   =       379.0063  ANGLE   =      1044.9839  DIHED      =      1415.1402
 1-4 NB =       453.3213  1-4 EEL =      4563.3296  VDWAALS    =     11571.9785
 EELEC  =   -109458.8451  EHBOND  =         0.0000  RESTRAINT  =       130.3963
 EAMBER (non-restraint)  =    -90031.0852
 ------------------------------------------------------------------------------

wrapping first mol.:      -50.55603       35.74852       61.91825
wrapping first mol.:      -50.55603       35.74852       61.91825

 NSTEP =    14000   TIME(PS) =     768.000  TEMP(K) =   300.70  PRESS =     0.0
 Etot   =    -71931.5382  EKtot   =     17894.5977  EPtot      =    -89826.1359
 BOND   =       418.5088  ANGLE   =      1071.8723  DIHED      =      1432.5770
 1-4 NB =       454.0138  1-4 EEL =      4552.6911  VDWAALS    =     11514.5886
 EELEC  =   -109408.4104  EHBOND  =         0.0000  RESTRAINT  =       138.0229
 EAMBER (non-restraint)  =    -89964.1588
 ------------------------------------------------------------------------------

wrapping first mol.:      -50.55603       35.74852       61.91825
wrapping first mol.:      -50.55603       35.74852       61.91825

 NSTEP =    14500   TIME(PS) =     769.000  TEMP(K) =   299.92  PRESS =     0.0
 Etot   =    -72418.5096  EKtot   =     17847.7754  EPtot      =    -90266.2850
 BOND   =       368.1479  ANGLE   =      1104.5330  DIHED      =      1402.2329
 1-4 NB =       446.5086  1-4 EEL =      4538.8873  VDWAALS    =     11745.3699
 EELEC  =   -110001.6523  EHBOND  =         0.0000  RESTRAINT  =       129.6877
 EAMBER (non-restraint)  =    -90395.9726
 ------------------------------------------------------------------------------

wrapping first mol.:      -50.55603       35.74852       61.91825
wrapping first mol.:      -50.55603       35.74852       61.91825

 NSTEP =    15000   TIME(PS) =     770.000  TEMP(K) =   297.71  PRESS =     0.0
 Etot   =    -72635.2240  EKtot   =     17716.5859  EPtot      =    -90351.8100
 BOND   =       374.6203  ANGLE   =      1124.7126  DIHED      =      1407.9518
 1-4 NB =       444.9431  1-4 EEL =      4566.5022  VDWAALS    =     11541.3270
 EELEC  =   -109945.4308  EHBOND  =         0.0000  RESTRAINT  =       133.5637
 EAMBER (non-restraint)  =    -90485.3737
 ------------------------------------------------------------------------------

wrapping first mol.:      -50.55603       35.74852       61.91825
wrapping first mol.:      -50.55603       35.74852       61.91825

 NSTEP =    15500   TIME(PS) =     771.000  TEMP(K) =   299.44  PRESS =     0.0
 Etot   =    -72210.2701  EKtot   =     17819.7930  EPtot      =    -90030.0631
 BOND   =       403.2908  ANGLE   =      1137.5233  DIHED      =      1403.8549
 1-4 NB =       452.7306  1-4 EEL =      4561.0973  VDWAALS    =     11768.3265
 EELEC  =   -109889.2340  EHBOND  =         0.0000  RESTRAINT  =       132.3475
 EAMBER (non-restraint)  =    -90162.4106
 ------------------------------------------------------------------------------

wrapping first mol.:      -50.55603       35.74852       61.91825
wrapping first mol.:      -50.55603       35.74852       61.91825

 NSTEP =    16000   TIME(PS) =     772.000  TEMP(K) =   303.36  PRESS =     0.0
 Etot   =    -72016.7704  EKtot   =     18052.5117  EPtot      =    -90069.2821
 BOND   =       400.3283  ANGLE   =      1091.3538  DIHED      =      1399.4152
 1-4 NB =       457.1510  1-4 EEL =      4563.9374  VDWAALS    =     11729.1987
 EELEC  =   -109843.4794  EHBOND  =         0.0000  RESTRAINT  =       132.8129
 EAMBER (non-restraint)  =    -90202.0950
 ------------------------------------------------------------------------------

wrapping first mol.:      -50.55603       35.74852       61.91825
wrapping first mol.:      -50.55603       35.74852       61.91825

 NSTEP =    16500   TIME(PS) =     773.000  TEMP(K) =   300.62  PRESS =     0.0
 Etot   =    -72234.8147  EKtot   =     17889.7500  EPtot      =    -90124.5647
 BOND   =       380.5904  ANGLE   =      1075.7062  DIHED      =      1412.9916
 1-4 NB =       447.1865  1-4 EEL =      4573.0305  VDWAALS    =     11401.0604
 EELEC  =   -109538.8693  EHBOND  =         0.0000  RESTRAINT  =       123.7390
 EAMBER (non-restraint)  =    -90248.3037
 ------------------------------------------------------------------------------

wrapping first mol.:      -50.55603       35.74852       61.91825
wrapping first mol.:      -50.55603       35.74852       61.91825

 NSTEP =    17000   TIME(PS) =     774.000  TEMP(K) =   303.12  PRESS =     0.0
 Etot   =    -71742.2084  EKtot   =     18038.7090  EPtot      =    -89780.9174
 BOND   =       418.4388  ANGLE   =      1098.2988  DIHED      =      1425.0920
 1-4 NB =       440.2769  1-4 EEL =      4545.1603  VDWAALS    =     11356.8885
 EELEC  =   -109193.2795  EHBOND  =         0.0000  RESTRAINT  =       128.2069
 EAMBER (non-restraint)  =    -89909.1243
 ------------------------------------------------------------------------------

wrapping first mol.:      -50.55603       35.74852       61.91825
wrapping first mol.:      -50.55603       35.74852       61.91825

 NSTEP =    17500   TIME(PS) =     775.000  TEMP(K) =   301.03  PRESS =     0.0
 Etot   =    -72077.6263  EKtot   =     17914.0840  EPtot      =    -89991.7102
 BOND   =       390.4448  ANGLE   =      1106.6192  DIHED      =      1401.4645
 1-4 NB =       455.4505  1-4 EEL =      4602.1582  VDWAALS    =     11567.4652
 EELEC  =   -109648.7948  EHBOND  =         0.0000  RESTRAINT  =       133.4821
 EAMBER (non-restraint)  =    -90125.1924
 ------------------------------------------------------------------------------

wrapping first mol.:      -50.55603       35.74852       61.91825
wrapping first mol.:      -50.55603       35.74852       61.91825

 NSTEP =    18000   TIME(PS) =     776.000  TEMP(K) =   301.87  PRESS =     0.0
 Etot   =    -72028.7600  EKtot   =     17964.3477  EPtot      =    -89993.1076
 BOND   =       382.5171  ANGLE   =      1106.9908  DIHED      =      1396.2878
 1-4 NB =       451.3556  1-4 EEL =      4572.2003  VDWAALS    =     11351.9727
 EELEC  =   -109376.2587  EHBOND  =         0.0000  RESTRAINT  =       121.8267
 EAMBER (non-restraint)  =    -90114.9344
 ------------------------------------------------------------------------------

wrapping first mol.:      -50.55603       35.74852       61.91825
wrapping first mol.:      -50.55603       35.74852       61.91825

 NSTEP =    18500   TIME(PS) =     777.000  TEMP(K) =   300.25  PRESS =     0.0
 Etot   =    -72048.5213  EKtot   =     17867.7969  EPtot      =    -89916.3182
 BOND   =       397.7819  ANGLE   =      1088.3043  DIHED      =      1382.6659
 1-4 NB =       448.1803  1-4 EEL =      4603.3265  VDWAALS    =     11438.5261
 EELEC  =   -109403.0871  EHBOND  =         0.0000  RESTRAINT  =       127.9840
 EAMBER (non-restraint)  =    -90044.3022
 ------------------------------------------------------------------------------

wrapping first mol.:      -50.55603       35.74852       61.91825
wrapping first mol.:      -50.55603       35.74852       61.91825

 NSTEP =    19000   TIME(PS) =     778.000  TEMP(K) =   297.47  PRESS =     0.0
 Etot   =    -72412.2632  EKtot   =     17702.0410  EPtot      =    -90114.3042
 BOND   =       401.7175  ANGLE   =      1104.8212  DIHED      =      1394.2389
 1-4 NB =       443.5248  1-4 EEL =      4585.4346  VDWAALS    =     11290.0682
 EELEC  =   -109476.6439  EHBOND  =         0.0000  RESTRAINT  =       142.5346
 EAMBER (non-restraint)  =    -90256.8388
 ------------------------------------------------------------------------------

wrapping first mol.:      -50.55603       35.74852       61.91825
wrapping first mol.:      -50.55603       35.74852       61.91825

 NSTEP =    19500   TIME(PS) =     779.000  TEMP(K) =   299.73  PRESS =     0.0
 Etot   =    -72213.8752  EKtot   =     17836.9766  EPtot      =    -90050.8518
 BOND   =       404.9177  ANGLE   =      1093.1691  DIHED      =      1415.8777
 1-4 NB =       447.0705  1-4 EEL =      4597.9928  VDWAALS    =     11532.6480
 EELEC  =   -109678.0276  EHBOND  =         0.0000  RESTRAINT  =       135.5001
 EAMBER (non-restraint)  =    -90186.3518
 ------------------------------------------------------------------------------

wrapping first mol.:      -50.55603       35.74852       61.91825
wrapping first mol.:      -50.55603       35.74852       61.91825

 NSTEP =    20000   TIME(PS) =     780.000  TEMP(K) =   300.44  PRESS =     0.0
 Etot   =    -72336.4158  EKtot   =     17879.0996  EPtot      =    -90215.5154
 BOND   =       408.4533  ANGLE   =      1099.0830  DIHED      =      1404.3898
 1-4 NB =       450.8491  1-4 EEL =      4575.9343  VDWAALS    =     11618.0697
 EELEC  =   -109914.9660  EHBOND  =         0.0000  RESTRAINT  =       142.6715
 EAMBER (non-restraint)  =    -90358.1869
 ------------------------------------------------------------------------------

wrapping first mol.:      -50.55603       35.74852       61.91825
wrapping first mol.:      -50.55603       35.74852       61.91825

 NSTEP =    20500   TIME(PS) =     781.000  TEMP(K) =   303.69  PRESS =     0.0
 Etot   =    -72088.3378  EKtot   =     18072.6172  EPtot      =    -90160.9550
 BOND   =       348.6761  ANGLE   =      1091.2660  DIHED      =      1427.8874
 1-4 NB =       449.3938  1-4 EEL =      4574.7236  VDWAALS    =     11538.9005
 EELEC  =   -109722.5581  EHBOND  =         0.0000  RESTRAINT  =       130.7558
 EAMBER (non-restraint)  =    -90291.7108
 ------------------------------------------------------------------------------

wrapping first mol.:      -50.55603       35.74852       61.91825
wrapping first mol.:      -50.55603       35.74852       61.91825

 NSTEP =    21000   TIME(PS) =     782.000  TEMP(K) =   300.55  PRESS =     0.0
 Etot   =    -72335.0556  EKtot   =     17885.5195  EPtot      =    -90220.5752
 BOND   =       400.5712  ANGLE   =      1088.9123  DIHED      =      1399.7535
 1-4 NB =       454.4255  1-4 EEL =      4590.1141  VDWAALS    =     11339.3085
 EELEC  =   -109627.4636  EHBOND  =         0.0000  RESTRAINT  =       133.8034
 EAMBER (non-restraint)  =    -90354.3786
 ------------------------------------------------------------------------------

wrapping first mol.:      -50.55603       35.74852       61.91825
wrapping first mol.:      -50.55603       35.74852       61.91825

 NSTEP =    21500   TIME(PS) =     783.000  TEMP(K) =   298.82  PRESS =     0.0
 Etot   =    -72103.2519  EKtot   =     17782.8711  EPtot      =    -89886.1230
 BOND   =       402.3327  ANGLE   =      1124.3360  DIHED      =      1408.2002
 1-4 NB =       444.5621  1-4 EEL =      4640.8240  VDWAALS    =     11234.4682
 EELEC  =   -109271.2334  EHBOND  =         0.0000  RESTRAINT  =       130.3872
 EAMBER (non-restraint)  =    -90016.5102
 ------------------------------------------------------------------------------

wrapping first mol.:      -50.55603       35.74852       61.91825
wrapping first mol.:      -50.55603       35.74852       61.91825

 NSTEP =    22000   TIME(PS) =     784.000  TEMP(K) =   302.38  PRESS =     0.0
 Etot   =    -71984.5857  EKtot   =     17994.1875  EPtot      =    -89978.7732
 BOND   =       363.6752  ANGLE   =      1093.2089  DIHED      =      1380.5386
 1-4 NB =       466.2970  1-4 EEL =      4587.0523  VDWAALS    =     11519.6280
 EELEC  =   -109545.2279  EHBOND  =         0.0000  RESTRAINT  =       156.0547
 EAMBER (non-restraint)  =    -90134.8278
 ------------------------------------------------------------------------------

wrapping first mol.:      -50.55603       35.74852       61.91825
wrapping first mol.:      -50.55603       35.74852       61.91825

 NSTEP =    22500   TIME(PS) =     785.000  TEMP(K) =   299.70  PRESS =     0.0
 Etot   =    -72202.4473  EKtot   =     17834.9941  EPtot      =    -90037.4414
 BOND   =       401.5842  ANGLE   =      1083.7192  DIHED      =      1389.3132
 1-4 NB =       456.2040  1-4 EEL =      4605.4560  VDWAALS    =     11302.9688
 EELEC  =   -109414.5182  EHBOND  =         0.0000  RESTRAINT  =       137.8313
 EAMBER (non-restraint)  =    -90175.2728
 ------------------------------------------------------------------------------

wrapping first mol.:      -50.55603       35.74852       61.91825
wrapping first mol.:      -50.55603       35.74852       61.91825

 NSTEP =    23000   TIME(PS) =     786.000  TEMP(K) =   298.02  PRESS =     0.0
 Etot   =    -71919.4387  EKtot   =     17734.9395  EPtot      =    -89654.3781
 BOND   =       385.9385  ANGLE   =      1117.5390  DIHED      =      1386.1505
 1-4 NB =       448.5555  1-4 EEL =      4599.4824  VDWAALS    =     11321.5134
 EELEC  =   -109044.4890  EHBOND  =         0.0000  RESTRAINT  =       130.9316
 EAMBER (non-restraint)  =    -89785.3097
 ------------------------------------------------------------------------------

wrapping first mol.:      -50.55603       35.74852       61.91825
wrapping first mol.:      -50.55603       35.74852       61.91825

 NSTEP =    23500   TIME(PS) =     787.000  TEMP(K) =   296.48  PRESS =     0.0
 Etot   =    -72433.9418  EKtot   =     17643.6523  EPtot      =    -90077.5942
 BOND   =       367.8567  ANGLE   =      1069.5823  DIHED      =      1400.3891
 1-4 NB =       474.4921  1-4 EEL =      4612.1930  VDWAALS    =     11249.4440
 EELEC  =   -109388.9077  EHBOND  =         0.0000  RESTRAINT  =       137.3564
 EAMBER (non-restraint)  =    -90214.9506
 ------------------------------------------------------------------------------

wrapping first mol.:      -50.55603       35.74852       61.91825
wrapping first mol.:      -50.55603       35.74852       61.91825

 NSTEP =    24000   TIME(PS) =     788.000  TEMP(K) =   302.55  PRESS =     0.0
 Etot   =    -71823.1342  EKtot   =     18004.5547  EPtot      =    -89827.6889
 BOND   =       382.0348  ANGLE   =      1079.4893  DIHED      =      1412.6749
 1-4 NB =       449.4784  1-4 EEL =      4607.2305  VDWAALS    =     11214.6265
 EELEC  =   -109102.9836  EHBOND  =         0.0000  RESTRAINT  =       129.7604
 EAMBER (non-restraint)  =    -89957.4492
 ------------------------------------------------------------------------------

wrapping first mol.:      -50.55603       35.74852       61.91825
wrapping first mol.:      -50.55603       35.74852       61.91825

 NSTEP =    24500   TIME(PS) =     789.000  TEMP(K) =   300.54  PRESS =     0.0
 Etot   =    -71997.7933  EKtot   =     17885.1719  EPtot      =    -89882.9652
 BOND   =       373.0570  ANGLE   =      1139.9457  DIHED      =      1385.0668
 1-4 NB =       456.8268  1-4 EEL =      4582.2014  VDWAALS    =     11479.5860
 EELEC  =   -109428.7743  EHBOND  =         0.0000  RESTRAINT  =       129.1254
 EAMBER (non-restraint)  =    -90012.0906
 ------------------------------------------------------------------------------

wrapping first mol.:      -50.55603       35.74852       61.91825
wrapping first mol.:      -50.55603       35.74852       61.91825

 NSTEP =    25000   TIME(PS) =     790.000  TEMP(K) =   299.52  PRESS =     0.0
 Etot   =    -72095.2045  EKtot   =     17824.0469  EPtot      =    -89919.2514
 BOND   =       382.5464  ANGLE   =      1084.0853  DIHED      =      1390.5214
 1-4 NB =       449.6343  1-4 EEL =      4597.9458  VDWAALS    =     11527.0968
 EELEC  =   -109482.6673  EHBOND  =         0.0000  RESTRAINT  =       131.5860
 EAMBER (non-restraint)  =    -90050.8373
 ------------------------------------------------------------------------------

wrapping first mol.:      -50.55603       35.74852       61.91825
wrapping first mol.:      -50.55603       35.74852       61.91825

 NSTEP =    25500   TIME(PS) =     791.000  TEMP(K) =   298.67  PRESS =     0.0
 Etot   =    -71877.5807  EKtot   =     17773.8945  EPtot      =    -89651.4753
 BOND   =       431.0253  ANGLE   =      1091.3932  DIHED      =      1383.7583
 1-4 NB =       443.5523  1-4 EEL =      4585.3189  VDWAALS    =     11217.1996
 EELEC  =   -108933.6942  EHBOND  =         0.0000  RESTRAINT  =       129.9713
 EAMBER (non-restraint)  =    -89781.4465
 ------------------------------------------------------------------------------

wrapping first mol.:      -50.55603       35.74852       61.91825
wrapping first mol.:      -50.55603       35.74852       61.91825

 NSTEP =    26000   TIME(PS) =     792.000  TEMP(K) =   299.95  PRESS =     0.0
 Etot   =    -71825.1586  EKtot   =     17850.1426  EPtot      =    -89675.3012
 BOND   =       377.0800  ANGLE   =      1088.4340  DIHED      =      1398.2568
 1-4 NB =       469.7923  1-4 EEL =      4574.5635  VDWAALS    =     11008.0017
 EELEC  =   -108727.6175  EHBOND  =         0.0000  RESTRAINT  =       136.1881
 EAMBER (non-restraint)  =    -89811.4893
 ------------------------------------------------------------------------------

wrapping first mol.:      -50.55603       35.74852       61.91825
wrapping first mol.:      -50.55603       35.74852       61.91825

 NSTEP =    26500   TIME(PS) =     793.000  TEMP(K) =   301.45  PRESS =     0.0
 Etot   =    -71904.4911  EKtot   =     17939.0918  EPtot      =    -89843.5829
 BOND   =       414.6803  ANGLE   =      1107.5682  DIHED      =      1403.2456
 1-4 NB =       447.4920  1-4 EEL =      4583.2669  VDWAALS    =     11218.6401
 EELEC  =   -109158.0967  EHBOND  =         0.0000  RESTRAINT  =       139.6206
 EAMBER (non-restraint)  =    -89983.2035
 ------------------------------------------------------------------------------

wrapping first mol.:      -50.55603       35.74852       61.91825
wrapping first mol.:      -50.55603       35.74852       61.91825

 NSTEP =    27000   TIME(PS) =     794.000  TEMP(K) =   302.09  PRESS =     0.0
 Etot   =    -71936.4630  EKtot   =     17977.4316  EPtot      =    -89913.8947
 BOND   =       408.6634  ANGLE   =      1112.3630  DIHED      =      1411.7606
 1-4 NB =       438.0379  1-4 EEL =      4526.7254  VDWAALS    =     11451.3088
 EELEC  =   -109400.0899  EHBOND  =         0.0000  RESTRAINT  =       137.3361
 EAMBER (non-restraint)  =    -90051.2308
 ------------------------------------------------------------------------------

wrapping first mol.:      -50.55603       35.74852       61.91825
wrapping first mol.:      -50.55603       35.74852       61.91825

 NSTEP =    27500   TIME(PS) =     795.000  TEMP(K) =   300.06  PRESS =     0.0
 Etot   =    -72131.8068  EKtot   =     17856.5781  EPtot      =    -89988.3849
 BOND   =       400.0537  ANGLE   =      1079.4332  DIHED      =      1408.4249
 1-4 NB =       457.2180  1-4 EEL =      4578.8557  VDWAALS    =     11462.6140
 EELEC  =   -109513.2342  EHBOND  =         0.0000  RESTRAINT  =       138.2498
 EAMBER (non-restraint)  =    -90126.6347
 ------------------------------------------------------------------------------

wrapping first mol.:      -50.55603       35.74852       61.91825
wrapping first mol.:      -50.55603       35.74852       61.91825

 NSTEP =    28000   TIME(PS) =     796.000  TEMP(K) =   298.62  PRESS =     0.0
 Etot   =    -72053.7174  EKtot   =     17770.9180  EPtot      =    -89824.6353
 BOND   =       391.0915  ANGLE   =      1083.0049  DIHED      =      1393.2983
 1-4 NB =       451.8133  1-4 EEL =      4607.7244  VDWAALS    =     11288.1243
 EELEC  =   -109187.1875  EHBOND  =         0.0000  RESTRAINT  =       147.4954
 EAMBER (non-restraint)  =    -89972.1307
 ------------------------------------------------------------------------------

wrapping first mol.:      -50.55603       35.74852       61.91825
wrapping first mol.:      -50.55603       35.74852       61.91825

 NSTEP =    28500   TIME(PS) =     797.000  TEMP(K) =   298.83  PRESS =     0.0
 Etot   =    -72129.3039  EKtot   =     17783.0508  EPtot      =    -89912.3547
 BOND   =       386.1118  ANGLE   =      1128.7057  DIHED      =      1412.6896
 1-4 NB =       454.0541  1-4 EEL =      4634.7245  VDWAALS    =     11231.3349
 EELEC  =   -109294.5377  EHBOND  =         0.0000  RESTRAINT  =       134.5624
 EAMBER (non-restraint)  =    -90046.9171
 ------------------------------------------------------------------------------

wrapping first mol.:      -50.55603       35.74852       61.91825
wrapping first mol.:      -50.55603       35.74852       61.91825

 NSTEP =    29000   TIME(PS) =     798.000  TEMP(K) =   299.82  PRESS =     0.0
 Etot   =    -72117.9545  EKtot   =     17842.3164  EPtot      =    -89960.2709
 BOND   =       370.4432  ANGLE   =      1054.8788  DIHED      =      1400.7432
 1-4 NB =       459.2484  1-4 EEL =      4577.0519  VDWAALS    =     11348.7806
 EELEC  =   -109326.4867  EHBOND  =         0.0000  RESTRAINT  =       155.0697
 EAMBER (non-restraint)  =    -90115.3407
 ------------------------------------------------------------------------------

wrapping first mol.:      -50.55603       35.74852       61.91825
wrapping first mol.:      -50.55603       35.74852       61.91825

 NSTEP =    29500   TIME(PS) =     799.000  TEMP(K) =   297.77  PRESS =     0.0
 Etot   =    -72612.6823  EKtot   =     17720.2188  EPtot      =    -90332.9011
 BOND   =       371.9914  ANGLE   =      1030.5248  DIHED      =      1389.7097
 1-4 NB =       460.9042  1-4 EEL =      4620.0304  VDWAALS    =     11371.3802
 EELEC  =   -109710.8745  EHBOND  =         0.0000  RESTRAINT  =       133.4325
 EAMBER (non-restraint)  =    -90466.3336
 ------------------------------------------------------------------------------

wrapping first mol.:      -50.55603       35.74852       61.91825
wrapping first mol.:      -50.55603       35.74852       61.91825

 NSTEP =    30000   TIME(PS) =     800.000  TEMP(K) =   299.30  PRESS =     0.0
 Etot   =    -72470.2410  EKtot   =     17811.3477  EPtot      =    -90281.5887
 BOND   =       422.6741  ANGLE   =      1121.5610  DIHED      =      1386.7234
 1-4 NB =       447.3238  1-4 EEL =      4594.5332  VDWAALS    =     11387.3415
 EELEC  =   -109776.0342  EHBOND  =         0.0000  RESTRAINT  =       134.2884
 EAMBER (non-restraint)  =    -90415.8771
 ------------------------------------------------------------------------------

wrapping first mol.:      -50.55603       35.74852       61.91825
wrapping first mol.:      -50.55603       35.74852       61.91825

 NSTEP =    30500   TIME(PS) =     801.000  TEMP(K) =   298.62  PRESS =     0.0
 Etot   =    -72135.9096  EKtot   =     17770.7637  EPtot      =    -89906.6733
 BOND   =       372.9413  ANGLE   =      1106.1404  DIHED      =      1407.4803
 1-4 NB =       458.0113  1-4 EEL =      4630.7952  VDWAALS    =     11440.1388
 EELEC  =   -109451.6114  EHBOND  =         0.0000  RESTRAINT  =       129.4309
 EAMBER (non-restraint)  =    -90036.1041
 ------------------------------------------------------------------------------

wrapping first mol.:      -50.55603       35.74852       61.91825
wrapping first mol.:      -50.55603       35.74852       61.91825

 NSTEP =    31000   TIME(PS) =     802.000  TEMP(K) =   300.62  PRESS =     0.0
 Etot   =    -72102.3513  EKtot   =     17889.6484  EPtot      =    -89991.9997
 BOND   =       400.0028  ANGLE   =      1115.7405  DIHED      =      1392.9359
 1-4 NB =       450.4172  1-4 EEL =      4593.0635  VDWAALS    =     11358.3126
 EELEC  =   -109437.3180  EHBOND  =         0.0000  RESTRAINT  =       134.8458
 EAMBER (non-restraint)  =    -90126.8455
 ------------------------------------------------------------------------------

wrapping first mol.:      -50.55603       35.74852       61.91825
wrapping first mol.:      -50.55603       35.74852       61.91825

 NSTEP =    31500   TIME(PS) =     803.000  TEMP(K) =   297.28  PRESS =     0.0
 Etot   =    -72463.4107  EKtot   =     17690.7422  EPtot      =    -90154.1529
 BOND   =       369.7327  ANGLE   =      1144.4509  DIHED      =      1416.9595
 1-4 NB =       451.1236  1-4 EEL =      4563.6924  VDWAALS    =     11459.9764
 EELEC  =   -109694.6189  EHBOND  =         0.0000  RESTRAINT  =       134.5306
 EAMBER (non-restraint)  =    -90288.6835
 ------------------------------------------------------------------------------

wrapping first mol.:      -50.55603       35.74852       61.91825
wrapping first mol.:      -50.55603       35.74852       61.91825

 NSTEP =    32000   TIME(PS) =     804.000  TEMP(K) =   301.11  PRESS =     0.0
 Etot   =    -72314.7334  EKtot   =     17918.9609  EPtot      =    -90233.6943
 BOND   =       384.3308  ANGLE   =      1094.3102  DIHED      =      1386.3267
 1-4 NB =       450.2728  1-4 EEL =      4607.6944  VDWAALS    =     11411.2052
 EELEC  =   -109708.4757  EHBOND  =         0.0000  RESTRAINT  =       140.6412
 EAMBER (non-restraint)  =    -90374.3356
 ------------------------------------------------------------------------------

wrapping first mol.:      -50.55603       35.74852       61.91825
wrapping first mol.:      -50.55603       35.74852       61.91825

 NSTEP =    32500   TIME(PS) =     805.000  TEMP(K) =   300.54  PRESS =     0.0
 Etot   =    -72127.0170  EKtot   =     17885.0957  EPtot      =    -90012.1127
 BOND   =       400.4452  ANGLE   =      1096.0845  DIHED      =      1380.5495
 1-4 NB =       457.3567  1-4 EEL =      4578.1824  VDWAALS    =     11587.5816
 EELEC  =   -109648.3039  EHBOND  =         0.0000  RESTRAINT  =       135.9914
 EAMBER (non-restraint)  =    -90148.1041
 ------------------------------------------------------------------------------

wrapping first mol.:      -50.55603       35.74852       61.91825
wrapping first mol.:      -50.55603       35.74852       61.91825

 NSTEP =    33000   TIME(PS) =     806.000  TEMP(K) =   300.90  PRESS =     0.0
 Etot   =    -72149.6036  EKtot   =     17906.2227  EPtot      =    -90055.8262
 BOND   =       396.2082  ANGLE   =      1085.6832  DIHED      =      1410.4446
 1-4 NB =       443.2840  1-4 EEL =      4622.6273  VDWAALS    =     11680.7568
 EELEC  =   -109843.2458  EHBOND  =         0.0000  RESTRAINT  =       148.4154
 EAMBER (non-restraint)  =    -90204.2416
 ------------------------------------------------------------------------------

wrapping first mol.:      -50.55603       35.74852       61.91825
wrapping first mol.:      -50.55603       35.74852       61.91825

 NSTEP =    33500   TIME(PS) =     807.000  TEMP(K) =   302.36  PRESS =     0.0
 Etot   =    -72040.2583  EKtot   =     17993.2031  EPtot      =    -90033.4614
 BOND   =       376.7762  ANGLE   =      1092.3139  DIHED      =      1381.9363
 1-4 NB =       454.0565  1-4 EEL =      4623.0411  VDWAALS    =     11450.6779
 EELEC  =   -109552.9884  EHBOND  =         0.0000  RESTRAINT  =       140.7250
 EAMBER (non-restraint)  =    -90174.1864
 ------------------------------------------------------------------------------

wrapping first mol.:      -50.55603       35.74852       61.91825
wrapping first mol.:      -50.55603       35.74852       61.91825

 NSTEP =    34000   TIME(PS) =     808.000  TEMP(K) =   300.78  PRESS =     0.0
 Etot   =    -72138.4949  EKtot   =     17899.2070  EPtot      =    -90037.7019
 BOND   =       385.7202  ANGLE   =      1058.4777  DIHED      =      1403.3804
 1-4 NB =       441.6828  1-4 EEL =      4648.7394  VDWAALS    =     11212.4118
 EELEC  =   -109313.3453  EHBOND  =         0.0000  RESTRAINT  =       125.2311
 EAMBER (non-restraint)  =    -90162.9330
 ------------------------------------------------------------------------------

wrapping first mol.:      -50.55603       35.74852       61.91825
wrapping first mol.:      -50.55603       35.74852       61.91825

 NSTEP =    34500   TIME(PS) =     809.000  TEMP(K) =   296.86  PRESS =     0.0
 Etot   =    -72260.6954  EKtot   =     17666.1895  EPtot      =    -89926.8848
 BOND   =       386.8094  ANGLE   =      1106.8715  DIHED      =      1415.5452
 1-4 NB =       457.1496  1-4 EEL =      4559.2111  VDWAALS    =     11396.5393
 EELEC  =   -109384.2328  EHBOND  =         0.0000  RESTRAINT  =       135.2218
 EAMBER (non-restraint)  =    -90062.1066
 ------------------------------------------------------------------------------

wrapping first mol.:      -50.55603       35.74852       61.91825
wrapping first mol.:      -50.55603       35.74852       61.91825

 NSTEP =    35000   TIME(PS) =     810.000  TEMP(K) =   300.86  PRESS =     0.0
 Etot   =    -72172.6422  EKtot   =     17904.2812  EPtot      =    -90076.9234
 BOND   =       393.4183  ANGLE   =      1089.8110  DIHED      =      1393.6364
 1-4 NB =       438.0621  1-4 EEL =      4605.3661  VDWAALS    =     11251.3142
 EELEC  =   -109384.5974  EHBOND  =         0.0000  RESTRAINT  =       136.0658
 EAMBER (non-restraint)  =    -90212.9893
 ------------------------------------------------------------------------------

wrapping first mol.:      -50.55603       35.74852       61.91825
wrapping first mol.:      -50.55603       35.74852       61.91825

 NSTEP =    35500   TIME(PS) =     811.000  TEMP(K) =   301.23  PRESS =     0.0
 Etot   =    -72069.5727  EKtot   =     17925.9336  EPtot      =    -89995.5063
 BOND   =       405.7686  ANGLE   =      1112.8796  DIHED      =      1414.3145
 1-4 NB =       464.1180  1-4 EEL =      4618.7866  VDWAALS    =     11638.1256
 EELEC  =   -109783.7050  EHBOND  =         0.0000  RESTRAINT  =       134.2058
 EAMBER (non-restraint)  =    -90129.7121
 ------------------------------------------------------------------------------

wrapping first mol.:      -50.55603       35.74852       61.91825
wrapping first mol.:      -50.55603       35.74852       61.91825

 NSTEP =    36000   TIME(PS) =     812.000  TEMP(K) =   300.54  PRESS =     0.0
 Etot   =    -72032.9425  EKtot   =     17884.7969  EPtot      =    -89917.7394
 BOND   =       376.3788  ANGLE   =      1102.4716  DIHED      =      1393.9018
 1-4 NB =       469.9876  1-4 EEL =      4683.2813  VDWAALS    =     11462.6450
 EELEC  =   -109551.6642  EHBOND  =         0.0000  RESTRAINT  =       145.2588
 EAMBER (non-restraint)  =    -90062.9982
 ------------------------------------------------------------------------------

wrapping first mol.:      -50.55603       35.74852       61.91825
wrapping first mol.:      -50.55603       35.74852       61.91825

 NSTEP =    36500   TIME(PS) =     813.000  TEMP(K) =   300.03  PRESS =     0.0
 Etot   =    -72123.9699  EKtot   =     17854.5957  EPtot      =    -89978.5656
 BOND   =       371.0488  ANGLE   =      1050.5661  DIHED      =      1388.3134
 1-4 NB =       455.3184  1-4 EEL =      4638.5625  VDWAALS    =     11742.3295
 EELEC  =   -109755.3555  EHBOND  =         0.0000  RESTRAINT  =       130.6513
 EAMBER (non-restraint)  =    -90109.2169
 ------------------------------------------------------------------------------

wrapping first mol.:      -50.55603       35.74852       61.91825
wrapping first mol.:      -50.55603       35.74852       61.91825

 NSTEP =    37000   TIME(PS) =     814.000  TEMP(K) =   301.40  PRESS =     0.0
 Etot   =    -72024.9830  EKtot   =     17936.2148  EPtot      =    -89961.1978
 BOND   =       419.5692  ANGLE   =      1088.7948  DIHED      =      1399.1313
 1-4 NB =       454.3817  1-4 EEL =      4621.0416  VDWAALS    =     11488.9083
 EELEC  =   -109563.9001  EHBOND  =         0.0000  RESTRAINT  =       130.8754
 EAMBER (non-restraint)  =    -90092.0732
 ------------------------------------------------------------------------------

wrapping first mol.:      -50.55603       35.74852       61.91825
wrapping first mol.:      -50.55603       35.74852       61.91825

 NSTEP =    37500   TIME(PS) =     815.000  TEMP(K) =   300.14  PRESS =     0.0
 Etot   =    -71999.1335  EKtot   =     17860.9316  EPtot      =    -89860.0651
 BOND   =       374.2744  ANGLE   =      1109.2497  DIHED      =      1388.3262
 1-4 NB =       451.7677  1-4 EEL =      4563.3024  VDWAALS    =     11554.1737
 EELEC  =   -109435.2253  EHBOND  =         0.0000  RESTRAINT  =       134.0660
 EAMBER (non-restraint)  =    -89994.1312
 ------------------------------------------------------------------------------

wrapping first mol.:      -50.55603       35.74852       61.91825
wrapping first mol.:      -50.55603       35.74852       61.91825

 NSTEP =    38000   TIME(PS) =     816.000  TEMP(K) =   298.20  PRESS =     0.0
 Etot   =    -72274.2795  EKtot   =     17745.8887  EPtot      =    -90020.1682
 BOND   =       392.3259  ANGLE   =      1103.2988  DIHED      =      1392.1771
 1-4 NB =       446.9606  1-4 EEL =      4619.8619  VDWAALS    =     11526.6754
 EELEC  =   -109631.0386  EHBOND  =         0.0000  RESTRAINT  =       129.5707
 EAMBER (non-restraint)  =    -90149.7389
 ------------------------------------------------------------------------------

wrapping first mol.:      -50.55603       35.74852       61.91825
wrapping first mol.:      -50.55603       35.74852       61.91825

 NSTEP =    38500   TIME(PS) =     817.000  TEMP(K) =   302.30  PRESS =     0.0
 Etot   =    -71811.5631  EKtot   =     17989.6953  EPtot      =    -89801.2584
 BOND   =       397.8429  ANGLE   =      1057.3701  DIHED      =      1395.2040
 1-4 NB =       454.7177  1-4 EEL =      4629.0557  VDWAALS    =     11561.0823
 EELEC  =   -109434.6203  EHBOND  =         0.0000  RESTRAINT  =       138.0892
 EAMBER (non-restraint)  =    -89939.3476
 ------------------------------------------------------------------------------

wrapping first mol.:      -50.55603       35.74852       61.91825
wrapping first mol.:      -50.55603       35.74852       61.91825

 NSTEP =    39000   TIME(PS) =     818.000  TEMP(K) =   299.00  PRESS =     0.0
 Etot   =    -72207.7557  EKtot   =     17793.2109  EPtot      =    -90000.9666
 BOND   =       397.9672  ANGLE   =      1106.8550  DIHED      =      1391.8255
 1-4 NB =       431.8633  1-4 EEL =      4615.6479  VDWAALS    =     11354.1540
 EELEC  =   -109427.8819  EHBOND  =         0.0000  RESTRAINT  =       128.6023
 EAMBER (non-restraint)  =    -90129.5689
 ------------------------------------------------------------------------------

wrapping first mol.:      -50.55603       35.74852       61.91825
wrapping first mol.:      -50.55603       35.74852       61.91825

 NSTEP =    39500   TIME(PS) =     819.000  TEMP(K) =   298.26  PRESS =     0.0
 Etot   =    -72305.5356  EKtot   =     17749.4492  EPtot      =    -90054.9848
 BOND   =       369.1207  ANGLE   =      1100.7157  DIHED      =      1395.3079
 1-4 NB =       453.5918  1-4 EEL =      4634.0223  VDWAALS    =     11697.0428
 EELEC  =   -109846.1923  EHBOND  =         0.0000  RESTRAINT  =       141.4063
 EAMBER (non-restraint)  =    -90196.3911
 ------------------------------------------------------------------------------

wrapping first mol.:      -50.55603       35.74852       61.91825
wrapping first mol.:      -50.55603       35.74852       61.91825

 NSTEP =    40000   TIME(PS) =     820.000  TEMP(K) =   302.63  PRESS =     0.0
 Etot   =    -72045.6263  EKtot   =     18009.4023  EPtot      =    -90055.0286
 BOND   =       368.6074  ANGLE   =      1098.2945  DIHED      =      1411.4432
 1-4 NB =       448.9613  1-4 EEL =      4616.6696  VDWAALS    =     11299.1852
 EELEC  =   -109447.2183  EHBOND  =         0.0000  RESTRAINT  =       149.0285
 EAMBER (non-restraint)  =    -90204.0571
 ------------------------------------------------------------------------------

wrapping first mol.:      -50.55603       35.74852       61.91825
wrapping first mol.:      -50.55603       35.74852       61.91825

 NSTEP =    40500   TIME(PS) =     821.000  TEMP(K) =   300.40  PRESS =     0.0
 Etot   =    -72297.9458  EKtot   =     17876.9121  EPtot      =    -90174.8579
 BOND   =       404.1387  ANGLE   =      1083.5849  DIHED      =      1396.3005
 1-4 NB =       447.1128  1-4 EEL =      4593.9887  VDWAALS    =     11498.0549
 EELEC  =   -109730.9847  EHBOND  =         0.0000  RESTRAINT  =       132.9462
 EAMBER (non-restraint)  =    -90307.8041
 ------------------------------------------------------------------------------

wrapping first mol.:      -50.55603       35.74852       61.91825
wrapping first mol.:      -50.55603       35.74852       61.91825

 NSTEP =    41000   TIME(PS) =     822.000  TEMP(K) =   298.85  PRESS =     0.0
 Etot   =    -72066.0821  EKtot   =     17784.4629  EPtot      =    -89850.5450
 BOND   =       393.5313  ANGLE   =      1109.0130  DIHED      =      1401.4572
 1-4 NB =       451.1677  1-4 EEL =      4578.8831  VDWAALS    =     11290.9547
 EELEC  =   -109215.6124  EHBOND  =         0.0000  RESTRAINT  =       140.0604
 EAMBER (non-restraint)  =    -89990.6054
 ------------------------------------------------------------------------------

wrapping first mol.:      -50.55603       35.74852       61.91825
wrapping first mol.:      -50.55603       35.74852       61.91825

 NSTEP =    41500   TIME(PS) =     823.000  TEMP(K) =   303.11  PRESS =     0.0
 Etot   =    -71926.0159  EKtot   =     18038.1172  EPtot      =    -89964.1331
 BOND   =       383.9578  ANGLE   =      1091.9629  DIHED      =      1396.2492
 1-4 NB =       434.9455  1-4 EEL =      4607.1903  VDWAALS    =     11173.8303
 EELEC  =   -109180.7897  EHBOND  =         0.0000  RESTRAINT  =       128.5207
 EAMBER (non-restraint)  =    -90092.6538
 ------------------------------------------------------------------------------

wrapping first mol.:      -50.55603       35.74852       61.91825
wrapping first mol.:      -50.55603       35.74852       61.91825

 NSTEP =    42000   TIME(PS) =     824.000  TEMP(K) =   301.47  PRESS =     0.0
 Etot   =    -71872.1833  EKtot   =     17940.5078  EPtot      =    -89812.6911
 BOND   =       393.6894  ANGLE   =      1112.1484  DIHED      =      1396.6706
 1-4 NB =       443.7651  1-4 EEL =      4619.9575  VDWAALS    =     11359.7629
 EELEC  =   -109285.0894  EHBOND  =         0.0000  RESTRAINT  =       146.4043
 EAMBER (non-restraint)  =    -89959.0954
 ------------------------------------------------------------------------------

wrapping first mol.:      -50.55603       35.74852       61.91825
wrapping first mol.:      -50.55603       35.74852       61.91825

 NSTEP =    42500   TIME(PS) =     825.000  TEMP(K) =   298.91  PRESS =     0.0
 Etot   =    -72270.2703  EKtot   =     17787.7402  EPtot      =    -90058.0106
 BOND   =       366.0335  ANGLE   =      1092.1846  DIHED      =      1393.9455
 1-4 NB =       440.4346  1-4 EEL =      4622.8680  VDWAALS    =     11581.3477
 EELEC  =   -109698.6751  EHBOND  =         0.0000  RESTRAINT  =       143.8507
 EAMBER (non-restraint)  =    -90201.8613
 ------------------------------------------------------------------------------

wrapping first mol.:      -50.55603       35.74852       61.91825
wrapping first mol.:      -50.55603       35.74852       61.91825

 NSTEP =    43000   TIME(PS) =     826.000  TEMP(K) =   300.74  PRESS =     0.0
 Etot   =    -72448.2324  EKtot   =     17896.6758  EPtot      =    -90344.9081
 BOND   =       392.8899  ANGLE   =      1098.4555  DIHED      =      1367.0575
 1-4 NB =       449.4638  1-4 EEL =      4598.2335  VDWAALS    =     11603.5009
 EELEC  =   -109992.8541  EHBOND  =         0.0000  RESTRAINT  =       138.3449
 EAMBER (non-restraint)  =    -90483.2530
 ------------------------------------------------------------------------------

wrapping first mol.:      -50.55603       35.74852       61.91825
wrapping first mol.:      -50.55603       35.74852       61.91825

 NSTEP =    43500   TIME(PS) =     827.000  TEMP(K) =   299.26  PRESS =     0.0
 Etot   =    -72158.8676  EKtot   =     17809.0371  EPtot      =    -89967.9047
 BOND   =       412.4404  ANGLE   =      1068.4244  DIHED      =      1413.7115
 1-4 NB =       455.4952  1-4 EEL =      4607.6064  VDWAALS    =     11348.2754
 EELEC  =   -109411.3664  EHBOND  =         0.0000  RESTRAINT  =       137.5083
 EAMBER (non-restraint)  =    -90105.4131
 ------------------------------------------------------------------------------

wrapping first mol.:      -50.55603       35.74852       61.91825
wrapping first mol.:      -50.55603       35.74852       61.91825

 NSTEP =    44000   TIME(PS) =     828.000  TEMP(K) =   298.00  PRESS =     0.0
 Etot   =    -72033.1515  EKtot   =     17733.8613  EPtot      =    -89767.0128
 BOND   =       385.0105  ANGLE   =      1097.4984  DIHED      =      1384.3636
 1-4 NB =       456.7863  1-4 EEL =      4595.5157  VDWAALS    =     11392.2956
 EELEC  =   -109222.1227  EHBOND  =         0.0000  RESTRAINT  =       143.6398
 EAMBER (non-restraint)  =    -89910.6526
 ------------------------------------------------------------------------------

wrapping first mol.:      -50.55603       35.74852       61.91825
wrapping first mol.:      -50.55603       35.74852       61.91825

 NSTEP =    44500   TIME(PS) =     829.000  TEMP(K) =   297.93  PRESS =     0.0
 Etot   =    -72060.7989  EKtot   =     17729.6211  EPtot      =    -89790.4200
 BOND   =       395.5569  ANGLE   =      1101.9982  DIHED      =      1412.7269
 1-4 NB =       453.9705  1-4 EEL =      4606.2832  VDWAALS    =     11278.4609
 EELEC  =   -109185.2876  EHBOND  =         0.0000  RESTRAINT  =       145.8709
 EAMBER (non-restraint)  =    -89936.2909
 ------------------------------------------------------------------------------

wrapping first mol.:      -50.55603       35.74852       61.91825
wrapping first mol.:      -50.55603       35.74852       61.91825

 NSTEP =    45000   TIME(PS) =     830.000  TEMP(K) =   303.43  PRESS =     0.0
 Etot   =    -71869.7757  EKtot   =     18057.2031  EPtot      =    -89926.9789
 BOND   =       370.7960  ANGLE   =      1061.6466  DIHED      =      1397.0716
 1-4 NB =       451.4300  1-4 EEL =      4591.9966  VDWAALS    =     11423.3686
 EELEC  =   -109364.7289  EHBOND  =         0.0000  RESTRAINT  =       141.4406
 EAMBER (non-restraint)  =    -90068.4194
 ------------------------------------------------------------------------------

wrapping first mol.:      -50.55603       35.74852       61.91825
wrapping first mol.:      -50.55603       35.74852       61.91825

 NSTEP =    45500   TIME(PS) =     831.000  TEMP(K) =   302.53  PRESS =     0.0
 Etot   =    -71893.6763  EKtot   =     18003.4297  EPtot      =    -89897.1060
 BOND   =       378.1530  ANGLE   =      1106.1179  DIHED      =      1393.6296
 1-4 NB =       451.6567  1-4 EEL =      4609.6880  VDWAALS    =     11282.4376
 EELEC  =   -109246.7061  EHBOND  =         0.0000  RESTRAINT  =       127.9173
 EAMBER (non-restraint)  =    -90025.0233
 ------------------------------------------------------------------------------

wrapping first mol.:      -50.55603       35.74852       61.91825
wrapping first mol.:      -50.55603       35.74852       61.91825

 NSTEP =    46000   TIME(PS) =     832.000  TEMP(K) =   301.68  PRESS =     0.0
 Etot   =    -71842.5975  EKtot   =     17953.0684  EPtot      =    -89795.6658
 BOND   =       409.9505  ANGLE   =      1091.1711  DIHED      =      1396.8340
 1-4 NB =       448.9293  1-4 EEL =      4598.2281  VDWAALS    =     11244.8174
 EELEC  =   -109134.7668  EHBOND  =         0.0000  RESTRAINT  =       149.1706
 EAMBER (non-restraint)  =    -89944.8365
 ------------------------------------------------------------------------------

wrapping first mol.:      -50.55603       35.74852       61.91825
wrapping first mol.:      -50.55603       35.74852       61.91825

 NSTEP =    46500   TIME(PS) =     833.000  TEMP(K) =   299.84  PRESS =     0.0
 Etot   =    -71871.5118  EKtot   =     17843.1016  EPtot      =    -89714.6134
 BOND   =       374.6476  ANGLE   =      1067.1601  DIHED      =      1370.7442
 1-4 NB =       456.7089  1-4 EEL =      4612.6979  VDWAALS    =     11279.8978
 EELEC  =   -109002.1652  EHBOND  =         0.0000  RESTRAINT  =       125.6954
 EAMBER (non-restraint)  =    -89840.3087
 ------------------------------------------------------------------------------

wrapping first mol.:      -50.55603       35.74852       61.91825
wrapping first mol.:      -50.55603       35.74852       61.91825

 NSTEP =    47000   TIME(PS) =     834.000  TEMP(K) =   301.57  PRESS =     0.0
 Etot   =    -71941.5291  EKtot   =     17946.1895  EPtot      =    -89887.7185
 BOND   =       387.9755  ANGLE   =      1085.3762  DIHED      =      1398.0612
 1-4 NB =       456.8167  1-4 EEL =      4632.0191  VDWAALS    =     11371.4285
 EELEC  =   -109340.5104  EHBOND  =         0.0000  RESTRAINT  =       121.1147
 EAMBER (non-restraint)  =    -90008.8332
 ------------------------------------------------------------------------------

wrapping first mol.:      -50.55603       35.74852       61.91825
wrapping first mol.:      -50.55603       35.74852       61.91825

 NSTEP =    47500   TIME(PS) =     835.000  TEMP(K) =   298.36  PRESS =     0.0
 Etot   =    -71989.8177  EKtot   =     17755.2305  EPtot      =    -89745.0481
 BOND   =       409.8383  ANGLE   =      1060.2338  DIHED      =      1381.1215
 1-4 NB =       456.0320  1-4 EEL =      4613.8861  VDWAALS    =     11556.4771
 EELEC  =   -109366.1195  EHBOND  =         0.0000  RESTRAINT  =       143.4827
 EAMBER (non-restraint)  =    -89888.5309
 ------------------------------------------------------------------------------

wrapping first mol.:      -50.55603       35.74852       61.91825
wrapping first mol.:      -50.55603       35.74852       61.91825

 NSTEP =    48000   TIME(PS) =     836.000  TEMP(K) =   297.80  PRESS =     0.0
 Etot   =    -72245.7363  EKtot   =     17721.6816  EPtot      =    -89967.4179
 BOND   =       411.4854  ANGLE   =      1067.2814  DIHED      =      1382.3833
 1-4 NB =       456.8139  1-4 EEL =      4592.9972  VDWAALS    =     11441.0961
 EELEC  =   -109457.4235  EHBOND  =         0.0000  RESTRAINT  =       137.9484
 EAMBER (non-restraint)  =    -90105.3663
 ------------------------------------------------------------------------------

wrapping first mol.:      -50.55603       35.74852       61.91825
wrapping first mol.:      -50.55603       35.74852       61.91825

 NSTEP =    48500   TIME(PS) =     837.000  TEMP(K) =   299.74  PRESS =     0.0
 Etot   =    -71995.7851  EKtot   =     17837.2422  EPtot      =    -89833.0273
 BOND   =       409.5378  ANGLE   =      1136.1483  DIHED      =      1410.2390
 1-4 NB =       451.7358  1-4 EEL =      4581.7231  VDWAALS    =     11529.9269
 EELEC  =   -109483.7077  EHBOND  =         0.0000  RESTRAINT  =       131.3696
 EAMBER (non-restraint)  =    -89964.3968
 ------------------------------------------------------------------------------

wrapping first mol.:      -50.55603       35.74852       61.91825
wrapping first mol.:      -50.55603       35.74852       61.91825

 NSTEP =    49000   TIME(PS) =     838.000  TEMP(K) =   299.21  PRESS =     0.0
 Etot   =    -72171.1138  EKtot   =     17805.6484  EPtot      =    -89976.7623
 BOND   =       393.5851  ANGLE   =      1130.3845  DIHED      =      1407.9869
 1-4 NB =       454.8133  1-4 EEL =      4570.5351  VDWAALS    =     11470.6751
 EELEC  =   -109543.7611  EHBOND  =         0.0000  RESTRAINT  =       139.0189
 EAMBER (non-restraint)  =    -90115.7812
 ------------------------------------------------------------------------------

wrapping first mol.:      -50.55603       35.74852       61.91825
wrapping first mol.:      -50.55603       35.74852       61.91825

 NSTEP =    49500   TIME(PS) =     839.000  TEMP(K) =   299.72  PRESS =     0.0
 Etot   =    -72028.8307  EKtot   =     17836.2402  EPtot      =    -89865.0709
 BOND   =       409.2866  ANGLE   =      1047.9310  DIHED      =      1405.8995
 1-4 NB =       465.8771  1-4 EEL =      4576.3274  VDWAALS    =     11279.6897
 EELEC  =   -109186.0357  EHBOND  =         0.0000  RESTRAINT  =       135.9534
 EAMBER (non-restraint)  =    -90001.0243
 ------------------------------------------------------------------------------

wrapping first mol.:      -50.55603       35.74852       61.91825
wrapping first mol.:      -50.55603       35.74852       61.91825

 NSTEP =    50000   TIME(PS) =     840.000  TEMP(K) =   300.78  PRESS =     0.0
 Etot   =    -72193.7881  EKtot   =     17899.2656  EPtot      =    -90093.0537
 BOND   =       403.3473  ANGLE   =      1097.5774  DIHED      =      1418.7156
 1-4 NB =       446.3732  1-4 EEL =      4555.0289  VDWAALS    =     11261.1826
 EELEC  =   -109417.9623  EHBOND  =         0.0000  RESTRAINT  =       142.6837
 EAMBER (non-restraint)  =    -90235.7374
 ------------------------------------------------------------------------------


      A V E R A G E S   O V E R     100 S T E P S


 NSTEP =    50000   TIME(PS) =     840.000  TEMP(K) =   300.04  PRESS =     0.0
 Etot   =    -72133.3935  EKtot   =     17855.1654  EPtot      =    -89988.5589
 BOND   =       390.9085  ANGLE   =      1094.7362  DIHED      =      1399.5899
 1-4 NB =       452.1185  1-4 EEL =      4595.8748  VDWAALS    =     11428.9643
 EELEC  =   -109486.9224  EHBOND  =         0.0000  RESTRAINT  =       136.1712
 EAMBER (non-restraint)  =    -90124.7302
 ------------------------------------------------------------------------------


      R M S  F L U C T U A T I O N S


 NSTEP =    50000   TIME(PS) =     840.000  TEMP(K) =     1.68  PRESS =     0.0
 Etot   =       191.0785  EKtot   =       100.2014  EPtot      =       154.2486
 BOND   =        16.4910  ANGLE   =        23.2785  DIHED      =        12.9865
 1-4 NB =         7.2756  1-4 EEL =        27.3089  VDWAALS    =       154.1177
 EELEC  =       247.7288  EHBOND  =         0.0000  RESTRAINT  =         7.4485
 EAMBER (non-restraint)  =       146.8001
 ------------------------------------------------------------------------------

--------------------------------------------------------------------------------
   5.  TIMINGS
--------------------------------------------------------------------------------

|  NonSetup CPU Time in Major Routines:
|
|     Routine           Sec        %
|     ------------------------------
|     Nonbond           9.19   15.51
|     Bond              0.00    0.00
|     Angle             0.00    0.00
|     Dihedral          0.00    0.00
|     Shake             0.70    1.19
|     RunMD            49.29   83.16
|     Other             0.09    0.15
|     ------------------------------
|     Total            59.28

|  PME Nonbond Pairlist CPU Time:
|
|     Routine              Sec        %
|     ---------------------------------
|     Set Up Cit           0.00    0.00
|     Build List           0.00    0.00
|     ---------------------------------
|     Total                0.00    0.00

|  PME Direct Force CPU Time:
|
|     Routine              Sec        %
|     ---------------------------------
|     NonBonded Calc       0.00    0.00
|     Exclude Masked       0.00    0.00
|     Other                0.04    0.07
|     ---------------------------------
|     Total                0.04    0.07

|  PME Reciprocal Force CPU Time:
|
|     Routine              Sec        %
|     ---------------------------------
|     1D bspline           0.00    0.00
|     Grid Charges         0.00    0.00
|     Scalar Sum           0.00    0.00
|     Gradient Sum         0.00    0.00
|     FFT                  0.00    0.00
|     ---------------------------------
|     Total                0.00    0.00

|  Final Performance Info:
|     -----------------------------------------------------
|     Average timings for last   49500 steps:
|     Elapsed(s) =      59.27 Per Step(ms) =       1.20
|         ns/day =     144.32   seconds/ns =     598.69
|
|     Average timings for all steps:
|     Elapsed(s) =      59.89 Per Step(ms) =       1.20
|         ns/day =     144.27   seconds/ns =     598.88
|     -----------------------------------------------------

|  Setup CPU time:            2.26 seconds
|  NonSetup CPU time:        59.28 seconds
|  Total CPU time:           61.54 seconds     0.02 hours

|  Setup wall time:           3    seconds
|  NonSetup wall time:       60    seconds
|  Total wall time:          63    seconds     0.02 hours
