
          -------------------------------------------------------
          Amber 16 PMEMD                              2016
          -------------------------------------------------------

| PMEMD implementation of SANDER, Release 16

| Run on 11/03/2017 at 15:29:16

|   Executable path: /apps/amber16/bin/pmemd.cuda
| Working directory: /home/pbarletta
|          Hostname: mordor

  [-O]verwriting output

File Assignments:
|   MDIN: /scratch/pbarletta/2pdz/run/lb/mhe/e/9equ.in                          
|  MDOUT: /scratch/pbarletta/2pdz/run/lb/mhe/e/9equ.out                         
| INPCRD: /scratch/pbarletta/2pdz/run/lb/mhe/e/8elb.rst7                        
|   PARM: /scratch/pbarletta/2pdz/top_files/lb.prmtop                           
| RESTRT: /scratch/pbarletta/2pdz/run/lb/mhe/e/9elb.rst7                        
|   REFC: /scratch/pbarletta/2pdz/run/lb/mhe/e/8elb.rst7                        
|  MDVEL: mdvel                                                                 
|   MDEN: mden                                                                  
|  MDCRD: /scratch/pbarletta/2pdz/run/lb/mhe/e/9elb.nc                          
| MDINFO: mdinfo                                                                
|  MDFRC: mdfrc                                                                 


 Here is the input file:

Equilibration with solute restrictions                                         
&cntrl                                                                         
imin = 0,                           ! No Minimization                          
nmropt = 0,                         ! No NMR restraints read                   
                                                                               
! Nature and format of the input                                               
ntx = 5,                            ! Coordinates but no velocities will be rea
irest = 1,                          ! Do not run a new simulation              
                                                                               
! Nature and format of the output                                              
ntxo = 1,                           ! rstrt file in ASCII format               
ntpr = 500,                         ! inf in output every ntpr steps           
ntwr = 500,                         ! rstrt file every ntwr steps              
ntwx = 500,                         ! mdcrd file every ntwx steps              
ntwv = 0,                           ! mdvel without velocities                 
ntwe = 0,                           ! Energies and temperatures not written in 
idecomp = 0,                        ! No energy decomposition                  
iwrap = 1,                          ! Coordinates of the restart and mdcrd file
                                                                               
! Frozen or restrained atoms                                                   
ibelly = 0,                         ! No frozen atoms                          
ntr=1,                              ! Harmonic potential restraints            
restraint_wt = 8.0,                ! The weight for the positional restraints  
restraintmask = ':1-132@N,CA,C,O',  ! restrained residues                      
                                                                               
! Molecular dynamics                                                           
nstlim = 50000,                     ! Number of MD-steps                       
dt = 0.002,                         ! Time step                                
                                                                               
! Temperature regulation                                                       
ntt = 3,                            ! Langevin thermostat                      
gamma_ln = 5,                       ! Gamma constant for Langevin              
temp0 = 300.0,                      ! Reference T at which the system is to be 
tempi = 300.0,                      ! Initial T                                
ig = -1,                            ! Seed for the RNG                         
                                                                               
! P and V regulation                                                           
ntp = 0,                            ! No pressure control                      
ntb = 1,                            ! Periodic box for constant V              
                                                                               
! SHAKE variables                                                              
ntc = 2,                            ! Bonds involving H are constrained        
ntf = 2,                            ! Bond interaction involving H are ommited.
                                                                               
cut = 10.0,                         ! Nonbonded cutoff                         
/                                                                              
&end                                                                           


Note: ig = -1. Setting random seed to   713649 based on wallclock time in 
      microseconds.
| irandom = 1, using AMBER's internal random number generator (default).
 
|--------------------- INFORMATION ----------------------
| GPU (CUDA) Version of PMEMD in use: NVIDIA GPU IN USE.
|                    Version 16.0.0
| 
|                      02/25/2016
| 
| Implementation by:
|                    Ross C. Walker     (SDSC)
|                    Scott Le Grand     (nVIDIA)
| 
| Precision model in use:
|      [SPFP] - Single Precision Forces, 64-bit Fixed Point
|               Accumulation. (Default)
| 
|--------------------------------------------------------
 
|----------------- CITATION INFORMATION -----------------
|
|    When publishing work that utilized the CUDA version
|    of AMBER, please cite the following in addition to
|    the regular AMBER citations:
|
|  - Romelia Salomon-Ferrer; Andreas W. Goetz; Duncan
|    Poole; Scott Le Grand; Ross C. Walker "Routine
|    microsecond molecular dynamics simulations with
|    AMBER - Part II: Particle Mesh Ewald", J. Chem.
|    Theory Comput., 2013, 9 (9), pp3878-3888,
|    DOI: 10.1021/ct400314y.
|
|  - Andreas W. Goetz; Mark J. Williamson; Dong Xu;
|    Duncan Poole; Scott Le Grand; Ross C. Walker
|    "Routine microsecond molecular dynamics simulations
|    with AMBER - Part I: Generalized Born", J. Chem.
|    Theory Comput., 2012, 8 (5), pp1542-1555.
|
|  - Scott Le Grand; Andreas W. Goetz; Ross C. Walker
|    "SPFP: Speed without compromise - a mixed precision
|    model for GPU accelerated molecular dynamics
|    simulations.", Comp. Phys. Comm., 2013, 184
|    pp374-380, DOI: 10.1016/j.cpc.2012.09.022
|
|--------------------------------------------------------
 
|------------------- GPU DEVICE INFO --------------------
|
|            CUDA_VISIBLE_DEVICES: 2
|   CUDA Capable Devices Detected:      1
|           CUDA Device ID in use:      0
|                CUDA Device Name: GeForce GTX 1080 Ti
|     CUDA Device Global Mem Size:  11172 MB
| CUDA Device Num Multiprocessors:     28
|           CUDA Device Core Freq:   1.58 GHz
|
|--------------------------------------------------------
 
 
| Conditional Compilation Defines Used:
| PUBFFT
| BINTRAJ
| CUDA
| EMIL

| Largest sphere to fit in unit cell has radius =    30.959

| New format PARM file being parsed.
| Version =    1.000 Date = 11/03/17 Time = 14:56:09

| Note: 1-4 EEL scale factors are being read from the topology file.

| Note: 1-4 VDW scale factors are being read from the topology file.
| Duplicated    0 dihedrals

| Duplicated    0 dihedrals

--------------------------------------------------------------------------------
   1.  RESOURCE   USE: 
--------------------------------------------------------------------------------

 getting new box info from bottom of inpcrd
 NATOM  =   29433 NTYPES =      16 NBONH =   28406 MBONA  =    1038
 NTHETH =    2390 MTHETA =    1396 NPHIH =    4631 MPHIA  =    3488
 NHPARM =       0 NPARM  =       0 NNB   =   47902 NRES   =    9251
 NBONA  =    1038 NTHETA =    1396 NPHIA =    3488 NUMBND =      45
 NUMANG =      95 NPTRA  =      43 NATYP =      29 NPHB   =       1
 IFBOX  =       2 NMXRS  =      24 IFCAP =       0 NEXTRA =       0
 NCOPY  =       0

| Coordinate Index Table dimensions:    12   12   12
| Direct force subcell size =     6.3195    6.3195    6.3195

     BOX TYPE: TRUNCATED OCTAHEDRON

--------------------------------------------------------------------------------
   2.  CONTROL  DATA  FOR  THE  RUN
--------------------------------------------------------------------------------

default_name                                                                    

General flags:
     imin    =       0, nmropt  =       0

Nature and format of input:
     ntx     =       5, irest   =       1, ntrx    =       1

Nature and format of output:
     ntxo    =       1, ntpr    =     500, ntrx    =       1, ntwr    =     500
     iwrap   =       1, ntwx    =     500, ntwv    =       0, ntwe    =       0
     ioutfm  =       1, ntwprt  =       0, idecomp =       0, rbornstat=      0

Potential function:
     ntf     =       2, ntb     =       1, igb     =       0, nsnb    =      25
     ipol    =       0, gbsa    =       0, iesp    =       0
     dielc   =   1.00000, cut     =  10.00000, intdiel =   1.00000

Frozen or restrained atoms:
     ibelly  =       0, ntr     =       1
     restraint_wt =   8.00000

Molecular dynamics:
     nstlim  =     50000, nscm    =         0, nrespa  =         1
     t       =   0.00000, dt      =   0.00200, vlimit  =  -1.00000

Langevin dynamics temperature regulation:
     ig      =  713649
     temp0   = 300.00000, tempi   = 300.00000, gamma_ln=   5.00000

SHAKE:
     ntc     =       2, jfastw  =       0
     tol     =   0.00001

| Intermolecular bonds treatment:
|     no_intermolecular_bonds =       1

| Energy averages sample interval:
|     ene_avg_sampling =     500

Ewald parameters:
     verbose =       0, ew_type =       0, nbflag  =       1, use_pme =       1
     vdwmeth =       1, eedmeth =       1, netfrc  =       1
     Box X =   75.834   Box Y =   75.834   Box Z =   75.834
     Alpha =  109.471   Beta  =  109.471   Gamma =  109.471
     NFFT1 =   80       NFFT2 =   80       NFFT3 =   80
     Cutoff=   10.000   Tol   =0.100E-04
     Ewald Coefficient =  0.27511
     Interpolation order =    4

    LOADING THE CONSTRAINED ATOMS AS GROUPS


   5.  REFERENCE ATOM COORDINATES

  default_name                                                                    
     Mask :1-132@N,CA,C,O; matches   528 atoms

--------------------------------------------------------------------------------
   3.  ATOMIC COORDINATES AND VELOCITIES
--------------------------------------------------------------------------------

default_name                                                                    
 begin time read from input coords =   940.000 ps

 
 Number of triangulated 3-point waters found:     9119

     Sum of charges from parm topology file =  -0.00000008
     Forcing neutrality...

| Dynamic Memory, Types Used:
| Reals              999088
| Integers           921097

| Nonbonded Pairs Initial Allocation:     8902746

| GPU memory information (estimate):
| KB of GPU memory in use:    214995
| KB of CPU memory in use:     45027

--------------------------------------------------------------------------------
   4.  RESULTS
--------------------------------------------------------------------------------

 ---------------------------------------------------
 APPROXIMATING switch and d/dx switch using CUBIC SPLINE INTERPOLATION
 using   5000.0 points per unit in tabled values
 TESTING RELATIVE ERROR over r ranging from 0.0 to cutoff
| CHECK switch(x): max rel err =   0.2738E-14   at   2.422500
| CHECK d/dx switch(x): max rel err =   0.8314E-11   at   2.736960
 ---------------------------------------------------
|---------------------------------------------------
| APPROXIMATING direct energy using CUBIC SPLINE INTERPOLATION
|  with   50.0 points per unit in tabled values
| Relative Error Limit not exceeded for r .gt.   2.33
| APPROXIMATING direct force using CUBIC SPLINE INTERPOLATION
|  with   50.0 points per unit in tabled values
| Relative Error Limit not exceeded for r .gt.   2.80
|---------------------------------------------------
wrapping first mol.:      -50.55603       35.74852       61.91825
wrapping first mol.:      -50.55603       35.74852       61.91825

 NSTEP =      500   TIME(PS) =     941.000  TEMP(K) =   299.33  PRESS =     0.0
 Etot   =    -72091.1847  EKtot   =     17813.2246  EPtot      =    -89904.4093
 BOND   =       416.3318  ANGLE   =      1145.0483  DIHED      =      1387.1760
 1-4 NB =       452.9142  1-4 EEL =      4574.9898  VDWAALS    =     11285.5557
 EELEC  =   -109303.2483  EHBOND  =         0.0000  RESTRAINT  =       136.8232
 EAMBER (non-restraint)  =    -90041.2324
 ------------------------------------------------------------------------------

wrapping first mol.:      -50.55603       35.74852       61.91825
wrapping first mol.:      -50.55603       35.74852       61.91825

 NSTEP =     1000   TIME(PS) =     942.000  TEMP(K) =   298.58  PRESS =     0.0
 Etot   =    -72347.5453  EKtot   =     17768.4062  EPtot      =    -90115.9515
 BOND   =       387.1529  ANGLE   =      1098.9097  DIHED      =      1370.8164
 1-4 NB =       455.9861  1-4 EEL =      4583.6531  VDWAALS    =     11516.8400
 EELEC  =   -109664.8796  EHBOND  =         0.0000  RESTRAINT  =       135.5699
 EAMBER (non-restraint)  =    -90251.5214
 ------------------------------------------------------------------------------

wrapping first mol.:      -50.55603       35.74852       61.91825
wrapping first mol.:      -50.55603       35.74852       61.91825

 NSTEP =     1500   TIME(PS) =     943.000  TEMP(K) =   301.20  PRESS =     0.0
 Etot   =    -72299.3140  EKtot   =     17924.2168  EPtot      =    -90223.5308
 BOND   =       378.7962  ANGLE   =      1093.8980  DIHED      =      1376.5982
 1-4 NB =       453.8973  1-4 EEL =      4574.6821  VDWAALS    =     11399.0154
 EELEC  =   -109629.7952  EHBOND  =         0.0000  RESTRAINT  =       129.3771
 EAMBER (non-restraint)  =    -90352.9079
 ------------------------------------------------------------------------------

wrapping first mol.:      -50.55603       35.74852       61.91825
wrapping first mol.:      -50.55603       35.74852       61.91825

 NSTEP =     2000   TIME(PS) =     944.000  TEMP(K) =   297.09  PRESS =     0.0
 Etot   =    -72459.4155  EKtot   =     17679.8574  EPtot      =    -90139.2729
 BOND   =       369.1482  ANGLE   =      1093.0292  DIHED      =      1399.4484
 1-4 NB =       454.8393  1-4 EEL =      4595.6084  VDWAALS    =     11534.2346
 EELEC  =   -109708.0291  EHBOND  =         0.0000  RESTRAINT  =       122.4483
 EAMBER (non-restraint)  =    -90261.7212
 ------------------------------------------------------------------------------

wrapping first mol.:      -50.55603       35.74852       61.91825
wrapping first mol.:      -50.55603       35.74852       61.91825

 NSTEP =     2500   TIME(PS) =     945.000  TEMP(K) =   300.54  PRESS =     0.0
 Etot   =    -72270.8712  EKtot   =     17885.1426  EPtot      =    -90156.0138
 BOND   =       401.5865  ANGLE   =      1140.0979  DIHED      =      1381.0334
 1-4 NB =       450.4443  1-4 EEL =      4579.6865  VDWAALS    =     11284.6718
 EELEC  =   -109522.3361  EHBOND  =         0.0000  RESTRAINT  =       128.8019
 EAMBER (non-restraint)  =    -90284.8157
 ------------------------------------------------------------------------------

wrapping first mol.:      -50.55603       35.74852       61.91825
wrapping first mol.:      -50.55603       35.74852       61.91825

 NSTEP =     3000   TIME(PS) =     946.000  TEMP(K) =   298.63  PRESS =     0.0
 Etot   =    -72258.7291  EKtot   =     17771.3711  EPtot      =    -90030.1002
 BOND   =       394.5233  ANGLE   =      1094.0067  DIHED      =      1407.3012
 1-4 NB =       467.1387  1-4 EEL =      4599.7150  VDWAALS    =     11315.9472
 EELEC  =   -109439.5323  EHBOND  =         0.0000  RESTRAINT  =       130.8001
 EAMBER (non-restraint)  =    -90160.9003
 ------------------------------------------------------------------------------

wrapping first mol.:      -50.55603       35.74852       61.91825
wrapping first mol.:      -50.55603       35.74852       61.91825

 NSTEP =     3500   TIME(PS) =     947.000  TEMP(K) =   298.65  PRESS =     0.0
 Etot   =    -72462.8105  EKtot   =     17772.6523  EPtot      =    -90235.4628
 BOND   =       392.6451  ANGLE   =      1100.0260  DIHED      =      1386.9818
 1-4 NB =       440.4524  1-4 EEL =      4614.3633  VDWAALS    =     11539.3143
 EELEC  =   -109828.5395  EHBOND  =         0.0000  RESTRAINT  =       119.2938
 EAMBER (non-restraint)  =    -90354.7567
 ------------------------------------------------------------------------------

wrapping first mol.:      -50.55603       35.74852       61.91825
wrapping first mol.:      -50.55603       35.74852       61.91825

 NSTEP =     4000   TIME(PS) =     948.000  TEMP(K) =   303.83  PRESS =     0.0
 Etot   =    -71788.2853  EKtot   =     18080.9141  EPtot      =    -89869.1994
 BOND   =       394.5914  ANGLE   =      1127.3015  DIHED      =      1372.3398
 1-4 NB =       453.2630  1-4 EEL =      4616.1020  VDWAALS    =     11484.2843
 EELEC  =   -109439.7636  EHBOND  =         0.0000  RESTRAINT  =       122.6822
 EAMBER (non-restraint)  =    -89991.8815
 ------------------------------------------------------------------------------

wrapping first mol.:      -50.55603       35.74852       61.91825
wrapping first mol.:      -50.55603       35.74852       61.91825

 NSTEP =     4500   TIME(PS) =     949.000  TEMP(K) =   300.26  PRESS =     0.0
 Etot   =    -72079.6793  EKtot   =     17868.0684  EPtot      =    -89947.7476
 BOND   =       416.1682  ANGLE   =      1100.2792  DIHED      =      1391.7201
 1-4 NB =       454.9136  1-4 EEL =      4572.7459  VDWAALS    =     11343.8332
 EELEC  =   -109335.2078  EHBOND  =         0.0000  RESTRAINT  =       107.8000
 EAMBER (non-restraint)  =    -90055.5476
 ------------------------------------------------------------------------------

wrapping first mol.:      -50.55603       35.74852       61.91825
wrapping first mol.:      -50.55603       35.74852       61.91825

 NSTEP =     5000   TIME(PS) =     950.000  TEMP(K) =   300.36  PRESS =     0.0
 Etot   =    -72263.5724  EKtot   =     17874.1523  EPtot      =    -90137.7248
 BOND   =       382.0102  ANGLE   =      1097.3756  DIHED      =      1407.7493
 1-4 NB =       457.0054  1-4 EEL =      4607.0831  VDWAALS    =     11465.7905
 EELEC  =   -109679.0638  EHBOND  =         0.0000  RESTRAINT  =       124.3250
 EAMBER (non-restraint)  =    -90262.0498
 ------------------------------------------------------------------------------

wrapping first mol.:      -50.55603       35.74852       61.91825
wrapping first mol.:      -50.55603       35.74852       61.91825

 NSTEP =     5500   TIME(PS) =     951.000  TEMP(K) =   297.25  PRESS =     0.0
 Etot   =    -72186.0022  EKtot   =     17689.3105  EPtot      =    -89875.3127
 BOND   =       377.2789  ANGLE   =      1095.9629  DIHED      =      1381.7758
 1-4 NB =       471.7942  1-4 EEL =      4632.1085  VDWAALS    =     11355.6791
 EELEC  =   -109320.9205  EHBOND  =         0.0000  RESTRAINT  =       131.0084
 EAMBER (non-restraint)  =    -90006.3211
 ------------------------------------------------------------------------------

wrapping first mol.:      -50.55603       35.74852       61.91825
wrapping first mol.:      -50.55603       35.74852       61.91825

 NSTEP =     6000   TIME(PS) =     952.000  TEMP(K) =   300.04  PRESS =     0.0
 Etot   =    -71714.1918  EKtot   =     17855.3672  EPtot      =    -89569.5590
 BOND   =       403.0284  ANGLE   =      1099.6295  DIHED      =      1379.1889
 1-4 NB =       463.9198  1-4 EEL =      4627.5415  VDWAALS    =     11285.2313
 EELEC  =   -108963.3306  EHBOND  =         0.0000  RESTRAINT  =       135.2323
 EAMBER (non-restraint)  =    -89704.7913
 ------------------------------------------------------------------------------

wrapping first mol.:      -50.55603       35.74852       61.91825
wrapping first mol.:      -50.55603       35.74852       61.91825

 NSTEP =     6500   TIME(PS) =     953.000  TEMP(K) =   301.44  PRESS =     0.0
 Etot   =    -71937.6040  EKtot   =     17938.4355  EPtot      =    -89876.0395
 BOND   =       393.9185  ANGLE   =      1141.8445  DIHED      =      1389.8415
 1-4 NB =       446.8772  1-4 EEL =      4613.4435  VDWAALS    =     11453.1497
 EELEC  =   -109450.9843  EHBOND  =         0.0000  RESTRAINT  =       135.8699
 EAMBER (non-restraint)  =    -90011.9094
 ------------------------------------------------------------------------------

wrapping first mol.:      -50.55603       35.74852       61.91825
wrapping first mol.:      -50.55603       35.74852       61.91825

 NSTEP =     7000   TIME(PS) =     954.000  TEMP(K) =   304.32  PRESS =     0.0
 Etot   =    -71936.3464  EKtot   =     18109.7324  EPtot      =    -90046.0788
 BOND   =       394.9667  ANGLE   =      1061.2712  DIHED      =      1391.5531
 1-4 NB =       446.1177  1-4 EEL =      4625.9525  VDWAALS    =     11286.3623
 EELEC  =   -109388.4004  EHBOND  =         0.0000  RESTRAINT  =       136.0979
 EAMBER (non-restraint)  =    -90182.1767
 ------------------------------------------------------------------------------

wrapping first mol.:      -50.55603       35.74852       61.91825
wrapping first mol.:      -50.55603       35.74852       61.91825

 NSTEP =     7500   TIME(PS) =     955.000  TEMP(K) =   299.74  PRESS =     0.0
 Etot   =    -72042.8076  EKtot   =     17837.0723  EPtot      =    -89879.8799
 BOND   =       394.9326  ANGLE   =      1088.8851  DIHED      =      1396.7434
 1-4 NB =       447.4562  1-4 EEL =      4623.2719  VDWAALS    =     11306.9827
 EELEC  =   -109271.6829  EHBOND  =         0.0000  RESTRAINT  =       133.5312
 EAMBER (non-restraint)  =    -90013.4111
 ------------------------------------------------------------------------------

wrapping first mol.:      -50.55603       35.74852       61.91825
wrapping first mol.:      -50.55603       35.74852       61.91825

 NSTEP =     8000   TIME(PS) =     956.000  TEMP(K) =   300.46  PRESS =     0.0
 Etot   =    -71986.0596  EKtot   =     17880.3398  EPtot      =    -89866.3995
 BOND   =       417.5644  ANGLE   =      1117.9264  DIHED      =      1395.7848
 1-4 NB =       453.2114  1-4 EEL =      4628.5668  VDWAALS    =     11503.6993
 EELEC  =   -109513.0191  EHBOND  =         0.0000  RESTRAINT  =       129.8667
 EAMBER (non-restraint)  =    -89996.2662
 ------------------------------------------------------------------------------

wrapping first mol.:      -50.55603       35.74852       61.91825
wrapping first mol.:      -50.55603       35.74852       61.91825

 NSTEP =     8500   TIME(PS) =     957.000  TEMP(K) =   301.27  PRESS =     0.0
 Etot   =    -71969.8705  EKtot   =     17928.1406  EPtot      =    -89898.0112
 BOND   =       403.5440  ANGLE   =      1139.4559  DIHED      =      1391.0858
 1-4 NB =       448.9428  1-4 EEL =      4554.0699  VDWAALS    =     11234.8409
 EELEC  =   -109181.9079  EHBOND  =         0.0000  RESTRAINT  =       111.9575
 EAMBER (non-restraint)  =    -90009.9686
 ------------------------------------------------------------------------------

wrapping first mol.:      -50.55603       35.74852       61.91825
wrapping first mol.:      -50.55603       35.74852       61.91825

 NSTEP =     9000   TIME(PS) =     958.000  TEMP(K) =   300.66  PRESS =     0.0
 Etot   =    -71952.4284  EKtot   =     17892.2305  EPtot      =    -89844.6589
 BOND   =       415.8162  ANGLE   =      1088.5841  DIHED      =      1392.5730
 1-4 NB =       451.0561  1-4 EEL =      4619.6620  VDWAALS    =     11336.6894
 EELEC  =   -109277.1367  EHBOND  =         0.0000  RESTRAINT  =       128.0971
 EAMBER (non-restraint)  =    -89972.7559
 ------------------------------------------------------------------------------

wrapping first mol.:      -50.55603       35.74852       61.91825
wrapping first mol.:      -50.55603       35.74852       61.91825

 NSTEP =     9500   TIME(PS) =     959.000  TEMP(K) =   302.10  PRESS =     0.0
 Etot   =    -72176.2792  EKtot   =     17977.7715  EPtot      =    -90154.0507
 BOND   =       362.8832  ANGLE   =      1106.7859  DIHED      =      1399.2044
 1-4 NB =       453.1006  1-4 EEL =      4592.3003  VDWAALS    =     11524.2195
 EELEC  =   -109724.5909  EHBOND  =         0.0000  RESTRAINT  =       132.0465
 EAMBER (non-restraint)  =    -90286.0972
 ------------------------------------------------------------------------------

wrapping first mol.:      -50.55603       35.74852       61.91825
wrapping first mol.:      -50.55603       35.74852       61.91825

 NSTEP =    10000   TIME(PS) =     960.000  TEMP(K) =   303.74  PRESS =     0.0
 Etot   =    -72123.9600  EKtot   =     18075.4277  EPtot      =    -90199.3878
 BOND   =       393.7754  ANGLE   =      1122.4788  DIHED      =      1368.0514
 1-4 NB =       448.5086  1-4 EEL =      4632.3803  VDWAALS    =     11293.2132
 EELEC  =   -109576.3309  EHBOND  =         0.0000  RESTRAINT  =       118.5354
 EAMBER (non-restraint)  =    -90317.9231
 ------------------------------------------------------------------------------

wrapping first mol.:      -50.55603       35.74852       61.91825
wrapping first mol.:      -50.55603       35.74852       61.91825

 NSTEP =    10500   TIME(PS) =     961.000  TEMP(K) =   297.25  PRESS =     0.0
 Etot   =    -72357.8451  EKtot   =     17689.1426  EPtot      =    -90046.9877
 BOND   =       394.1162  ANGLE   =      1077.5287  DIHED      =      1387.0868
 1-4 NB =       454.8259  1-4 EEL =      4635.5900  VDWAALS    =     11812.0350
 EELEC  =   -109935.2098  EHBOND  =         0.0000  RESTRAINT  =       127.0395
 EAMBER (non-restraint)  =    -90174.0272
 ------------------------------------------------------------------------------

wrapping first mol.:      -50.55603       35.74852       61.91825
wrapping first mol.:      -50.55603       35.74852       61.91825

 NSTEP =    11000   TIME(PS) =     962.000  TEMP(K) =   297.94  PRESS =     0.0
 Etot   =    -72283.5302  EKtot   =     17730.1348  EPtot      =    -90013.6650
 BOND   =       426.1685  ANGLE   =      1073.5793  DIHED      =      1395.7698
 1-4 NB =       448.9960  1-4 EEL =      4587.6052  VDWAALS    =     11322.7541
 EELEC  =   -109397.2036  EHBOND  =         0.0000  RESTRAINT  =       128.6658
 EAMBER (non-restraint)  =    -90142.3307
 ------------------------------------------------------------------------------

wrapping first mol.:      -50.55603       35.74852       61.91825
wrapping first mol.:      -50.55603       35.74852       61.91825

 NSTEP =    11500   TIME(PS) =     963.000  TEMP(K) =   298.39  PRESS =     0.0
 Etot   =    -72097.0756  EKtot   =     17757.0762  EPtot      =    -89854.1517
 BOND   =       421.3608  ANGLE   =      1105.7972  DIHED      =      1407.8601
 1-4 NB =       455.5821  1-4 EEL =      4605.0268  VDWAALS    =     11371.8692
 EELEC  =   -109353.8547  EHBOND  =         0.0000  RESTRAINT  =       132.2069
 EAMBER (non-restraint)  =    -89986.3586
 ------------------------------------------------------------------------------

wrapping first mol.:      -50.55603       35.74852       61.91825
wrapping first mol.:      -50.55603       35.74852       61.91825

 NSTEP =    12000   TIME(PS) =     964.000  TEMP(K) =   298.06  PRESS =     0.0
 Etot   =    -72298.5350  EKtot   =     17737.1855  EPtot      =    -90035.7205
 BOND   =       387.2686  ANGLE   =      1169.9361  DIHED      =      1361.7131
 1-4 NB =       447.5613  1-4 EEL =      4585.3341  VDWAALS    =     11602.2780
 EELEC  =   -109704.4432  EHBOND  =         0.0000  RESTRAINT  =       114.6315
 EAMBER (non-restraint)  =    -90150.3520
 ------------------------------------------------------------------------------

wrapping first mol.:      -50.55603       35.74852       61.91825
wrapping first mol.:      -50.55603       35.74852       61.91825

 NSTEP =    12500   TIME(PS) =     965.000  TEMP(K) =   301.02  PRESS =     0.0
 Etot   =    -71964.0900  EKtot   =     17913.7285  EPtot      =    -89877.8186
 BOND   =       382.7549  ANGLE   =      1096.2648  DIHED      =      1378.3062
 1-4 NB =       452.0588  1-4 EEL =      4650.8157  VDWAALS    =     11523.6376
 EELEC  =   -109495.8916  EHBOND  =         0.0000  RESTRAINT  =       134.2350
 EAMBER (non-restraint)  =    -90012.0536
 ------------------------------------------------------------------------------

wrapping first mol.:      -50.55603       35.74852       61.91825
wrapping first mol.:      -50.55603       35.74852       61.91825

 NSTEP =    13000   TIME(PS) =     966.000  TEMP(K) =   299.70  PRESS =     0.0
 Etot   =    -71926.4477  EKtot   =     17834.8652  EPtot      =    -89761.3129
 BOND   =       393.9452  ANGLE   =      1127.1204  DIHED      =      1384.0231
 1-4 NB =       449.7990  1-4 EEL =      4635.4852  VDWAALS    =     11257.3213
 EELEC  =   -109133.3764  EHBOND  =         0.0000  RESTRAINT  =       124.3693
 EAMBER (non-restraint)  =    -89885.6822
 ------------------------------------------------------------------------------

wrapping first mol.:      -50.55603       35.74852       61.91825
wrapping first mol.:      -50.55603       35.74852       61.91825

 NSTEP =    13500   TIME(PS) =     967.000  TEMP(K) =   299.90  PRESS =     0.0
 Etot   =    -72030.8032  EKtot   =     17846.9375  EPtot      =    -89877.7407
 BOND   =       404.9232  ANGLE   =      1081.6895  DIHED      =      1392.0064
 1-4 NB =       445.2093  1-4 EEL =      4604.2213  VDWAALS    =     11471.6278
 EELEC  =   -109389.4415  EHBOND  =         0.0000  RESTRAINT  =       112.0233
 EAMBER (non-restraint)  =    -89989.7640
 ------------------------------------------------------------------------------

wrapping first mol.:      -50.55603       35.74852       61.91825
wrapping first mol.:      -50.55603       35.74852       61.91825

 NSTEP =    14000   TIME(PS) =     968.000  TEMP(K) =   296.67  PRESS =     0.0
 Etot   =    -72408.1512  EKtot   =     17654.7148  EPtot      =    -90062.8660
 BOND   =       398.8943  ANGLE   =      1116.7017  DIHED      =      1365.3731
 1-4 NB =       449.1310  1-4 EEL =      4646.6206  VDWAALS    =     11586.8958
 EELEC  =   -109750.2419  EHBOND  =         0.0000  RESTRAINT  =       123.7594
 EAMBER (non-restraint)  =    -90186.6254
 ------------------------------------------------------------------------------

wrapping first mol.:      -50.55603       35.74852       61.91825
wrapping first mol.:      -50.55603       35.74852       61.91825

 NSTEP =    14500   TIME(PS) =     969.000  TEMP(K) =   298.20  PRESS =     0.0
 Etot   =    -72016.8629  EKtot   =     17745.4629  EPtot      =    -89762.3258
 BOND   =       393.7544  ANGLE   =      1081.5840  DIHED      =      1384.8706
 1-4 NB =       455.3103  1-4 EEL =      4643.8227  VDWAALS    =     11399.5232
 EELEC  =   -109247.2882  EHBOND  =         0.0000  RESTRAINT  =       126.0973
 EAMBER (non-restraint)  =    -89888.4231
 ------------------------------------------------------------------------------

wrapping first mol.:      -50.55603       35.74852       61.91825
wrapping first mol.:      -50.55603       35.74852       61.91825

 NSTEP =    15000   TIME(PS) =     970.000  TEMP(K) =   303.08  PRESS =     0.0
 Etot   =    -71887.4185  EKtot   =     18036.1270  EPtot      =    -89923.5454
 BOND   =       398.4695  ANGLE   =      1104.9734  DIHED      =      1390.4896
 1-4 NB =       449.5662  1-4 EEL =      4540.9803  VDWAALS    =     11258.7903
 EELEC  =   -109186.5148  EHBOND  =         0.0000  RESTRAINT  =       119.7002
 EAMBER (non-restraint)  =    -90043.2456
 ------------------------------------------------------------------------------

wrapping first mol.:      -50.55603       35.74852       61.91825
wrapping first mol.:      -50.55603       35.74852       61.91825

 NSTEP =    15500   TIME(PS) =     971.000  TEMP(K) =   296.03  PRESS =     0.0
 Etot   =    -72054.6711  EKtot   =     17616.8047  EPtot      =    -89671.4758
 BOND   =       412.8374  ANGLE   =      1064.6259  DIHED      =      1421.0219
 1-4 NB =       450.1566  1-4 EEL =      4608.3107  VDWAALS    =     11217.5902
 EELEC  =   -108977.3327  EHBOND  =         0.0000  RESTRAINT  =       131.3141
 EAMBER (non-restraint)  =    -89802.7900
 ------------------------------------------------------------------------------

wrapping first mol.:      -50.55603       35.74852       61.91825
wrapping first mol.:      -50.55603       35.74852       61.91825

 NSTEP =    16000   TIME(PS) =     972.000  TEMP(K) =   301.37  PRESS =     0.0
 Etot   =    -71938.2495  EKtot   =     17934.5117  EPtot      =    -89872.7612
 BOND   =       394.2145  ANGLE   =      1120.4167  DIHED      =      1380.9429
 1-4 NB =       462.8191  1-4 EEL =      4627.1595  VDWAALS    =     11330.4826
 EELEC  =   -109318.6739  EHBOND  =         0.0000  RESTRAINT  =       129.8772
 EAMBER (non-restraint)  =    -90002.6384
 ------------------------------------------------------------------------------

wrapping first mol.:      -50.55603       35.74852       61.91825
wrapping first mol.:      -50.55603       35.74852       61.91825

 NSTEP =    16500   TIME(PS) =     973.000  TEMP(K) =   300.93  PRESS =     0.0
 Etot   =    -72007.5135  EKtot   =     17907.9531  EPtot      =    -89915.4667
 BOND   =       382.4455  ANGLE   =      1140.7112  DIHED      =      1401.2664
 1-4 NB =       449.1064  1-4 EEL =      4614.0283  VDWAALS    =     11418.5133
 EELEC  =   -109444.7475  EHBOND  =         0.0000  RESTRAINT  =       123.2097
 EAMBER (non-restraint)  =    -90038.6764
 ------------------------------------------------------------------------------

wrapping first mol.:      -50.55603       35.74852       61.91825
wrapping first mol.:      -50.55603       35.74852       61.91825

 NSTEP =    17000   TIME(PS) =     974.000  TEMP(K) =   299.73  PRESS =     0.0
 Etot   =    -71923.0035  EKtot   =     17836.9219  EPtot      =    -89759.9253
 BOND   =       408.1211  ANGLE   =      1091.4934  DIHED      =      1367.9348
 1-4 NB =       454.4710  1-4 EEL =      4587.5619  VDWAALS    =     11252.6015
 EELEC  =   -109046.8858  EHBOND  =         0.0000  RESTRAINT  =       124.7768
 EAMBER (non-restraint)  =    -89884.7021
 ------------------------------------------------------------------------------

wrapping first mol.:      -50.55603       35.74852       61.91825
wrapping first mol.:      -50.55603       35.74852       61.91825

 NSTEP =    17500   TIME(PS) =     975.000  TEMP(K) =   300.29  PRESS =     0.0
 Etot   =    -72016.0354  EKtot   =     17869.7949  EPtot      =    -89885.8303
 BOND   =       395.9678  ANGLE   =      1092.3055  DIHED      =      1380.6055
 1-4 NB =       449.5934  1-4 EEL =      4609.3378  VDWAALS    =     11385.9395
 EELEC  =   -109331.0684  EHBOND  =         0.0000  RESTRAINT  =       131.4887
 EAMBER (non-restraint)  =    -90017.3189
 ------------------------------------------------------------------------------

wrapping first mol.:      -50.55603       35.74852       61.91825
wrapping first mol.:      -50.55603       35.74852       61.91825

 NSTEP =    18000   TIME(PS) =     976.000  TEMP(K) =   299.29  PRESS =     0.0
 Etot   =    -72363.5357  EKtot   =     17810.3594  EPtot      =    -90173.8950
 BOND   =       365.4633  ANGLE   =      1110.6405  DIHED      =      1399.8415
 1-4 NB =       469.3347  1-4 EEL =      4610.1289  VDWAALS    =     11417.1485
 EELEC  =   -109678.0443  EHBOND  =         0.0000  RESTRAINT  =       131.5919
 EAMBER (non-restraint)  =    -90305.4869
 ------------------------------------------------------------------------------

wrapping first mol.:      -50.55603       35.74852       61.91825
wrapping first mol.:      -50.55603       35.74852       61.91825

 NSTEP =    18500   TIME(PS) =     977.000  TEMP(K) =   299.06  PRESS =     0.0
 Etot   =    -72388.6089  EKtot   =     17796.7852  EPtot      =    -90185.3940
 BOND   =       424.3389  ANGLE   =      1099.6996  DIHED      =      1389.4887
 1-4 NB =       456.8284  1-4 EEL =      4594.3239  VDWAALS    =     11476.4677
 EELEC  =   -109761.8466  EHBOND  =         0.0000  RESTRAINT  =       135.3054
 EAMBER (non-restraint)  =    -90320.6994
 ------------------------------------------------------------------------------

wrapping first mol.:      -50.55603       35.74852       61.91825
wrapping first mol.:      -50.55603       35.74852       61.91825

 NSTEP =    19000   TIME(PS) =     978.000  TEMP(K) =   299.83  PRESS =     0.0
 Etot   =    -72267.4350  EKtot   =     17842.6055  EPtot      =    -90110.0405
 BOND   =       428.6237  ANGLE   =      1077.8002  DIHED      =      1387.8405
 1-4 NB =       441.6673  1-4 EEL =      4591.5832  VDWAALS    =     11502.1757
 EELEC  =   -109665.5532  EHBOND  =         0.0000  RESTRAINT  =       125.8220
 EAMBER (non-restraint)  =    -90235.8625
 ------------------------------------------------------------------------------

wrapping first mol.:      -50.55603       35.74852       61.91825
wrapping first mol.:      -50.55603       35.74852       61.91825

 NSTEP =    19500   TIME(PS) =     979.000  TEMP(K) =   295.49  PRESS =     0.0
 Etot   =    -72459.8150  EKtot   =     17584.5508  EPtot      =    -90044.3658
 BOND   =       396.7708  ANGLE   =      1110.7402  DIHED      =      1376.4483
 1-4 NB =       451.4642  1-4 EEL =      4613.7821  VDWAALS    =     11166.4605
 EELEC  =   -109292.2383  EHBOND  =         0.0000  RESTRAINT  =       132.2064
 EAMBER (non-restraint)  =    -90176.5721
 ------------------------------------------------------------------------------

wrapping first mol.:      -50.55603       35.74852       61.91825
wrapping first mol.:      -50.55603       35.74852       61.91825

 NSTEP =    20000   TIME(PS) =     980.000  TEMP(K) =   296.57  PRESS =     0.0
 Etot   =    -72321.9266  EKtot   =     17648.6426  EPtot      =    -89970.5692
 BOND   =       409.1133  ANGLE   =      1142.4736  DIHED      =      1393.9569
 1-4 NB =       449.2180  1-4 EEL =      4580.4424  VDWAALS    =     11662.2897
 EELEC  =   -109730.7512  EHBOND  =         0.0000  RESTRAINT  =       122.6881
 EAMBER (non-restraint)  =    -90093.2573
 ------------------------------------------------------------------------------

wrapping first mol.:      -50.55603       35.74852       61.91825
wrapping first mol.:      -50.55603       35.74852       61.91825

 NSTEP =    20500   TIME(PS) =     981.000  TEMP(K) =   299.70  PRESS =     0.0
 Etot   =    -72048.2472  EKtot   =     17834.7520  EPtot      =    -89882.9991
 BOND   =       394.2746  ANGLE   =      1087.4840  DIHED      =      1408.1722
 1-4 NB =       451.1344  1-4 EEL =      4640.6531  VDWAALS    =     11475.0176
 EELEC  =   -109464.3259  EHBOND  =         0.0000  RESTRAINT  =       124.5908
 EAMBER (non-restraint)  =    -90007.5899
 ------------------------------------------------------------------------------

wrapping first mol.:      -50.55603       35.74852       61.91825
wrapping first mol.:      -50.55603       35.74852       61.91825

 NSTEP =    21000   TIME(PS) =     982.000  TEMP(K) =   304.47  PRESS =     0.0
 Etot   =    -71918.9952  EKtot   =     18118.9688  EPtot      =    -90037.9639
 BOND   =       365.7363  ANGLE   =      1123.1500  DIHED      =      1379.8487
 1-4 NB =       456.5740  1-4 EEL =      4571.0450  VDWAALS    =     11434.9215
 EELEC  =   -109488.9498  EHBOND  =         0.0000  RESTRAINT  =       119.7104
 EAMBER (non-restraint)  =    -90157.6743
 ------------------------------------------------------------------------------

wrapping first mol.:      -50.55603       35.74852       61.91825
wrapping first mol.:      -50.55603       35.74852       61.91825

 NSTEP =    21500   TIME(PS) =     983.000  TEMP(K) =   298.34  PRESS =     0.0
 Etot   =    -72376.2949  EKtot   =     17754.1445  EPtot      =    -90130.4394
 BOND   =       413.3118  ANGLE   =      1096.9553  DIHED      =      1380.2535
 1-4 NB =       451.1319  1-4 EEL =      4607.5559  VDWAALS    =     11537.1843
 EELEC  =   -109751.4307  EHBOND  =         0.0000  RESTRAINT  =       134.5986
 EAMBER (non-restraint)  =    -90265.0380
 ------------------------------------------------------------------------------

wrapping first mol.:      -50.55603       35.74852       61.91825
wrapping first mol.:      -50.55603       35.74852       61.91825

 NSTEP =    22000   TIME(PS) =     984.000  TEMP(K) =   301.23  PRESS =     0.0
 Etot   =    -72183.6756  EKtot   =     17926.3223  EPtot      =    -90109.9979
 BOND   =       389.3173  ANGLE   =      1120.8609  DIHED      =      1378.0081
 1-4 NB =       449.8646  1-4 EEL =      4623.2921  VDWAALS    =     11322.1131
 EELEC  =   -109510.6544  EHBOND  =         0.0000  RESTRAINT  =       117.2003
 EAMBER (non-restraint)  =    -90227.1982
 ------------------------------------------------------------------------------

wrapping first mol.:      -50.55603       35.74852       61.91825
wrapping first mol.:      -50.55603       35.74852       61.91825

 NSTEP =    22500   TIME(PS) =     985.000  TEMP(K) =   296.12  PRESS =     0.0
 Etot   =    -72627.4060  EKtot   =     17621.7695  EPtot      =    -90249.1756
 BOND   =       366.7592  ANGLE   =      1078.9352  DIHED      =      1372.6841
 1-4 NB =       457.3743  1-4 EEL =      4616.7087  VDWAALS    =     11472.1074
 EELEC  =   -109741.1314  EHBOND  =         0.0000  RESTRAINT  =       127.3870
 EAMBER (non-restraint)  =    -90376.5625
 ------------------------------------------------------------------------------

wrapping first mol.:      -50.55603       35.74852       61.91825
wrapping first mol.:      -50.55603       35.74852       61.91825

 NSTEP =    23000   TIME(PS) =     986.000  TEMP(K) =   298.18  PRESS =     0.0
 Etot   =    -72002.9541  EKtot   =     17744.7109  EPtot      =    -89747.6650
 BOND   =       384.0662  ANGLE   =      1102.5637  DIHED      =      1381.8959
 1-4 NB =       457.3417  1-4 EEL =      4588.6696  VDWAALS    =     11651.4295
 EELEC  =   -109448.3488  EHBOND  =         0.0000  RESTRAINT  =       134.7172
 EAMBER (non-restraint)  =    -89882.3822
 ------------------------------------------------------------------------------

wrapping first mol.:      -50.55603       35.74852       61.91825
wrapping first mol.:      -50.55603       35.74852       61.91825

 NSTEP =    23500   TIME(PS) =     987.000  TEMP(K) =   299.07  PRESS =     0.0
 Etot   =    -72266.4977  EKtot   =     17797.7754  EPtot      =    -90064.2731
 BOND   =       404.6374  ANGLE   =      1057.1062  DIHED      =      1398.9800
 1-4 NB =       438.6575  1-4 EEL =      4605.7523  VDWAALS    =     11455.8544
 EELEC  =   -109556.8703  EHBOND  =         0.0000  RESTRAINT  =       131.6094
 EAMBER (non-restraint)  =    -90195.8825
 ------------------------------------------------------------------------------

wrapping first mol.:      -50.55603       35.74852       61.91825
wrapping first mol.:      -50.55603       35.74852       61.91825

 NSTEP =    24000   TIME(PS) =     988.000  TEMP(K) =   302.23  PRESS =     0.0
 Etot   =    -72167.5509  EKtot   =     17985.8164  EPtot      =    -90153.3673
 BOND   =       395.5699  ANGLE   =      1089.0823  DIHED      =      1392.1658
 1-4 NB =       442.2399  1-4 EEL =      4592.9542  VDWAALS    =     11447.7651
 EELEC  =   -109631.9973  EHBOND  =         0.0000  RESTRAINT  =       118.8528
 EAMBER (non-restraint)  =    -90272.2201
 ------------------------------------------------------------------------------

wrapping first mol.:      -50.55603       35.74852       61.91825
wrapping first mol.:      -50.55603       35.74852       61.91825

 NSTEP =    24500   TIME(PS) =     989.000  TEMP(K) =   299.90  PRESS =     0.0
 Etot   =    -72324.0229  EKtot   =     17846.8027  EPtot      =    -90170.8256
 BOND   =       423.8524  ANGLE   =      1104.3470  DIHED      =      1391.2129
 1-4 NB =       453.6908  1-4 EEL =      4601.2881  VDWAALS    =     11448.6254
 EELEC  =   -109736.0622  EHBOND  =         0.0000  RESTRAINT  =       142.2199
 EAMBER (non-restraint)  =    -90313.0455
 ------------------------------------------------------------------------------

wrapping first mol.:      -50.55603       35.74852       61.91825
wrapping first mol.:      -50.55603       35.74852       61.91825

 NSTEP =    25000   TIME(PS) =     990.000  TEMP(K) =   299.18  PRESS =     0.0
 Etot   =    -72404.6287  EKtot   =     17804.0625  EPtot      =    -90208.6912
 BOND   =       422.4305  ANGLE   =      1084.7591  DIHED      =      1370.1318
 1-4 NB =       454.0017  1-4 EEL =      4606.4624  VDWAALS    =     11769.1897
 EELEC  =   -110043.6162  EHBOND  =         0.0000  RESTRAINT  =       127.9499
 EAMBER (non-restraint)  =    -90336.6411
 ------------------------------------------------------------------------------

wrapping first mol.:      -50.55603       35.74852       61.91825
wrapping first mol.:      -50.55603       35.74852       61.91825

 NSTEP =    25500   TIME(PS) =     991.000  TEMP(K) =   302.03  PRESS =     0.0
 Etot   =    -71913.7896  EKtot   =     17973.8848  EPtot      =    -89887.6743
 BOND   =       418.4355  ANGLE   =      1070.2802  DIHED      =      1376.1130
 1-4 NB =       456.9024  1-4 EEL =      4605.3521  VDWAALS    =     11367.7983
 EELEC  =   -109308.1280  EHBOND  =         0.0000  RESTRAINT  =       125.5722
 EAMBER (non-restraint)  =    -90013.2466
 ------------------------------------------------------------------------------

wrapping first mol.:      -50.55603       35.74852       61.91825
wrapping first mol.:      -50.55603       35.74852       61.91825

 NSTEP =    26000   TIME(PS) =     992.000  TEMP(K) =   300.50  PRESS =     0.0
 Etot   =    -71932.7676  EKtot   =     17882.3594  EPtot      =    -89815.1270
 BOND   =       388.5488  ANGLE   =      1133.4509  DIHED      =      1401.0371
 1-4 NB =       454.5010  1-4 EEL =      4619.8221  VDWAALS    =     11161.0742
 EELEC  =   -109096.2609  EHBOND  =         0.0000  RESTRAINT  =       122.6999
 EAMBER (non-restraint)  =    -89937.8269
 ------------------------------------------------------------------------------

wrapping first mol.:      -50.55603       35.74852       61.91825
wrapping first mol.:      -50.55603       35.74852       61.91825

 NSTEP =    26500   TIME(PS) =     993.000  TEMP(K) =   303.11  PRESS =     0.0
 Etot   =    -71831.5667  EKtot   =     18037.9570  EPtot      =    -89869.5237
 BOND   =       398.2237  ANGLE   =      1080.8238  DIHED      =      1377.5205
 1-4 NB =       443.7200  1-4 EEL =      4620.9318  VDWAALS    =     11257.2598
 EELEC  =   -109177.0180  EHBOND  =         0.0000  RESTRAINT  =       129.0146
 EAMBER (non-restraint)  =    -89998.5383
 ------------------------------------------------------------------------------

wrapping first mol.:      -50.55603       35.74852       61.91825
wrapping first mol.:      -50.55603       35.74852       61.91825

 NSTEP =    27000   TIME(PS) =     994.000  TEMP(K) =   299.47  PRESS =     0.0
 Etot   =    -72235.1595  EKtot   =     17821.1699  EPtot      =    -90056.3294
 BOND   =       406.5049  ANGLE   =      1084.6402  DIHED      =      1401.8124
 1-4 NB =       436.1577  1-4 EEL =      4586.0498  VDWAALS    =     11215.6786
 EELEC  =   -109314.4208  EHBOND  =         0.0000  RESTRAINT  =       127.2479
 EAMBER (non-restraint)  =    -90183.5773
 ------------------------------------------------------------------------------

wrapping first mol.:      -50.55603       35.74852       61.91825
wrapping first mol.:      -50.55603       35.74852       61.91825

 NSTEP =    27500   TIME(PS) =     995.000  TEMP(K) =   298.58  PRESS =     0.0
 Etot   =    -72361.5288  EKtot   =     17768.2051  EPtot      =    -90129.7339
 BOND   =       405.2845  ANGLE   =      1129.4870  DIHED      =      1381.4980
 1-4 NB =       460.3950  1-4 EEL =      4629.5161  VDWAALS    =     11553.9155
 EELEC  =   -109814.2284  EHBOND  =         0.0000  RESTRAINT  =       124.3984
 EAMBER (non-restraint)  =    -90254.1322
 ------------------------------------------------------------------------------

wrapping first mol.:      -50.55603       35.74852       61.91825
wrapping first mol.:      -50.55603       35.74852       61.91825

 NSTEP =    28000   TIME(PS) =     996.000  TEMP(K) =   298.64  PRESS =     0.0
 Etot   =    -72087.4405  EKtot   =     17772.0547  EPtot      =    -89859.4952
 BOND   =       393.4450  ANGLE   =      1114.3245  DIHED      =      1377.5654
 1-4 NB =       463.0966  1-4 EEL =      4657.0344  VDWAALS    =     11253.9564
 EELEC  =   -109243.3148  EHBOND  =         0.0000  RESTRAINT  =       124.3972
 EAMBER (non-restraint)  =    -89983.8925
 ------------------------------------------------------------------------------

wrapping first mol.:      -50.55603       35.74852       61.91825
wrapping first mol.:      -50.55603       35.74852       61.91825

 NSTEP =    28500   TIME(PS) =     997.000  TEMP(K) =   300.94  PRESS =     0.0
 Etot   =    -72156.0470  EKtot   =     17909.0059  EPtot      =    -90065.0529
 BOND   =       432.5904  ANGLE   =      1130.8029  DIHED      =      1403.9209
 1-4 NB =       448.9121  1-4 EEL =      4596.3632  VDWAALS    =     11389.0872
 EELEC  =   -109590.9148  EHBOND  =         0.0000  RESTRAINT  =       124.1853
 EAMBER (non-restraint)  =    -90189.2382
 ------------------------------------------------------------------------------

wrapping first mol.:      -50.55603       35.74852       61.91825
wrapping first mol.:      -50.55603       35.74852       61.91825

 NSTEP =    29000   TIME(PS) =     998.000  TEMP(K) =   297.06  PRESS =     0.0
 Etot   =    -72217.6504  EKtot   =     17678.0020  EPtot      =    -89895.6523
 BOND   =       375.3434  ANGLE   =      1094.2339  DIHED      =      1384.4822
 1-4 NB =       458.8745  1-4 EEL =      4647.0605  VDWAALS    =     11331.9248
 EELEC  =   -109325.0649  EHBOND  =         0.0000  RESTRAINT  =       137.4934
 EAMBER (non-restraint)  =    -90033.1457
 ------------------------------------------------------------------------------

wrapping first mol.:      -50.55603       35.74852       61.91825
wrapping first mol.:      -50.55603       35.74852       61.91825

 NSTEP =    29500   TIME(PS) =     999.000  TEMP(K) =   301.67  PRESS =     0.0
 Etot   =    -72188.5424  EKtot   =     17951.9199  EPtot      =    -90140.4623
 BOND   =       399.0881  ANGLE   =      1094.3851  DIHED      =      1390.8421
 1-4 NB =       452.5623  1-4 EEL =      4616.8422  VDWAALS    =     11510.4110
 EELEC  =   -109731.1728  EHBOND  =         0.0000  RESTRAINT  =       126.5797
 EAMBER (non-restraint)  =    -90267.0420
 ------------------------------------------------------------------------------

wrapping first mol.:      -50.55603       35.74852       61.91825
wrapping first mol.:      -50.55603       35.74852       61.91825

 NSTEP =    30000   TIME(PS) =    1000.000  TEMP(K) =   301.31  PRESS =     0.0
 Etot   =    -72164.3584  EKtot   =     17930.7930  EPtot      =    -90095.1514
 BOND   =       378.3628  ANGLE   =      1048.0446  DIHED      =      1393.7984
 1-4 NB =       437.7464  1-4 EEL =      4603.3654  VDWAALS    =     11215.6112
 EELEC  =   -109307.3964  EHBOND  =         0.0000  RESTRAINT  =       135.3162
 EAMBER (non-restraint)  =    -90230.4675
 ------------------------------------------------------------------------------

wrapping first mol.:      -50.55603       35.74852       61.91825
wrapping first mol.:      -50.55603       35.74852       61.91825

 NSTEP =    30500   TIME(PS) =    1001.000  TEMP(K) =   299.52  PRESS =     0.0
 Etot   =    -72306.2984  EKtot   =     17824.3691  EPtot      =    -90130.6675
 BOND   =       373.4577  ANGLE   =      1089.2291  DIHED      =      1400.8364
 1-4 NB =       465.0937  1-4 EEL =      4605.7871  VDWAALS    =     11473.0429
 EELEC  =   -109678.7734  EHBOND  =         0.0000  RESTRAINT  =       140.6591
 EAMBER (non-restraint)  =    -90271.3266
 ------------------------------------------------------------------------------

wrapping first mol.:      -50.55603       35.74852       61.91825
wrapping first mol.:      -50.55603       35.74852       61.91825

 NSTEP =    31000   TIME(PS) =    1002.000  TEMP(K) =   300.33  PRESS =     0.0
 Etot   =    -72295.8327  EKtot   =     17872.3809  EPtot      =    -90168.2135
 BOND   =       371.4904  ANGLE   =      1116.5054  DIHED      =      1397.7913
 1-4 NB =       454.4991  1-4 EEL =      4606.9552  VDWAALS    =     11475.5579
 EELEC  =   -109711.6354  EHBOND  =         0.0000  RESTRAINT  =       120.6225
 EAMBER (non-restraint)  =    -90288.8360
 ------------------------------------------------------------------------------

wrapping first mol.:      -50.55603       35.74852       61.91825
wrapping first mol.:      -50.55603       35.74852       61.91825

 NSTEP =    31500   TIME(PS) =    1003.000  TEMP(K) =   299.91  PRESS =     0.0
 Etot   =    -72217.2309  EKtot   =     17847.7344  EPtot      =    -90064.9653
 BOND   =       382.9920  ANGLE   =      1103.9986  DIHED      =      1394.9366
 1-4 NB =       454.8765  1-4 EEL =      4633.5615  VDWAALS    =     11629.5782
 EELEC  =   -109794.8609  EHBOND  =         0.0000  RESTRAINT  =       129.9523
 EAMBER (non-restraint)  =    -90194.9176
 ------------------------------------------------------------------------------

wrapping first mol.:      -50.55603       35.74852       61.91825
wrapping first mol.:      -50.55603       35.74852       61.91825

 NSTEP =    32000   TIME(PS) =    1004.000  TEMP(K) =   301.88  PRESS =     0.0
 Etot   =    -71972.0733  EKtot   =     17964.5195  EPtot      =    -89936.5929
 BOND   =       385.3224  ANGLE   =      1068.6972  DIHED      =      1381.5324
 1-4 NB =       469.8011  1-4 EEL =      4642.8342  VDWAALS    =     11310.4817
 EELEC  =   -109326.1048  EHBOND  =         0.0000  RESTRAINT  =       130.8431
 EAMBER (non-restraint)  =    -90067.4359
 ------------------------------------------------------------------------------

wrapping first mol.:      -50.55603       35.74852       61.91825
wrapping first mol.:      -50.55603       35.74852       61.91825

 NSTEP =    32500   TIME(PS) =    1005.000  TEMP(K) =   296.83  PRESS =     0.0
 Etot   =    -72266.5347  EKtot   =     17664.1875  EPtot      =    -89930.7222
 BOND   =       399.7255  ANGLE   =      1052.5506  DIHED      =      1399.4043
 1-4 NB =       450.0635  1-4 EEL =      4635.6135  VDWAALS    =     11477.8290
 EELEC  =   -109465.2324  EHBOND  =         0.0000  RESTRAINT  =       119.3239
 EAMBER (non-restraint)  =    -90050.0461
 ------------------------------------------------------------------------------

wrapping first mol.:      -50.55603       35.74852       61.91825
wrapping first mol.:      -50.55603       35.74852       61.91825

 NSTEP =    33000   TIME(PS) =    1006.000  TEMP(K) =   299.18  PRESS =     0.0
 Etot   =    -72017.8602  EKtot   =     17803.9785  EPtot      =    -89821.8387
 BOND   =       383.2437  ANGLE   =      1093.8586  DIHED      =      1387.3561
 1-4 NB =       457.1757  1-4 EEL =      4625.9189  VDWAALS    =     11417.2908
 EELEC  =   -109330.4494  EHBOND  =         0.0000  RESTRAINT  =       143.7669
 EAMBER (non-restraint)  =    -89965.6056
 ------------------------------------------------------------------------------

wrapping first mol.:      -50.55603       35.74852       61.91825
wrapping first mol.:      -50.55603       35.74852       61.91825

 NSTEP =    33500   TIME(PS) =    1007.000  TEMP(K) =   301.33  PRESS =     0.0
 Etot   =    -72061.1507  EKtot   =     17931.7324  EPtot      =    -89992.8831
 BOND   =       382.4032  ANGLE   =      1090.6964  DIHED      =      1382.5688
 1-4 NB =       460.3433  1-4 EEL =      4586.7648  VDWAALS    =     11579.3924
 EELEC  =   -109608.0431  EHBOND  =         0.0000  RESTRAINT  =       132.9911
 EAMBER (non-restraint)  =    -90125.8742
 ------------------------------------------------------------------------------

wrapping first mol.:      -50.55603       35.74852       61.91825
wrapping first mol.:      -50.55603       35.74852       61.91825

 NSTEP =    34000   TIME(PS) =    1008.000  TEMP(K) =   301.61  PRESS =     0.0
 Etot   =    -72013.1747  EKtot   =     17948.6953  EPtot      =    -89961.8700
 BOND   =       393.0695  ANGLE   =      1097.2653  DIHED      =      1404.5391
 1-4 NB =       458.3765  1-4 EEL =      4598.1190  VDWAALS    =     11528.8252
 EELEC  =   -109578.6522  EHBOND  =         0.0000  RESTRAINT  =       136.5877
 EAMBER (non-restraint)  =    -90098.4577
 ------------------------------------------------------------------------------

wrapping first mol.:      -50.55603       35.74852       61.91825
wrapping first mol.:      -50.55603       35.74852       61.91825

 NSTEP =    34500   TIME(PS) =    1009.000  TEMP(K) =   302.01  PRESS =     0.0
 Etot   =    -72167.6945  EKtot   =     17972.2832  EPtot      =    -90139.9777
 BOND   =       395.5248  ANGLE   =      1066.1444  DIHED      =      1374.8343
 1-4 NB =       460.8149  1-4 EEL =      4604.5822  VDWAALS    =     11445.1647
 EELEC  =   -109613.0521  EHBOND  =         0.0000  RESTRAINT  =       126.0092
 EAMBER (non-restraint)  =    -90265.9869
 ------------------------------------------------------------------------------

wrapping first mol.:      -50.55603       35.74852       61.91825
wrapping first mol.:      -50.55603       35.74852       61.91825

 NSTEP =    35000   TIME(PS) =    1010.000  TEMP(K) =   298.27  PRESS =     0.0
 Etot   =    -72421.0876  EKtot   =     17749.6582  EPtot      =    -90170.7458
 BOND   =       420.2004  ANGLE   =      1098.7507  DIHED      =      1378.2996
 1-4 NB =       454.6880  1-4 EEL =      4639.9070  VDWAALS    =     11390.4682
 EELEC  =   -109691.2304  EHBOND  =         0.0000  RESTRAINT  =       138.1706
 EAMBER (non-restraint)  =    -90308.9164
 ------------------------------------------------------------------------------

wrapping first mol.:      -50.55603       35.74852       61.91825
wrapping first mol.:      -50.55603       35.74852       61.91825

 NSTEP =    35500   TIME(PS) =    1011.000  TEMP(K) =   297.96  PRESS =     0.0
 Etot   =    -72334.9624  EKtot   =     17731.6875  EPtot      =    -90066.6499
 BOND   =       372.0585  ANGLE   =      1117.0889  DIHED      =      1401.3625
 1-4 NB =       447.6659  1-4 EEL =      4576.5964  VDWAALS    =     11465.8503
 EELEC  =   -109572.3201  EHBOND  =         0.0000  RESTRAINT  =       125.0478
 EAMBER (non-restraint)  =    -90191.6977
 ------------------------------------------------------------------------------

wrapping first mol.:      -50.55603       35.74852       61.91825
wrapping first mol.:      -50.55603       35.74852       61.91825

 NSTEP =    36000   TIME(PS) =    1012.000  TEMP(K) =   302.18  PRESS =     0.0
 Etot   =    -72031.2634  EKtot   =     17982.8359  EPtot      =    -90014.0993
 BOND   =       403.7958  ANGLE   =      1092.1699  DIHED      =      1385.7590
 1-4 NB =       460.6501  1-4 EEL =      4577.8056  VDWAALS    =     11490.2013
 EELEC  =   -109546.5792  EHBOND  =         0.0000  RESTRAINT  =       122.0981
 EAMBER (non-restraint)  =    -90136.1974
 ------------------------------------------------------------------------------

wrapping first mol.:      -50.55603       35.74852       61.91825
wrapping first mol.:      -50.55603       35.74852       61.91825

 NSTEP =    36500   TIME(PS) =    1013.000  TEMP(K) =   301.38  PRESS =     0.0
 Etot   =    -71957.8980  EKtot   =     17934.7500  EPtot      =    -89892.6480
 BOND   =       369.6532  ANGLE   =      1087.2578  DIHED      =      1384.6614
 1-4 NB =       438.9148  1-4 EEL =      4595.1078  VDWAALS    =     11433.1479
 EELEC  =   -109325.8899  EHBOND  =         0.0000  RESTRAINT  =       124.4989
 EAMBER (non-restraint)  =    -90017.1470
 ------------------------------------------------------------------------------

wrapping first mol.:      -50.55603       35.74852       61.91825
wrapping first mol.:      -50.55603       35.74852       61.91825

 NSTEP =    37000   TIME(PS) =    1014.000  TEMP(K) =   298.97  PRESS =     0.0
 Etot   =    -72188.0073  EKtot   =     17791.4297  EPtot      =    -89979.4370
 BOND   =       386.1797  ANGLE   =      1123.2449  DIHED      =      1398.5542
 1-4 NB =       480.3009  1-4 EEL =      4632.7762  VDWAALS    =     11642.1033
 EELEC  =   -109777.2287  EHBOND  =         0.0000  RESTRAINT  =       134.6325
 EAMBER (non-restraint)  =    -90114.0695
 ------------------------------------------------------------------------------

wrapping first mol.:      -50.55603       35.74852       61.91825
wrapping first mol.:      -50.55603       35.74852       61.91825

 NSTEP =    37500   TIME(PS) =    1015.000  TEMP(K) =   300.33  PRESS =     0.0
 Etot   =    -72143.8038  EKtot   =     17872.2324  EPtot      =    -90016.0363
 BOND   =       387.4517  ANGLE   =      1091.3496  DIHED      =      1368.3710
 1-4 NB =       472.2902  1-4 EEL =      4661.3922  VDWAALS    =     11363.4683
 EELEC  =   -109487.2794  EHBOND  =         0.0000  RESTRAINT  =       126.9201
 EAMBER (non-restraint)  =    -90142.9563
 ------------------------------------------------------------------------------

wrapping first mol.:      -50.55603       35.74852       61.91825
wrapping first mol.:      -50.55603       35.74852       61.91825

 NSTEP =    38000   TIME(PS) =    1016.000  TEMP(K) =   300.78  PRESS =     0.0
 Etot   =    -72379.2692  EKtot   =     17899.3047  EPtot      =    -90278.5739
 BOND   =       384.1237  ANGLE   =      1127.4577  DIHED      =      1369.1543
 1-4 NB =       441.6221  1-4 EEL =      4571.3490  VDWAALS    =     11525.5122
 EELEC  =   -109825.3723  EHBOND  =         0.0000  RESTRAINT  =       127.5794
 EAMBER (non-restraint)  =    -90406.1534
 ------------------------------------------------------------------------------

wrapping first mol.:      -50.55603       35.74852       61.91825
wrapping first mol.:      -50.55603       35.74852       61.91825

 NSTEP =    38500   TIME(PS) =    1017.000  TEMP(K) =   300.27  PRESS =     0.0
 Etot   =    -72120.9738  EKtot   =     17869.0508  EPtot      =    -89990.0245
 BOND   =       401.7980  ANGLE   =      1102.7733  DIHED      =      1392.1021
 1-4 NB =       460.1143  1-4 EEL =      4575.5845  VDWAALS    =     11328.0326
 EELEC  =   -109386.7457  EHBOND  =         0.0000  RESTRAINT  =       136.3165
 EAMBER (non-restraint)  =    -90126.3410
 ------------------------------------------------------------------------------

wrapping first mol.:      -50.55603       35.74852       61.91825
wrapping first mol.:      -50.55603       35.74852       61.91825

 NSTEP =    39000   TIME(PS) =    1018.000  TEMP(K) =   299.35  PRESS =     0.0
 Etot   =    -72281.1117  EKtot   =     17813.9375  EPtot      =    -90095.0492
 BOND   =       403.1750  ANGLE   =      1099.5223  DIHED      =      1386.5866
 1-4 NB =       453.5349  1-4 EEL =      4588.2040  VDWAALS    =     11498.6203
 EELEC  =   -109668.8217  EHBOND  =         0.0000  RESTRAINT  =       144.1293
 EAMBER (non-restraint)  =    -90239.1785
 ------------------------------------------------------------------------------

wrapping first mol.:      -50.55603       35.74852       61.91825
wrapping first mol.:      -50.55603       35.74852       61.91825

 NSTEP =    39500   TIME(PS) =    1019.000  TEMP(K) =   300.36  PRESS =     0.0
 Etot   =    -72059.2404  EKtot   =     17874.0000  EPtot      =    -89933.2404
 BOND   =       424.0724  ANGLE   =      1068.5296  DIHED      =      1370.9704
 1-4 NB =       457.7439  1-4 EEL =      4623.9298  VDWAALS    =     11475.6957
 EELEC  =   -109493.5078  EHBOND  =         0.0000  RESTRAINT  =       139.3257
 EAMBER (non-restraint)  =    -90072.5660
 ------------------------------------------------------------------------------

wrapping first mol.:      -50.55603       35.74852       61.91825
wrapping first mol.:      -50.55603       35.74852       61.91825

 NSTEP =    40000   TIME(PS) =    1020.000  TEMP(K) =   301.91  PRESS =     0.0
 Etot   =    -71948.6752  EKtot   =     17966.6387  EPtot      =    -89915.3139
 BOND   =       416.1963  ANGLE   =      1102.8361  DIHED      =      1400.3167
 1-4 NB =       468.2866  1-4 EEL =      4599.2312  VDWAALS    =     11359.6755
 EELEC  =   -109395.7789  EHBOND  =         0.0000  RESTRAINT  =       133.9227
 EAMBER (non-restraint)  =    -90049.2366
 ------------------------------------------------------------------------------

wrapping first mol.:      -50.55603       35.74852       61.91825
wrapping first mol.:      -50.55603       35.74852       61.91825

 NSTEP =    40500   TIME(PS) =    1021.000  TEMP(K) =   299.83  PRESS =     0.0
 Etot   =    -71997.0493  EKtot   =     17842.5527  EPtot      =    -89839.6020
 BOND   =       399.7410  ANGLE   =      1139.8700  DIHED      =      1397.8873
 1-4 NB =       451.2947  1-4 EEL =      4584.5230  VDWAALS    =     11467.0898
 EELEC  =   -109420.5887  EHBOND  =         0.0000  RESTRAINT  =       140.5809
 EAMBER (non-restraint)  =    -89980.1829
 ------------------------------------------------------------------------------

wrapping first mol.:      -50.55603       35.74852       61.91825
wrapping first mol.:      -50.55603       35.74852       61.91825

 NSTEP =    41000   TIME(PS) =    1022.000  TEMP(K) =   300.63  PRESS =     0.0
 Etot   =    -72071.0956  EKtot   =     17890.6094  EPtot      =    -89961.7050
 BOND   =       388.5633  ANGLE   =      1059.1155  DIHED      =      1363.0860
 1-4 NB =       453.2107  1-4 EEL =      4604.7969  VDWAALS    =     11222.9850
 EELEC  =   -109180.6106  EHBOND  =         0.0000  RESTRAINT  =       127.1481
 EAMBER (non-restraint)  =    -90088.8531
 ------------------------------------------------------------------------------

wrapping first mol.:      -50.55603       35.74852       61.91825
wrapping first mol.:      -50.55603       35.74852       61.91825

 NSTEP =    41500   TIME(PS) =    1023.000  TEMP(K) =   298.40  PRESS =     0.0
 Etot   =    -72393.0764  EKtot   =     17757.8613  EPtot      =    -90150.9377
 BOND   =       363.3579  ANGLE   =      1127.0540  DIHED      =      1397.1075
 1-4 NB =       449.7628  1-4 EEL =      4568.8222  VDWAALS    =     11355.3689
 EELEC  =   -109541.6650  EHBOND  =         0.0000  RESTRAINT  =       129.2540
 EAMBER (non-restraint)  =    -90280.1917
 ------------------------------------------------------------------------------

wrapping first mol.:      -50.55603       35.74852       61.91825
wrapping first mol.:      -50.55603       35.74852       61.91825

 NSTEP =    42000   TIME(PS) =    1024.000  TEMP(K) =   300.66  PRESS =     0.0
 Etot   =    -71946.9879  EKtot   =     17891.9844  EPtot      =    -89838.9723
 BOND   =       412.7769  ANGLE   =      1104.3119  DIHED      =      1387.8025
 1-4 NB =       451.5970  1-4 EEL =      4587.4025  VDWAALS    =     11229.6479
 EELEC  =   -109156.7518  EHBOND  =         0.0000  RESTRAINT  =       144.2409
 EAMBER (non-restraint)  =    -89983.2132
 ------------------------------------------------------------------------------

wrapping first mol.:      -50.55603       35.74852       61.91825
wrapping first mol.:      -50.55603       35.74852       61.91825

 NSTEP =    42500   TIME(PS) =    1025.000  TEMP(K) =   297.79  PRESS =     0.0
 Etot   =    -72219.8422  EKtot   =     17721.3320  EPtot      =    -89941.1742
 BOND   =       393.6865  ANGLE   =      1103.9893  DIHED      =      1402.8370
 1-4 NB =       437.8690  1-4 EEL =      4586.5769  VDWAALS    =     11262.4709
 EELEC  =   -109274.1940  EHBOND  =         0.0000  RESTRAINT  =       145.5902
 EAMBER (non-restraint)  =    -90086.7644
 ------------------------------------------------------------------------------

wrapping first mol.:      -50.55603       35.74852       61.91825
wrapping first mol.:      -50.55603       35.74852       61.91825

 NSTEP =    43000   TIME(PS) =    1026.000  TEMP(K) =   299.56  PRESS =     0.0
 Etot   =    -72001.7823  EKtot   =     17826.9043  EPtot      =    -89828.6866
 BOND   =       424.9226  ANGLE   =      1050.8603  DIHED      =      1382.4224
 1-4 NB =       458.3299  1-4 EEL =      4608.2994  VDWAALS    =     11478.0511
 EELEC  =   -109374.5342  EHBOND  =         0.0000  RESTRAINT  =       142.9619
 EAMBER (non-restraint)  =    -89971.6484
 ------------------------------------------------------------------------------

wrapping first mol.:      -50.55603       35.74852       61.91825
wrapping first mol.:      -50.55603       35.74852       61.91825

 NSTEP =    43500   TIME(PS) =    1027.000  TEMP(K) =   299.52  PRESS =     0.0
 Etot   =    -72140.0631  EKtot   =     17824.2031  EPtot      =    -89964.2663
 BOND   =       403.2286  ANGLE   =      1088.9029  DIHED      =      1392.2116
 1-4 NB =       448.8796  1-4 EEL =      4621.4986  VDWAALS    =     11290.8088
 EELEC  =   -109342.6503  EHBOND  =         0.0000  RESTRAINT  =       132.8539
 EAMBER (non-restraint)  =    -90097.1202
 ------------------------------------------------------------------------------

wrapping first mol.:      -50.55603       35.74852       61.91825
wrapping first mol.:      -50.55603       35.74852       61.91825

 NSTEP =    44000   TIME(PS) =    1028.000  TEMP(K) =   299.81  PRESS =     0.0
 Etot   =    -72028.6391  EKtot   =     17841.2324  EPtot      =    -89869.8715
 BOND   =       371.3329  ANGLE   =      1137.4000  DIHED      =      1394.5108
 1-4 NB =       463.8565  1-4 EEL =      4612.6005  VDWAALS    =     11418.6399
 EELEC  =   -109391.8842  EHBOND  =         0.0000  RESTRAINT  =       123.6722
 EAMBER (non-restraint)  =    -89993.5437
 ------------------------------------------------------------------------------

wrapping first mol.:      -50.55603       35.74852       61.91825
wrapping first mol.:      -50.55603       35.74852       61.91825

 NSTEP =    44500   TIME(PS) =    1029.000  TEMP(K) =   296.55  PRESS =     0.0
 Etot   =    -72255.0894  EKtot   =     17647.3535  EPtot      =    -89902.4429
 BOND   =       386.3307  ANGLE   =      1089.7176  DIHED      =      1390.6390
 1-4 NB =       446.6134  1-4 EEL =      4585.9764  VDWAALS    =     11545.1189
 EELEC  =   -109485.0832  EHBOND  =         0.0000  RESTRAINT  =       138.2444
 EAMBER (non-restraint)  =    -90040.6873
 ------------------------------------------------------------------------------

wrapping first mol.:      -50.55603       35.74852       61.91825
wrapping first mol.:      -50.55603       35.74852       61.91825

 NSTEP =    45000   TIME(PS) =    1030.000  TEMP(K) =   300.33  PRESS =     0.0
 Etot   =    -72306.3040  EKtot   =     17872.3574  EPtot      =    -90178.6614
 BOND   =       393.6094  ANGLE   =      1127.8646  DIHED      =      1381.8107
 1-4 NB =       443.3031  1-4 EEL =      4598.8455  VDWAALS    =     11401.0374
 EELEC  =   -109659.0541  EHBOND  =         0.0000  RESTRAINT  =       133.9219
 EAMBER (non-restraint)  =    -90312.5833
 ------------------------------------------------------------------------------

wrapping first mol.:      -50.55603       35.74852       61.91825
wrapping first mol.:      -50.55603       35.74852       61.91825

 NSTEP =    45500   TIME(PS) =    1031.000  TEMP(K) =   299.82  PRESS =     0.0
 Etot   =    -72316.9270  EKtot   =     17842.1250  EPtot      =    -90159.0520
 BOND   =       386.4452  ANGLE   =      1081.7843  DIHED      =      1381.6600
 1-4 NB =       457.6720  1-4 EEL =      4608.1481  VDWAALS    =     11249.5986
 EELEC  =   -109473.5021  EHBOND  =         0.0000  RESTRAINT  =       149.1418
 EAMBER (non-restraint)  =    -90308.1938
 ------------------------------------------------------------------------------

wrapping first mol.:      -50.55603       35.74852       61.91825
wrapping first mol.:      -50.55603       35.74852       61.91825

 NSTEP =    46000   TIME(PS) =    1032.000  TEMP(K) =   298.34  PRESS =     0.0
 Etot   =    -72273.4381  EKtot   =     17753.8320  EPtot      =    -90027.2701
 BOND   =       386.7036  ANGLE   =      1101.1460  DIHED      =      1379.5296
 1-4 NB =       453.2850  1-4 EEL =      4601.2933  VDWAALS    =     11266.8286
 EELEC  =   -109357.8371  EHBOND  =         0.0000  RESTRAINT  =       141.7809
 EAMBER (non-restraint)  =    -90169.0510
 ------------------------------------------------------------------------------

wrapping first mol.:      -50.55603       35.74852       61.91825
wrapping first mol.:      -50.55603       35.74852       61.91825

 NSTEP =    46500   TIME(PS) =    1033.000  TEMP(K) =   300.21  PRESS =     0.0
 Etot   =    -72093.1413  EKtot   =     17865.5918  EPtot      =    -89958.7331
 BOND   =       408.1285  ANGLE   =      1059.0617  DIHED      =      1388.6449
 1-4 NB =       456.8331  1-4 EEL =      4599.1139  VDWAALS    =     11419.8034
 EELEC  =   -109423.2679  EHBOND  =         0.0000  RESTRAINT  =       132.9494
 EAMBER (non-restraint)  =    -90091.6825
 ------------------------------------------------------------------------------

wrapping first mol.:      -50.55603       35.74852       61.91825
wrapping first mol.:      -50.55603       35.74852       61.91825

 NSTEP =    47000   TIME(PS) =    1034.000  TEMP(K) =   301.64  PRESS =     0.0
 Etot   =    -72072.8285  EKtot   =     17950.4805  EPtot      =    -90023.3090
 BOND   =       388.0823  ANGLE   =      1118.6269  DIHED      =      1399.6151
 1-4 NB =       455.0099  1-4 EEL =      4575.4417  VDWAALS    =     11415.9842
 EELEC  =   -109510.9462  EHBOND  =         0.0000  RESTRAINT  =       134.8772
 EAMBER (non-restraint)  =    -90158.1861
 ------------------------------------------------------------------------------

wrapping first mol.:      -50.55603       35.74852       61.91825
wrapping first mol.:      -50.55603       35.74852       61.91825

 NSTEP =    47500   TIME(PS) =    1035.000  TEMP(K) =   303.81  PRESS =     0.0
 Etot   =    -71920.2774  EKtot   =     18079.4863  EPtot      =    -89999.7638
 BOND   =       387.9603  ANGLE   =      1052.8233  DIHED      =      1379.4501
 1-4 NB =       462.8470  1-4 EEL =      4608.9589  VDWAALS    =     11217.5536
 EELEC  =   -109242.6958  EHBOND  =         0.0000  RESTRAINT  =       133.3387
 EAMBER (non-restraint)  =    -90133.1025
 ------------------------------------------------------------------------------

wrapping first mol.:      -50.55603       35.74852       61.91825
wrapping first mol.:      -50.55603       35.74852       61.91825

 NSTEP =    48000   TIME(PS) =    1036.000  TEMP(K) =   301.69  PRESS =     0.0
 Etot   =    -71997.9186  EKtot   =     17953.3027  EPtot      =    -89951.2213
 BOND   =       415.4291  ANGLE   =      1095.0976  DIHED      =      1400.0182
 1-4 NB =       452.8005  1-4 EEL =      4596.6687  VDWAALS    =     11431.5793
 EELEC  =   -109471.7073  EHBOND  =         0.0000  RESTRAINT  =       128.8926
 EAMBER (non-restraint)  =    -90080.1140
 ------------------------------------------------------------------------------

wrapping first mol.:      -50.55603       35.74852       61.91825
wrapping first mol.:      -50.55603       35.74852       61.91825

 NSTEP =    48500   TIME(PS) =    1037.000  TEMP(K) =   303.91  PRESS =     0.0
 Etot   =    -71861.2041  EKtot   =     18085.5879  EPtot      =    -89946.7920
 BOND   =       397.2997  ANGLE   =      1088.9998  DIHED      =      1384.1978
 1-4 NB =       440.3323  1-4 EEL =      4588.7380  VDWAALS    =     11462.1600
 EELEC  =   -109452.8440  EHBOND  =         0.0000  RESTRAINT  =       144.3243
 EAMBER (non-restraint)  =    -90091.1164
 ------------------------------------------------------------------------------

wrapping first mol.:      -50.55603       35.74852       61.91825
wrapping first mol.:      -50.55603       35.74852       61.91825

 NSTEP =    49000   TIME(PS) =    1038.000  TEMP(K) =   301.17  PRESS =     0.0
 Etot   =    -72262.1788  EKtot   =     17922.5410  EPtot      =    -90184.7198
 BOND   =       369.0498  ANGLE   =      1090.3695  DIHED      =      1383.7430
 1-4 NB =       467.6410  1-4 EEL =      4616.0818  VDWAALS    =     11545.0013
 EELEC  =   -109769.2320  EHBOND  =         0.0000  RESTRAINT  =       112.6258
 EAMBER (non-restraint)  =    -90297.3456
 ------------------------------------------------------------------------------

wrapping first mol.:      -50.55603       35.74852       61.91825
wrapping first mol.:      -50.55603       35.74852       61.91825

 NSTEP =    49500   TIME(PS) =    1039.000  TEMP(K) =   300.00  PRESS =     0.0
 Etot   =    -72329.9973  EKtot   =     17852.9883  EPtot      =    -90182.9856
 BOND   =       358.6632  ANGLE   =      1089.8856  DIHED      =      1367.0281
 1-4 NB =       457.8755  1-4 EEL =      4622.2822  VDWAALS    =     11390.6082
 EELEC  =   -109588.5430  EHBOND  =         0.0000  RESTRAINT  =       119.2146
 EAMBER (non-restraint)  =    -90302.2002
 ------------------------------------------------------------------------------

wrapping first mol.:      -50.55603       35.74852       61.91825
wrapping first mol.:      -50.55603       35.74852       61.91825

 NSTEP =    50000   TIME(PS) =    1040.000  TEMP(K) =   303.17  PRESS =     0.0
 Etot   =    -72046.6808  EKtot   =     18041.6406  EPtot      =    -90088.3214
 BOND   =       400.1776  ANGLE   =      1095.1857  DIHED      =      1384.8656
 1-4 NB =       452.2950  1-4 EEL =      4586.9349  VDWAALS    =     11214.5892
 EELEC  =   -109360.9679  EHBOND  =         0.0000  RESTRAINT  =       138.5986
 EAMBER (non-restraint)  =    -90226.9200
 ------------------------------------------------------------------------------


      A V E R A G E S   O V E R     100 S T E P S


 NSTEP =    50000   TIME(PS) =    1040.000  TEMP(K) =   300.01  PRESS =     0.0
 Etot   =    -72144.8630  EKtot   =     17853.5599  EPtot      =    -89998.4229
 BOND   =       395.3742  ANGLE   =      1099.5659  DIHED      =      1387.5476
 1-4 NB =       453.6758  1-4 EEL =      4606.2183  VDWAALS    =     11410.5174
 EELEC  =   -109480.9673  EHBOND  =         0.0000  RESTRAINT  =       129.6452
 EAMBER (non-restraint)  =    -90128.0681
 ------------------------------------------------------------------------------


      R M S  F L U C T U A T I O N S


 NSTEP =    50000   TIME(PS) =    1040.000  TEMP(K) =     1.92  PRESS =     0.0
 Etot   =       178.3951  EKtot   =       114.5072  EPtot      =       140.3607
 BOND   =        16.7215  ANGLE   =        23.8895  DIHED      =        11.5859
 1-4 NB =         8.0270  1-4 EEL =        22.9126  VDWAALS    =       128.9530
 EELEC  =       212.2977  EHBOND  =         0.0000  RESTRAINT  =         8.0730
 EAMBER (non-restraint)  =       132.2877
 ------------------------------------------------------------------------------

--------------------------------------------------------------------------------
   5.  TIMINGS
--------------------------------------------------------------------------------

|  NonSetup CPU Time in Major Routines:
|
|     Routine           Sec        %
|     ------------------------------
|     Nonbond           8.95   15.06
|     Bond              0.00    0.00
|     Angle             0.00    0.00
|     Dihedral          0.00    0.00
|     Shake             0.80    1.35
|     RunMD            49.56   83.45
|     Other             0.08    0.13
|     ------------------------------
|     Total            59.40

|  PME Nonbond Pairlist CPU Time:
|
|     Routine              Sec        %
|     ---------------------------------
|     Set Up Cit           0.00    0.00
|     Build List           0.00    0.00
|     ---------------------------------
|     Total                0.00    0.00

|  PME Direct Force CPU Time:
|
|     Routine              Sec        %
|     ---------------------------------
|     NonBonded Calc       0.00    0.00
|     Exclude Masked       0.00    0.00
|     Other                0.04    0.07
|     ---------------------------------
|     Total                0.04    0.07

|  PME Reciprocal Force CPU Time:
|
|     Routine              Sec        %
|     ---------------------------------
|     1D bspline           0.00    0.00
|     Grid Charges         0.00    0.00
|     Scalar Sum           0.00    0.00
|     Gradient Sum         0.00    0.00
|     FFT                  0.00    0.00
|     ---------------------------------
|     Total                0.00    0.00

|  Final Performance Info:
|     -----------------------------------------------------
|     Average timings for last   49500 steps:
|     Elapsed(s) =      59.00 Per Step(ms) =       1.19
|         ns/day =     144.97   seconds/ns =     596.00
|
|     Average timings for all steps:
|     Elapsed(s) =      59.63 Per Step(ms) =       1.19
|         ns/day =     144.89   seconds/ns =     596.33
|     -----------------------------------------------------

|  Setup CPU time:            2.40 seconds
|  NonSetup CPU time:        59.40 seconds
|  Total CPU time:           61.79 seconds     0.02 hours

|  Setup wall time:           2    seconds
|  NonSetup wall time:       60    seconds
|  Total wall time:          62    seconds     0.02 hours
